20:54:53.292 [main] INFO  com.solvd.itcompany.Runner - Method Modifiers: public
20:54:53.293 [main] INFO  com.solvd.itcompany.Runner - Return Type: void
20:54:53.293 [main] INFO  com.solvd.itcompany.Runner - Method name: maintenance
20:54:53.293 [main] INFO  com.solvd.itcompany.Runner - Parameters: 
20:54:53.293 [main] INFO  com.solvd.itcompany.Runner - Method Modifiers: public
20:54:53.293 [main] INFO  com.solvd.itcompany.Runner - Return Type: com.solvd.itcompany.enums.ProjectStatus
20:54:53.293 [main] INFO  com.solvd.itcompany.Runner - Method name: getProjectStatus
20:54:53.294 [main] INFO  com.solvd.itcompany.Runner - Parameters: 
20:54:53.294 [main] INFO  com.solvd.itcompany.Runner - Method Modifiers: public
20:54:53.294 [main] INFO  com.solvd.itcompany.Runner - Return Type: java.util.ArrayList
20:54:53.294 [main] INFO  com.solvd.itcompany.Runner - Method name: getClients
20:54:53.294 [main] INFO  com.solvd.itcompany.Runner - Parameters: 
20:54:53.294 [main] INFO  com.solvd.itcompany.Runner - Method Modifiers: public
20:54:53.294 [main] INFO  com.solvd.itcompany.Runner - Return Type: void
20:54:53.294 [main] INFO  com.solvd.itcompany.Runner - Method name: setClients
20:54:53.294 [main] INFO  com.solvd.itcompany.Runner - Parameters: 
20:54:53.294 [main] INFO  com.solvd.itcompany.Runner -  java.util.ArrayList
20:54:53.294 [main] INFO  com.solvd.itcompany.Runner - Method Modifiers: public
20:54:53.294 [main] INFO  com.solvd.itcompany.Runner - Return Type: java.util.ArrayList
20:54:53.294 [main] INFO  com.solvd.itcompany.Runner - Method name: getProjects
20:54:53.295 [main] INFO  com.solvd.itcompany.Runner - Parameters: 
20:54:53.295 [main] INFO  com.solvd.itcompany.Runner - Method Modifiers: public
20:54:53.295 [main] INFO  com.solvd.itcompany.Runner - Return Type: void
20:54:53.295 [main] INFO  com.solvd.itcompany.Runner - Method name: setProjects
20:54:53.295 [main] INFO  com.solvd.itcompany.Runner - Parameters: 
20:54:53.295 [main] INFO  com.solvd.itcompany.Runner -  java.util.ArrayList
20:54:53.295 [main] INFO  com.solvd.itcompany.Runner - Result of method call: 
