11:26:50.560 [main] INFO  com.solvd.itcompany.Runner - [Swift, Objective-C]
11:26:50.561 [main] INFO  com.solvd.itcompany.Runner - [Java, Maven, Cucumber]
11:26:50.562 [main] INFO  com.solvd.itcompany.Runner - [organic social media, email promotion, paid social media]
11:26:50.562 [main] INFO  com.solvd.itcompany.generics.EmployeeHashmap - 
List of employees working on the project: 
11:26:50.562 [main] INFO  com.solvd.itcompany.generics.EmployeeHashmap - 
Designer: Lily
11:26:50.563 [main] INFO  com.solvd.itcompany.generics.EmployeeHashmap - 
Frontend Engineer: Pam
11:26:50.563 [main] INFO  com.solvd.itcompany.generics.EmployeeHashmap - 
IOS Developer: Kevin
11:26:50.563 [main] INFO  com.solvd.itcompany.generics.EmployeeHashmap - 
Marketing Manager: Carl
11:26:50.563 [main] INFO  com.solvd.itcompany.generics.EmployeeHashmap - 
Backend Engineer: Tom
11:26:50.563 [main] INFO  com.solvd.itcompany.generics.EmployeeHashmap - 
Quality Analyst: David
11:26:50.563 [main] INFO  com.solvd.itcompany.generics.EmployeeHashmap - 
Project Manager: Cameron
11:26:50.564 [main] INFO  com.solvd.itcompany.ITCompany - The IT Company has a request to start a project.
11:26:50.565 [main] INFO  com.solvd.itcompany.ITCompany - 
The project managers have been added to the project.
11:26:50.565 [main] INFO  com.solvd.itcompany.ITCompany - 
The designers have been added to the project.
11:26:50.565 [main] INFO  com.solvd.itcompany.ITCompany - 
The backend engineers have been added to the project.
11:26:50.565 [main] INFO  com.solvd.itcompany.ITCompany - 
The frontend engineers have been added to the project.
11:26:50.565 [main] INFO  com.solvd.itcompany.ITCompany - 
The IOS developers have been added to the project.
11:26:50.565 [main] INFO  com.solvd.itcompany.ITCompany - 
The quality analysts have been added to the project.
11:26:50.565 [main] INFO  com.solvd.itcompany.ITCompany - 
The marketers have been added to the project.

11:26:50.565 [main] INFO  com.solvd.itcompany.ITCompany - 
Status of Project: IN_PROGRESS
11:26:50.566 [main] INFO  com.solvd.itcompany.employees.ProjectManager - The project manager is creating the project plan...

