21:53:19.503 [main] INFO  com.solvd.itcompany.generics.LinkedListProject - 
Backlog of projects: 
New project under development: 
Client: Paul's Coffee Shop
Project Service: App Development
Project Budget: 1500.0
Project Price: 1000.0
Status of Project: In Backlog
21:53:19.529 [main] INFO  com.solvd.itcompany.generics.EmployeeHashmap - 
List of employees working on the project: 
21:53:19.529 [main] INFO  com.solvd.itcompany.generics.EmployeeHashmap - 
Designer: Lily
21:53:19.529 [main] INFO  com.solvd.itcompany.generics.EmployeeHashmap - 
Frontend Engineer: Pam
21:53:19.529 [main] INFO  com.solvd.itcompany.generics.EmployeeHashmap - 
IOS Developer: Kevin
21:53:19.530 [main] INFO  com.solvd.itcompany.generics.EmployeeHashmap - 
Marketing Manager: Carl
21:53:19.530 [main] INFO  com.solvd.itcompany.generics.EmployeeHashmap - 
Backend Engineer: Tom
21:53:19.530 [main] INFO  com.solvd.itcompany.generics.EmployeeHashmap - 
Quality Analyst: David
21:53:19.530 [main] INFO  com.solvd.itcompany.generics.EmployeeHashmap - 
Project Manager: Cameron
21:53:19.531 [main] INFO  com.solvd.itcompany.ITCompany - The IT Company has a request to start a project.
21:53:19.531 [main] INFO  com.solvd.itcompany.ITCompany - 
The project managers have been added to the project.
21:53:19.531 [main] INFO  com.solvd.itcompany.ITCompany - 
The designers have been added to the project.
21:53:19.532 [main] INFO  com.solvd.itcompany.ITCompany - 
The backend engineers have been added to the project.
21:53:19.532 [main] INFO  com.solvd.itcompany.ITCompany - 
The frontend engineers have been added to the project.
21:53:19.532 [main] INFO  com.solvd.itcompany.ITCompany - 
The IOS developers have been added to the project.
21:53:19.532 [main] INFO  com.solvd.itcompany.ITCompany - 
The quality analysts have been added to the project.
21:53:19.532 [main] INFO  com.solvd.itcompany.ITCompany - 
The marketers have been added to the project.

21:53:19.533 [main] INFO  com.solvd.itcompany.ITCompany - 
Status of Project: Pending...
21:53:19.539 [main] INFO  com.solvd.itcompany.generics.ProjectTracker - 
The projects left in the backlog: [New project under development: 
Client: Kelly's Pet Shop
Project Service: App Development
Project Budget: 2500.0
Project Price: 2000.0
Status of Project: In Backlog, New project under development: 
Client: Dave's Bakery Shop
Project Service: App Development
Project Budget: 3000.0
Project Price: 2000.0
Status of Project: In Backlog]
