15:17:32.599 [main] INFO  com.solvd.itcompany.employees.ProjectManager - The project manager is creating the project plan...

15:17:32.600 [main] INFO  com.solvd.itcompany.employees.ProjectManager - Gantt chart
15:17:32.600 [main] INFO  com.solvd.itcompany.employees.ProjectManager - Communications plan
15:17:32.600 [main] INFO  com.solvd.itcompany.employees.ProjectManager - 
The the Project Manager is done managing the application.

15:17:32.600 [main] INFO  com.solvd.itcompany.employees.Designer - The designer is creating the design of the application...

15:17:32.600 [main] INFO  com.solvd.itcompany.employees.Designer - Andromo
15:17:32.600 [main] INFO  com.solvd.itcompany.employees.Designer - BuildFire
15:17:32.600 [main] INFO  com.solvd.itcompany.employees.Designer - 
The the designer is done designing the application.

15:17:32.600 [main] INFO  com.solvd.itcompany.employees.QualityAnalyst - The quality analyst is testing the application...

15:17:32.601 [main] INFO  com.solvd.itcompany.employees.QualityAnalyst - Java
15:17:32.601 [main] INFO  com.solvd.itcompany.employees.QualityAnalyst - Maven
15:17:32.601 [main] INFO  com.solvd.itcompany.employees.QualityAnalyst - Cucumber
15:17:32.601 [main] INFO  com.solvd.itcompany.employees.QualityAnalyst - 
The the Quality Analyst is done testing the application.

15:17:32.601 [main] INFO  com.solvd.itcompany.employees.MarketingManager - The marketing manager is creating the promotional plan...

15:17:32.601 [main] INFO  com.solvd.itcompany.employees.MarketingManager - organic social media
15:17:32.601 [main] INFO  com.solvd.itcompany.employees.MarketingManager - email promotion
15:17:32.601 [main] INFO  com.solvd.itcompany.employees.MarketingManager - paid social media
15:17:32.601 [main] INFO  com.solvd.itcompany.employees.MarketingManager - 
The the Marketing Manager is done promoting the application.

15:17:32.601 [main] INFO  com.solvd.itcompany.ITCompany - 
Status of Project: COMPLETE
15:17:32.602 [main] INFO  com.solvd.itcompany.generics.ProjectTracker - 
The projects left in the backlog: [New project under development: 
Client: Paul's Coffee Shop
Project Service: APP_DEVELOPMENT
Project Budget: 1500.0
Project Price: 1000.0
Status of Project: NEW, New project under development: 
Client: Kelly's Pet Shop
Project Service: APP_DEVELOPMENT
Project Budget: 2500.0
Project Price: 1000.0
Status of Project: NEW, New project under development: 
Client: Dave's Bakery Shop
Project Service: APP_DEVELOPMENT
Project Budget: 3000.0
Project Price: 1000.0
Status of Project: NEW]
