20:54:53.253 [main] INFO  com.solvd.itcompany.Runner - Client Budget: 1500.0
20:54:53.258 [main] INFO  com.solvd.itcompany.Runner - Client Project Status: NEW
20:54:53.258 [main] INFO  com.solvd.itcompany.Runner - Client Name: Kelly's Pet Shop
20:54:53.258 [main] INFO  com.solvd.itcompany.Runner - Client Idea: create an app for the pet shop
20:54:53.259 [main] INFO  com.solvd.itcompany.Runner - Years in Business: 5
20:54:53.259 [main] INFO  com.solvd.itcompany.Runner - Client Budget: 2500.0
20:54:53.259 [main] INFO  com.solvd.itcompany.Runner - Client Project Status: NEW
20:54:53.259 [main] INFO  com.solvd.itcompany.Runner - Client Name: Dave's Bakery Shop
20:54:53.259 [main] INFO  com.solvd.itcompany.Runner - Client Idea: create an app for the bakery shop
20:54:53.259 [main] INFO  com.solvd.itcompany.Runner - Years in Business: 10
20:54:53.259 [main] INFO  com.solvd.itcompany.Runner - Client Budget: 3000.0
20:54:53.259 [main] INFO  com.solvd.itcompany.Runner - Client Project Status: NEW
20:54:53.265 [main] INFO  com.solvd.itcompany.generics.LinkedListProject - 
Backlog of projects: 
New project under development: 
Client: Paul's Coffee Shop
Project Service: APP_DEVELOPMENT
Project Budget: 1500.0
Project Price: 1000.0
Status of Project: NEW
20:54:53.265 [main] INFO  com.solvd.itcompany.IFulfillRequirements - Here are the requirements for the application: 
20:54:53.265 [main] INFO  com.solvd.itcompany.IFulfillRequirements - Users can order coffee
20:54:53.265 [main] INFO  com.solvd.itcompany.IFulfillRequirements - Users can track loyalty points
20:54:53.266 [main] INFO  com.solvd.itcompany.IFulfillRequirements - Users can interact with community
20:54:53.266 [main] INFO  com.solvd.itcompany.IFulfillRequirements - The IT company has completed reviewing the requirements for the application.

20:54:53.270 [main] INFO  com.solvd.itcompany.Runner - 
---------------------Mid-level Engineers:---------------------
20:54:53.270 [main] INFO  com.solvd.itcompany.Runner - [com.solvd.itcompany.employees.BackendEngineer@f0da945, com.solvd.itcompany.employees.FrontendEngineer@4803b726]
