22:55:16.423 [main] INFO  com.solvd.itcompany.generics.ListOfTasks - 
Create the frontend
22:55:16.424 [main] INFO  com.solvd.itcompany.generics.ListOfTasks - 
Create the management plan for the project
22:55:16.424 [main] INFO  com.solvd.itcompany.generics.ListOfTasks - 
Create the marketing strategy for the application
22:55:16.424 [main] INFO  com.solvd.itcompany.generics.ListOfTasks - 
Create the design of the application
22:55:16.424 [main] INFO  com.solvd.itcompany.generics.ListOfTasks - 
Create the mobile application
22:55:16.425 [main] INFO  com.solvd.itcompany.generics.ProjectPriority - 
Project1
22:55:16.425 [main] INFO  com.solvd.itcompany.generics.ProjectPriority - 
Project2
22:55:16.425 [main] INFO  com.solvd.itcompany.generics.ProjectPriority - 
Project3
22:55:16.426 [main] INFO  com.solvd.itcompany.ITCompany - Here is the user feedback we've received so far: 
22:55:16.426 [main] INFO  com.solvd.itcompany.ITCompany - Great app!
22:55:16.426 [main] INFO  com.solvd.itcompany.ITCompany - Horrible user experience.
22:55:16.426 [main] INFO  com.solvd.itcompany.ITCompany - I order coffee on this app all the time!
22:55:16.426 [main] INFO  com.solvd.itcompany.ITCompany - 
The application has been released.
22:55:16.426 [main] INFO  com.solvd.itcompany.ITCompany - 
While the application is completed the engineering team will continuously maintain the application.
23:00:56.098 [main] INFO  com.solvd.itcompany.Runner - 
---------------------Number of Projects:---------------------
23:00:56.102 [main] INFO  com.solvd.itcompany.Runner - 2
23:00:56.102 [main] INFO  com.solvd.itcompany.Runner - 
---------------------Client Information:---------------------
23:00:56.103 [main] INFO  com.solvd.itcompany.Runner - Client Name: Kelly's Pet Shop
23:00:56.103 [main] INFO  com.solvd.itcompany.Runner - Client Idea: create an app for the pet shop
23:00:56.104 [main] INFO  com.solvd.itcompany.Runner - Years in Business: 5
23:00:56.104 [main] INFO  com.solvd.itcompany.Runner - Client Budget: 2500.0
23:00:56.104 [main] INFO  com.solvd.itcompany.Runner - Client Project Status: NEW
