11:31:53.708 [main] INFO  com.solvd.itcompany.employees.MarketingManager - The marketing manager is creating the promotional plan...

11:31:53.709 [main] INFO  com.solvd.itcompany.employees.MarketingManager - organic social media
11:31:53.709 [main] INFO  com.solvd.itcompany.employees.MarketingManager - email promotion
11:31:53.709 [main] INFO  com.solvd.itcompany.employees.MarketingManager - paid social media
11:31:53.709 [main] INFO  com.solvd.itcompany.employees.MarketingManager - 
The the Marketing Manager is done promoting the application.

11:31:53.709 [main] INFO  com.solvd.itcompany.ITCompany - 
Status of Project: COMPLETE
11:31:53.709 [main] INFO  com.solvd.itcompany.generics.ProjectTracker - 
The projects left in the backlog: [New project under development: 
Client: Paul's Coffee Shop
Project Service: APP_DEVELOPMENT
Project Budget: 1500.0
Project Price: 1000.0
Status of Project: NEW, New project under development: 
Client: Kelly's Pet Shop
Project Service: APP_DEVELOPMENT
Project Budget: 2500.0
Project Price: 1000.0
Status of Project: NEW, New project under development: 
Client: Dave's Bakery Shop
Project Service: APP_DEVELOPMENT
Project Budget: 3000.0
Project Price: 1000.0
Status of Project: NEW]
11:31:53.710 [main] INFO  com.solvd.itcompany.generics.ListOfTasks - 
Here are a list of tasks for the project: 
11:31:53.710 [main] INFO  com.solvd.itcompany.generics.ListOfTasks - 
Create the backend
11:31:53.710 [main] INFO  com.solvd.itcompany.generics.ListOfTasks - 
Test the application
11:31:53.710 [main] INFO  com.solvd.itcompany.generics.ListOfTasks - 
Create the frontend
11:31:53.710 [main] INFO  com.solvd.itcompany.generics.ListOfTasks - 
Create the management plan for the project
11:31:53.710 [main] INFO  com.solvd.itcompany.generics.ListOfTasks - 
Create the marketing strategy for the application
11:31:53.710 [main] INFO  com.solvd.itcompany.generics.ListOfTasks - 
Create the design of the application
11:31:53.711 [main] INFO  com.solvd.itcompany.generics.ListOfTasks - 
Create the mobile application
