22:57:42.529 [main] INFO  com.solvd.itcompany.ITCompany - 
The application has been released.
22:57:42.530 [main] INFO  com.solvd.itcompany.ITCompany - 
While the application is completed the engineering team will continuously maintain the application.
23:17:50.487 [main] INFO  com.solvd.itcompany.generics.LinkedListProject - 
Backlog of projects: 
New project under development: 
Client: Paul's Coffee Shop
Project Service: App Development
Project Budget: 1500.0
Project Price: 1000.0
Status of Project: NEW
23:17:50.490 [main] INFO  com.solvd.itcompany.IFulfillRequirements - Here are the requirements for the application: 
23:17:50.491 [main] INFO  com.solvd.itcompany.IFulfillRequirements - Users can order coffee
23:17:50.491 [main] INFO  com.solvd.itcompany.IFulfillRequirements - Users can track loyalty points
23:17:50.491 [main] INFO  com.solvd.itcompany.IFulfillRequirements - Users can interact with community
23:17:50.491 [main] INFO  com.solvd.itcompany.IFulfillRequirements - The IT company has completed reviewing the requirements for the application.

23:17:50.495 [main] INFO  com.solvd.itcompany.generics.EmployeeHashmap - 
List of employees working on the project: 
23:17:50.495 [main] INFO  com.solvd.itcompany.generics.EmployeeHashmap - 
Designer: Lily
23:17:50.495 [main] INFO  com.solvd.itcompany.generics.EmployeeHashmap - 
Frontend Engineer: Pam
23:17:50.495 [main] INFO  com.solvd.itcompany.generics.EmployeeHashmap - 
IOS Developer: Kevin
23:17:50.496 [main] INFO  com.solvd.itcompany.generics.EmployeeHashmap - 
Marketing Manager: Carl
23:17:50.496 [main] INFO  com.solvd.itcompany.generics.EmployeeHashmap - 
Backend Engineer: Tom
23:17:50.496 [main] INFO  com.solvd.itcompany.generics.EmployeeHashmap - 
Quality Analyst: David
23:17:50.496 [main] INFO  com.solvd.itcompany.generics.EmployeeHashmap - 
Project Manager: Cameron
23:17:50.497 [main] INFO  com.solvd.itcompany.ITCompany - The IT Company has a request to start a project.
23:17:50.498 [main] INFO  com.solvd.itcompany.ITCompany - 
The project managers have been added to the project.
