12:13:15.662 [main] INFO  com.solvd.itcompany.generics.ListOfTasks - 
Here are a list of tasks for the project: 
12:13:15.663 [main] INFO  com.solvd.itcompany.generics.ListOfTasks - 
Create the backend
12:13:15.663 [main] INFO  com.solvd.itcompany.generics.ListOfTasks - 
Test the application
12:13:15.663 [main] INFO  com.solvd.itcompany.generics.ListOfTasks - 
Create the frontend
12:13:15.663 [main] INFO  com.solvd.itcompany.generics.ListOfTasks - 
Create the management plan for the project
12:13:15.663 [main] INFO  com.solvd.itcompany.generics.ListOfTasks - 
Create the marketing strategy for the application
12:13:15.663 [main] INFO  com.solvd.itcompany.generics.ListOfTasks - 
Create the design of the application
12:13:15.663 [main] INFO  com.solvd.itcompany.generics.ListOfTasks - 
Create the mobile application
12:13:15.663 [main] INFO  com.solvd.itcompany.Runner - 
---------------------The First Task in Every Project:---------------------
12:13:15.664 [main] INFO  com.solvd.itcompany.Runner - Create the management plan for the project
12:13:15.664 [main] INFO  com.solvd.itcompany.generics.ProjectPriority - 
Project1
12:13:15.665 [main] INFO  com.solvd.itcompany.generics.ProjectPriority - 
Project2
12:13:15.665 [main] INFO  com.solvd.itcompany.generics.ProjectPriority - 
Project3
12:13:15.665 [main] INFO  com.solvd.itcompany.ITCompany - Here is the user feedback we've received so far: 
12:13:15.665 [main] INFO  com.solvd.itcompany.ITCompany - Great app!
12:13:15.665 [main] INFO  com.solvd.itcompany.ITCompany - Horrible user experience.
12:13:15.666 [main] INFO  com.solvd.itcompany.ITCompany - I order coffee on this app all the time!
12:13:15.666 [main] INFO  com.solvd.itcompany.ITCompany - 
The application has been released.
12:13:15.666 [main] INFO  com.solvd.itcompany.ITCompany - 
While the application is completed the engineering team will continuously maintain the application.
15:15:08.862 [main] INFO  com.solvd.itcompany.Runner - 
---------------------Number of Projects:---------------------
15:15:08.867 [main] INFO  com.solvd.itcompany.Runner - 3
