20:31:01.283 [main] INFO  com.solvd.itcompany.Runner - Method name: maintenance
20:31:01.284 [main] INFO  com.solvd.itcompany.Runner - Parameters: 
20:31:01.284 [main] INFO  com.solvd.itcompany.Runner - Method Modifiers: public
20:31:01.284 [main] INFO  com.solvd.itcompany.Runner - Return Type: com.solvd.itcompany.enums.ProjectStatus
20:31:01.284 [main] INFO  com.solvd.itcompany.Runner - Method name: getProjectStatus
20:31:01.285 [main] INFO  com.solvd.itcompany.Runner - Parameters: 
20:31:01.285 [main] INFO  com.solvd.itcompany.Runner - Result of method call: 
20:31:01.286 [main] INFO  com.solvd.itcompany.ITCompany - Here is the user feedback we've received so far: 
20:31:01.286 [main] INFO  com.solvd.itcompany.ITCompany - Great app!
20:31:01.286 [main] INFO  com.solvd.itcompany.ITCompany - Horrible user experience.
20:31:01.287 [main] INFO  com.solvd.itcompany.ITCompany - I order coffee on this app all the time!
20:31:01.287 [main] INFO  com.solvd.itcompany.ITCompany - 
The application has been released.
20:54:53.244 [main] INFO  com.solvd.itcompany.Runner - 
---------------------List of Clients:---------------------
20:54:53.247 [main] INFO  com.solvd.itcompany.Runner - 
---------------------Number of Projects:---------------------
20:54:53.248 [main] INFO  com.solvd.itcompany.Runner - 3
20:54:53.248 [main] INFO  com.solvd.itcompany.Runner - 
---------------------Highest Paying Clients:---------------------
20:54:53.248 [main] INFO  com.solvd.itcompany.Runner - 2
20:54:53.249 [main] INFO  com.solvd.itcompany.Runner - 
---------------------Total Project Profits:---------------------
20:54:53.251 [main] INFO  com.solvd.itcompany.Runner - Total Profit: 7000.0
20:54:53.252 [main] INFO  com.solvd.itcompany.Runner - 
---------------------Client Information:---------------------
20:54:53.252 [main] INFO  com.solvd.itcompany.Runner - Client Name: Paul's Coffee Shop
20:54:53.253 [main] INFO  com.solvd.itcompany.Runner - Client Idea: create an app for the coffee shop
20:54:53.253 [main] INFO  com.solvd.itcompany.Runner - Years in Business: 2
