21:21:04.946 [main] INFO  com.solvd.itcompany.Runner - 
---------------------Clients that have been in business for more than 3 years:---------------------
21:21:04.952 [main] INFO  com.solvd.itcompany.Runner - Kelly's Pet Shop
21:21:04.952 [main] INFO  com.solvd.itcompany.Runner - Dave's Bakery Shop
21:21:04.952 [main] INFO  com.solvd.itcompany.Runner - 
---------------------List of Clients Ideas:---------------------
21:21:04.952 [main] INFO  com.solvd.itcompany.Runner - create an app for the coffee shop
21:21:04.953 [main] INFO  com.solvd.itcompany.Runner - create an app for the pet shop
21:21:04.953 [main] INFO  com.solvd.itcompany.Runner - create an app for the bakery shop
21:21:04.954 [main] INFO  com.solvd.itcompany.Runner - 
---------------------Number of Projects:---------------------
21:21:04.954 [main] INFO  com.solvd.itcompany.Runner - 3
21:21:04.954 [main] INFO  com.solvd.itcompany.Runner - 
---------------------Highest Paying Clients:---------------------
21:21:04.955 [main] INFO  com.solvd.itcompany.Runner - 2
21:21:04.955 [main] INFO  com.solvd.itcompany.Runner - 
---------------------Total Project Profits:---------------------
21:21:04.958 [main] INFO  com.solvd.itcompany.Runner - Total Profit: 7000.0
21:21:04.959 [main] INFO  com.solvd.itcompany.Runner - 
---------------------Client Information:---------------------
21:21:04.960 [main] INFO  com.solvd.itcompany.Runner - Client Name: Paul's Coffee Shop
21:21:04.960 [main] INFO  com.solvd.itcompany.Runner - Client Idea: create an app for the coffee shop
21:21:04.960 [main] INFO  com.solvd.itcompany.Runner - Years in Business: 2
21:21:04.961 [main] INFO  com.solvd.itcompany.Runner - Client Budget: 1500.0
21:21:04.961 [main] INFO  com.solvd.itcompany.Runner - Client Project Status: NEW
21:21:04.961 [main] INFO  com.solvd.itcompany.Runner - Client Name: Kelly's Pet Shop
21:21:04.961 [main] INFO  com.solvd.itcompany.Runner - Client Idea: create an app for the pet shop
21:21:04.961 [main] INFO  com.solvd.itcompany.Runner - Years in Business: 5
21:21:04.961 [main] INFO  com.solvd.itcompany.Runner - Client Budget: 2500.0
