23:44:16.899 [main] INFO  com.solvd.itcompany.ITCompany - 
Status of Project: IN_PROGRESS
23:44:16.900 [main] INFO  com.solvd.itcompany.employees.ProjectManager - The project manager is creating the project plan...

23:44:16.901 [main] INFO  com.solvd.itcompany.employees.ProjectManager - Gantt chart
23:44:16.901 [main] INFO  com.solvd.itcompany.employees.ProjectManager - Communications plan
23:44:16.901 [main] INFO  com.solvd.itcompany.employees.ProjectManager - 
The the Project Manager is done managing the application.

23:44:16.901 [main] INFO  com.solvd.itcompany.employees.Designer - The designer is creating the design of the application...

23:44:16.901 [main] INFO  com.solvd.itcompany.employees.Designer - Andromo
23:44:16.901 [main] INFO  com.solvd.itcompany.employees.Designer - BuildFire
23:44:16.901 [main] INFO  com.solvd.itcompany.employees.Designer - 
The the designer is done designing the application.

23:44:16.901 [main] INFO  com.solvd.itcompany.employees.QualityAnalyst - The quality analyst is testing the application...

23:44:16.902 [main] INFO  com.solvd.itcompany.employees.QualityAnalyst - Java
23:44:16.902 [main] INFO  com.solvd.itcompany.employees.QualityAnalyst - Maven
23:44:16.902 [main] INFO  com.solvd.itcompany.employees.QualityAnalyst - Cucumber
23:44:16.902 [main] INFO  com.solvd.itcompany.employees.QualityAnalyst - 
The the Quality Analyst is done testing the application.

23:44:16.902 [main] INFO  com.solvd.itcompany.employees.MarketingManager - The marketing manager is creating the promotional plan...

23:44:16.902 [main] INFO  com.solvd.itcompany.employees.MarketingManager - organic social media
23:44:16.902 [main] INFO  com.solvd.itcompany.employees.MarketingManager - email promotion
23:44:16.903 [main] INFO  com.solvd.itcompany.employees.MarketingManager - paid social media
23:44:16.903 [main] INFO  com.solvd.itcompany.employees.MarketingManager - 
The the Marketing Manager is done promoting the application.

23:44:16.903 [main] INFO  com.solvd.itcompany.ITCompany - 
Status of Project: COMPLETE
