13:05:12.836 [main] INFO  com.solvd.itcompany.Runner - Client Name: Dave's Bakery Shop
13:05:12.840 [main] INFO  com.solvd.itcompany.Runner - Client Idea create an app for the bakery shop
13:05:12.840 [main] INFO  com.solvd.itcompany.Runner - Years in Business: 10
13:05:12.841 [main] INFO  com.solvd.itcompany.Runner - Client Budget: 3000.0
13:05:12.841 [main] INFO  com.solvd.itcompany.Runner - Client Project Status: NEW
13:05:12.842 [main] INFO  com.solvd.itcompany.generics.LinkedListProject - 
Backlog of projects: 
New project under development: 
Client: Paul's Coffee Shop
Project Service: APP_DEVELOPMENT
Project Budget: 1500.0
Project Price: 1000.0
Status of Project: NEW
13:05:12.843 [main] INFO  com.solvd.itcompany.IFulfillRequirements - Here are the requirements for the application: 
13:05:12.843 [main] INFO  com.solvd.itcompany.IFulfillRequirements - Users can order coffee
13:05:12.843 [main] INFO  com.solvd.itcompany.IFulfillRequirements - Users can track loyalty points
13:05:12.843 [main] INFO  com.solvd.itcompany.IFulfillRequirements - Users can interact with community
13:05:12.843 [main] INFO  com.solvd.itcompany.IFulfillRequirements - The IT company has completed reviewing the requirements for the application.

13:05:12.845 [main] INFO  com.solvd.itcompany.Runner - 
---------------------Your Team's Credentials:---------------------
13:05:12.845 [main] INFO  com.solvd.itcompany.Runner - 
Cameron
13:05:12.846 [main] INFO  com.solvd.itcompany.Runner - 
Manager
13:05:12.846 [main] INFO  com.solvd.itcompany.Runner - 
Bachelors Degree in Business Administration
13:05:12.846 [main] INFO  com.solvd.itcompany.Runner - 
MID_LEVEL
13:05:12.846 [main] INFO  com.solvd.itcompany.Runner - 
Lily
13:05:12.846 [main] INFO  com.solvd.itcompany.Runner - 
Designer
13:05:12.846 [main] INFO  com.solvd.itcompany.Runner - 
Bachelors Degree in Graphic Design
13:05:12.847 [main] INFO  com.solvd.itcompany.Runner - 
ENTRY_LEVEL
13:05:12.847 [main] INFO  com.solvd.itcompany.Runner - 
Tom
13:05:12.847 [main] INFO  com.solvd.itcompany.Runner - 
Backend
