19:18:32.364 [main] INFO  com.solvd.itcompany.employees.Employee - Employee name: Cameron
19:18:32.365 [main] INFO  com.solvd.itcompany.employees.Employee - Employee name: Lily
19:18:32.365 [main] INFO  com.solvd.itcompany.employees.Employee - Employee name: Tom
19:18:32.365 [main] INFO  com.solvd.itcompany.employees.Employee - Employee name: Pam
19:18:32.365 [main] INFO  com.solvd.itcompany.employees.Employee - Employee name: Kevin
19:18:32.365 [main] INFO  com.solvd.itcompany.employees.Employee - Employee name: David
19:18:32.365 [main] INFO  com.solvd.itcompany.employees.Employee - Employee name: Carl
19:18:32.365 [main] INFO  com.solvd.itcompany.generics.EmployeeHashmap - 
List of employees working on the project: 
19:18:32.366 [main] INFO  com.solvd.itcompany.generics.EmployeeHashmap - 
Designer: Lily
19:18:32.366 [main] INFO  com.solvd.itcompany.generics.EmployeeHashmap - 
Frontend Engineer: Pam
19:18:32.366 [main] INFO  com.solvd.itcompany.generics.EmployeeHashmap - 
IOS Developer: Kevin
19:18:32.366 [main] INFO  com.solvd.itcompany.generics.EmployeeHashmap - 
Marketing Manager: Carl
19:18:32.366 [main] INFO  com.solvd.itcompany.generics.EmployeeHashmap - 
Backend Engineer: Tom
19:18:32.366 [main] INFO  com.solvd.itcompany.generics.EmployeeHashmap - 
Quality Analyst: David
19:18:32.367 [main] INFO  com.solvd.itcompany.generics.EmployeeHashmap - 
Project Manager: Cameron
19:18:32.368 [main] INFO  com.solvd.itcompany.ITCompany - The IT Company has a request to start a project.
19:18:32.368 [main] INFO  com.solvd.itcompany.ITCompany - 
The project managers have been added to the project.
19:18:32.368 [main] INFO  com.solvd.itcompany.ITCompany - 
The designers have been added to the project.
19:18:32.368 [main] INFO  com.solvd.itcompany.ITCompany - 
The backend engineers have been added to the project.
19:18:32.368 [main] INFO  com.solvd.itcompany.ITCompany - 
The frontend engineers have been added to the project.
19:18:32.368 [main] INFO  com.solvd.itcompany.ITCompany - 
The IOS developers have been added to the project.
