21:27:59.729 [main] INFO  com.solvd.itcompany.Runner - 
Designer
21:27:59.730 [main] INFO  com.solvd.itcompany.Runner - 
Bachelors Degree in Graphic Design
21:27:59.730 [main] INFO  com.solvd.itcompany.Runner - 
ENTRY_LEVEL
21:27:59.731 [main] INFO  com.solvd.itcompany.Runner - 
Tom
21:27:59.731 [main] INFO  com.solvd.itcompany.Runner - 
Backend
21:27:59.731 [main] INFO  com.solvd.itcompany.Runner - 
Bachelors Degree in Computer Science
21:27:59.731 [main] INFO  com.solvd.itcompany.Runner - 
MID_LEVEL
21:27:59.731 [main] INFO  com.solvd.itcompany.Runner - 
Pam
21:27:59.731 [main] INFO  com.solvd.itcompany.Runner - 
Frontend
21:27:59.731 [main] INFO  com.solvd.itcompany.Runner - 
Frontend Bootcamp
21:27:59.732 [main] INFO  com.solvd.itcompany.Runner - 
MID_LEVEL
21:27:59.732 [main] INFO  com.solvd.itcompany.Runner - 
Kevin
21:27:59.732 [main] INFO  com.solvd.itcompany.Runner - 
IOS
21:27:59.732 [main] INFO  com.solvd.itcompany.Runner - 
Mobile Development Bootcamp
21:27:59.732 [main] INFO  com.solvd.itcompany.Runner - 
SENIOR_LEVEL
21:27:59.732 [main] INFO  com.solvd.itcompany.Runner - 
David
21:27:59.733 [main] INFO  com.solvd.itcompany.Runner - 
Quality
21:27:59.733 [main] INFO  com.solvd.itcompany.Runner - 
Bachelors Degree in Information Technology
21:27:59.733 [main] INFO  com.solvd.itcompany.Runner - 
ENTRY_LEVEL
21:27:59.733 [main] INFO  com.solvd.itcompany.Runner - 
Carl
21:27:59.733 [main] INFO  com.solvd.itcompany.Runner - 
Marketing
21:27:59.733 [main] INFO  com.solvd.itcompany.Runner - 
Bachelors Degree in Marketing
21:27:59.733 [main] INFO  com.solvd.itcompany.Runner - 
SENIOR_LEVEL
21:27:59.734 [main] INFO  com.solvd.itcompany.Runner - 
---------------------Tools The Team Uses:---------------------
21:27:59.736 [main] INFO  com.solvd.itcompany.Runner - [Gantt chart, Communications plan]
21:27:59.736 [main] INFO  com.solvd.itcompany.Runner - [Andromo, BuildFire]
21:27:59.736 [main] INFO  com.solvd.itcompany.Runner - [Java, PHP, JavaScript]
21:27:59.736 [main] INFO  com.solvd.itcompany.Runner - [HTML, CSS, React]
