21:09:27.105 [main] INFO  com.solvd.itcompany.Runner - Modifiers: public
21:09:27.106 [main] INFO  com.solvd.itcompany.Runner - Return Type: void
21:09:27.106 [main] INFO  com.solvd.itcompany.Runner - Method name: projectCreated
21:09:27.106 [main] INFO  com.solvd.itcompany.Runner - Parameters: 
21:09:27.106 [main] INFO  com.solvd.itcompany.Runner -  com.solvd.itcompany.Project
21:09:27.106 [main] INFO  com.solvd.itcompany.Runner -  java.util.ArrayList
21:09:27.106 [main] INFO  com.solvd.itcompany.Runner - Modifiers: public
21:09:27.106 [main] INFO  com.solvd.itcompany.Runner - Return Type: void
21:09:27.106 [main] INFO  com.solvd.itcompany.Runner - Method name: releaseApp
21:09:27.106 [main] INFO  com.solvd.itcompany.Runner - Parameters: 
21:09:27.107 [main] INFO  com.solvd.itcompany.Runner - Modifiers: public
21:09:27.107 [main] INFO  com.solvd.itcompany.Runner - Return Type: void
21:09:27.107 [main] INFO  com.solvd.itcompany.Runner - Method name: maintenance
21:09:27.107 [main] INFO  com.solvd.itcompany.Runner - Parameters: 
21:09:27.107 [main] INFO  com.solvd.itcompany.Runner - Modifiers: public
21:09:27.107 [main] INFO  com.solvd.itcompany.Runner - Return Type: com.solvd.itcompany.enums.ProjectStatus
21:09:27.107 [main] INFO  com.solvd.itcompany.Runner - Method name: getProjectStatus
21:09:27.107 [main] INFO  com.solvd.itcompany.Runner - Parameters: 
21:09:27.108 [main] INFO  com.solvd.itcompany.Runner - Modifiers: public
21:09:27.108 [main] INFO  com.solvd.itcompany.Runner - Return Type: java.util.ArrayList
21:09:27.108 [main] INFO  com.solvd.itcompany.Runner - Method name: getClients
21:09:27.108 [main] INFO  com.solvd.itcompany.Runner - Parameters: 
21:09:27.108 [main] INFO  com.solvd.itcompany.Runner - Modifiers: public
21:09:27.108 [main] INFO  com.solvd.itcompany.Runner - Return Type: void
21:09:27.108 [main] INFO  com.solvd.itcompany.Runner - Method name: setClients
21:09:27.108 [main] INFO  com.solvd.itcompany.Runner - Parameters: 
21:09:27.108 [main] INFO  com.solvd.itcompany.Runner -  java.util.ArrayList
