09:59:21.046 [main] INFO  com.solvd.itcompany.ITCompany - 
The marketers have been added to the project.

09:59:21.047 [main] INFO  com.solvd.itcompany.ITCompany - 
Status of Project: IN_PROGRESS
09:59:21.047 [main] INFO  com.solvd.itcompany.employees.ProjectManager - The project manager is creating the project plan...

09:59:21.047 [main] INFO  com.solvd.itcompany.employees.ProjectManager - Gantt chart
09:59:21.047 [main] INFO  com.solvd.itcompany.employees.ProjectManager - Communications plan
09:59:21.047 [main] INFO  com.solvd.itcompany.employees.ProjectManager - 
The the Project Manager is done managing the application.

09:59:21.047 [main] INFO  com.solvd.itcompany.employees.Designer - The designer is creating the design of the application...

09:59:21.048 [main] INFO  com.solvd.itcompany.employees.Designer - Andromo
09:59:21.048 [main] INFO  com.solvd.itcompany.employees.Designer - BuildFire
09:59:21.048 [main] INFO  com.solvd.itcompany.employees.Designer - 
The the designer is done designing the application.

09:59:21.048 [main] INFO  com.solvd.itcompany.employees.QualityAnalyst - The quality analyst is testing the application...

09:59:21.048 [main] INFO  com.solvd.itcompany.employees.QualityAnalyst - Java
09:59:21.048 [main] INFO  com.solvd.itcompany.employees.QualityAnalyst - Maven
09:59:21.048 [main] INFO  com.solvd.itcompany.employees.QualityAnalyst - Cucumber
09:59:21.049 [main] INFO  com.solvd.itcompany.employees.QualityAnalyst - 
The the Quality Analyst is done testing the application.

09:59:21.049 [main] INFO  com.solvd.itcompany.employees.MarketingManager - The marketing manager is creating the promotional plan...

09:59:21.049 [main] INFO  com.solvd.itcompany.employees.MarketingManager - organic social media
09:59:21.049 [main] INFO  com.solvd.itcompany.employees.MarketingManager - email promotion
09:59:21.049 [main] INFO  com.solvd.itcompany.employees.MarketingManager - paid social media
09:59:21.049 [main] INFO  com.solvd.itcompany.employees.MarketingManager - 
The the Marketing Manager is done promoting the application.

