09:41:28.023 [main] INFO  com.solvd.itcompany.ITCompany - 
The designers have been added to the project.
09:41:28.031 [main] INFO  com.solvd.itcompany.ITCompany - 
The backend engineers have been added to the project.
09:41:28.031 [main] INFO  com.solvd.itcompany.ITCompany - 
The frontend engineers have been added to the project.
09:41:28.031 [main] INFO  com.solvd.itcompany.ITCompany - 
The IOS developers have been added to the project.
09:41:28.031 [main] INFO  com.solvd.itcompany.ITCompany - 
The quality analysts have been added to the project.
09:41:28.031 [main] INFO  com.solvd.itcompany.ITCompany - 
The marketers have been added to the project.

09:41:28.033 [main] INFO  com.solvd.itcompany.ITCompany - 
Status of Project: IN_PROGRESS
09:41:28.033 [main] INFO  com.solvd.itcompany.employees.ProjectManager - The project manager is creating the project plan...

09:41:28.033 [main] INFO  com.solvd.itcompany.employees.ProjectManager - Gantt chart
09:41:28.033 [main] INFO  com.solvd.itcompany.employees.ProjectManager - Communications plan
09:41:28.033 [main] INFO  com.solvd.itcompany.employees.ProjectManager - 
The the Project Manager is done managing the application.

09:41:28.033 [main] INFO  com.solvd.itcompany.employees.Designer - The designer is creating the design of the application...

09:41:28.034 [main] INFO  com.solvd.itcompany.employees.Designer - Andromo
09:41:28.034 [main] INFO  com.solvd.itcompany.employees.Designer - BuildFire
09:41:28.034 [main] INFO  com.solvd.itcompany.employees.Designer - 
The the designer is done designing the application.

09:41:28.034 [main] INFO  com.solvd.itcompany.employees.QualityAnalyst - The quality analyst is testing the application...

09:41:28.035 [main] INFO  com.solvd.itcompany.employees.QualityAnalyst - Java
09:41:28.035 [main] INFO  com.solvd.itcompany.employees.QualityAnalyst - Maven
09:41:28.035 [main] INFO  com.solvd.itcompany.employees.QualityAnalyst - Cucumber
09:41:28.036 [main] INFO  com.solvd.itcompany.employees.QualityAnalyst - 
The the Quality Analyst is done testing the application.

