20:21:28.205 [main] INFO  com.solvd.itcompany.Runner - Client Budget: 2500.0
20:21:28.209 [main] INFO  com.solvd.itcompany.Runner - Client Project Status: NEW
20:21:28.209 [main] INFO  com.solvd.itcompany.Runner - Client Name: Dave's Bakery Shop
20:21:28.209 [main] INFO  com.solvd.itcompany.Runner - Client Idea: create an app for the bakery shop
20:21:28.209 [main] INFO  com.solvd.itcompany.Runner - Years in Business: 10
20:21:28.209 [main] INFO  com.solvd.itcompany.Runner - Client Budget: 3000.0
20:21:28.209 [main] INFO  com.solvd.itcompany.Runner - Client Project Status: NEW
20:21:28.211 [main] INFO  com.solvd.itcompany.generics.LinkedListProject - 
Backlog of projects: 
New project under development: 
Client: Paul's Coffee Shop
Project Service: APP_DEVELOPMENT
Project Budget: 1500.0
Project Price: 1000.0
Status of Project: NEW
20:21:28.212 [main] INFO  com.solvd.itcompany.IFulfillRequirements - Here are the requirements for the application: 
20:21:28.212 [main] INFO  com.solvd.itcompany.IFulfillRequirements - Users can order coffee
20:21:28.212 [main] INFO  com.solvd.itcompany.IFulfillRequirements - Users can track loyalty points
20:21:28.212 [main] INFO  com.solvd.itcompany.IFulfillRequirements - Users can interact with community
20:21:28.212 [main] INFO  com.solvd.itcompany.IFulfillRequirements - The IT company has completed reviewing the requirements for the application.

20:21:28.213 [main] INFO  com.solvd.itcompany.Runner - 
---------------------Your Team's Credentials:---------------------
20:21:28.214 [main] INFO  com.solvd.itcompany.Runner - 
Cameron
20:21:28.214 [main] INFO  com.solvd.itcompany.Runner - 
Manager
20:21:28.214 [main] INFO  com.solvd.itcompany.Runner - 
Bachelors Degree in Business Administration
20:21:28.214 [main] INFO  com.solvd.itcompany.Runner - 
MID_LEVEL
20:21:28.214 [main] INFO  com.solvd.itcompany.Runner - 
Lily
20:21:28.215 [main] INFO  com.solvd.itcompany.Runner - 
Designer
20:21:28.215 [main] INFO  com.solvd.itcompany.Runner - 
Bachelors Degree in Graphic Design
20:21:28.215 [main] INFO  com.solvd.itcompany.Runner - 
ENTRY_LEVEL
