21:04:51.577 [main] INFO  com.solvd.itcompany.Runner - [Paul's Coffee Shop, Kelly's Pet Shop, Dave's Bakery Shop]
21:04:51.582 [main] INFO  com.solvd.itcompany.Runner - 
---------------------Clients that have been in business for more than 3 years:---------------------
21:04:51.583 [main] INFO  com.solvd.itcompany.Runner - com.solvd.itcompany.Client@146d1100
21:04:51.583 [main] INFO  com.solvd.itcompany.Runner - com.solvd.itcompany.Client@9b631b15
21:04:51.584 [main] INFO  com.solvd.itcompany.Runner - 
---------------------Number of Projects:---------------------
21:04:51.584 [main] INFO  com.solvd.itcompany.Runner - 3
21:04:51.585 [main] INFO  com.solvd.itcompany.Runner - 
---------------------Highest Paying Clients:---------------------
21:04:51.585 [main] INFO  com.solvd.itcompany.Runner - 2
21:04:51.585 [main] INFO  com.solvd.itcompany.Runner - 
---------------------Total Project Profits:---------------------
21:04:51.589 [main] INFO  com.solvd.itcompany.Runner - Total Profit: 7000.0
21:04:51.589 [main] INFO  com.solvd.itcompany.Runner - 
---------------------Client Information:---------------------
21:04:51.590 [main] INFO  com.solvd.itcompany.Runner - Client Name: Paul's Coffee Shop
21:04:51.590 [main] INFO  com.solvd.itcompany.Runner - Client Idea: create an app for the coffee shop
21:04:51.590 [main] INFO  com.solvd.itcompany.Runner - Years in Business: 2
21:04:51.591 [main] INFO  com.solvd.itcompany.Runner - Client Budget: 1500.0
21:04:51.591 [main] INFO  com.solvd.itcompany.Runner - Client Project Status: NEW
21:04:51.591 [main] INFO  com.solvd.itcompany.Runner - Client Name: Kelly's Pet Shop
21:04:51.591 [main] INFO  com.solvd.itcompany.Runner - Client Idea: create an app for the pet shop
21:04:51.591 [main] INFO  com.solvd.itcompany.Runner - Years in Business: 5
21:04:51.591 [main] INFO  com.solvd.itcompany.Runner - Client Budget: 2500.0
21:04:51.591 [main] INFO  com.solvd.itcompany.Runner - Client Project Status: NEW
21:04:51.591 [main] INFO  com.solvd.itcompany.Runner - Client Name: Dave's Bakery Shop
