21:55:54.521 [main] INFO  com.solvd.itcompany.generics.EmployeeHashmap - 
Frontend Engineer: Pam
21:55:54.522 [main] INFO  com.solvd.itcompany.generics.EmployeeHashmap - 
IOS Developer: Kevin
21:55:54.522 [main] INFO  com.solvd.itcompany.generics.EmployeeHashmap - 
Marketing Manager: Carl
21:55:54.522 [main] INFO  com.solvd.itcompany.generics.EmployeeHashmap - 
Backend Engineer: Tom
21:55:54.522 [main] INFO  com.solvd.itcompany.generics.EmployeeHashmap - 
Quality Analyst: David
21:55:54.523 [main] INFO  com.solvd.itcompany.generics.EmployeeHashmap - 
Project Manager: Cameron
21:55:54.523 [main] INFO  com.solvd.itcompany.ITCompany - The IT Company has a request to start a project.
21:55:54.523 [main] INFO  com.solvd.itcompany.ITCompany - 
The project managers have been added to the project.
21:55:54.523 [main] INFO  com.solvd.itcompany.ITCompany - 
The designers have been added to the project.
21:55:54.523 [main] INFO  com.solvd.itcompany.ITCompany - 
The backend engineers have been added to the project.
21:55:54.524 [main] INFO  com.solvd.itcompany.ITCompany - 
The frontend engineers have been added to the project.
21:55:54.524 [main] INFO  com.solvd.itcompany.ITCompany - 
The IOS developers have been added to the project.
21:55:54.524 [main] INFO  com.solvd.itcompany.ITCompany - 
The quality analysts have been added to the project.
21:55:54.524 [main] INFO  com.solvd.itcompany.ITCompany - 
The marketers have been added to the project.

21:55:54.524 [main] INFO  com.solvd.itcompany.ITCompany - 
Status of Project: IN_PROGRESS
21:55:54.524 [main] INFO  com.solvd.itcompany.employees.ProjectManager - The project manager is creating the project plan...

21:55:54.524 [main] INFO  com.solvd.itcompany.employees.ProjectManager - Gantt chart
21:55:54.524 [main] INFO  com.solvd.itcompany.employees.ProjectManager - Communications plan
21:55:54.524 [main] INFO  com.solvd.itcompany.employees.ProjectManager - 
The the Project Manager is done managing the application.

21:55:54.524 [main] INFO  com.solvd.itcompany.employees.Designer - The designer is creating the design of the application...

