21:20:38.236 [main] INFO  com.solvd.itcompany.Runner - 
---------------------Tools The Team Uses:---------------------
21:20:38.238 [main] INFO  com.solvd.itcompany.Runner - [Gantt chart, Communications plan]
21:20:38.238 [main] INFO  com.solvd.itcompany.Runner - [Andromo, BuildFire]
21:20:38.238 [main] INFO  com.solvd.itcompany.Runner - [Java, PHP, JavaScript]
21:20:38.238 [main] INFO  com.solvd.itcompany.Runner - [HTML, CSS, React]
21:20:38.239 [main] INFO  com.solvd.itcompany.Runner - [Swift, Objective-C]
21:20:38.239 [main] INFO  com.solvd.itcompany.Runner - [Java, Maven, Cucumber]
21:20:38.239 [main] INFO  com.solvd.itcompany.Runner - [organic social media, email promotion, paid social media]
21:20:38.239 [main] INFO  com.solvd.itcompany.generics.EmployeeHashmap - 
List of employees working on the project: 
21:20:38.239 [main] INFO  com.solvd.itcompany.generics.EmployeeHashmap - 
Designer: Lily
21:20:38.239 [main] INFO  com.solvd.itcompany.generics.EmployeeHashmap - 
Frontend Engineer: Pam
21:20:38.240 [main] INFO  com.solvd.itcompany.generics.EmployeeHashmap - 
IOS Developer: Kevin
21:20:38.240 [main] INFO  com.solvd.itcompany.generics.EmployeeHashmap - 
Marketing Manager: Carl
21:20:38.240 [main] INFO  com.solvd.itcompany.generics.EmployeeHashmap - 
Backend Engineer: Tom
21:20:38.240 [main] INFO  com.solvd.itcompany.generics.EmployeeHashmap - 
Quality Analyst: David
21:20:38.240 [main] INFO  com.solvd.itcompany.generics.EmployeeHashmap - 
Project Manager: Cameron
21:20:38.241 [main] INFO  com.solvd.itcompany.ITCompany - The IT Company has a request to start a project.
21:20:38.241 [main] INFO  com.solvd.itcompany.ITCompany - 
The project managers have been added to the project.
21:20:38.241 [main] INFO  com.solvd.itcompany.ITCompany - 
The designers have been added to the project.
21:20:38.241 [main] INFO  com.solvd.itcompany.ITCompany - 
The backend engineers have been added to the project.
21:20:38.241 [main] INFO  com.solvd.itcompany.ITCompany - 
The frontend engineers have been added to the project.
21:20:38.241 [main] INFO  com.solvd.itcompany.ITCompany - 
The IOS developers have been added to the project.
