17:51:11.238 [main] INFO  com.solvd.itcompany.IFulfillRequirements - The IT company has completed reviewing the requirements for the application.

17:51:11.243 [main] INFO  com.solvd.itcompany.Runner - 
---------------------Mid-level Engineers:---------------------
17:51:11.244 [main] INFO  com.solvd.itcompany.Runner - [com.solvd.itcompany.employees.BackendEngineer@17497425, com.solvd.itcompany.employees.FrontendEngineer@f0da945]
17:51:11.244 [main] INFO  com.solvd.itcompany.Runner - 
---------------------Tools The Team Uses:---------------------
17:51:11.245 [main] INFO  com.solvd.itcompany.Runner - [Gantt chart, Communications plan]
17:51:11.245 [main] INFO  com.solvd.itcompany.Runner - [Andromo, BuildFire]
17:51:11.245 [main] INFO  com.solvd.itcompany.Runner - [Java, PHP, JavaScript]
17:51:11.245 [main] INFO  com.solvd.itcompany.Runner - [HTML, CSS, React]
17:51:11.246 [main] INFO  com.solvd.itcompany.Runner - [Swift, Objective-C]
17:51:11.246 [main] INFO  com.solvd.itcompany.Runner - [Java, Maven, Cucumber]
17:51:11.246 [main] INFO  com.solvd.itcompany.Runner - [organic social media, email promotion, paid social media]
17:51:11.246 [main] INFO  com.solvd.itcompany.Runner - 
---------------------Team members names:---------------------
17:51:11.247 [main] INFO  com.solvd.itcompany.employees.Employee - Employee name: Cameron
17:51:11.247 [main] INFO  com.solvd.itcompany.generics.EmployeeHashmap - 
List of employees working on the project: 
17:51:11.248 [main] INFO  com.solvd.itcompany.generics.EmployeeHashmap - 
Designer: Lily
17:51:11.248 [main] INFO  com.solvd.itcompany.generics.EmployeeHashmap - 
Frontend Engineer: Pam
17:51:11.248 [main] INFO  com.solvd.itcompany.generics.EmployeeHashmap - 
IOS Developer: Kevin
17:51:11.248 [main] INFO  com.solvd.itcompany.generics.EmployeeHashmap - 
Marketing Manager: Carl
17:51:11.248 [main] INFO  com.solvd.itcompany.generics.EmployeeHashmap - 
Backend Engineer: Tom
17:51:11.248 [main] INFO  com.solvd.itcompany.generics.EmployeeHashmap - 
Quality Analyst: David
17:51:11.248 [main] INFO  com.solvd.itcompany.generics.EmployeeHashmap - 
Project Manager: Cameron
