21:30:46.190 [main] INFO  com.solvd.itcompany.Runner - 
Manager
21:30:46.191 [main] INFO  com.solvd.itcompany.Runner - 
Bachelors Degree in Business Administration
21:30:46.191 [main] INFO  com.solvd.itcompany.Runner - 
MID_LEVEL
21:30:46.191 [main] INFO  com.solvd.itcompany.Runner - 
Lily
21:30:46.191 [main] INFO  com.solvd.itcompany.Runner - 
Designer
21:30:46.191 [main] INFO  com.solvd.itcompany.Runner - 
Bachelors Degree in Graphic Design
21:30:46.192 [main] INFO  com.solvd.itcompany.Runner - 
ENTRY_LEVEL
21:30:46.192 [main] INFO  com.solvd.itcompany.Runner - 
Tom
21:30:46.192 [main] INFO  com.solvd.itcompany.Runner - 
Backend
21:30:46.192 [main] INFO  com.solvd.itcompany.Runner - 
Bachelors Degree in Computer Science
21:30:46.192 [main] INFO  com.solvd.itcompany.Runner - 
MID_LEVEL
21:30:46.192 [main] INFO  com.solvd.itcompany.Runner - 
Pam
21:30:46.193 [main] INFO  com.solvd.itcompany.Runner - 
Frontend
21:30:46.193 [main] INFO  com.solvd.itcompany.Runner - 
Frontend Bootcamp
21:30:46.193 [main] INFO  com.solvd.itcompany.Runner - 
MID_LEVEL
21:30:46.193 [main] INFO  com.solvd.itcompany.Runner - 
Kevin
21:30:46.193 [main] INFO  com.solvd.itcompany.Runner - 
IOS
21:30:46.193 [main] INFO  com.solvd.itcompany.Runner - 
Mobile Development Bootcamp
21:30:46.193 [main] INFO  com.solvd.itcompany.Runner - 
SENIOR_LEVEL
21:30:46.194 [main] INFO  com.solvd.itcompany.Runner - 
David
21:30:46.194 [main] INFO  com.solvd.itcompany.Runner - 
Quality
21:30:46.194 [main] INFO  com.solvd.itcompany.Runner - 
Bachelors Degree in Information Technology
21:30:46.194 [main] INFO  com.solvd.itcompany.Runner - 
ENTRY_LEVEL
21:30:46.194 [main] INFO  com.solvd.itcompany.Runner - 
Carl
21:30:46.195 [main] INFO  com.solvd.itcompany.Runner - 
Marketing
21:30:46.195 [main] INFO  com.solvd.itcompany.Runner - 
Bachelors Degree in Marketing
21:30:46.195 [main] INFO  com.solvd.itcompany.Runner - 
SENIOR_LEVEL
21:30:46.196 [main] INFO  com.solvd.itcompany.Runner - 
---------------------Mid-level Engineers:---------------------
21:30:46.196 [main] INFO  com.solvd.itcompany.Runner - [com.solvd.itcompany.employees.BackendEngineer@54bff557, com.solvd.itcompany.employees.FrontendEngineer@593aaf41]
