16:16:15.123 [main] INFO  com.solvd.itcompany.generics.ProjectPriority - 
Project1
16:16:15.123 [main] INFO  com.solvd.itcompany.generics.ProjectPriority - 
Project2
16:16:15.124 [main] INFO  com.solvd.itcompany.generics.ProjectPriority - 
Project3
16:16:15.124 [main] INFO  com.solvd.itcompany.ITCompany - Here is the user feedback we've received so far: 
16:16:15.124 [main] INFO  com.solvd.itcompany.ITCompany - Great app!
16:16:15.124 [main] INFO  com.solvd.itcompany.ITCompany - Horrible user experience.
16:16:15.124 [main] INFO  com.solvd.itcompany.ITCompany - I order coffee on this app all the time!
16:16:15.124 [main] INFO  com.solvd.itcompany.ITCompany - 
The application has been released.
16:16:15.125 [main] INFO  com.solvd.itcompany.Runner - 
---------------------Bad Reviews:---------------------
16:16:15.125 [main] INFO  com.solvd.itcompany.Runner - [Horrible user experience.]
16:16:15.125 [main] INFO  com.solvd.itcompany.ITCompany - 
While the application is completed the engineering team will continuously maintain the application.
16:16:15.125 [main] INFO  com.solvd.itcompany.Runner - 


---------------------Next Projects To Do:---------------------
16:16:15.126 [main] INFO  com.solvd.itcompany.Runner - [New project under development: 
Client: Kelly's Pet Shop
Project Service: APP_DEVELOPMENT
Project Budget: 2500.0
Project Price: 1000.0
Status of Project: NEW, New project under development: 
Client: Dave's Bakery Shop
Project Service: APP_DEVELOPMENT
Project Budget: 3000.0
Project Price: 1000.0
Status of Project: NEW]
20:46:56.462 [main] INFO  com.solvd.itcompany.Runner - 
---------------------Number of Projects:---------------------
20:46:56.466 [main] INFO  com.solvd.itcompany.Runner - 3
20:46:56.466 [main] INFO  com.solvd.itcompany.Runner - 
---------------------Highest Paying Clients:---------------------
20:46:56.467 [main] INFO  com.solvd.itcompany.Runner - 2
20:46:56.467 [main] INFO  com.solvd.itcompany.Runner - 
---------------------Total Project Profits:---------------------
20:46:56.471 [main] INFO  com.solvd.itcompany.Runner - Total Profit: 7000.0
