21:09:27.054 [main] INFO  com.solvd.itcompany.Runner - 
---------------------Number of Projects:---------------------
21:09:27.063 [main] INFO  com.solvd.itcompany.Runner - 3
21:09:27.063 [main] INFO  com.solvd.itcompany.Runner - 
---------------------Highest Paying Clients:---------------------
21:09:27.064 [main] INFO  com.solvd.itcompany.Runner - 2
21:09:27.064 [main] INFO  com.solvd.itcompany.Runner - 
---------------------Total Project Profits:---------------------
21:09:27.069 [main] INFO  com.solvd.itcompany.Runner - Total Profit: 7000.0
21:09:27.070 [main] INFO  com.solvd.itcompany.Runner - 
---------------------Client Information:---------------------
21:09:27.071 [main] INFO  com.solvd.itcompany.Runner - Client Name: Paul's Coffee Shop
21:09:27.071 [main] INFO  com.solvd.itcompany.Runner - Client Idea: create an app for the coffee shop
21:09:27.071 [main] INFO  com.solvd.itcompany.Runner - Years in Business: 2
21:09:27.071 [main] INFO  com.solvd.itcompany.Runner - Client Budget: 1500.0
21:09:27.071 [main] INFO  com.solvd.itcompany.Runner - Client Project Status: NEW
21:09:27.071 [main] INFO  com.solvd.itcompany.Runner - Client Name: Kelly's Pet Shop
21:09:27.072 [main] INFO  com.solvd.itcompany.Runner - Client Idea: create an app for the pet shop
21:09:27.072 [main] INFO  com.solvd.itcompany.Runner - Years in Business: 5
21:09:27.072 [main] INFO  com.solvd.itcompany.Runner - Client Budget: 2500.0
21:09:27.072 [main] INFO  com.solvd.itcompany.Runner - Client Project Status: NEW
21:09:27.072 [main] INFO  com.solvd.itcompany.Runner - Client Name: Dave's Bakery Shop
21:09:27.072 [main] INFO  com.solvd.itcompany.Runner - Client Idea: create an app for the bakery shop
21:09:27.072 [main] INFO  com.solvd.itcompany.Runner - Years in Business: 10
21:09:27.072 [main] INFO  com.solvd.itcompany.Runner - Client Budget: 3000.0
21:09:27.073 [main] INFO  com.solvd.itcompany.Runner - Client Project Status: NEW
21:09:27.074 [main] INFO  com.solvd.itcompany.generics.LinkedListProject - 
Backlog of projects: 
New project under development: 
Client: Paul's Coffee Shop
Project Service: APP_DEVELOPMENT
Project Budget: 1500.0
Project Price: 1000.0
Status of Project: NEW
