21:36:39.940 [main] INFO  com.solvd.itcompany.Runner - 
Designer
21:36:39.941 [main] INFO  com.solvd.itcompany.Runner - 
Bachelors Degree in Graphic Design
21:36:39.941 [main] INFO  com.solvd.itcompany.Runner - 
ENTRY_LEVEL
21:36:39.941 [main] INFO  com.solvd.itcompany.Runner - 
Tom
21:36:39.941 [main] INFO  com.solvd.itcompany.Runner - 
Backend
21:36:39.941 [main] INFO  com.solvd.itcompany.Runner - 
Bachelors Degree in Computer Science
21:36:39.941 [main] INFO  com.solvd.itcompany.Runner - 
MID_LEVEL
21:36:39.942 [main] INFO  com.solvd.itcompany.Runner - 
Pam
21:36:39.942 [main] INFO  com.solvd.itcompany.Runner - 
Frontend
21:36:39.942 [main] INFO  com.solvd.itcompany.Runner - 
Frontend Bootcamp
21:36:39.942 [main] INFO  com.solvd.itcompany.Runner - 
MID_LEVEL
21:36:39.942 [main] INFO  com.solvd.itcompany.Runner - 
Kevin
21:36:39.942 [main] INFO  com.solvd.itcompany.Runner - 
IOS
21:36:39.942 [main] INFO  com.solvd.itcompany.Runner - 
Mobile Development Bootcamp
21:36:39.943 [main] INFO  com.solvd.itcompany.Runner - 
SENIOR_LEVEL
21:36:39.943 [main] INFO  com.solvd.itcompany.Runner - 
David
21:36:39.943 [main] INFO  com.solvd.itcompany.Runner - 
Quality
21:36:39.943 [main] INFO  com.solvd.itcompany.Runner - 
Bachelors Degree in Information Technology
21:36:39.943 [main] INFO  com.solvd.itcompany.Runner - 
ENTRY_LEVEL
21:36:39.943 [main] INFO  com.solvd.itcompany.Runner - 
Carl
21:36:39.944 [main] INFO  com.solvd.itcompany.Runner - 
Marketing
21:36:39.944 [main] INFO  com.solvd.itcompany.Runner - 
Bachelors Degree in Marketing
21:36:39.944 [main] INFO  com.solvd.itcompany.Runner - 
SENIOR_LEVEL
21:36:39.945 [main] INFO  com.solvd.itcompany.Runner - 
---------------------Tools The Team Uses:---------------------
21:36:39.946 [main] INFO  com.solvd.itcompany.Runner - [Gantt chart, Communications plan]
21:36:39.947 [main] INFO  com.solvd.itcompany.Runner - [Andromo, BuildFire]
21:36:39.947 [main] INFO  com.solvd.itcompany.Runner - [Java, PHP, JavaScript]
21:36:39.947 [main] INFO  com.solvd.itcompany.Runner - [HTML, CSS, React]
