21:55:54.537 [main] INFO  com.solvd.itcompany.Runner - Parameters: 
21:55:54.538 [main] INFO  com.solvd.itcompany.Runner -  java.lang.String
21:55:54.538 [main] INFO  com.solvd.itcompany.Runner - Method Modifiers: public
21:55:54.538 [main] INFO  com.solvd.itcompany.Runner - Return Type: java.util.ArrayList
21:55:54.538 [main] INFO  com.solvd.itcompany.Runner - Method name: getClients
21:55:54.538 [main] INFO  com.solvd.itcompany.Runner - Parameters: 
21:55:54.538 [main] INFO  com.solvd.itcompany.Runner - Method Modifiers: public
21:55:54.538 [main] INFO  com.solvd.itcompany.Runner - Return Type: void
21:55:54.538 [main] INFO  com.solvd.itcompany.Runner - Method name: setClients
21:55:54.538 [main] INFO  com.solvd.itcompany.Runner - Parameters: 
21:55:54.539 [main] INFO  com.solvd.itcompany.Runner -  java.util.ArrayList
21:55:54.539 [main] INFO  com.solvd.itcompany.Runner - Method Modifiers: public
21:55:54.539 [main] INFO  com.solvd.itcompany.Runner - Return Type: java.util.ArrayList
21:55:54.539 [main] INFO  com.solvd.itcompany.Runner - Method name: getProjects
21:55:54.539 [main] INFO  com.solvd.itcompany.Runner - Parameters: 
21:55:54.539 [main] INFO  com.solvd.itcompany.Runner - Method Modifiers: public
21:55:54.539 [main] INFO  com.solvd.itcompany.Runner - Return Type: void
21:55:54.539 [main] INFO  com.solvd.itcompany.Runner - Method name: setProjects
21:55:54.539 [main] INFO  com.solvd.itcompany.Runner - Parameters: 
21:55:54.539 [main] INFO  com.solvd.itcompany.Runner -  java.util.ArrayList
21:55:54.539 [main] INFO  com.solvd.itcompany.Runner - Method Modifiers: public
21:55:54.539 [main] INFO  com.solvd.itcompany.Runner - Return Type: java.util.ArrayList
21:55:54.539 [main] INFO  com.solvd.itcompany.Runner - Method name: getEmployees
21:55:54.539 [main] INFO  com.solvd.itcompany.Runner - Parameters: 
21:55:54.539 [main] INFO  com.solvd.itcompany.Runner - Method Modifiers: public
21:55:54.540 [main] INFO  com.solvd.itcompany.Runner - Return Type: void
21:55:54.540 [main] INFO  com.solvd.itcompany.Runner - Method name: setEmployees
