21:07:39.189 [main] INFO  com.solvd.itcompany.Runner - 
---------------------Team Members Names:---------------------
21:07:39.191 [main] INFO  com.solvd.itcompany.employees.Employee - Employee name: Cameron
21:07:39.191 [main] INFO  com.solvd.itcompany.employees.Employee - Employee name: Lily
21:07:39.191 [main] INFO  com.solvd.itcompany.employees.Employee - Employee name: Tom
21:07:39.191 [main] INFO  com.solvd.itcompany.employees.Employee - Employee name: Pam
21:07:39.191 [main] INFO  com.solvd.itcompany.employees.Employee - Employee name: Kevin
21:07:39.191 [main] INFO  com.solvd.itcompany.employees.Employee - Employee name: David
21:07:39.192 [main] INFO  com.solvd.itcompany.employees.Employee - Employee name: Carl
21:07:39.192 [main] INFO  com.solvd.itcompany.generics.EmployeeHashmap - 
List of employees working on the project: 
21:07:39.192 [main] INFO  com.solvd.itcompany.generics.EmployeeHashmap - 
Designer: Lily
21:07:39.192 [main] INFO  com.solvd.itcompany.generics.EmployeeHashmap - 
Frontend Engineer: Pam
21:07:39.193 [main] INFO  com.solvd.itcompany.generics.EmployeeHashmap - 
IOS Developer: Kevin
21:07:39.193 [main] INFO  com.solvd.itcompany.generics.EmployeeHashmap - 
Marketing Manager: Carl
21:07:39.193 [main] INFO  com.solvd.itcompany.generics.EmployeeHashmap - 
Backend Engineer: Tom
21:07:39.193 [main] INFO  com.solvd.itcompany.generics.EmployeeHashmap - 
Quality Analyst: David
21:07:39.193 [main] INFO  com.solvd.itcompany.generics.EmployeeHashmap - 
Project Manager: Cameron
21:07:39.194 [main] INFO  com.solvd.itcompany.ITCompany - The IT Company has a request to start a project.
21:07:39.194 [main] INFO  com.solvd.itcompany.ITCompany - 
The project managers have been added to the project.
21:07:39.195 [main] INFO  com.solvd.itcompany.ITCompany - 
The designers have been added to the project.
21:07:39.195 [main] INFO  com.solvd.itcompany.ITCompany - 
The backend engineers have been added to the project.
21:07:39.195 [main] INFO  com.solvd.itcompany.ITCompany - 
The frontend engineers have been added to the project.
