22:54:06.282 [main] INFO  com.solvd.itcompany.IFulfillRequirements - Users can interact with community
22:54:06.288 [main] INFO  com.solvd.itcompany.IFulfillRequirements - The IT company has completed reviewing the requirements for the application.

22:54:06.289 [main] INFO  com.solvd.itcompany.Runner - 
---------------------Your Team's Credentials:---------------------
22:54:06.289 [main] INFO  com.solvd.itcompany.Runner - 
Cameron
22:54:06.289 [main] INFO  com.solvd.itcompany.Runner - 
Manager
22:54:06.290 [main] INFO  com.solvd.itcompany.Runner - 
Bachelors Degree in Business Administration
22:54:06.290 [main] INFO  com.solvd.itcompany.Runner - 
MID_LEVEL
22:54:06.290 [main] INFO  com.solvd.itcompany.Runner - 
Lily
22:54:06.290 [main] INFO  com.solvd.itcompany.Runner - 
Designer
22:54:06.290 [main] INFO  com.solvd.itcompany.Runner - 
Bachelors Degree in Graphic Design
22:54:06.291 [main] INFO  com.solvd.itcompany.Runner - 
ENTRY_LEVEL
22:54:06.291 [main] INFO  com.solvd.itcompany.Runner - 
Tom
22:54:06.291 [main] INFO  com.solvd.itcompany.Runner - 
Backend
22:54:06.291 [main] INFO  com.solvd.itcompany.Runner - 
Bachelors Degree in Computer Science
22:54:06.291 [main] INFO  com.solvd.itcompany.Runner - 
MID_LEVEL
22:54:06.291 [main] INFO  com.solvd.itcompany.Runner - 
Pam
22:54:06.292 [main] INFO  com.solvd.itcompany.Runner - 
Frontend
22:54:06.292 [main] INFO  com.solvd.itcompany.Runner - 
Frontend Bootcamp
22:54:06.292 [main] INFO  com.solvd.itcompany.Runner - 
MID_LEVEL
22:54:06.293 [main] INFO  com.solvd.itcompany.Runner - 
Kevin
22:54:06.293 [main] INFO  com.solvd.itcompany.Runner - 
IOS
22:54:06.293 [main] INFO  com.solvd.itcompany.Runner - 
Mobile Development Bootcamp
22:54:06.293 [main] INFO  com.solvd.itcompany.Runner - 
SENIOR_LEVEL
22:54:06.293 [main] INFO  com.solvd.itcompany.Runner - 
David
22:54:06.294 [main] INFO  com.solvd.itcompany.Runner - 
Quality
22:54:06.294 [main] INFO  com.solvd.itcompany.Runner - 
Bachelors Degree in Information Technology
22:54:06.294 [main] INFO  com.solvd.itcompany.Runner - 
ENTRY_LEVEL
