21:55:54.543 [main] INFO  com.solvd.itcompany.Runner - Method Modifiers: public
21:55:54.544 [main] INFO  com.solvd.itcompany.Runner - Return Type: com.solvd.itcompany.enums.ProjectStatus
21:55:54.544 [main] INFO  com.solvd.itcompany.Runner - Method name: getProjectStatus
21:55:54.544 [main] INFO  com.solvd.itcompany.Runner - Parameters: 
21:55:54.544 [main] INFO  com.solvd.itcompany.Runner - Result of method call: 
21:55:54.546 [main] INFO  com.solvd.itcompany.ITCompany - Here is the user feedback we've received so far: 
21:55:54.546 [main] INFO  com.solvd.itcompany.ITCompany - Great app!
21:55:54.546 [main] INFO  com.solvd.itcompany.ITCompany - Horrible user experience.
21:55:54.546 [main] INFO  com.solvd.itcompany.ITCompany - I order coffee on this app all the time!
21:55:54.546 [main] INFO  com.solvd.itcompany.ITCompany - 
The application has been released.
15:20:28.275 [main] INFO  com.solvd.itcompany.Runner - 
---------------------Number of Projects:---------------------
15:20:28.278 [main] INFO  com.solvd.itcompany.Runner - 3
15:20:28.278 [main] INFO  com.solvd.itcompany.Runner - 
---------------------Highest Paying Clients:---------------------
15:20:28.279 [main] INFO  com.solvd.itcompany.Runner - 2
15:20:28.279 [main] INFO  com.solvd.itcompany.Runner - 
---------------------Total Project Profits:---------------------
15:20:28.285 [main] INFO  com.solvd.itcompany.Runner - Total Profit: 7000.0
15:20:28.285 [main] INFO  com.solvd.itcompany.Runner - 
---------------------Client Information:---------------------
15:20:28.286 [main] INFO  com.solvd.itcompany.Project - com.solvd.itcompany.Runner$$Lambda$139/0x0000000801111000@a530d0a
15:20:28.293 [main] INFO  com.solvd.itcompany.generics.LinkedListProject - 
Backlog of projects: 
New project under development: 
Client: Paul's Coffee Shop
Project Service: APP_DEVELOPMENT
Project Budget: 1500.0
Project Price: 1000.0
Status of Project: NEW
15:20:28.294 [main] INFO  com.solvd.itcompany.IFulfillRequirements - Here are the requirements for the application: 
15:20:28.294 [main] INFO  com.solvd.itcompany.IFulfillRequirements - Users can order coffee
