23:17:50.511 [main] INFO  com.solvd.itcompany.generics.ProjectPriority - 
Project1
23:17:50.512 [main] INFO  com.solvd.itcompany.generics.ProjectPriority - 
Project2
23:17:50.512 [main] INFO  com.solvd.itcompany.generics.ProjectPriority - 
Project3
23:17:50.513 [main] INFO  com.solvd.itcompany.ITCompany - Here is the user feedback we've received so far: 
23:17:50.513 [main] INFO  com.solvd.itcompany.ITCompany - Great app!
23:17:50.513 [main] INFO  com.solvd.itcompany.ITCompany - Horrible user experience.
23:17:50.513 [main] INFO  com.solvd.itcompany.ITCompany - I order coffee on this app all the time!
23:17:50.513 [main] INFO  com.solvd.itcompany.ITCompany - 
The application has been released.
23:17:50.513 [main] INFO  com.solvd.itcompany.ITCompany - 
While the application is completed the engineering team will continuously maintain the application.
15:35:29.775 [main] INFO  com.solvd.itcompany.generics.LinkedListProject - 
Backlog of projects: 
New project under development: 
Client: Paul's Coffee Shop
Project Service: APP_DEVELOPMENT
Project Budget: 1500.0
Project Price: 1000.0
Status of Project: NEW
15:35:29.778 [main] INFO  com.solvd.itcompany.IFulfillRequirements - Here are the requirements for the application: 
15:35:29.778 [main] INFO  com.solvd.itcompany.IFulfillRequirements - Users can order coffee
15:35:29.778 [main] INFO  com.solvd.itcompany.IFulfillRequirements - Users can track loyalty points
15:35:29.778 [main] INFO  com.solvd.itcompany.IFulfillRequirements - Users can interact with community
15:35:29.778 [main] INFO  com.solvd.itcompany.IFulfillRequirements - The IT company has completed reviewing the requirements for the application.

15:35:29.781 [main] INFO  com.solvd.itcompany.generics.EmployeeHashmap - 
List of employees working on the project: 
15:35:29.781 [main] INFO  com.solvd.itcompany.generics.EmployeeHashmap - 
Designer: Lily
15:35:29.782 [main] INFO  com.solvd.itcompany.generics.EmployeeHashmap - 
Frontend Engineer: Pam
15:35:29.782 [main] INFO  com.solvd.itcompany.generics.EmployeeHashmap - 
IOS Developer: Kevin
