15:39:54.145 [main] INFO  com.solvd.itcompany.Runner - 
Manager
15:39:54.146 [main] INFO  com.solvd.itcompany.Runner - 
Bachelors Degree in Business Administration
15:39:54.146 [main] INFO  com.solvd.itcompany.Runner - 
MID_LEVEL
15:39:54.146 [main] INFO  com.solvd.itcompany.Runner - 
Lily
15:39:54.147 [main] INFO  com.solvd.itcompany.Runner - 
Designer
15:39:54.147 [main] INFO  com.solvd.itcompany.Runner - 
Bachelors Degree in Graphic Design
15:39:54.147 [main] INFO  com.solvd.itcompany.Runner - 
ENTRY_LEVEL
15:39:54.147 [main] INFO  com.solvd.itcompany.Runner - 
Tom
15:39:54.147 [main] INFO  com.solvd.itcompany.Runner - 
Backend
15:39:54.147 [main] INFO  com.solvd.itcompany.Runner - 
Bachelors Degree in Computer Science
15:39:54.147 [main] INFO  com.solvd.itcompany.Runner - 
MID_LEVEL
15:39:54.148 [main] INFO  com.solvd.itcompany.Runner - 
Pam
15:39:54.148 [main] INFO  com.solvd.itcompany.Runner - 
Frontend
15:39:54.148 [main] INFO  com.solvd.itcompany.Runner - 
Frontend Bootcamp
15:39:54.148 [main] INFO  com.solvd.itcompany.Runner - 
MID_LEVEL
15:39:54.148 [main] INFO  com.solvd.itcompany.Runner - 
Kevin
15:39:54.148 [main] INFO  com.solvd.itcompany.Runner - 
IOS
15:39:54.148 [main] INFO  com.solvd.itcompany.Runner - 
Mobile Development Bootcamp
15:39:54.149 [main] INFO  com.solvd.itcompany.Runner - 
SENIOR_LEVEL
15:39:54.149 [main] INFO  com.solvd.itcompany.Runner - 
David
15:39:54.149 [main] INFO  com.solvd.itcompany.Runner - 
Quality
15:39:54.149 [main] INFO  com.solvd.itcompany.Runner - 
Bachelors Degree in Information Technology
15:39:54.149 [main] INFO  com.solvd.itcompany.Runner - 
ENTRY_LEVEL
15:39:54.149 [main] INFO  com.solvd.itcompany.Runner - 
Carl
15:39:54.149 [main] INFO  com.solvd.itcompany.Runner - 
Marketing
15:39:54.150 [main] INFO  com.solvd.itcompany.Runner - 
Bachelors Degree in Marketing
15:39:54.150 [main] INFO  com.solvd.itcompany.Runner - 
SENIOR_LEVEL
15:39:54.151 [main] INFO  com.solvd.itcompany.Runner - 
---------------------Mid-level Engineers:---------------------
15:39:54.152 [main] INFO  com.solvd.itcompany.Runner - [com.solvd.itcompany.employees.BackendEngineer@54bff557, com.solvd.itcompany.employees.FrontendEngineer@593aaf41]
