23:15:44.941 [main] INFO  com.solvd.itcompany.Runner - 
Lily
23:15:44.942 [main] INFO  com.solvd.itcompany.Runner - 
Designer
23:15:44.942 [main] INFO  com.solvd.itcompany.Runner - 
Bachelors Degree in Graphic Design
23:15:44.942 [main] INFO  com.solvd.itcompany.Runner - 
ENTRY_LEVEL
23:15:44.942 [main] INFO  com.solvd.itcompany.Runner - 
Tom
23:15:44.942 [main] INFO  com.solvd.itcompany.Runner - 
Backend
23:15:44.943 [main] INFO  com.solvd.itcompany.Runner - 
Bachelors Degree in Computer Science
23:15:44.943 [main] INFO  com.solvd.itcompany.Runner - 
MID_LEVEL
23:15:44.943 [main] INFO  com.solvd.itcompany.Runner - 
Pam
23:15:44.943 [main] INFO  com.solvd.itcompany.Runner - 
Frontend
23:15:44.943 [main] INFO  com.solvd.itcompany.Runner - 
Frontend Bootcamp
23:15:44.943 [main] INFO  com.solvd.itcompany.Runner - 
MID_LEVEL
23:15:44.943 [main] INFO  com.solvd.itcompany.Runner - 
Kevin
23:15:44.943 [main] INFO  com.solvd.itcompany.Runner - 
IOS
23:15:44.943 [main] INFO  com.solvd.itcompany.Runner - 
Mobile Development Bootcamp
23:15:44.943 [main] INFO  com.solvd.itcompany.Runner - 
SENIOR_LEVEL
23:15:44.944 [main] INFO  com.solvd.itcompany.Runner - 
David
23:15:44.944 [main] INFO  com.solvd.itcompany.Runner - 
Quality
23:15:44.944 [main] INFO  com.solvd.itcompany.Runner - 
Bachelors Degree in Information Technology
23:15:44.944 [main] INFO  com.solvd.itcompany.Runner - 
ENTRY_LEVEL
23:15:44.944 [main] INFO  com.solvd.itcompany.Runner - 
Carl
23:15:44.944 [main] INFO  com.solvd.itcompany.Runner - 
Marketing
23:15:44.944 [main] INFO  com.solvd.itcompany.Runner - 
Bachelors Degree in Marketing
23:15:44.944 [main] INFO  com.solvd.itcompany.Runner - 
SENIOR_LEVEL
23:15:44.946 [main] INFO  com.solvd.itcompany.Runner - 
---------------------Mid-level Engineers:---------------------
23:15:44.947 [main] INFO  com.solvd.itcompany.Runner - [com.solvd.itcompany.employees.BackendEngineer@741a8937, com.solvd.itcompany.employees.FrontendEngineer@306e95ec]
23:15:44.947 [main] INFO  com.solvd.itcompany.Runner - 
---------------------Tools The Team Uses:---------------------
