11:31:53.679 [main] INFO  com.solvd.itcompany.Runner - 
---------------------Client Information:---------------------
11:31:53.684 [main] INFO  com.solvd.itcompany.Runner - Client Name: Paul's Coffee Shop
11:31:53.684 [main] INFO  com.solvd.itcompany.Runner - Client Idea: create an app for the coffee shop
11:31:53.684 [main] INFO  com.solvd.itcompany.Runner - Years in Business: 2
11:31:53.684 [main] INFO  com.solvd.itcompany.Runner - Client Budget: 1500.0
11:31:53.684 [main] INFO  com.solvd.itcompany.Runner - Client Project Status: NEW
11:31:53.684 [main] INFO  com.solvd.itcompany.Runner - Client Name: Kelly's Pet Shop
11:31:53.685 [main] INFO  com.solvd.itcompany.Runner - Client Idea: create an app for the pet shop
11:31:53.685 [main] INFO  com.solvd.itcompany.Runner - Years in Business: 5
11:31:53.685 [main] INFO  com.solvd.itcompany.Runner - Client Budget: 2500.0
11:31:53.685 [main] INFO  com.solvd.itcompany.Runner - Client Project Status: NEW
11:31:53.685 [main] INFO  com.solvd.itcompany.Runner - Client Name: Dave's Bakery Shop
11:31:53.685 [main] INFO  com.solvd.itcompany.Runner - Client Idea: create an app for the bakery shop
11:31:53.685 [main] INFO  com.solvd.itcompany.Runner - Years in Business: 10
11:31:53.685 [main] INFO  com.solvd.itcompany.Runner - Client Budget: 3000.0
11:31:53.685 [main] INFO  com.solvd.itcompany.Runner - Client Project Status: NEW
11:31:53.687 [main] INFO  com.solvd.itcompany.generics.LinkedListProject - 
Backlog of projects: 
New project under development: 
Client: Paul's Coffee Shop
Project Service: APP_DEVELOPMENT
Project Budget: 1500.0
Project Price: 1000.0
Status of Project: NEW
11:31:53.688 [main] INFO  com.solvd.itcompany.IFulfillRequirements - Here are the requirements for the application: 
11:31:53.688 [main] INFO  com.solvd.itcompany.IFulfillRequirements - Users can order coffee
11:31:53.688 [main] INFO  com.solvd.itcompany.IFulfillRequirements - Users can track loyalty points
11:31:53.688 [main] INFO  com.solvd.itcompany.IFulfillRequirements - Users can interact with community
