23:00:56.123 [main] INFO  com.solvd.itcompany.Runner - [Java, Maven, Cucumber]
23:00:56.125 [main] INFO  com.solvd.itcompany.Runner - [organic social media, email promotion, paid social media]
23:00:56.125 [main] INFO  com.solvd.itcompany.generics.EmployeeHashmap - 
List of employees working on the project: 
23:00:56.125 [main] INFO  com.solvd.itcompany.generics.EmployeeHashmap - 
Designer: Lily
23:00:56.125 [main] INFO  com.solvd.itcompany.generics.EmployeeHashmap - 
Frontend Engineer: Pam
23:00:56.125 [main] INFO  com.solvd.itcompany.generics.EmployeeHashmap - 
IOS Developer: Kevin
23:00:56.125 [main] INFO  com.solvd.itcompany.generics.EmployeeHashmap - 
Marketing Manager: Carl
23:00:56.125 [main] INFO  com.solvd.itcompany.generics.EmployeeHashmap - 
Backend Engineer: Tom
23:00:56.126 [main] INFO  com.solvd.itcompany.generics.EmployeeHashmap - 
Quality Analyst: David
23:00:56.126 [main] INFO  com.solvd.itcompany.generics.EmployeeHashmap - 
Project Manager: Cameron
23:00:56.127 [main] INFO  com.solvd.itcompany.ITCompany - The IT Company has a request to start a project.
23:00:56.127 [main] INFO  com.solvd.itcompany.ITCompany - 
The project managers have been added to the project.
23:00:56.127 [main] INFO  com.solvd.itcompany.ITCompany - 
The designers have been added to the project.
23:00:56.127 [main] INFO  com.solvd.itcompany.ITCompany - 
The backend engineers have been added to the project.
23:00:56.127 [main] INFO  com.solvd.itcompany.ITCompany - 
The frontend engineers have been added to the project.
23:00:56.128 [main] INFO  com.solvd.itcompany.ITCompany - 
The IOS developers have been added to the project.
23:00:56.128 [main] INFO  com.solvd.itcompany.ITCompany - 
The quality analysts have been added to the project.
23:00:56.128 [main] INFO  com.solvd.itcompany.ITCompany - 
The marketers have been added to the project.

23:00:56.128 [main] INFO  com.solvd.itcompany.ITCompany - 
Status of Project: IN_PROGRESS
23:00:56.128 [main] INFO  com.solvd.itcompany.employees.ProjectManager - The project manager is creating the project plan...

