12:11:08.850 [main] INFO  com.solvd.itcompany.Runner - 
---------------------Tools The Team Uses:---------------------
12:11:08.853 [main] INFO  com.solvd.itcompany.Runner - [Gantt chart, Communications plan]
12:11:08.853 [main] INFO  com.solvd.itcompany.Runner - [Andromo, BuildFire]
12:11:08.853 [main] INFO  com.solvd.itcompany.Runner - [Java, PHP, JavaScript]
12:11:08.853 [main] INFO  com.solvd.itcompany.Runner - [HTML, CSS, React]
12:11:08.854 [main] INFO  com.solvd.itcompany.Runner - [Swift, Objective-C]
12:11:08.854 [main] INFO  com.solvd.itcompany.Runner - [Java, Maven, Cucumber]
12:11:08.854 [main] INFO  com.solvd.itcompany.Runner - [organic social media, email promotion, paid social media]
12:11:08.854 [main] INFO  com.solvd.itcompany.generics.EmployeeHashmap - 
List of employees working on the project: 
12:11:08.854 [main] INFO  com.solvd.itcompany.generics.EmployeeHashmap - 
Designer: Lily
12:11:08.854 [main] INFO  com.solvd.itcompany.generics.EmployeeHashmap - 
Frontend Engineer: Pam
12:11:08.854 [main] INFO  com.solvd.itcompany.generics.EmployeeHashmap - 
IOS Developer: Kevin
12:11:08.855 [main] INFO  com.solvd.itcompany.generics.EmployeeHashmap - 
Marketing Manager: Carl
12:11:08.855 [main] INFO  com.solvd.itcompany.generics.EmployeeHashmap - 
Backend Engineer: Tom
12:11:08.855 [main] INFO  com.solvd.itcompany.generics.EmployeeHashmap - 
Quality Analyst: David
12:11:08.855 [main] INFO  com.solvd.itcompany.generics.EmployeeHashmap - 
Project Manager: Cameron
12:11:08.856 [main] INFO  com.solvd.itcompany.ITCompany - The IT Company has a request to start a project.
12:11:08.856 [main] INFO  com.solvd.itcompany.ITCompany - 
The project managers have been added to the project.
12:11:08.856 [main] INFO  com.solvd.itcompany.ITCompany - 
The designers have been added to the project.
12:11:08.856 [main] INFO  com.solvd.itcompany.ITCompany - 
The backend engineers have been added to the project.
12:11:08.856 [main] INFO  com.solvd.itcompany.ITCompany - 
The frontend engineers have been added to the project.
12:11:08.857 [main] INFO  com.solvd.itcompany.ITCompany - 
The IOS developers have been added to the project.
