22:00:49.156 [main] INFO  com.solvd.itcompany.ITCompany - Here is the user feedback we've received so far: 
22:00:49.157 [main] INFO  com.solvd.itcompany.ITCompany - Great app!
22:00:49.157 [main] INFO  com.solvd.itcompany.ITCompany - Horrible user experience.
22:00:49.157 [main] INFO  com.solvd.itcompany.ITCompany - I order coffee on this app all the time!
22:00:49.157 [main] INFO  com.solvd.itcompany.ITCompany - 
The application has been released.
22:02:33.904 [main] INFO  com.solvd.itcompany.Runner - 
---------------------List of Clients:---------------------
22:02:33.908 [main] INFO  com.solvd.itcompany.Runner - [Paul's Coffee Shop, Kelly's Pet Shop, Dave's Bakery Shop]
22:02:33.908 [main] INFO  com.solvd.itcompany.Runner - 
---------------------Clients that have been in business for more than 3 years:---------------------
22:02:33.909 [main] INFO  com.solvd.itcompany.Runner - Kelly's Pet Shop
22:02:33.910 [main] INFO  com.solvd.itcompany.Runner - Dave's Bakery Shop
22:02:33.910 [main] INFO  com.solvd.itcompany.Runner - 
---------------------List of Clients Ideas:---------------------
22:02:33.910 [main] INFO  com.solvd.itcompany.Runner - create an app for the coffee shop
22:02:33.910 [main] INFO  com.solvd.itcompany.Runner - create an app for the pet shop
22:02:33.910 [main] INFO  com.solvd.itcompany.Runner - create an app for the bakery shop
22:02:33.912 [main] INFO  com.solvd.itcompany.Runner - 
---------------------Number of Projects:---------------------
22:02:33.912 [main] INFO  com.solvd.itcompany.Runner - 3
22:02:33.913 [main] INFO  com.solvd.itcompany.Runner - 
---------------------Highest Paying Clients:---------------------
22:02:33.913 [main] INFO  com.solvd.itcompany.Runner - 2
22:02:33.913 [main] INFO  com.solvd.itcompany.Runner - 
---------------------Total Project Profits:---------------------
22:02:33.917 [main] INFO  com.solvd.itcompany.Runner - Total Profit: 7000.0
22:02:33.917 [main] INFO  com.solvd.itcompany.Runner - 
---------------------Client Information:---------------------
22:02:33.918 [main] INFO  com.solvd.itcompany.Runner - Client Name: Paul's Coffee Shop
