22:23:36.665 [main] INFO  com.solvd.itcompany.employees.QualityAnalyst - 
The the Quality Analyst is done testing the application.

22:23:36.666 [main] INFO  com.solvd.itcompany.employees.MarketingManager - The marketing manager is creating the promotional plan...

22:23:36.667 [main] INFO  com.solvd.itcompany.employees.MarketingManager - organic social media
22:23:36.667 [main] INFO  com.solvd.itcompany.employees.MarketingManager - email promotion
22:23:36.667 [main] INFO  com.solvd.itcompany.employees.MarketingManager - paid social media
22:23:36.667 [main] INFO  com.solvd.itcompany.employees.MarketingManager - 
The the Marketing Manager is done promoting the application.

22:23:36.667 [main] INFO  com.solvd.itcompany.employees.MarketingManager - 
Status of Project: Done.
22:23:36.668 [main] INFO  com.solvd.itcompany.generics.ProjectTracker - 
The projects left in the backlog: [New project under development: 
Client: Kelly's Pet Shop
Project Service: App Development
Project Budget: 2500.0
Project Price: 2000.0
Status of Project: In Backlog, New project under development: 
Client: Dave's Bakery Shop
Project Service: App Development
Project Budget: 3000.0
Project Price: 2000.0
Status of Project: In Backlog]
22:23:36.668 [main] INFO  com.solvd.itcompany.generics.ListOfTasks - 
Here are a list of tasks for the project: 
22:23:36.668 [main] INFO  com.solvd.itcompany.generics.ListOfTasks - 
Create the backend
22:23:36.669 [main] INFO  com.solvd.itcompany.generics.ListOfTasks - 
Test the application
22:23:36.669 [main] INFO  com.solvd.itcompany.generics.ListOfTasks - 
Create the frontend
22:23:36.669 [main] INFO  com.solvd.itcompany.generics.ListOfTasks - 
Create the management plan for the project
22:23:36.669 [main] INFO  com.solvd.itcompany.generics.ListOfTasks - 
Create the marketing strategy for the application
22:23:36.669 [main] INFO  com.solvd.itcompany.generics.ListOfTasks - 
Create the design of the application
22:23:36.669 [main] INFO  com.solvd.itcompany.generics.ListOfTasks - 
Create the mobile application
