21:47:01.831 [main] INFO  com.solvd.itcompany.Runner - Field Modifiers: private
21:47:01.833 [main] INFO  com.solvd.itcompany.Runner - clients
21:47:01.833 [main] INFO  com.solvd.itcompany.Runner - Field Modifiers: private
21:47:01.833 [main] INFO  com.solvd.itcompany.Runner - projects
21:47:01.833 [main] INFO  com.solvd.itcompany.Runner - Field Modifiers: private
21:47:01.833 [main] INFO  com.solvd.itcompany.Runner - projectStatus
21:47:01.833 [main] INFO  com.solvd.itcompany.Runner - Field Modifiers: private
21:47:01.833 [main] INFO  com.solvd.itcompany.Runner - logger
21:47:01.833 [main] INFO  com.solvd.itcompany.Runner - Field Modifiers: private static final
21:47:01.834 [main] INFO  com.solvd.itcompany.Runner - Method Modifiers: public
21:47:01.834 [main] INFO  com.solvd.itcompany.Runner - Return Type: java.lang.String
21:47:01.834 [main] INFO  com.solvd.itcompany.Runner - Method name: getName
21:47:01.834 [main] INFO  com.solvd.itcompany.Runner - Parameters: 
21:47:01.834 [main] INFO  com.solvd.itcompany.Runner - Method Modifiers: public
21:47:01.834 [main] INFO  com.solvd.itcompany.Runner - Return Type: void
21:47:01.834 [main] INFO  com.solvd.itcompany.Runner - Method name: setName
21:47:01.834 [main] INFO  com.solvd.itcompany.Runner - Parameters: 
21:47:01.835 [main] INFO  com.solvd.itcompany.Runner -  java.lang.String
21:47:01.835 [main] INFO  com.solvd.itcompany.Runner - Method Modifiers: public
21:47:01.835 [main] INFO  com.solvd.itcompany.Runner - Return Type: java.util.ArrayList
21:47:01.835 [main] INFO  com.solvd.itcompany.Runner - Method name: getClients
21:47:01.835 [main] INFO  com.solvd.itcompany.Runner - Parameters: 
21:47:01.835 [main] INFO  com.solvd.itcompany.Runner - Method Modifiers: public
21:47:01.835 [main] INFO  com.solvd.itcompany.Runner - Return Type: void
21:47:01.835 [main] INFO  com.solvd.itcompany.Runner - Method name: setClients
21:47:01.836 [main] INFO  com.solvd.itcompany.Runner - Parameters: 
21:47:01.836 [main] INFO  com.solvd.itcompany.Runner -  java.util.ArrayList
21:47:01.836 [main] INFO  com.solvd.itcompany.Runner - Method Modifiers: public
