21:36:17.330 [main] INFO  com.solvd.itcompany.Runner - 
---------------------Your Team's Credentials:---------------------
21:36:17.332 [main] INFO  com.solvd.itcompany.Runner - 
Cameron
21:36:17.332 [main] INFO  com.solvd.itcompany.Runner - 
Manager
21:36:17.332 [main] INFO  com.solvd.itcompany.Runner - 
Bachelors Degree in Business Administration
21:36:17.332 [main] INFO  com.solvd.itcompany.Runner - 
MID_LEVEL
21:36:17.332 [main] INFO  com.solvd.itcompany.Runner - 
Lily
21:36:17.332 [main] INFO  com.solvd.itcompany.Runner - 
Designer
21:36:17.332 [main] INFO  com.solvd.itcompany.Runner - 
Bachelors Degree in Graphic Design
21:36:17.332 [main] INFO  com.solvd.itcompany.Runner - 
ENTRY_LEVEL
21:36:17.333 [main] INFO  com.solvd.itcompany.Runner - 
Tom
21:36:17.333 [main] INFO  com.solvd.itcompany.Runner - 
Backend
21:36:17.333 [main] INFO  com.solvd.itcompany.Runner - 
Bachelors Degree in Computer Science
21:36:17.333 [main] INFO  com.solvd.itcompany.Runner - 
MID_LEVEL
21:36:17.333 [main] INFO  com.solvd.itcompany.Runner - 
Pam
21:36:17.333 [main] INFO  com.solvd.itcompany.Runner - 
Frontend
21:36:17.333 [main] INFO  com.solvd.itcompany.Runner - 
Frontend Bootcamp
21:36:17.334 [main] INFO  com.solvd.itcompany.Runner - 
MID_LEVEL
21:36:17.334 [main] INFO  com.solvd.itcompany.Runner - 
Kevin
21:36:17.334 [main] INFO  com.solvd.itcompany.Runner - 
IOS
21:36:17.334 [main] INFO  com.solvd.itcompany.Runner - 
Mobile Development Bootcamp
21:36:17.334 [main] INFO  com.solvd.itcompany.Runner - 
SENIOR_LEVEL
21:36:17.335 [main] INFO  com.solvd.itcompany.Runner - 
David
21:36:17.335 [main] INFO  com.solvd.itcompany.Runner - 
Quality
21:36:17.335 [main] INFO  com.solvd.itcompany.Runner - 
Bachelors Degree in Information Technology
21:36:17.335 [main] INFO  com.solvd.itcompany.Runner - 
ENTRY_LEVEL
21:36:17.335 [main] INFO  com.solvd.itcompany.Runner - 
Carl
21:36:17.336 [main] INFO  com.solvd.itcompany.Runner - 
Marketing
21:36:17.336 [main] INFO  com.solvd.itcompany.Runner - 
Bachelors Degree in Marketing
21:36:17.336 [main] INFO  com.solvd.itcompany.Runner - 
SENIOR_LEVEL
