15:48:20.830 [main] INFO  com.solvd.itcompany.generics.EmployeeHashmap - 
Designer: Lily
15:48:20.831 [main] INFO  com.solvd.itcompany.generics.EmployeeHashmap - 
Frontend Engineer: Pam
15:48:20.831 [main] INFO  com.solvd.itcompany.generics.EmployeeHashmap - 
IOS Developer: Kevin
15:48:20.831 [main] INFO  com.solvd.itcompany.generics.EmployeeHashmap - 
Marketing Manager: Carl
15:48:20.831 [main] INFO  com.solvd.itcompany.generics.EmployeeHashmap - 
Backend Engineer: Tom
15:48:20.831 [main] INFO  com.solvd.itcompany.generics.EmployeeHashmap - 
Quality Analyst: David
15:48:20.831 [main] INFO  com.solvd.itcompany.generics.EmployeeHashmap - 
Project Manager: Cameron
15:48:20.832 [main] INFO  com.solvd.itcompany.ITCompany - The IT Company has a request to start a project.
15:48:20.832 [main] INFO  com.solvd.itcompany.ITCompany - 
The project managers have been added to the project.
15:48:20.832 [main] INFO  com.solvd.itcompany.ITCompany - 
The designers have been added to the project.
15:48:20.832 [main] INFO  com.solvd.itcompany.ITCompany - 
The backend engineers have been added to the project.
15:48:20.832 [main] INFO  com.solvd.itcompany.ITCompany - 
The frontend engineers have been added to the project.
15:48:20.833 [main] INFO  com.solvd.itcompany.ITCompany - 
The IOS developers have been added to the project.
15:48:20.833 [main] INFO  com.solvd.itcompany.ITCompany - 
The quality analysts have been added to the project.
15:48:20.833 [main] INFO  com.solvd.itcompany.ITCompany - 
The marketers have been added to the project.

15:48:20.833 [main] INFO  com.solvd.itcompany.ITCompany - 
Status of Project: IN_PROGRESS
15:48:20.833 [main] INFO  com.solvd.itcompany.employees.ProjectManager - The project manager is creating the project plan...

15:48:20.833 [main] INFO  com.solvd.itcompany.employees.ProjectManager - Gantt chart
15:48:20.833 [main] INFO  com.solvd.itcompany.employees.ProjectManager - Communications plan
15:48:20.833 [main] INFO  com.solvd.itcompany.employees.ProjectManager - 
The the Project Manager is done managing the application.

