20:31:01.276 [main] INFO  com.solvd.itcompany.Runner - Return Type: void
20:31:01.276 [main] INFO  com.solvd.itcompany.Runner - Method name: setName
20:31:01.277 [main] INFO  com.solvd.itcompany.Runner - Parameters: 
20:31:01.277 [main] INFO  com.solvd.itcompany.Runner -  java.lang.String
20:31:01.277 [main] INFO  com.solvd.itcompany.Runner - Method Modifiers: public
20:31:01.277 [main] INFO  com.solvd.itcompany.Runner - Return Type: java.util.ArrayList
20:31:01.277 [main] INFO  com.solvd.itcompany.Runner - Method name: getEmployees
20:31:01.277 [main] INFO  com.solvd.itcompany.Runner - Parameters: 
20:31:01.278 [main] INFO  com.solvd.itcompany.Runner - Method Modifiers: public
20:31:01.278 [main] INFO  com.solvd.itcompany.Runner - Return Type: java.util.ArrayList
20:31:01.278 [main] INFO  com.solvd.itcompany.Runner - Method name: getClients
20:31:01.278 [main] INFO  com.solvd.itcompany.Runner - Parameters: 
20:31:01.278 [main] INFO  com.solvd.itcompany.Runner - Method Modifiers: public
20:31:01.278 [main] INFO  com.solvd.itcompany.Runner - Return Type: void
20:31:01.278 [main] INFO  com.solvd.itcompany.Runner - Method name: setClients
20:31:01.278 [main] INFO  com.solvd.itcompany.Runner - Parameters: 
20:31:01.278 [main] INFO  com.solvd.itcompany.Runner -  java.util.ArrayList
20:31:01.278 [main] INFO  com.solvd.itcompany.Runner - Method Modifiers: public
20:31:01.279 [main] INFO  com.solvd.itcompany.Runner - Return Type: java.util.ArrayList
20:31:01.279 [main] INFO  com.solvd.itcompany.Runner - Method name: getProjects
20:31:01.279 [main] INFO  com.solvd.itcompany.Runner - Parameters: 
20:31:01.279 [main] INFO  com.solvd.itcompany.Runner - Method Modifiers: public
20:31:01.279 [main] INFO  com.solvd.itcompany.Runner - Return Type: void
20:31:01.279 [main] INFO  com.solvd.itcompany.Runner - Method name: setProjects
20:31:01.279 [main] INFO  com.solvd.itcompany.Runner - Parameters: 
20:31:01.279 [main] INFO  com.solvd.itcompany.Runner -  java.util.ArrayList
20:31:01.279 [main] INFO  com.solvd.itcompany.Runner - Method Modifiers: public
