21:16:08.991 [main] INFO  com.solvd.itcompany.employees.QualityAnalyst - Maven
21:16:08.992 [main] INFO  com.solvd.itcompany.employees.QualityAnalyst - Cucumber
21:16:08.992 [main] INFO  com.solvd.itcompany.employees.QualityAnalyst - 
The the Quality Analyst is done testing the application.

21:16:08.992 [main] INFO  com.solvd.itcompany.employees.MarketingManager - The marketing manager is creating the promotional plan...

21:16:08.993 [main] INFO  com.solvd.itcompany.employees.MarketingManager - organic social media
21:16:08.993 [main] INFO  com.solvd.itcompany.employees.MarketingManager - email promotion
21:16:08.993 [main] INFO  com.solvd.itcompany.employees.MarketingManager - paid social media
21:16:08.993 [main] INFO  com.solvd.itcompany.employees.MarketingManager - 
The the Marketing Manager is done promoting the application.

21:16:08.993 [main] INFO  com.solvd.itcompany.ITCompany - 
Status of Project: COMPLETE
21:16:08.994 [main] INFO  com.solvd.itcompany.generics.ProjectTracker - 
The projects left in the backlog: [New project under development: 
Client: Paul's Coffee Shop
Project Service: APP_DEVELOPMENT
Project Budget: 1500.0
Project Price: 1000.0
Status of Project: NEW, New project under development: 
Client: Kelly's Pet Shop
Project Service: APP_DEVELOPMENT
Project Budget: 2500.0
Project Price: 1000.0
Status of Project: NEW, New project under development: 
Client: Dave's Bakery Shop
Project Service: APP_DEVELOPMENT
Project Budget: 3000.0
Project Price: 1000.0
Status of Project: NEW]
21:16:08.994 [main] INFO  com.solvd.itcompany.generics.ListOfTasks - 
Here are a list of tasks for the project: 
21:16:08.994 [main] INFO  com.solvd.itcompany.generics.ListOfTasks - 
Create the backend
21:16:08.994 [main] INFO  com.solvd.itcompany.generics.ListOfTasks - 
Test the application
21:16:08.995 [main] INFO  com.solvd.itcompany.generics.ListOfTasks - 
Create the frontend
21:16:08.995 [main] INFO  com.solvd.itcompany.generics.ListOfTasks - 
Create the management plan for the project
21:16:08.995 [main] INFO  com.solvd.itcompany.generics.ListOfTasks - 
Create the marketing strategy for the application
