15:51:45.483 [main] INFO  com.solvd.itcompany.ITCompany - 
Status of Project: COMPLETE
15:51:45.485 [main] INFO  com.solvd.itcompany.generics.ProjectTracker - 
The projects left in the backlog: [New project under development: 
Client: Paul's Coffee Shop
Project Service: APP_DEVELOPMENT
Project Budget: 1500.0
Project Price: 1000.0
Status of Project: NEW, New project under development: 
Client: Kelly's Pet Shop
Project Service: APP_DEVELOPMENT
Project Budget: 2500.0
Project Price: 1000.0
Status of Project: NEW, New project under development: 
Client: Dave's Bakery Shop
Project Service: APP_DEVELOPMENT
Project Budget: 3000.0
Project Price: 1000.0
Status of Project: NEW]
15:51:45.485 [main] INFO  com.solvd.itcompany.generics.ListOfTasks - 
Here are a list of tasks for the project: 
15:51:45.486 [main] INFO  com.solvd.itcompany.generics.ListOfTasks - 
Create the backend
15:51:45.486 [main] INFO  com.solvd.itcompany.generics.ListOfTasks - 
Test the application
15:51:45.486 [main] INFO  com.solvd.itcompany.generics.ListOfTasks - 
Create the frontend
15:51:45.486 [main] INFO  com.solvd.itcompany.generics.ListOfTasks - 
Create the management plan for the project
15:51:45.486 [main] INFO  com.solvd.itcompany.generics.ListOfTasks - 
Create the marketing strategy for the application
15:51:45.486 [main] INFO  com.solvd.itcompany.generics.ListOfTasks - 
Create the design of the application
15:51:45.486 [main] INFO  com.solvd.itcompany.generics.ListOfTasks - 
Create the mobile application
15:51:45.486 [main] INFO  com.solvd.itcompany.Runner - 
---------------------The First Task in Every Project:---------------------
15:51:45.487 [main] INFO  com.solvd.itcompany.Runner - Create the management plan for the project
15:51:45.488 [main] INFO  com.solvd.itcompany.generics.ProjectPriority - 
Project1
15:51:45.488 [main] INFO  com.solvd.itcompany.generics.ProjectPriority - 
Project2
15:51:45.488 [main] INFO  com.solvd.itcompany.generics.ProjectPriority - 
Project3
15:51:45.489 [main] INFO  com.solvd.itcompany.ITCompany - Here is the user feedback we've received so far: 
