15:48:20.837 [main] INFO  com.solvd.itcompany.generics.ListOfTasks - 
Here are a list of tasks for the project: 
15:48:20.838 [main] INFO  com.solvd.itcompany.generics.ListOfTasks - 
Create the backend
15:48:20.838 [main] INFO  com.solvd.itcompany.generics.ListOfTasks - 
Test the application
15:48:20.838 [main] INFO  com.solvd.itcompany.generics.ListOfTasks - 
Create the frontend
15:48:20.839 [main] INFO  com.solvd.itcompany.generics.ListOfTasks - 
Create the management plan for the project
15:48:20.839 [main] INFO  com.solvd.itcompany.generics.ListOfTasks - 
Create the marketing strategy for the application
15:48:20.839 [main] INFO  com.solvd.itcompany.generics.ListOfTasks - 
Create the design of the application
15:48:20.839 [main] INFO  com.solvd.itcompany.generics.ListOfTasks - 
Create the mobile application
15:48:20.839 [main] INFO  com.solvd.itcompany.Runner - 
---------------------The First Task in Every Project:---------------------
15:48:20.839 [main] INFO  com.solvd.itcompany.Runner - Create the management plan for the project
15:48:20.840 [main] INFO  com.solvd.itcompany.generics.ProjectPriority - 
Project1
15:48:20.840 [main] INFO  com.solvd.itcompany.generics.ProjectPriority - 
Project2
15:48:20.841 [main] INFO  com.solvd.itcompany.generics.ProjectPriority - 
Project3
15:48:20.841 [main] INFO  com.solvd.itcompany.ITCompany - Here is the user feedback we've received so far: 
15:48:20.841 [main] INFO  com.solvd.itcompany.ITCompany - Great app!
15:48:20.841 [main] INFO  com.solvd.itcompany.ITCompany - Horrible user experience.
15:48:20.841 [main] INFO  com.solvd.itcompany.ITCompany - I order coffee on this app all the time!
15:48:20.841 [main] INFO  com.solvd.itcompany.ITCompany - 
The application has been released.
15:48:20.841 [main] INFO  com.solvd.itcompany.Runner - 
---------------------Bad Reviews:---------------------
15:48:20.842 [main] INFO  com.solvd.itcompany.Runner - [Horrible user experience.]
15:48:20.842 [main] INFO  com.solvd.itcompany.ITCompany - 
While the application is completed the engineering team will continuously maintain the application.
