21:09:27.101 [main] INFO  com.solvd.itcompany.Runner - 


---------------------Reflection:---------------------
21:09:27.102 [main] INFO  com.solvd.itcompany.Runner - The name of the constructor: com.solvd.itcompany.ITCompany
21:09:27.103 [main] INFO  com.solvd.itcompany.Runner - Modifiers: public
21:09:27.103 [main] INFO  com.solvd.itcompany.Runner - Return Type: java.lang.String
21:09:27.103 [main] INFO  com.solvd.itcompany.Runner - Method name: getName
21:09:27.103 [main] INFO  com.solvd.itcompany.Runner - Parameters: 
21:09:27.103 [main] INFO  com.solvd.itcompany.Runner - Modifiers: public
21:09:27.103 [main] INFO  com.solvd.itcompany.Runner - Return Type: void
21:09:27.103 [main] INFO  com.solvd.itcompany.Runner - Method name: setName
21:09:27.103 [main] INFO  com.solvd.itcompany.Runner - Parameters: 
21:09:27.103 [main] INFO  com.solvd.itcompany.Runner -  java.lang.String
21:09:27.103 [main] INFO  com.solvd.itcompany.Runner - Modifiers: public
21:09:27.104 [main] INFO  com.solvd.itcompany.Runner - Return Type: void
21:09:27.104 [main] INFO  com.solvd.itcompany.Runner - Method name: setEmployees
21:09:27.104 [main] INFO  com.solvd.itcompany.Runner - Parameters: 
21:09:27.104 [main] INFO  com.solvd.itcompany.Runner -  java.util.ArrayList
21:09:27.104 [main] INFO  com.solvd.itcompany.Runner - Modifiers: public final
21:09:27.104 [main] INFO  com.solvd.itcompany.Runner - Return Type: void
21:09:27.104 [main] INFO  com.solvd.itcompany.Runner - Method name: intro
21:09:27.104 [main] INFO  com.solvd.itcompany.Runner - Parameters: 
21:09:27.104 [main] INFO  com.solvd.itcompany.Runner - Modifiers: public
21:09:27.104 [main] INFO  com.solvd.itcompany.Runner - Return Type: void
21:09:27.104 [main] INFO  com.solvd.itcompany.Runner - Method name: assignProject
21:09:27.105 [main] INFO  com.solvd.itcompany.Runner - Parameters: 
21:09:27.105 [main] INFO  com.solvd.itcompany.Runner -  com.solvd.itcompany.Project
21:09:27.105 [main] INFO  com.solvd.itcompany.Runner -  java.util.ArrayList
21:09:27.105 [main] INFO  com.solvd.itcompany.Runner -  com.solvd.itcompany.enums.ProjectStatus
