21:59:30.105 [main] INFO  com.solvd.itcompany.Runner - Method Modifiers: public
21:59:30.106 [main] INFO  com.solvd.itcompany.Runner - Return Type: void
21:59:30.106 [main] INFO  com.solvd.itcompany.Runner - Method name: setEmployees
21:59:30.106 [main] INFO  com.solvd.itcompany.Runner - Parameters: 
21:59:30.106 [main] INFO  com.solvd.itcompany.Runner -  java.util.ArrayList
21:59:30.106 [main] INFO  com.solvd.itcompany.Runner - Method Modifiers: public final
21:59:30.106 [main] INFO  com.solvd.itcompany.Runner - Return Type: void
21:59:30.106 [main] INFO  com.solvd.itcompany.Runner - Method name: intro
21:59:30.106 [main] INFO  com.solvd.itcompany.Runner - Parameters: 
21:59:30.106 [main] INFO  com.solvd.itcompany.Runner - Method Modifiers: public
21:59:30.106 [main] INFO  com.solvd.itcompany.Runner - Return Type: void
21:59:30.106 [main] INFO  com.solvd.itcompany.Runner - Method name: assignProject
21:59:30.107 [main] INFO  com.solvd.itcompany.Runner - Parameters: 
21:59:30.107 [main] INFO  com.solvd.itcompany.Runner -  com.solvd.itcompany.Project
21:59:30.107 [main] INFO  com.solvd.itcompany.Runner -  java.util.ArrayList
21:59:30.107 [main] INFO  com.solvd.itcompany.Runner -  com.solvd.itcompany.enums.ProjectStatus
21:59:30.107 [main] INFO  com.solvd.itcompany.Runner - Method Modifiers: public
21:59:30.107 [main] INFO  com.solvd.itcompany.Runner - Return Type: void
21:59:30.107 [main] INFO  com.solvd.itcompany.Runner - Method name: projectCreated
21:59:30.107 [main] INFO  com.solvd.itcompany.Runner - Parameters: 
21:59:30.107 [main] INFO  com.solvd.itcompany.Runner -  com.solvd.itcompany.Project
21:59:30.107 [main] INFO  com.solvd.itcompany.Runner -  java.util.ArrayList
21:59:30.107 [main] INFO  com.solvd.itcompany.Runner - Method Modifiers: public
21:59:30.107 [main] INFO  com.solvd.itcompany.Runner - Return Type: void
21:59:30.107 [main] INFO  com.solvd.itcompany.Runner - Method name: releaseApp
21:59:30.108 [main] INFO  com.solvd.itcompany.Runner - Parameters: 
21:59:30.108 [main] INFO  com.solvd.itcompany.Runner - Method Modifiers: public
