21:15:36.271 [main] INFO  com.solvd.itcompany.Runner - Return Type: void
21:15:36.272 [main] INFO  com.solvd.itcompany.Runner - Method name: maintenance
21:15:36.273 [main] INFO  com.solvd.itcompany.Runner - Parameters: 
21:15:36.273 [main] INFO  com.solvd.itcompany.Runner - Modifiers: public
21:15:36.273 [main] INFO  com.solvd.itcompany.Runner - Return Type: com.solvd.itcompany.enums.ProjectStatus
21:15:36.273 [main] INFO  com.solvd.itcompany.Runner - Method name: getProjectStatus
21:15:36.273 [main] INFO  com.solvd.itcompany.Runner - Parameters: 
21:15:36.273 [main] INFO  com.solvd.itcompany.Runner - Modifiers: public
21:15:36.273 [main] INFO  com.solvd.itcompany.Runner - Return Type: java.util.ArrayList
21:15:36.273 [main] INFO  com.solvd.itcompany.Runner - Method name: getClients
21:15:36.273 [main] INFO  com.solvd.itcompany.Runner - Parameters: 
21:15:36.274 [main] INFO  com.solvd.itcompany.Runner - Modifiers: public
21:15:36.274 [main] INFO  com.solvd.itcompany.Runner - Return Type: void
21:15:36.274 [main] INFO  com.solvd.itcompany.Runner - Method name: setClients
21:15:36.274 [main] INFO  com.solvd.itcompany.Runner - Parameters: 
21:15:36.274 [main] INFO  com.solvd.itcompany.Runner - java.util.ArrayList
21:15:36.274 [main] INFO  com.solvd.itcompany.Runner - Modifiers: public
21:15:36.274 [main] INFO  com.solvd.itcompany.Runner - Return Type: java.util.ArrayList
21:15:36.274 [main] INFO  com.solvd.itcompany.Runner - Method name: getProjects
21:15:36.274 [main] INFO  com.solvd.itcompany.Runner - Parameters: 
21:15:36.274 [main] INFO  com.solvd.itcompany.Runner - Modifiers: public
21:15:36.274 [main] INFO  com.solvd.itcompany.Runner - Return Type: void
21:15:36.274 [main] INFO  com.solvd.itcompany.Runner - Method name: setProjects
21:15:36.275 [main] INFO  com.solvd.itcompany.Runner - Parameters: 
21:15:36.275 [main] INFO  com.solvd.itcompany.Runner - java.util.ArrayList
21:16:08.955 [main] INFO  com.solvd.itcompany.Runner - 
---------------------Number of Projects:---------------------
21:16:08.958 [main] INFO  com.solvd.itcompany.Runner - 3
