21:59:30.112 [main] INFO  com.solvd.itcompany.ITCompany - Great app!
21:59:30.113 [main] INFO  com.solvd.itcompany.ITCompany - Horrible user experience.
21:59:30.113 [main] INFO  com.solvd.itcompany.ITCompany - I order coffee on this app all the time!
21:59:30.113 [main] INFO  com.solvd.itcompany.ITCompany - 
The application has been released.
22:00:49.101 [main] INFO  com.solvd.itcompany.Runner - 
---------------------List of Clients:---------------------
22:00:49.104 [main] INFO  com.solvd.itcompany.Runner - [Paul's Coffee Shop, Kelly's Pet Shop, Dave's Bakery Shop]
22:00:49.105 [main] INFO  com.solvd.itcompany.Runner - 
---------------------Clients that have been in business for more than 3 years:---------------------
22:00:49.106 [main] INFO  com.solvd.itcompany.Runner - Kelly's Pet Shop
22:00:49.106 [main] INFO  com.solvd.itcompany.Runner - Dave's Bakery Shop
22:00:49.106 [main] INFO  com.solvd.itcompany.Runner - 
---------------------List of Clients Ideas:---------------------
22:00:49.106 [main] INFO  com.solvd.itcompany.Runner - create an app for the coffee shop
22:00:49.106 [main] INFO  com.solvd.itcompany.Runner - create an app for the pet shop
22:00:49.106 [main] INFO  com.solvd.itcompany.Runner - create an app for the bakery shop
22:00:49.107 [main] INFO  com.solvd.itcompany.Runner - 
---------------------Number of Projects:---------------------
22:00:49.108 [main] INFO  com.solvd.itcompany.Runner - 3
22:00:49.108 [main] INFO  com.solvd.itcompany.Runner - 
---------------------Highest Paying Clients:---------------------
22:00:49.109 [main] INFO  com.solvd.itcompany.Runner - 2
22:00:49.109 [main] INFO  com.solvd.itcompany.Runner - 
---------------------Total Project Profits:---------------------
22:00:49.112 [main] INFO  com.solvd.itcompany.Runner - Total Profit: 7000.0
22:00:49.112 [main] INFO  com.solvd.itcompany.Runner - 
---------------------Client Information:---------------------
22:00:49.113 [main] INFO  com.solvd.itcompany.Runner - Client Name: Paul's Coffee Shop
22:00:49.113 [main] INFO  com.solvd.itcompany.Runner - Client Idea: create an app for the coffee shop
