15:15:08.867 [main] INFO  com.solvd.itcompany.Runner - 
---------------------Highest Paying Clients:---------------------
15:15:08.873 [main] INFO  com.solvd.itcompany.Runner - 2
15:15:08.873 [main] INFO  com.solvd.itcompany.Runner - 
---------------------Total Project Profits:---------------------
15:15:08.877 [main] INFO  com.solvd.itcompany.Runner - Total Profit: 7000.0
15:15:08.877 [main] INFO  com.solvd.itcompany.Runner - 
---------------------Client Information:---------------------
15:15:08.878 [main] INFO  com.solvd.itcompany.Runner - Client Name: Paul's Coffee Shop
15:15:08.878 [main] INFO  com.solvd.itcompany.Runner - Client Idea: create an app for the coffee shop
15:15:08.878 [main] INFO  com.solvd.itcompany.Runner - Years in Business: 2
15:15:08.879 [main] INFO  com.solvd.itcompany.Runner - Client Budget: 1500.0
15:15:08.879 [main] INFO  com.solvd.itcompany.Runner - Client Project Status: NEW
15:15:08.879 [main] INFO  com.solvd.itcompany.Runner - Client Name: Kelly's Pet Shop
15:15:08.879 [main] INFO  com.solvd.itcompany.Runner - Client Idea: create an app for the pet shop
15:15:08.879 [main] INFO  com.solvd.itcompany.Runner - Years in Business: 5
15:15:08.879 [main] INFO  com.solvd.itcompany.Runner - Client Budget: 2500.0
15:15:08.880 [main] INFO  com.solvd.itcompany.Runner - Client Project Status: NEW
15:15:08.880 [main] INFO  com.solvd.itcompany.Runner - Client Name: Dave's Bakery Shop
15:15:08.880 [main] INFO  com.solvd.itcompany.Runner - Client Idea: create an app for the bakery shop
15:15:08.880 [main] INFO  com.solvd.itcompany.Runner - Years in Business: 10
15:15:08.880 [main] INFO  com.solvd.itcompany.Runner - Client Budget: 3000.0
15:15:08.880 [main] INFO  com.solvd.itcompany.Runner - Client Project Status: NEW
15:15:08.881 [main] INFO  com.solvd.itcompany.generics.LinkedListProject - 
Backlog of projects: 
New project under development: 
Client: Paul's Coffee Shop
Project Service: APP_DEVELOPMENT
Project Budget: 1500.0
Project Price: 1000.0
Status of Project: NEW
15:15:08.882 [main] INFO  com.solvd.itcompany.IFulfillRequirements - Here are the requirements for the application: 
