15:26:11.793 [main] INFO  com.solvd.itcompany.Runner - 
ENTRY_LEVEL
15:26:11.794 [main] INFO  com.solvd.itcompany.Runner - 
Carl
15:26:11.794 [main] INFO  com.solvd.itcompany.Runner - 
Marketing
15:26:11.795 [main] INFO  com.solvd.itcompany.Runner - 
Bachelors Degree in Marketing
15:26:11.795 [main] INFO  com.solvd.itcompany.Runner - 
SENIOR_LEVEL
15:26:11.796 [main] INFO  com.solvd.itcompany.Runner - 
---------------------Mid-level Engineers:---------------------
15:26:11.796 [main] INFO  com.solvd.itcompany.Runner - [com.solvd.itcompany.employees.BackendEngineer@54bff557, com.solvd.itcompany.employees.FrontendEngineer@593aaf41]
15:26:11.797 [main] INFO  com.solvd.itcompany.Runner - 
---------------------Tools The Team Uses:---------------------
15:26:11.797 [main] INFO  com.solvd.itcompany.Runner - [Gantt chart, Communications plan]
15:26:11.797 [main] INFO  com.solvd.itcompany.Runner - [Andromo, BuildFire]
15:26:11.798 [main] INFO  com.solvd.itcompany.Runner - [Java, PHP, JavaScript]
15:26:11.798 [main] INFO  com.solvd.itcompany.Runner - [HTML, CSS, React]
15:26:11.798 [main] INFO  com.solvd.itcompany.Runner - [Swift, Objective-C]
15:26:11.798 [main] INFO  com.solvd.itcompany.Runner - [Java, Maven, Cucumber]
15:26:11.798 [main] INFO  com.solvd.itcompany.Runner - [organic social media, email promotion, paid social media]
15:26:11.798 [main] INFO  com.solvd.itcompany.generics.EmployeeHashmap - 
List of employees working on the project: 
15:26:11.799 [main] INFO  com.solvd.itcompany.generics.EmployeeHashmap - 
Designer: Lily
15:26:11.799 [main] INFO  com.solvd.itcompany.generics.EmployeeHashmap - 
Frontend Engineer: Pam
15:26:11.799 [main] INFO  com.solvd.itcompany.generics.EmployeeHashmap - 
IOS Developer: Kevin
15:26:11.799 [main] INFO  com.solvd.itcompany.generics.EmployeeHashmap - 
Marketing Manager: Carl
15:26:11.799 [main] INFO  com.solvd.itcompany.generics.EmployeeHashmap - 
Backend Engineer: Tom
15:26:11.799 [main] INFO  com.solvd.itcompany.generics.EmployeeHashmap - 
Quality Analyst: David
15:26:11.799 [main] INFO  com.solvd.itcompany.generics.EmployeeHashmap - 
Project Manager: Cameron
