15:39:54.152 [main] INFO  com.solvd.itcompany.Runner - 
---------------------Tools The Team Uses:---------------------
15:39:54.154 [main] INFO  com.solvd.itcompany.Runner - [Gantt chart, Communications plan]
15:39:54.154 [main] INFO  com.solvd.itcompany.Runner - [Andromo, BuildFire]
15:39:54.154 [main] INFO  com.solvd.itcompany.Runner - [Java, PHP, JavaScript]
15:39:54.154 [main] INFO  com.solvd.itcompany.Runner - [HTML, CSS, React]
15:39:54.154 [main] INFO  com.solvd.itcompany.Runner - [Swift, Objective-C]
15:39:54.154 [main] INFO  com.solvd.itcompany.Runner - [Java, Maven, Cucumber]
15:39:54.154 [main] INFO  com.solvd.itcompany.Runner - [organic social media, email promotion, paid social media]
15:39:54.154 [main] INFO  com.solvd.itcompany.generics.EmployeeHashmap - 
List of employees working on the project: 
15:39:54.155 [main] INFO  com.solvd.itcompany.generics.EmployeeHashmap - 
Designer: Lily
15:39:54.155 [main] INFO  com.solvd.itcompany.generics.EmployeeHashmap - 
Frontend Engineer: Pam
15:39:54.155 [main] INFO  com.solvd.itcompany.generics.EmployeeHashmap - 
IOS Developer: Kevin
15:39:54.155 [main] INFO  com.solvd.itcompany.generics.EmployeeHashmap - 
Marketing Manager: Carl
15:39:54.155 [main] INFO  com.solvd.itcompany.generics.EmployeeHashmap - 
Backend Engineer: Tom
15:39:54.155 [main] INFO  com.solvd.itcompany.generics.EmployeeHashmap - 
Quality Analyst: David
15:39:54.155 [main] INFO  com.solvd.itcompany.generics.EmployeeHashmap - 
Project Manager: Cameron
15:39:54.156 [main] INFO  com.solvd.itcompany.ITCompany - The IT Company has a request to start a project.
15:39:54.156 [main] INFO  com.solvd.itcompany.ITCompany - 
The project managers have been added to the project.
15:39:54.156 [main] INFO  com.solvd.itcompany.ITCompany - 
The designers have been added to the project.
15:39:54.156 [main] INFO  com.solvd.itcompany.ITCompany - 
The backend engineers have been added to the project.
15:39:54.156 [main] INFO  com.solvd.itcompany.ITCompany - 
The frontend engineers have been added to the project.
15:39:54.156 [main] INFO  com.solvd.itcompany.ITCompany - 
The IOS developers have been added to the project.
