16:16:15.109 [main] INFO  com.solvd.itcompany.Runner - [com.solvd.itcompany.employees.BackendEngineer@54bff557, com.solvd.itcompany.employees.FrontendEngineer@593aaf41]
16:16:15.110 [main] INFO  com.solvd.itcompany.Runner - 
---------------------Tools The Team Uses:---------------------
16:16:15.111 [main] INFO  com.solvd.itcompany.Runner - [Gantt chart, Communications plan]
16:16:15.111 [main] INFO  com.solvd.itcompany.Runner - [Andromo, BuildFire]
16:16:15.112 [main] INFO  com.solvd.itcompany.Runner - [Java, PHP, JavaScript]
16:16:15.112 [main] INFO  com.solvd.itcompany.Runner - [HTML, CSS, React]
16:16:15.112 [main] INFO  com.solvd.itcompany.Runner - [Swift, Objective-C]
16:16:15.112 [main] INFO  com.solvd.itcompany.Runner - [Java, Maven, Cucumber]
16:16:15.112 [main] INFO  com.solvd.itcompany.Runner - [organic social media, email promotion, paid social media]
16:16:15.112 [main] INFO  com.solvd.itcompany.generics.EmployeeHashmap - 
List of employees working on the project: 
16:16:15.113 [main] INFO  com.solvd.itcompany.generics.EmployeeHashmap - 
Designer: Lily
16:16:15.113 [main] INFO  com.solvd.itcompany.generics.EmployeeHashmap - 
Frontend Engineer: Pam
16:16:15.113 [main] INFO  com.solvd.itcompany.generics.EmployeeHashmap - 
IOS Developer: Kevin
16:16:15.113 [main] INFO  com.solvd.itcompany.generics.EmployeeHashmap - 
Marketing Manager: Carl
16:16:15.113 [main] INFO  com.solvd.itcompany.generics.EmployeeHashmap - 
Backend Engineer: Tom
16:16:15.113 [main] INFO  com.solvd.itcompany.generics.EmployeeHashmap - 
Quality Analyst: David
16:16:15.113 [main] INFO  com.solvd.itcompany.generics.EmployeeHashmap - 
Project Manager: Cameron
16:16:15.114 [main] INFO  com.solvd.itcompany.ITCompany - The IT Company has a request to start a project.
16:16:15.114 [main] INFO  com.solvd.itcompany.ITCompany - 
The project managers have been added to the project.
16:16:15.114 [main] INFO  com.solvd.itcompany.ITCompany - 
The designers have been added to the project.
16:16:15.114 [main] INFO  com.solvd.itcompany.ITCompany - 
The backend engineers have been added to the project.
