10:07:52.193 [main] INFO  com.solvd.itcompany.employees.ProjectManager - The project manager is creating the project plan...

10:07:52.248 [main] INFO  com.solvd.itcompany.employees.ProjectManager - Gantt chart
10:07:52.248 [main] INFO  com.solvd.itcompany.employees.ProjectManager - Communications plan
10:07:52.248 [main] INFO  com.solvd.itcompany.employees.ProjectManager - 
The the Project Manager is done managing the application.

10:07:52.248 [main] INFO  com.solvd.itcompany.employees.Designer - The designer is creating the design of the application...

10:07:52.249 [main] INFO  com.solvd.itcompany.employees.Designer - Andromo
10:07:52.249 [main] INFO  com.solvd.itcompany.employees.Designer - BuildFire
10:07:52.251 [main] INFO  com.solvd.itcompany.employees.Designer - 
The the designer is done designing the application.

10:07:52.251 [main] INFO  com.solvd.itcompany.employees.QualityAnalyst - The quality analyst is testing the application...

10:07:52.251 [main] INFO  com.solvd.itcompany.employees.QualityAnalyst - Java
10:07:52.254 [main] INFO  com.solvd.itcompany.employees.QualityAnalyst - Maven
10:07:52.254 [main] INFO  com.solvd.itcompany.employees.QualityAnalyst - Cucumber
10:07:52.256 [main] INFO  com.solvd.itcompany.employees.QualityAnalyst - 
The the Quality Analyst is done testing the application.

10:07:52.258 [main] INFO  com.solvd.itcompany.employees.MarketingManager - The marketing manager is creating the promotional plan...

10:07:52.258 [main] INFO  com.solvd.itcompany.employees.MarketingManager - organic social media
10:07:52.258 [main] INFO  com.solvd.itcompany.employees.MarketingManager - email promotion
10:07:52.258 [main] INFO  com.solvd.itcompany.employees.MarketingManager - paid social media
10:07:52.258 [main] INFO  com.solvd.itcompany.employees.MarketingManager - 
The the Marketing Manager is done promoting the application.

10:07:52.259 [main] INFO  com.solvd.itcompany.ITCompany - 
Status of Project: COMPLETE
10:07:52.267 [main] INFO  com.solvd.itcompany.generics.ProjectTracker - 
The projects left in the backlog: [New project under development: 
Client: Paul's Coffee Shop
Project Service: APP_DEVELOPMENT
Project Budget: 1500.0
Project Price: 1000.0
Status of Project: NEW, New project under development: 
Client: Kelly's Pet Shop
Project Service: APP_DEVELOPMENT
Project Budget: 2500.0
Project Price: 1000.0
Status of Project: NEW, New project under development: 
Client: Dave's Bakery Shop
Project Service: APP_DEVELOPMENT
Project Budget: 3000.0
Project Price: 1000.0
Status of Project: NEW]
