15:18:19.840 [main] INFO  com.solvd.itcompany.Runner - 
David
15:18:19.841 [main] INFO  com.solvd.itcompany.Runner - 
Quality
15:18:19.841 [main] INFO  com.solvd.itcompany.Runner - 
Bachelors Degree in Information Technology
15:18:19.841 [main] INFO  com.solvd.itcompany.Runner - 
ENTRY_LEVEL
15:18:19.841 [main] INFO  com.solvd.itcompany.Runner - 
Carl
15:18:19.841 [main] INFO  com.solvd.itcompany.Runner - 
Marketing
15:18:19.841 [main] INFO  com.solvd.itcompany.Runner - 
Bachelors Degree in Marketing
15:18:19.841 [main] INFO  com.solvd.itcompany.Runner - 
SENIOR_LEVEL
15:18:19.842 [main] INFO  com.solvd.itcompany.Runner - 
---------------------Mid-level Engineers:---------------------
15:18:19.843 [main] INFO  com.solvd.itcompany.Runner - [com.solvd.itcompany.employees.BackendEngineer@54bff557, com.solvd.itcompany.employees.FrontendEngineer@593aaf41]
15:18:19.843 [main] INFO  com.solvd.itcompany.Runner - 
---------------------Tools The Team Uses:---------------------
15:18:19.844 [main] INFO  com.solvd.itcompany.Runner - [Gantt chart, Communications plan]
15:18:19.844 [main] INFO  com.solvd.itcompany.Runner - [Andromo, BuildFire]
15:18:19.844 [main] INFO  com.solvd.itcompany.Runner - [Java, PHP, JavaScript]
15:18:19.844 [main] INFO  com.solvd.itcompany.Runner - [HTML, CSS, React]
15:18:19.844 [main] INFO  com.solvd.itcompany.Runner - [Swift, Objective-C]
15:18:19.844 [main] INFO  com.solvd.itcompany.Runner - [Java, Maven, Cucumber]
15:18:19.845 [main] INFO  com.solvd.itcompany.Runner - [organic social media, email promotion, paid social media]
15:18:19.845 [main] INFO  com.solvd.itcompany.generics.EmployeeHashmap - 
List of employees working on the project: 
15:18:19.845 [main] INFO  com.solvd.itcompany.generics.EmployeeHashmap - 
Designer: Lily
15:18:19.845 [main] INFO  com.solvd.itcompany.generics.EmployeeHashmap - 
Frontend Engineer: Pam
15:18:19.845 [main] INFO  com.solvd.itcompany.generics.EmployeeHashmap - 
IOS Developer: Kevin
15:18:19.845 [main] INFO  com.solvd.itcompany.generics.EmployeeHashmap - 
Marketing Manager: Carl
