22:15:10.789 [main] INFO  com.solvd.itcompany.ITCompany - Horrible user experience.
22:15:10.790 [main] INFO  com.solvd.itcompany.ITCompany - I order coffee on this app all the time!
22:15:10.791 [main] INFO  com.solvd.itcompany.ITCompany - 
The application has been released.
22:15:10.791 [main] INFO  com.solvd.itcompany.ITCompany - 
While the application is completed the engineering team will continuously maintain the application.
22:23:36.646 [main] INFO  com.solvd.itcompany.generics.LinkedListProject - 
Backlog of projects: 
New project under development: 
Client: Paul's Coffee Shop
Project Service: App Development
Project Budget: 1500.0
Project Price: 1000.0
Status of Project: In Backlog
22:23:36.650 [main] INFO  com.solvd.itcompany.IFulfillRequirements - Here are the requirements for the application: 
22:23:36.650 [main] INFO  com.solvd.itcompany.IFulfillRequirements - Users can order coffee
22:23:36.650 [main] INFO  com.solvd.itcompany.IFulfillRequirements - Users can track loyalty points
22:23:36.650 [main] INFO  com.solvd.itcompany.IFulfillRequirements - Users can interact with community
22:23:36.651 [main] INFO  com.solvd.itcompany.IFulfillRequirements - The IT company has completed reviewing the requirements for the application.

22:23:36.656 [main] INFO  com.solvd.itcompany.generics.EmployeeHashmap - 
List of employees working on the project: 
22:23:36.656 [main] INFO  com.solvd.itcompany.generics.EmployeeHashmap - 
Designer: Lily
22:23:36.656 [main] INFO  com.solvd.itcompany.generics.EmployeeHashmap - 
Frontend Engineer: Pam
22:23:36.656 [main] INFO  com.solvd.itcompany.generics.EmployeeHashmap - 
IOS Developer: Kevin
22:23:36.656 [main] INFO  com.solvd.itcompany.generics.EmployeeHashmap - 
Marketing Manager: Carl
22:23:36.656 [main] INFO  com.solvd.itcompany.generics.EmployeeHashmap - 
Backend Engineer: Tom
22:23:36.657 [main] INFO  com.solvd.itcompany.generics.EmployeeHashmap - 
Quality Analyst: David
22:23:36.657 [main] INFO  com.solvd.itcompany.generics.EmployeeHashmap - 
Project Manager: Cameron
22:23:36.658 [main] INFO  com.solvd.itcompany.ITCompany - The IT Company has a request to start a project.
