23:15:25.164 [main] INFO  com.solvd.itcompany.IFulfillRequirements - Here are the requirements for the application: 
23:15:25.169 [main] INFO  com.solvd.itcompany.IFulfillRequirements - Users can order coffee
23:15:25.169 [main] INFO  com.solvd.itcompany.IFulfillRequirements - Users can track loyalty points
23:15:25.169 [main] INFO  com.solvd.itcompany.IFulfillRequirements - Users can interact with community
23:15:25.170 [main] INFO  com.solvd.itcompany.IFulfillRequirements - The IT company has completed reviewing the requirements for the application.

23:15:25.171 [main] INFO  com.solvd.itcompany.Runner - 
---------------------Your Team's Credentials:---------------------
23:15:25.171 [main] INFO  com.solvd.itcompany.Runner - 
Cameron
23:15:25.171 [main] INFO  com.solvd.itcompany.Runner - 
Manager
23:15:25.172 [main] INFO  com.solvd.itcompany.Runner - 
Bachelors Degree in Business Administration
23:15:25.172 [main] INFO  com.solvd.itcompany.Runner - 
MID_LEVEL
23:15:25.172 [main] INFO  com.solvd.itcompany.Runner - 
Lily
23:15:25.172 [main] INFO  com.solvd.itcompany.Runner - 
Designer
23:15:25.172 [main] INFO  com.solvd.itcompany.Runner - 
Bachelors Degree in Graphic Design
23:15:25.172 [main] INFO  com.solvd.itcompany.Runner - 
ENTRY_LEVEL
23:15:25.172 [main] INFO  com.solvd.itcompany.Runner - 
Tom
23:15:25.172 [main] INFO  com.solvd.itcompany.Runner - 
Backend
23:15:25.173 [main] INFO  com.solvd.itcompany.Runner - 
Bachelors Degree in Computer Science
23:15:25.173 [main] INFO  com.solvd.itcompany.Runner - 
MID_LEVEL
23:15:25.173 [main] INFO  com.solvd.itcompany.Runner - 
Pam
23:15:25.173 [main] INFO  com.solvd.itcompany.Runner - 
Frontend
23:15:25.173 [main] INFO  com.solvd.itcompany.Runner - 
Frontend Bootcamp
23:15:25.173 [main] INFO  com.solvd.itcompany.Runner - 
MID_LEVEL
23:15:25.174 [main] INFO  com.solvd.itcompany.Runner - 
Kevin
23:15:25.174 [main] INFO  com.solvd.itcompany.Runner - 
IOS
23:15:25.174 [main] INFO  com.solvd.itcompany.Runner - 
Mobile Development Bootcamp
23:15:25.174 [main] INFO  com.solvd.itcompany.Runner - 
SENIOR_LEVEL
