21:55:54.533 [main] INFO  com.solvd.itcompany.Runner - [New project under development: 
Client: Kelly's Pet Shop
Project Service: APP_DEVELOPMENT
Project Budget: 2500.0
Project Price: 1000.0
Status of Project: NEW, New project under development: 
Client: Dave's Bakery Shop
Project Service: APP_DEVELOPMENT
Project Budget: 3000.0
Project Price: 1000.0
Status of Project: NEW]
21:55:54.534 [main] INFO  com.solvd.itcompany.Runner - 


---------------------Reflection:---------------------
21:55:54.535 [main] INFO  com.solvd.itcompany.Runner - The name of the constructor: com.solvd.itcompany.ITCompany
21:55:54.535 [main] INFO  com.solvd.itcompany.Runner - The fields of the class: 

21:55:54.535 [main] INFO  com.solvd.itcompany.Runner - name
21:55:54.535 [main] INFO  com.solvd.itcompany.Runner - Field Modifiers: private
21:55:54.535 [main] INFO  com.solvd.itcompany.Runner - employees
21:55:54.535 [main] INFO  com.solvd.itcompany.Runner - Field Modifiers: private
21:55:54.535 [main] INFO  com.solvd.itcompany.Runner - clients
21:55:54.535 [main] INFO  com.solvd.itcompany.Runner - Field Modifiers: private
21:55:54.535 [main] INFO  com.solvd.itcompany.Runner - projects
21:55:54.536 [main] INFO  com.solvd.itcompany.Runner - Field Modifiers: private
21:55:54.536 [main] INFO  com.solvd.itcompany.Runner - projectStatus
21:55:54.536 [main] INFO  com.solvd.itcompany.Runner - Field Modifiers: private
21:55:54.536 [main] INFO  com.solvd.itcompany.Runner - logger
21:55:54.536 [main] INFO  com.solvd.itcompany.Runner - Field Modifiers: private static final
21:55:54.536 [main] INFO  com.solvd.itcompany.Runner - Method Modifiers: public
21:55:54.536 [main] INFO  com.solvd.itcompany.Runner - Return Type: java.lang.String
21:55:54.536 [main] INFO  com.solvd.itcompany.Runner - Method name: getName
21:55:54.537 [main] INFO  com.solvd.itcompany.Runner - Parameters: 
21:55:54.537 [main] INFO  com.solvd.itcompany.Runner - Method Modifiers: public
21:55:54.537 [main] INFO  com.solvd.itcompany.Runner - Return Type: void
21:55:54.537 [main] INFO  com.solvd.itcompany.Runner - Method name: setName
