21:21:05.006 [main] INFO  com.solvd.itcompany.Runner - Field Modifiers: private
21:21:05.008 [main] INFO  com.solvd.itcompany.Runner - clients
21:21:05.008 [main] INFO  com.solvd.itcompany.Runner - Field Modifiers: private
21:21:05.008 [main] INFO  com.solvd.itcompany.Runner - projects
21:21:05.008 [main] INFO  com.solvd.itcompany.Runner - Field Modifiers: private
21:21:05.008 [main] INFO  com.solvd.itcompany.Runner - projectStatus
21:21:05.008 [main] INFO  com.solvd.itcompany.Runner - Field Modifiers: private
21:21:05.008 [main] INFO  com.solvd.itcompany.Runner - logger
21:21:05.009 [main] INFO  com.solvd.itcompany.Runner - Field Modifiers: private static final
21:21:05.009 [main] INFO  com.solvd.itcompany.Runner - Method Modifiers: public
21:21:05.009 [main] INFO  com.solvd.itcompany.Runner - Return Type: java.lang.String
21:21:05.009 [main] INFO  com.solvd.itcompany.Runner - Method name: getName
21:21:05.009 [main] INFO  com.solvd.itcompany.Runner - Parameters: 
21:21:05.010 [main] INFO  com.solvd.itcompany.Runner - Method Modifiers: public
21:21:05.010 [main] INFO  com.solvd.itcompany.Runner - Return Type: void
21:21:05.010 [main] INFO  com.solvd.itcompany.Runner - Method name: setName
21:21:05.010 [main] INFO  com.solvd.itcompany.Runner - Parameters: 
21:21:05.010 [main] INFO  com.solvd.itcompany.Runner -  java.lang.String
21:21:05.010 [main] INFO  com.solvd.itcompany.Runner - Method Modifiers: public
21:21:05.010 [main] INFO  com.solvd.itcompany.Runner - Return Type: void
21:21:05.011 [main] INFO  com.solvd.itcompany.Runner - Method name: setEmployees
21:21:05.011 [main] INFO  com.solvd.itcompany.Runner - Parameters: 
21:21:05.011 [main] INFO  com.solvd.itcompany.Runner -  java.util.ArrayList
21:21:05.011 [main] INFO  com.solvd.itcompany.Runner - Method Modifiers: public final
21:21:05.011 [main] INFO  com.solvd.itcompany.Runner - Return Type: void
21:21:05.011 [main] INFO  com.solvd.itcompany.Runner - Method name: intro
21:21:05.011 [main] INFO  com.solvd.itcompany.Runner - Parameters: 
21:21:05.012 [main] INFO  com.solvd.itcompany.Runner - Method Modifiers: public
