15:48:20.823 [main] INFO  com.solvd.itcompany.Runner - 
Frontend Bootcamp
15:48:20.824 [main] INFO  com.solvd.itcompany.Runner - 
MID_LEVEL
15:48:20.825 [main] INFO  com.solvd.itcompany.Runner - 
Kevin
15:48:20.825 [main] INFO  com.solvd.itcompany.Runner - 
IOS
15:48:20.825 [main] INFO  com.solvd.itcompany.Runner - 
Mobile Development Bootcamp
15:48:20.825 [main] INFO  com.solvd.itcompany.Runner - 
SENIOR_LEVEL
15:48:20.825 [main] INFO  com.solvd.itcompany.Runner - 
David
15:48:20.825 [main] INFO  com.solvd.itcompany.Runner - 
Quality
15:48:20.825 [main] INFO  com.solvd.itcompany.Runner - 
Bachelors Degree in Information Technology
15:48:20.825 [main] INFO  com.solvd.itcompany.Runner - 
ENTRY_LEVEL
15:48:20.826 [main] INFO  com.solvd.itcompany.Runner - 
Carl
15:48:20.826 [main] INFO  com.solvd.itcompany.Runner - 
Marketing
15:48:20.826 [main] INFO  com.solvd.itcompany.Runner - 
Bachelors Degree in Marketing
15:48:20.826 [main] INFO  com.solvd.itcompany.Runner - 
SENIOR_LEVEL
15:48:20.827 [main] INFO  com.solvd.itcompany.Runner - 
---------------------Mid-level Engineers:---------------------
15:48:20.828 [main] INFO  com.solvd.itcompany.Runner - [com.solvd.itcompany.employees.BackendEngineer@4803b726, com.solvd.itcompany.employees.FrontendEngineer@ffaa6af]
15:48:20.828 [main] INFO  com.solvd.itcompany.Runner - 
---------------------Tools The Team Uses:---------------------
15:48:20.828 [main] INFO  com.solvd.itcompany.Runner - [Gantt chart, Communications plan]
15:48:20.829 [main] INFO  com.solvd.itcompany.Runner - [Andromo, BuildFire]
15:48:20.829 [main] INFO  com.solvd.itcompany.Runner - [Java, PHP, JavaScript]
15:48:20.829 [main] INFO  com.solvd.itcompany.Runner - [HTML, CSS, React]
15:48:20.829 [main] INFO  com.solvd.itcompany.Runner - [Swift, Objective-C]
15:48:20.829 [main] INFO  com.solvd.itcompany.Runner - [Java, Maven, Cucumber]
15:48:20.829 [main] INFO  com.solvd.itcompany.Runner - [organic social media, email promotion, paid social media]
15:48:20.829 [main] INFO  com.solvd.itcompany.generics.EmployeeHashmap - 
List of employees working on the project: 
