20:55:46.778 [main] INFO  com.solvd.itcompany.Runner - Return Type: java.util.ArrayList
20:55:46.779 [main] INFO  com.solvd.itcompany.Runner - Method name: getProjects
20:55:46.779 [main] INFO  com.solvd.itcompany.Runner - Parameters: 
20:55:46.779 [main] INFO  com.solvd.itcompany.Runner - Method Modifiers: public
20:55:46.779 [main] INFO  com.solvd.itcompany.Runner - Return Type: void
20:55:46.779 [main] INFO  com.solvd.itcompany.Runner - Method name: setProjects
20:55:46.779 [main] INFO  com.solvd.itcompany.Runner - Parameters: 
20:55:46.779 [main] INFO  com.solvd.itcompany.Runner -  java.util.ArrayList
20:55:46.779 [main] INFO  com.solvd.itcompany.Runner - Method Modifiers: public
20:55:46.779 [main] INFO  com.solvd.itcompany.Runner - Return Type: void
20:55:46.779 [main] INFO  com.solvd.itcompany.Runner - Method name: setEmployees
20:55:46.779 [main] INFO  com.solvd.itcompany.Runner - Parameters: 
20:55:46.779 [main] INFO  com.solvd.itcompany.Runner -  java.util.ArrayList
20:55:46.780 [main] INFO  com.solvd.itcompany.Runner - Method Modifiers: public final
20:55:46.780 [main] INFO  com.solvd.itcompany.Runner - Return Type: void
20:55:46.780 [main] INFO  com.solvd.itcompany.Runner - Method name: intro
20:55:46.780 [main] INFO  com.solvd.itcompany.Runner - Parameters: 
20:55:46.780 [main] INFO  com.solvd.itcompany.Runner - Method Modifiers: public
20:55:46.780 [main] INFO  com.solvd.itcompany.Runner - Return Type: void
20:55:46.780 [main] INFO  com.solvd.itcompany.Runner - Method name: assignProject
20:55:46.780 [main] INFO  com.solvd.itcompany.Runner - Parameters: 
20:55:46.780 [main] INFO  com.solvd.itcompany.Runner -  com.solvd.itcompany.Project
20:55:46.780 [main] INFO  com.solvd.itcompany.Runner -  java.util.ArrayList
20:55:46.780 [main] INFO  com.solvd.itcompany.Runner -  com.solvd.itcompany.enums.ProjectStatus
20:55:46.780 [main] INFO  com.solvd.itcompany.Runner - Method Modifiers: public
20:55:46.781 [main] INFO  com.solvd.itcompany.Runner - Return Type: void
20:55:46.781 [main] INFO  com.solvd.itcompany.Runner - Method name: projectCreated
