21:30:46.218 [main] INFO  com.solvd.itcompany.Runner -  com.solvd.itcompany.Project
21:30:46.220 [main] INFO  com.solvd.itcompany.Runner -  java.util.ArrayList
21:30:46.220 [main] INFO  com.solvd.itcompany.Runner - Method Modifiers: public
21:30:46.220 [main] INFO  com.solvd.itcompany.Runner - Return Type: void
21:30:46.220 [main] INFO  com.solvd.itcompany.Runner - Method name: releaseApp
21:30:46.220 [main] INFO  com.solvd.itcompany.Runner - Parameters: 
21:30:46.220 [main] INFO  com.solvd.itcompany.Runner - Method Modifiers: public
21:30:46.220 [main] INFO  com.solvd.itcompany.Runner - Return Type: void
21:30:46.220 [main] INFO  com.solvd.itcompany.Runner - Method name: maintenance
21:30:46.221 [main] INFO  com.solvd.itcompany.Runner - Parameters: 
21:30:46.221 [main] INFO  com.solvd.itcompany.Runner - Method Modifiers: public
21:30:46.221 [main] INFO  com.solvd.itcompany.Runner - Return Type: com.solvd.itcompany.enums.ProjectStatus
21:30:46.221 [main] INFO  com.solvd.itcompany.Runner - Method name: getProjectStatus
21:30:46.221 [main] INFO  com.solvd.itcompany.Runner - Parameters: 
21:30:46.221 [main] INFO  com.solvd.itcompany.Runner - Method Modifiers: public
21:30:46.221 [main] INFO  com.solvd.itcompany.Runner - Return Type: java.util.ArrayList
21:30:46.221 [main] INFO  com.solvd.itcompany.Runner - Method name: getEmployees
21:30:46.221 [main] INFO  com.solvd.itcompany.Runner - Parameters: 
21:36:17.311 [main] INFO  com.solvd.itcompany.Runner - 
---------------------Number of Projects:---------------------
21:36:17.314 [main] INFO  com.solvd.itcompany.Runner - 3
21:36:17.315 [main] INFO  com.solvd.itcompany.Runner - 
---------------------Highest Paying Clients:---------------------
21:36:17.316 [main] INFO  com.solvd.itcompany.Runner - 2
21:36:17.316 [main] INFO  com.solvd.itcompany.Runner - 
---------------------Total Project Profits:---------------------
21:36:17.319 [main] INFO  com.solvd.itcompany.Runner - Total Profit: 7000.0
21:36:17.320 [main] INFO  com.solvd.itcompany.Runner - 
---------------------Client Information:---------------------
