15:26:11.805 [main] INFO  com.solvd.itcompany.generics.ListOfTasks - 
Create the design of the application
15:26:11.806 [main] INFO  com.solvd.itcompany.generics.ListOfTasks - 
Create the mobile application
15:26:11.806 [main] INFO  com.solvd.itcompany.Runner - 
---------------------The First Task in Every Project:---------------------
15:26:11.807 [main] INFO  com.solvd.itcompany.Runner - Create the management plan for the project
15:26:11.807 [main] INFO  com.solvd.itcompany.generics.ProjectPriority - 
Project1
15:26:11.807 [main] INFO  com.solvd.itcompany.generics.ProjectPriority - 
Project2
15:26:11.808 [main] INFO  com.solvd.itcompany.generics.ProjectPriority - 
Project3
15:26:11.808 [main] INFO  com.solvd.itcompany.ITCompany - Here is the user feedback we've received so far: 
15:26:11.808 [main] INFO  com.solvd.itcompany.ITCompany - Great app!
15:26:11.808 [main] INFO  com.solvd.itcompany.ITCompany - horrible user experience.
15:26:11.808 [main] INFO  com.solvd.itcompany.ITCompany - I order coffee on this app all the time!
15:26:11.808 [main] INFO  com.solvd.itcompany.ITCompany - 
The application has been released.
15:26:11.808 [main] INFO  com.solvd.itcompany.Runner - 
---------------------Bad Reviews:---------------------
15:26:11.809 [main] INFO  com.solvd.itcompany.Runner - []
15:26:11.809 [main] INFO  com.solvd.itcompany.ITCompany - 
While the application is completed the engineering team will continuously maintain the application.
15:35:38.201 [main] INFO  com.solvd.itcompany.Runner - 
---------------------Number of Projects:---------------------
15:35:38.205 [main] INFO  com.solvd.itcompany.Runner - 3
15:35:38.205 [main] INFO  com.solvd.itcompany.Runner - 
---------------------Highest Paying Clients:---------------------
15:35:38.206 [main] INFO  com.solvd.itcompany.Runner - 2
15:35:38.206 [main] INFO  com.solvd.itcompany.Runner - 
---------------------Total Project Profits:---------------------
15:35:38.209 [main] INFO  com.solvd.itcompany.Runner - Total Profit: 7000.0
15:35:38.209 [main] INFO  com.solvd.itcompany.Runner - 
---------------------Client Information:---------------------
