21:46:45.429 [main] INFO  com.solvd.itcompany.Runner -  java.util.ArrayList
21:46:45.430 [main] INFO  com.solvd.itcompany.Runner - Method Modifiers: public final
21:46:45.430 [main] INFO  com.solvd.itcompany.Runner - Return Type: void
21:46:45.430 [main] INFO  com.solvd.itcompany.Runner - Method name: intro
21:46:45.430 [main] INFO  com.solvd.itcompany.Runner - Parameters: 
21:46:45.431 [main] INFO  com.solvd.itcompany.Runner - Method Modifiers: public
21:46:45.431 [main] INFO  com.solvd.itcompany.Runner - Return Type: void
21:46:45.431 [main] INFO  com.solvd.itcompany.Runner - Method name: assignProject
21:46:45.431 [main] INFO  com.solvd.itcompany.Runner - Parameters: 
21:46:45.431 [main] INFO  com.solvd.itcompany.Runner -  com.solvd.itcompany.Project
21:46:45.431 [main] INFO  com.solvd.itcompany.Runner -  java.util.ArrayList
21:46:45.431 [main] INFO  com.solvd.itcompany.Runner -  com.solvd.itcompany.enums.ProjectStatus
21:46:45.431 [main] INFO  com.solvd.itcompany.Runner - Method Modifiers: public
21:46:45.431 [main] INFO  com.solvd.itcompany.Runner - Return Type: void
21:46:45.431 [main] INFO  com.solvd.itcompany.Runner - Method name: projectCreated
21:46:45.431 [main] INFO  com.solvd.itcompany.Runner - Parameters: 
21:46:45.431 [main] INFO  com.solvd.itcompany.Runner -  com.solvd.itcompany.Project
21:46:45.432 [main] INFO  com.solvd.itcompany.Runner -  java.util.ArrayList
21:47:01.789 [main] INFO  com.solvd.itcompany.Runner - 
---------------------Number of Projects:---------------------
21:47:01.792 [main] INFO  com.solvd.itcompany.Runner - 3
21:47:01.792 [main] INFO  com.solvd.itcompany.Runner - 
---------------------Highest Paying Clients:---------------------
21:47:01.793 [main] INFO  com.solvd.itcompany.Runner - 2
21:47:01.793 [main] INFO  com.solvd.itcompany.Runner - 
---------------------Total Project Profits:---------------------
21:47:01.796 [main] INFO  com.solvd.itcompany.Runner - Total Profit: 7000.0
21:47:01.796 [main] INFO  com.solvd.itcompany.Runner - 
---------------------Client Information:---------------------
