15:18:19.853 [main] INFO  com.solvd.itcompany.generics.ListOfTasks - 
Create the management plan for the project
15:18:19.855 [main] INFO  com.solvd.itcompany.generics.ListOfTasks - 
Create the marketing strategy for the application
15:18:19.855 [main] INFO  com.solvd.itcompany.generics.ListOfTasks - 
Create the design of the application
15:18:19.855 [main] INFO  com.solvd.itcompany.generics.ListOfTasks - 
Create the mobile application
15:18:19.855 [main] INFO  com.solvd.itcompany.Runner - 
---------------------The First Task in Every Project:---------------------
15:18:19.856 [main] INFO  com.solvd.itcompany.Runner - Create the management plan for the project
15:18:19.857 [main] INFO  com.solvd.itcompany.generics.ProjectPriority - 
Project1
15:18:19.857 [main] INFO  com.solvd.itcompany.generics.ProjectPriority - 
Project2
15:18:19.857 [main] INFO  com.solvd.itcompany.generics.ProjectPriority - 
Project3
15:18:19.857 [main] INFO  com.solvd.itcompany.ITCompany - Here is the user feedback we've received so far: 
15:18:19.858 [main] INFO  com.solvd.itcompany.ITCompany - Great app!
15:18:19.858 [main] INFO  com.solvd.itcompany.ITCompany - Horrible user experience.
15:18:19.858 [main] INFO  com.solvd.itcompany.ITCompany - I order coffee on this app all the time!
15:18:19.858 [main] INFO  com.solvd.itcompany.ITCompany - 
The application has been released.
15:18:19.858 [main] INFO  com.solvd.itcompany.Runner - 
---------------------Bad Reviews:---------------------
15:18:19.859 [main] INFO  com.solvd.itcompany.Runner - [Horrible user experience.]
15:18:19.859 [main] INFO  com.solvd.itcompany.ITCompany - 
While the application is completed the engineering team will continuously maintain the application.
15:26:11.768 [main] INFO  com.solvd.itcompany.Runner - 
---------------------Number of Projects:---------------------
15:26:11.771 [main] INFO  com.solvd.itcompany.Runner - 3
15:26:11.771 [main] INFO  com.solvd.itcompany.Runner - 
---------------------Highest Paying Clients:---------------------
15:26:11.772 [main] INFO  com.solvd.itcompany.Runner - 2
