23:20:12.893 [main] INFO  com.solvd.itcompany.ITCompany - 
The application has been released.
23:20:12.894 [main] INFO  com.solvd.itcompany.ITCompany - 
While the application is completed the engineering team will continuously maintain the application.
23:32:55.451 [main] INFO  com.solvd.itcompany.Runner - 
---------------------Number of Projects:---------------------
23:32:55.455 [main] INFO  com.solvd.itcompany.Runner - 3
23:32:55.456 [main] INFO  com.solvd.itcompany.Runner - 
---------------------Highest Paying Clients:---------------------
23:32:55.456 [main] INFO  com.solvd.itcompany.Runner - 2
23:32:55.457 [main] INFO  com.solvd.itcompany.Runner - 
---------------------Total Project Profits:---------------------
23:32:55.461 [main] INFO  com.solvd.itcompany.Runner - Total Profit: 7000.0
23:32:55.461 [main] INFO  com.solvd.itcompany.Runner - 
---------------------Client Information:---------------------
23:32:55.462 [main] INFO  com.solvd.itcompany.Runner - Client Name: Paul's Coffee Shop
23:32:55.463 [main] INFO  com.solvd.itcompany.Runner - Client Idea: create an app for the coffee shop
23:32:55.463 [main] INFO  com.solvd.itcompany.Runner - Years in Business: 2
23:32:55.463 [main] INFO  com.solvd.itcompany.Runner - Client Budget: 1500.0
23:32:55.463 [main] INFO  com.solvd.itcompany.Runner - Client Project Status: NEW
23:32:55.464 [main] INFO  com.solvd.itcompany.Runner - Client Name: Kelly's Pet Shop
23:32:55.464 [main] INFO  com.solvd.itcompany.Runner - Client Idea: create an app for the pet shop
23:32:55.464 [main] INFO  com.solvd.itcompany.Runner - Years in Business: 5
23:32:55.464 [main] INFO  com.solvd.itcompany.Runner - Client Budget: 2500.0
23:32:55.464 [main] INFO  com.solvd.itcompany.Runner - Client Project Status: NEW
23:32:55.464 [main] INFO  com.solvd.itcompany.Runner - Client Name: Dave's Bakery Shop
23:32:55.464 [main] INFO  com.solvd.itcompany.Runner - Client Idea: create an app for the bakery shop
23:32:55.464 [main] INFO  com.solvd.itcompany.Runner - Years in Business: 10
23:32:55.465 [main] INFO  com.solvd.itcompany.Runner - Client Budget: 3000.0
