15:51:45.468 [main] INFO  com.solvd.itcompany.Runner - 
Lily
15:51:45.469 [main] INFO  com.solvd.itcompany.Runner - 
Designer
15:51:45.469 [main] INFO  com.solvd.itcompany.Runner - 
Bachelors Degree in Graphic Design
15:51:45.469 [main] INFO  com.solvd.itcompany.Runner - 
ENTRY_LEVEL
15:51:45.469 [main] INFO  com.solvd.itcompany.Runner - 
Tom
15:51:45.469 [main] INFO  com.solvd.itcompany.Runner - 
Backend
15:51:45.470 [main] INFO  com.solvd.itcompany.Runner - 
Bachelors Degree in Computer Science
15:51:45.470 [main] INFO  com.solvd.itcompany.Runner - 
MID_LEVEL
15:51:45.470 [main] INFO  com.solvd.itcompany.Runner - 
Pam
15:51:45.470 [main] INFO  com.solvd.itcompany.Runner - 
Frontend
15:51:45.470 [main] INFO  com.solvd.itcompany.Runner - 
Frontend Bootcamp
15:51:45.470 [main] INFO  com.solvd.itcompany.Runner - 
MID_LEVEL
15:51:45.471 [main] INFO  com.solvd.itcompany.Runner - 
Kevin
15:51:45.471 [main] INFO  com.solvd.itcompany.Runner - 
IOS
15:51:45.471 [main] INFO  com.solvd.itcompany.Runner - 
Mobile Development Bootcamp
15:51:45.471 [main] INFO  com.solvd.itcompany.Runner - 
SENIOR_LEVEL
15:51:45.471 [main] INFO  com.solvd.itcompany.Runner - 
David
15:51:45.472 [main] INFO  com.solvd.itcompany.Runner - 
Quality
15:51:45.472 [main] INFO  com.solvd.itcompany.Runner - 
Bachelors Degree in Information Technology
15:51:45.472 [main] INFO  com.solvd.itcompany.Runner - 
ENTRY_LEVEL
15:51:45.472 [main] INFO  com.solvd.itcompany.Runner - 
Carl
15:51:45.472 [main] INFO  com.solvd.itcompany.Runner - 
Marketing
15:51:45.472 [main] INFO  com.solvd.itcompany.Runner - 
Bachelors Degree in Marketing
15:51:45.472 [main] INFO  com.solvd.itcompany.Runner - 
SENIOR_LEVEL
15:51:45.474 [main] INFO  com.solvd.itcompany.Runner - 
---------------------Mid-level Engineers:---------------------
15:51:45.474 [main] INFO  com.solvd.itcompany.Runner - [com.solvd.itcompany.employees.BackendEngineer@4803b726, com.solvd.itcompany.employees.FrontendEngineer@ffaa6af]
15:51:45.474 [main] INFO  com.solvd.itcompany.Runner - 
---------------------Tools The Team Uses:---------------------
