12:11:08.833 [main] INFO  com.solvd.itcompany.Runner - Years in Business: 2
12:11:08.838 [main] INFO  com.solvd.itcompany.Runner - Client Budget: 1500.0
12:11:08.838 [main] INFO  com.solvd.itcompany.Runner - Client Project Status: NEW
12:11:08.838 [main] INFO  com.solvd.itcompany.Runner - Client Name: Kelly's Pet Shop
12:11:08.838 [main] INFO  com.solvd.itcompany.Runner - Client Idea: create an app for the pet shop
12:11:08.838 [main] INFO  com.solvd.itcompany.Runner - Years in Business: 5
12:11:08.839 [main] INFO  com.solvd.itcompany.Runner - Client Budget: 2500.0
12:11:08.839 [main] INFO  com.solvd.itcompany.Runner - Client Project Status: NEW
12:11:08.839 [main] INFO  com.solvd.itcompany.Runner - Client Name: Dave's Bakery Shop
12:11:08.839 [main] INFO  com.solvd.itcompany.Runner - Client Idea: create an app for the bakery shop
12:11:08.839 [main] INFO  com.solvd.itcompany.Runner - Years in Business: 10
12:11:08.839 [main] INFO  com.solvd.itcompany.Runner - Client Budget: 3000.0
12:11:08.839 [main] INFO  com.solvd.itcompany.Runner - Client Project Status: NEW
12:11:08.840 [main] INFO  com.solvd.itcompany.generics.LinkedListProject - 
Backlog of projects: 
New project under development: 
Client: Paul's Coffee Shop
Project Service: APP_DEVELOPMENT
Project Budget: 1500.0
Project Price: 1000.0
Status of Project: NEW
12:11:08.841 [main] INFO  com.solvd.itcompany.IFulfillRequirements - Here are the requirements for the application: 
12:11:08.841 [main] INFO  com.solvd.itcompany.IFulfillRequirements - Users can order coffee
12:11:08.841 [main] INFO  com.solvd.itcompany.IFulfillRequirements - Users can track loyalty points
12:11:08.841 [main] INFO  com.solvd.itcompany.IFulfillRequirements - Users can interact with community
12:11:08.842 [main] INFO  com.solvd.itcompany.IFulfillRequirements - The IT company has completed reviewing the requirements for the application.

12:11:08.842 [main] INFO  com.solvd.itcompany.Runner - 
---------------------Your Team's Credentials:---------------------
12:11:08.843 [main] INFO  com.solvd.itcompany.Runner - 
Cameron
