23:20:12.874 [main] INFO  com.solvd.itcompany.Runner - 
Designer
23:20:12.875 [main] INFO  com.solvd.itcompany.Runner - 
Bachelors Degree in Graphic Design
23:20:12.875 [main] INFO  com.solvd.itcompany.Runner - 
ENTRY_LEVEL
23:20:12.875 [main] INFO  com.solvd.itcompany.Runner - 
Tom
23:20:12.875 [main] INFO  com.solvd.itcompany.Runner - 
Backend
23:20:12.875 [main] INFO  com.solvd.itcompany.Runner - 
Bachelors Degree in Computer Science
23:20:12.876 [main] INFO  com.solvd.itcompany.Runner - 
MID_LEVEL
23:20:12.876 [main] INFO  com.solvd.itcompany.Runner - 
Pam
23:20:12.876 [main] INFO  com.solvd.itcompany.Runner - 
Frontend
23:20:12.876 [main] INFO  com.solvd.itcompany.Runner - 
Frontend Bootcamp
23:20:12.876 [main] INFO  com.solvd.itcompany.Runner - 
MID_LEVEL
23:20:12.876 [main] INFO  com.solvd.itcompany.Runner - 
Kevin
23:20:12.876 [main] INFO  com.solvd.itcompany.Runner - 
IOS
23:20:12.876 [main] INFO  com.solvd.itcompany.Runner - 
Mobile Development Bootcamp
23:20:12.876 [main] INFO  com.solvd.itcompany.Runner - 
SENIOR_LEVEL
23:20:12.877 [main] INFO  com.solvd.itcompany.Runner - 
David
23:20:12.877 [main] INFO  com.solvd.itcompany.Runner - 
Quality
23:20:12.877 [main] INFO  com.solvd.itcompany.Runner - 
Bachelors Degree in Information Technology
23:20:12.877 [main] INFO  com.solvd.itcompany.Runner - 
ENTRY_LEVEL
23:20:12.877 [main] INFO  com.solvd.itcompany.Runner - 
Carl
23:20:12.877 [main] INFO  com.solvd.itcompany.Runner - 
Marketing
23:20:12.877 [main] INFO  com.solvd.itcompany.Runner - 
Bachelors Degree in Marketing
23:20:12.877 [main] INFO  com.solvd.itcompany.Runner - 
SENIOR_LEVEL
23:20:12.879 [main] INFO  com.solvd.itcompany.Runner - 
---------------------Mid-level Engineers:---------------------
23:20:12.879 [main] INFO  com.solvd.itcompany.Runner - [com.solvd.itcompany.employees.BackendEngineer@52af26ee, com.solvd.itcompany.employees.FrontendEngineer@6fd83fc1]
23:20:12.879 [main] INFO  com.solvd.itcompany.Runner - 
---------------------Tools The Team Uses:---------------------
23:20:12.880 [main] INFO  com.solvd.itcompany.Runner - [Gantt chart, Communications plan]
