22:54:06.294 [main] INFO  com.solvd.itcompany.Runner - 
Carl
22:54:06.295 [main] INFO  com.solvd.itcompany.Runner - 
Marketing
22:54:06.295 [main] INFO  com.solvd.itcompany.Runner - 
Bachelors Degree in Marketing
22:54:06.295 [main] INFO  com.solvd.itcompany.Runner - 
SENIOR_LEVEL
22:54:06.297 [main] INFO  com.solvd.itcompany.Runner - 
---------------------Senior Engineers:---------------------
22:54:06.297 [main] INFO  com.solvd.itcompany.Runner - []
22:54:06.298 [main] INFO  com.solvd.itcompany.Runner - 
---------------------Tools The Team Uses:---------------------
22:54:06.298 [main] INFO  com.solvd.itcompany.Runner - [Gantt chart, Communications plan]
22:54:06.299 [main] INFO  com.solvd.itcompany.Runner - [Andromo, BuildFire]
22:54:06.299 [main] INFO  com.solvd.itcompany.Runner - [Java, PHP, JavaScript]
22:54:06.299 [main] INFO  com.solvd.itcompany.Runner - [HTML, CSS, React]
22:54:06.299 [main] INFO  com.solvd.itcompany.Runner - [Swift, Objective-C]
22:54:06.299 [main] INFO  com.solvd.itcompany.Runner - [Java, Maven, Cucumber]
22:54:06.299 [main] INFO  com.solvd.itcompany.Runner - [organic social media, email promotion, paid social media]
22:54:06.300 [main] INFO  com.solvd.itcompany.generics.EmployeeHashmap - 
List of employees working on the project: 
22:54:06.300 [main] INFO  com.solvd.itcompany.generics.EmployeeHashmap - 
Designer: Lily
22:54:06.300 [main] INFO  com.solvd.itcompany.generics.EmployeeHashmap - 
Frontend Engineer: Pam
22:54:06.300 [main] INFO  com.solvd.itcompany.generics.EmployeeHashmap - 
IOS Developer: Kevin
22:54:06.300 [main] INFO  com.solvd.itcompany.generics.EmployeeHashmap - 
Marketing Manager: Carl
22:54:06.300 [main] INFO  com.solvd.itcompany.generics.EmployeeHashmap - 
Backend Engineer: Tom
22:54:06.301 [main] INFO  com.solvd.itcompany.generics.EmployeeHashmap - 
Quality Analyst: David
22:54:06.301 [main] INFO  com.solvd.itcompany.generics.EmployeeHashmap - 
Project Manager: Cameron
22:54:06.302 [main] INFO  com.solvd.itcompany.ITCompany - The IT Company has a request to start a project.
