21:15:36.245 [main] INFO  com.solvd.itcompany.Runner - 
MID_LEVEL
21:15:36.246 [main] INFO  com.solvd.itcompany.Runner - 
Pam
21:15:36.246 [main] INFO  com.solvd.itcompany.Runner - 
Frontend
21:15:36.246 [main] INFO  com.solvd.itcompany.Runner - 
Frontend Bootcamp
21:15:36.247 [main] INFO  com.solvd.itcompany.Runner - 
MID_LEVEL
21:15:36.247 [main] INFO  com.solvd.itcompany.Runner - 
Kevin
21:15:36.247 [main] INFO  com.solvd.itcompany.Runner - 
IOS
21:15:36.247 [main] INFO  com.solvd.itcompany.Runner - 
Mobile Development Bootcamp
21:15:36.247 [main] INFO  com.solvd.itcompany.Runner - 
SENIOR_LEVEL
21:15:36.247 [main] INFO  com.solvd.itcompany.Runner - 
David
21:15:36.248 [main] INFO  com.solvd.itcompany.Runner - 
Quality
21:15:36.248 [main] INFO  com.solvd.itcompany.Runner - 
Bachelors Degree in Information Technology
21:15:36.248 [main] INFO  com.solvd.itcompany.Runner - 
ENTRY_LEVEL
21:15:36.248 [main] INFO  com.solvd.itcompany.Runner - 
Carl
21:15:36.248 [main] INFO  com.solvd.itcompany.Runner - 
Marketing
21:15:36.248 [main] INFO  com.solvd.itcompany.Runner - 
Bachelors Degree in Marketing
21:15:36.248 [main] INFO  com.solvd.itcompany.Runner - 
SENIOR_LEVEL
21:15:36.250 [main] INFO  com.solvd.itcompany.Runner - 
---------------------Mid-level Engineers:---------------------
21:15:36.250 [main] INFO  com.solvd.itcompany.Runner - [com.solvd.itcompany.employees.BackendEngineer@54bff557, com.solvd.itcompany.employees.FrontendEngineer@593aaf41]
21:15:36.250 [main] INFO  com.solvd.itcompany.Runner - 
---------------------Tools The Team Uses:---------------------
21:15:36.251 [main] INFO  com.solvd.itcompany.Runner - [Gantt chart, Communications plan]
21:15:36.251 [main] INFO  com.solvd.itcompany.Runner - [Andromo, BuildFire]
21:15:36.251 [main] INFO  com.solvd.itcompany.Runner - [Java, PHP, JavaScript]
21:15:36.252 [main] INFO  com.solvd.itcompany.Runner - [HTML, CSS, React]
21:15:36.252 [main] INFO  com.solvd.itcompany.Runner - [Swift, Objective-C]
21:15:36.252 [main] INFO  com.solvd.itcompany.Runner - [Java, Maven, Cucumber]
