22:00:49.149 [main] INFO  com.solvd.itcompany.Runner - Parameters: 
22:00:49.150 [main] INFO  com.solvd.itcompany.Runner -  java.util.ArrayList
22:00:49.150 [main] INFO  com.solvd.itcompany.Runner - Method Modifiers: public final
22:00:49.150 [main] INFO  com.solvd.itcompany.Runner - Return Type: void
22:00:49.150 [main] INFO  com.solvd.itcompany.Runner - Method name: intro
22:00:49.150 [main] INFO  com.solvd.itcompany.Runner - Parameters: 
22:00:49.150 [main] INFO  com.solvd.itcompany.Runner - Method Modifiers: public
22:00:49.150 [main] INFO  com.solvd.itcompany.Runner - Return Type: void
22:00:49.150 [main] INFO  com.solvd.itcompany.Runner - Method name: assignProject
22:00:49.150 [main] INFO  com.solvd.itcompany.Runner - Parameters: 
22:00:49.150 [main] INFO  com.solvd.itcompany.Runner -  com.solvd.itcompany.Project
22:00:49.150 [main] INFO  com.solvd.itcompany.Runner -  java.util.ArrayList
22:00:49.150 [main] INFO  com.solvd.itcompany.Runner -  com.solvd.itcompany.enums.ProjectStatus
22:00:49.151 [main] INFO  com.solvd.itcompany.Runner - Method Modifiers: public
22:00:49.151 [main] INFO  com.solvd.itcompany.Runner - Return Type: void
22:00:49.151 [main] INFO  com.solvd.itcompany.Runner - Method name: projectCreated
22:00:49.151 [main] INFO  com.solvd.itcompany.Runner - Parameters: 
22:00:49.151 [main] INFO  com.solvd.itcompany.Runner -  com.solvd.itcompany.Project
22:00:49.151 [main] INFO  com.solvd.itcompany.Runner -  java.util.ArrayList
22:00:49.151 [main] INFO  com.solvd.itcompany.Runner - Method Modifiers: public
22:00:49.151 [main] INFO  com.solvd.itcompany.Runner - Return Type: void
22:00:49.151 [main] INFO  com.solvd.itcompany.Runner - Method name: releaseApp
22:00:49.151 [main] INFO  com.solvd.itcompany.Runner - Parameters: 
22:00:49.151 [main] INFO  com.solvd.itcompany.Runner - Method Modifiers: public
22:00:49.152 [main] INFO  com.solvd.itcompany.Runner - Return Type: void
22:00:49.152 [main] INFO  com.solvd.itcompany.Runner - Method name: maintenance
22:00:49.152 [main] INFO  com.solvd.itcompany.Runner - Parameters: 
