15:20:28.335 [main] INFO  com.solvd.itcompany.Runner - Method Modifiers: public
15:20:28.336 [main] INFO  com.solvd.itcompany.Runner - Return Type: void
15:20:28.336 [main] INFO  com.solvd.itcompany.Runner - Method name: assignProject
15:20:28.336 [main] INFO  com.solvd.itcompany.Runner - Parameters: 
15:20:28.337 [main] INFO  com.solvd.itcompany.Runner -  com.solvd.itcompany.Project
15:20:28.337 [main] INFO  com.solvd.itcompany.Runner -  java.util.ArrayList
15:20:28.337 [main] INFO  com.solvd.itcompany.Runner -  com.solvd.itcompany.enums.ProjectStatus
15:20:28.337 [main] INFO  com.solvd.itcompany.Runner - Method Modifiers: public
15:20:28.337 [main] INFO  com.solvd.itcompany.Runner - Return Type: void
15:20:28.337 [main] INFO  com.solvd.itcompany.Runner - Method name: projectCreated
15:20:28.337 [main] INFO  com.solvd.itcompany.Runner - Parameters: 
15:20:28.337 [main] INFO  com.solvd.itcompany.Runner -  com.solvd.itcompany.Project
15:20:28.337 [main] INFO  com.solvd.itcompany.Runner -  java.util.ArrayList
15:20:28.338 [main] INFO  com.solvd.itcompany.Runner - Method Modifiers: public
15:20:28.338 [main] INFO  com.solvd.itcompany.Runner - Return Type: void
15:20:28.338 [main] INFO  com.solvd.itcompany.Runner - Method name: releaseApp
15:20:28.338 [main] INFO  com.solvd.itcompany.Runner - Parameters: 
15:20:28.338 [main] INFO  com.solvd.itcompany.Runner - Method Modifiers: public
15:20:28.338 [main] INFO  com.solvd.itcompany.Runner - Return Type: void
15:20:28.338 [main] INFO  com.solvd.itcompany.Runner - Method name: maintenance
15:20:28.338 [main] INFO  com.solvd.itcompany.Runner - Parameters: 
15:20:28.338 [main] INFO  com.solvd.itcompany.Runner - Method Modifiers: public
15:20:28.339 [main] INFO  com.solvd.itcompany.Runner - Return Type: com.solvd.itcompany.enums.ProjectStatus
15:20:28.339 [main] INFO  com.solvd.itcompany.Runner - Method name: getProjectStatus
15:20:28.339 [main] INFO  com.solvd.itcompany.Runner - Parameters: 
15:20:28.339 [main] INFO  com.solvd.itcompany.Runner - Result of method call: 
15:20:28.341 [main] INFO  com.solvd.itcompany.ITCompany - Here is the user feedback we've received so far: 
