22:00:49.145 [main] INFO  com.solvd.itcompany.Runner - 


---------------------Reflection:---------------------
22:00:49.146 [main] INFO  com.solvd.itcompany.Runner - The name of the constructor: com.solvd.itcompany.ITCompany
22:00:49.146 [main] INFO  com.solvd.itcompany.Runner - The fields of the class: 

22:00:49.146 [main] INFO  com.solvd.itcompany.Runner - name
22:00:49.146 [main] INFO  com.solvd.itcompany.Runner - Field Modifiers: private
22:00:49.146 [main] INFO  com.solvd.itcompany.Runner - employees
22:00:49.147 [main] INFO  com.solvd.itcompany.Runner - Field Modifiers: private
22:00:49.147 [main] INFO  com.solvd.itcompany.Runner - clients
22:00:49.147 [main] INFO  com.solvd.itcompany.Runner - Field Modifiers: private
22:00:49.147 [main] INFO  com.solvd.itcompany.Runner - projects
22:00:49.147 [main] INFO  com.solvd.itcompany.Runner - Field Modifiers: private
22:00:49.147 [main] INFO  com.solvd.itcompany.Runner - projectStatus
22:00:49.147 [main] INFO  com.solvd.itcompany.Runner - Field Modifiers: private
22:00:49.147 [main] INFO  com.solvd.itcompany.Runner - logger
22:00:49.148 [main] INFO  com.solvd.itcompany.Runner - Field Modifiers: private static final
22:00:49.148 [main] INFO  com.solvd.itcompany.Runner - Method Modifiers: public
22:00:49.148 [main] INFO  com.solvd.itcompany.Runner - Return Type: java.lang.String
22:00:49.148 [main] INFO  com.solvd.itcompany.Runner - Method name: getName
22:00:49.148 [main] INFO  com.solvd.itcompany.Runner - Parameters: 
22:00:49.148 [main] INFO  com.solvd.itcompany.Runner - Method Modifiers: public
22:00:49.148 [main] INFO  com.solvd.itcompany.Runner - Return Type: void
22:00:49.148 [main] INFO  com.solvd.itcompany.Runner - Method name: setName
22:00:49.148 [main] INFO  com.solvd.itcompany.Runner - Parameters: 
22:00:49.148 [main] INFO  com.solvd.itcompany.Runner -  java.lang.String
22:00:49.149 [main] INFO  com.solvd.itcompany.Runner - Method Modifiers: public
22:00:49.149 [main] INFO  com.solvd.itcompany.Runner - Return Type: void
22:00:49.149 [main] INFO  com.solvd.itcompany.Runner - Method name: setEmployees
