21:55:54.507 [main] INFO  com.solvd.itcompany.generics.LinkedListProject - 
Backlog of projects: 
New project under development: 
Client: Paul's Coffee Shop
Project Service: APP_DEVELOPMENT
Project Budget: 1500.0
Project Price: 1000.0
Status of Project: NEW
21:55:54.511 [main] INFO  com.solvd.itcompany.IFulfillRequirements - Here are the requirements for the application: 
21:55:54.511 [main] INFO  com.solvd.itcompany.IFulfillRequirements - Users can order coffee
21:55:54.511 [main] INFO  com.solvd.itcompany.IFulfillRequirements - Users can track loyalty points
21:55:54.512 [main] INFO  com.solvd.itcompany.IFulfillRequirements - Users can interact with community
21:55:54.512 [main] INFO  com.solvd.itcompany.IFulfillRequirements - The IT company has completed reviewing the requirements for the application.

21:55:54.513 [main] INFO  com.solvd.itcompany.Runner - 
---------------------Your Team's Credentials:---------------------
21:55:54.513 [main] INFO  com.solvd.itcompany.Runner - 
Cameron
21:55:54.514 [main] INFO  com.solvd.itcompany.Runner - 
Manager
21:55:54.514 [main] INFO  com.solvd.itcompany.Runner - 
Bachelors Degree in Business Administration
21:55:54.514 [main] INFO  com.solvd.itcompany.Runner - 
MID_LEVEL
21:55:54.514 [main] INFO  com.solvd.itcompany.Runner - 
Lily
21:55:54.514 [main] INFO  com.solvd.itcompany.Runner - 
Designer
21:55:54.514 [main] INFO  com.solvd.itcompany.Runner - 
Bachelors Degree in Graphic Design
21:55:54.514 [main] INFO  com.solvd.itcompany.Runner - 
ENTRY_LEVEL
21:55:54.514 [main] INFO  com.solvd.itcompany.Runner - 
Tom
21:55:54.515 [main] INFO  com.solvd.itcompany.Runner - 
Backend
21:55:54.515 [main] INFO  com.solvd.itcompany.Runner - 
Bachelors Degree in Computer Science
21:55:54.515 [main] INFO  com.solvd.itcompany.Runner - 
MID_LEVEL
21:55:54.515 [main] INFO  com.solvd.itcompany.Runner - 
Pam
21:55:54.515 [main] INFO  com.solvd.itcompany.Runner - 
Frontend
21:55:54.515 [main] INFO  com.solvd.itcompany.Runner - 
Frontend Bootcamp
21:55:54.515 [main] INFO  com.solvd.itcompany.Runner - 
MID_LEVEL
