21:16:08.973 [main] INFO  com.solvd.itcompany.IFulfillRequirements - Users can order coffee
21:16:08.974 [main] INFO  com.solvd.itcompany.IFulfillRequirements - Users can track loyalty points
21:16:08.975 [main] INFO  com.solvd.itcompany.IFulfillRequirements - Users can interact with community
21:16:08.975 [main] INFO  com.solvd.itcompany.IFulfillRequirements - The IT company has completed reviewing the requirements for the application.

21:16:08.976 [main] INFO  com.solvd.itcompany.Runner - 
---------------------Your Team's Credentials:---------------------
21:16:08.976 [main] INFO  com.solvd.itcompany.Runner - 
Cameron
21:16:08.976 [main] INFO  com.solvd.itcompany.Runner - 
Manager
21:16:08.976 [main] INFO  com.solvd.itcompany.Runner - 
Bachelors Degree in Business Administration
21:16:08.977 [main] INFO  com.solvd.itcompany.Runner - 
MID_LEVEL
21:16:08.977 [main] INFO  com.solvd.itcompany.Runner - 
Lily
21:16:08.977 [main] INFO  com.solvd.itcompany.Runner - 
Designer
21:16:08.977 [main] INFO  com.solvd.itcompany.Runner - 
Bachelors Degree in Graphic Design
21:16:08.977 [main] INFO  com.solvd.itcompany.Runner - 
ENTRY_LEVEL
21:16:08.977 [main] INFO  com.solvd.itcompany.Runner - 
Tom
21:16:08.978 [main] INFO  com.solvd.itcompany.Runner - 
Backend
21:16:08.978 [main] INFO  com.solvd.itcompany.Runner - 
Bachelors Degree in Computer Science
21:16:08.978 [main] INFO  com.solvd.itcompany.Runner - 
MID_LEVEL
21:16:08.978 [main] INFO  com.solvd.itcompany.Runner - 
Pam
21:16:08.978 [main] INFO  com.solvd.itcompany.Runner - 
Frontend
21:16:08.978 [main] INFO  com.solvd.itcompany.Runner - 
Frontend Bootcamp
21:16:08.978 [main] INFO  com.solvd.itcompany.Runner - 
MID_LEVEL
21:16:08.979 [main] INFO  com.solvd.itcompany.Runner - 
Kevin
21:16:08.979 [main] INFO  com.solvd.itcompany.Runner - 
IOS
21:16:08.979 [main] INFO  com.solvd.itcompany.Runner - 
Mobile Development Bootcamp
21:16:08.979 [main] INFO  com.solvd.itcompany.Runner - 
SENIOR_LEVEL
21:16:08.979 [main] INFO  com.solvd.itcompany.Runner - 
David
21:16:08.980 [main] INFO  com.solvd.itcompany.Runner - 
Quality
