10:11:03.194 [main] INFO  com.solvd.itcompany.generics.ListOfTasks - 
Create the design of the application
10:11:03.195 [main] INFO  com.solvd.itcompany.generics.ListOfTasks - 
Create the mobile application
10:11:03.196 [main] INFO  com.solvd.itcompany.generics.ProjectPriority - 
Project1
10:11:03.196 [main] INFO  com.solvd.itcompany.generics.ProjectPriority - 
Project2
10:11:03.196 [main] INFO  com.solvd.itcompany.generics.ProjectPriority - 
Project3
10:11:03.196 [main] INFO  com.solvd.itcompany.ITCompany - Here is the user feedback we've received so far: 
10:11:03.196 [main] INFO  com.solvd.itcompany.ITCompany - Great app!
10:11:03.197 [main] INFO  com.solvd.itcompany.ITCompany - Horrible user experience.
10:11:03.197 [main] INFO  com.solvd.itcompany.ITCompany - I order coffee on this app all the time!
10:11:03.197 [main] INFO  com.solvd.itcompany.ITCompany - 
The application has been released.
10:11:03.197 [main] INFO  com.solvd.itcompany.ITCompany - 
While the application is completed the engineering team will continuously maintain the application.
10:19:49.905 [main] INFO  com.solvd.itcompany.generics.LinkedListProject - 
Backlog of projects: 
New project under development: 
Client: Paul's Coffee Shop
Project Service: APP_DEVELOPMENT
Project Budget: 1500.0
Project Price: 1000.0
Status of Project: NEW
10:19:49.910 [main] INFO  com.solvd.itcompany.IFulfillRequirements - Here are the requirements for the application: 
10:19:49.911 [main] INFO  com.solvd.itcompany.IFulfillRequirements - Users can order coffee
10:19:49.911 [main] INFO  com.solvd.itcompany.IFulfillRequirements - Users can track loyalty points
10:19:49.911 [main] INFO  com.solvd.itcompany.IFulfillRequirements - Users can interact with community
10:19:49.911 [main] INFO  com.solvd.itcompany.IFulfillRequirements - The IT company has completed reviewing the requirements for the application.

10:19:49.912 [main] INFO  com.solvd.itcompany.Runner - 
---------------------Your Team's Credentials:---------------------
10:19:49.913 [main] INFO  com.solvd.itcompany.Runner - 
Cameron
