16:16:15.114 [main] INFO  com.solvd.itcompany.ITCompany - 
The frontend engineers have been added to the project.
16:16:15.115 [main] INFO  com.solvd.itcompany.ITCompany - 
The IOS developers have been added to the project.
16:16:15.115 [main] INFO  com.solvd.itcompany.ITCompany - 
The quality analysts have been added to the project.
16:16:15.115 [main] INFO  com.solvd.itcompany.ITCompany - 
The marketers have been added to the project.

16:16:15.115 [main] INFO  com.solvd.itcompany.ITCompany - 
Status of Project: IN_PROGRESS
16:16:15.116 [main] INFO  com.solvd.itcompany.employees.ProjectManager - The project manager is creating the project plan...

16:16:15.116 [main] INFO  com.solvd.itcompany.employees.ProjectManager - Gantt chart
16:16:15.116 [main] INFO  com.solvd.itcompany.employees.ProjectManager - Communications plan
16:16:15.116 [main] INFO  com.solvd.itcompany.employees.ProjectManager - 
The the Project Manager is done managing the application.

16:16:15.116 [main] INFO  com.solvd.itcompany.employees.Designer - The designer is creating the design of the application...

16:16:15.116 [main] INFO  com.solvd.itcompany.employees.Designer - Andromo
16:16:15.116 [main] INFO  com.solvd.itcompany.employees.Designer - BuildFire
16:16:15.116 [main] INFO  com.solvd.itcompany.employees.Designer - 
The the designer is done designing the application.

16:16:15.117 [main] INFO  com.solvd.itcompany.employees.QualityAnalyst - The quality analyst is testing the application...

16:16:15.117 [main] INFO  com.solvd.itcompany.employees.QualityAnalyst - Java
16:16:15.117 [main] INFO  com.solvd.itcompany.employees.QualityAnalyst - Maven
16:16:15.117 [main] INFO  com.solvd.itcompany.employees.QualityAnalyst - Cucumber
16:16:15.117 [main] INFO  com.solvd.itcompany.employees.QualityAnalyst - 
The the Quality Analyst is done testing the application.

16:16:15.117 [main] INFO  com.solvd.itcompany.employees.MarketingManager - The marketing manager is creating the promotional plan...

16:16:15.117 [main] INFO  com.solvd.itcompany.employees.MarketingManager - organic social media
