12:13:15.650 [main] INFO  com.solvd.itcompany.Runner - 
Bachelors Degree in Computer Science
12:13:15.650 [main] INFO  com.solvd.itcompany.Runner - 
MID_LEVEL
12:13:15.651 [main] INFO  com.solvd.itcompany.Runner - 
Pam
12:13:15.651 [main] INFO  com.solvd.itcompany.Runner - 
Frontend
12:13:15.651 [main] INFO  com.solvd.itcompany.Runner - 
Frontend Bootcamp
12:13:15.651 [main] INFO  com.solvd.itcompany.Runner - 
MID_LEVEL
12:13:15.651 [main] INFO  com.solvd.itcompany.Runner - 
Kevin
12:13:15.651 [main] INFO  com.solvd.itcompany.Runner - 
IOS
12:13:15.651 [main] INFO  com.solvd.itcompany.Runner - 
Mobile Development Bootcamp
12:13:15.651 [main] INFO  com.solvd.itcompany.Runner - 
SENIOR_LEVEL
12:13:15.651 [main] INFO  com.solvd.itcompany.Runner - 
David
12:13:15.651 [main] INFO  com.solvd.itcompany.Runner - 
Quality
12:13:15.652 [main] INFO  com.solvd.itcompany.Runner - 
Bachelors Degree in Information Technology
12:13:15.652 [main] INFO  com.solvd.itcompany.Runner - 
ENTRY_LEVEL
12:13:15.652 [main] INFO  com.solvd.itcompany.Runner - 
Carl
12:13:15.652 [main] INFO  com.solvd.itcompany.Runner - 
Marketing
12:13:15.652 [main] INFO  com.solvd.itcompany.Runner - 
Bachelors Degree in Marketing
12:13:15.652 [main] INFO  com.solvd.itcompany.Runner - 
SENIOR_LEVEL
12:13:15.653 [main] INFO  com.solvd.itcompany.Runner - 
---------------------Mid-level Engineers:---------------------
12:13:15.654 [main] INFO  com.solvd.itcompany.Runner - [com.solvd.itcompany.employees.BackendEngineer@54bff557, com.solvd.itcompany.employees.FrontendEngineer@593aaf41]
12:13:15.654 [main] INFO  com.solvd.itcompany.Runner - 
---------------------Tools The Team Uses:---------------------
12:13:15.655 [main] INFO  com.solvd.itcompany.Runner - [Gantt chart, Communications plan]
12:13:15.655 [main] INFO  com.solvd.itcompany.Runner - [Andromo, BuildFire]
12:13:15.655 [main] INFO  com.solvd.itcompany.Runner - [Java, PHP, JavaScript]
12:13:15.655 [main] INFO  com.solvd.itcompany.Runner - [HTML, CSS, React]
12:13:15.655 [main] INFO  com.solvd.itcompany.Runner - [Swift, Objective-C]
