21:15:36.235 [main] INFO  com.solvd.itcompany.Runner - Client Idea: create an app for the bakery shop
21:15:36.240 [main] INFO  com.solvd.itcompany.Runner - Years in Business: 10
21:15:36.240 [main] INFO  com.solvd.itcompany.Runner - Client Budget: 3000.0
21:15:36.240 [main] INFO  com.solvd.itcompany.Runner - Client Project Status: NEW
21:15:36.241 [main] INFO  com.solvd.itcompany.generics.LinkedListProject - 
Backlog of projects: 
New project under development: 
Client: Paul's Coffee Shop
Project Service: APP_DEVELOPMENT
Project Budget: 1500.0
Project Price: 1000.0
Status of Project: NEW
21:15:36.241 [main] INFO  com.solvd.itcompany.IFulfillRequirements - Here are the requirements for the application: 
21:15:36.242 [main] INFO  com.solvd.itcompany.IFulfillRequirements - Users can order coffee
21:15:36.242 [main] INFO  com.solvd.itcompany.IFulfillRequirements - Users can track loyalty points
21:15:36.242 [main] INFO  com.solvd.itcompany.IFulfillRequirements - Users can interact with community
21:15:36.242 [main] INFO  com.solvd.itcompany.IFulfillRequirements - The IT company has completed reviewing the requirements for the application.

21:15:36.243 [main] INFO  com.solvd.itcompany.Runner - 
---------------------Your Team's Credentials:---------------------
21:15:36.243 [main] INFO  com.solvd.itcompany.Runner - 
Cameron
21:15:36.244 [main] INFO  com.solvd.itcompany.Runner - 
Manager
21:15:36.244 [main] INFO  com.solvd.itcompany.Runner - 
Bachelors Degree in Business Administration
21:15:36.244 [main] INFO  com.solvd.itcompany.Runner - 
MID_LEVEL
21:15:36.244 [main] INFO  com.solvd.itcompany.Runner - 
Lily
21:15:36.244 [main] INFO  com.solvd.itcompany.Runner - 
Designer
21:15:36.244 [main] INFO  com.solvd.itcompany.Runner - 
Bachelors Degree in Graphic Design
21:15:36.244 [main] INFO  com.solvd.itcompany.Runner - 
ENTRY_LEVEL
21:15:36.245 [main] INFO  com.solvd.itcompany.Runner - 
Tom
21:15:36.245 [main] INFO  com.solvd.itcompany.Runner - 
Backend
21:15:36.245 [main] INFO  com.solvd.itcompany.Runner - 
Bachelors Degree in Computer Science
