19:18:32.368 [main] INFO  com.solvd.itcompany.ITCompany - 
The quality analysts have been added to the project.
19:18:32.370 [main] INFO  com.solvd.itcompany.ITCompany - 
The marketers have been added to the project.

19:18:32.370 [main] INFO  com.solvd.itcompany.ITCompany - 
Status of Project: IN_PROGRESS
19:18:32.370 [main] INFO  com.solvd.itcompany.employees.ProjectManager - The project manager is creating the project plan...

19:18:32.370 [main] INFO  com.solvd.itcompany.employees.ProjectManager - Gantt chart
19:18:32.370 [main] INFO  com.solvd.itcompany.employees.ProjectManager - Communications plan
19:18:32.370 [main] INFO  com.solvd.itcompany.employees.ProjectManager - 
The the Project Manager is done managing the application.

19:18:32.371 [main] INFO  com.solvd.itcompany.employees.Designer - The designer is creating the design of the application...

19:18:32.371 [main] INFO  com.solvd.itcompany.employees.Designer - Andromo
19:18:32.371 [main] INFO  com.solvd.itcompany.employees.Designer - BuildFire
19:18:32.371 [main] INFO  com.solvd.itcompany.employees.Designer - 
The the designer is done designing the application.

19:18:32.371 [main] INFO  com.solvd.itcompany.employees.QualityAnalyst - The quality analyst is testing the application...

19:18:32.371 [main] INFO  com.solvd.itcompany.employees.QualityAnalyst - Java
19:18:32.371 [main] INFO  com.solvd.itcompany.employees.QualityAnalyst - Maven
19:18:32.371 [main] INFO  com.solvd.itcompany.employees.QualityAnalyst - Cucumber
19:18:32.371 [main] INFO  com.solvd.itcompany.employees.QualityAnalyst - 
The the Quality Analyst is done testing the application.

19:18:32.371 [main] INFO  com.solvd.itcompany.employees.MarketingManager - The marketing manager is creating the promotional plan...

19:18:32.372 [main] INFO  com.solvd.itcompany.employees.MarketingManager - organic social media
19:18:32.372 [main] INFO  com.solvd.itcompany.employees.MarketingManager - email promotion
19:18:32.372 [main] INFO  com.solvd.itcompany.employees.MarketingManager - paid social media
