15:16:06.656 [main] INFO  com.solvd.itcompany.generics.ProjectPriority - 
Project1
15:16:06.657 [main] INFO  com.solvd.itcompany.generics.ProjectPriority - 
Project2
15:16:06.657 [main] INFO  com.solvd.itcompany.generics.ProjectPriority - 
Project3
15:16:06.657 [main] INFO  com.solvd.itcompany.ITCompany - Here is the user feedback we've received so far: 
15:16:06.657 [main] INFO  com.solvd.itcompany.ITCompany - Great app!
15:16:06.657 [main] INFO  com.solvd.itcompany.ITCompany - Horrible user experience.
15:16:06.658 [main] INFO  com.solvd.itcompany.ITCompany - I order coffee on this app all the time!
15:16:06.658 [main] INFO  com.solvd.itcompany.ITCompany - 
The application has been released.
15:16:06.658 [main] INFO  com.solvd.itcompany.Runner - 
---------------------Bad Reviews:---------------------
15:16:06.658 [main] INFO  com.solvd.itcompany.ITCompany - 
While the application is completed the engineering team will continuously maintain the application.
15:16:40.361 [main] INFO  com.solvd.itcompany.Runner - 
---------------------Number of Projects:---------------------
15:16:40.365 [main] INFO  com.solvd.itcompany.Runner - 3
15:16:40.365 [main] INFO  com.solvd.itcompany.Runner - 
---------------------Highest Paying Clients:---------------------
15:16:40.366 [main] INFO  com.solvd.itcompany.Runner - 2
15:16:40.366 [main] INFO  com.solvd.itcompany.Runner - 
---------------------Total Project Profits:---------------------
15:16:40.369 [main] INFO  com.solvd.itcompany.Runner - Total Profit: 7000.0
15:16:40.369 [main] INFO  com.solvd.itcompany.Runner - 
---------------------Client Information:---------------------
15:16:40.370 [main] INFO  com.solvd.itcompany.Runner - Client Name: Paul's Coffee Shop
15:16:40.370 [main] INFO  com.solvd.itcompany.Runner - Client Idea: create an app for the coffee shop
15:16:40.370 [main] INFO  com.solvd.itcompany.Runner - Years in Business: 2
15:16:40.370 [main] INFO  com.solvd.itcompany.Runner - Client Budget: 1500.0
15:16:40.370 [main] INFO  com.solvd.itcompany.Runner - Client Project Status: NEW
