10:11:03.177 [main] INFO  com.solvd.itcompany.Runner - 
Tom
10:11:03.181 [main] INFO  com.solvd.itcompany.Runner - 
Backend
10:11:03.181 [main] INFO  com.solvd.itcompany.Runner - 
Bachelors Degree in Computer Science
10:11:03.181 [main] INFO  com.solvd.itcompany.Runner - 
MID_LEVEL
10:11:03.181 [main] INFO  com.solvd.itcompany.Runner - 
Pam
10:11:03.181 [main] INFO  com.solvd.itcompany.Runner - 
Frontend
10:11:03.181 [main] INFO  com.solvd.itcompany.Runner - 
Frontend Bootcamp
10:11:03.181 [main] INFO  com.solvd.itcompany.Runner - 
MID_LEVEL
10:11:03.182 [main] INFO  com.solvd.itcompany.Runner - 
Kevin
10:11:03.182 [main] INFO  com.solvd.itcompany.Runner - 
IOS
10:11:03.182 [main] INFO  com.solvd.itcompany.Runner - 
Mobile Development Bootcamp
10:11:03.182 [main] INFO  com.solvd.itcompany.Runner - 
SENIOR_LEVEL
10:11:03.182 [main] INFO  com.solvd.itcompany.Runner - 
David
10:11:03.183 [main] INFO  com.solvd.itcompany.Runner - 
Quality
10:11:03.183 [main] INFO  com.solvd.itcompany.Runner - 
Bachelors Degree in Information Technology
10:11:03.183 [main] INFO  com.solvd.itcompany.Runner - 
ENTRY_LEVEL
10:11:03.183 [main] INFO  com.solvd.itcompany.Runner - 
Carl
10:11:03.183 [main] INFO  com.solvd.itcompany.Runner - 
Marketing
10:11:03.184 [main] INFO  com.solvd.itcompany.Runner - 
Bachelors Degree in Marketing
10:11:03.184 [main] INFO  com.solvd.itcompany.Runner - 
SENIOR_LEVEL
10:11:03.185 [main] INFO  com.solvd.itcompany.generics.EmployeeHashmap - 
List of employees working on the project: 
10:11:03.186 [main] INFO  com.solvd.itcompany.generics.EmployeeHashmap - 
Designer: Lily
10:11:03.186 [main] INFO  com.solvd.itcompany.generics.EmployeeHashmap - 
Frontend Engineer: Pam
10:11:03.186 [main] INFO  com.solvd.itcompany.generics.EmployeeHashmap - 
IOS Developer: Kevin
10:11:03.186 [main] INFO  com.solvd.itcompany.generics.EmployeeHashmap - 
Marketing Manager: Carl
10:11:03.186 [main] INFO  com.solvd.itcompany.generics.EmployeeHashmap - 
Backend Engineer: Tom
10:11:03.186 [main] INFO  com.solvd.itcompany.generics.EmployeeHashmap - 
Quality Analyst: David
