19:37:01.169 [main] INFO  com.solvd.itcompany.Runner - Method Modifiers: public final
19:37:01.170 [main] INFO  com.solvd.itcompany.Runner - Return Type: void
19:37:01.171 [main] INFO  com.solvd.itcompany.Runner - Method name: intro
19:37:01.171 [main] INFO  com.solvd.itcompany.Runner - Parameters: 
19:37:01.171 [main] INFO  com.solvd.itcompany.Runner - Method Modifiers: public
19:37:01.171 [main] INFO  com.solvd.itcompany.Runner - Return Type: void
19:37:01.171 [main] INFO  com.solvd.itcompany.Runner - Method name: assignProject
19:37:01.171 [main] INFO  com.solvd.itcompany.Runner - Parameters: 
19:37:01.171 [main] INFO  com.solvd.itcompany.Runner -  com.solvd.itcompany.Project
19:37:01.171 [main] INFO  com.solvd.itcompany.Runner -  java.util.ArrayList
19:37:01.171 [main] INFO  com.solvd.itcompany.Runner -  com.solvd.itcompany.enums.ProjectStatus
19:37:01.171 [main] INFO  com.solvd.itcompany.Runner - Method Modifiers: public
19:37:01.172 [main] INFO  com.solvd.itcompany.Runner - Return Type: void
19:37:01.172 [main] INFO  com.solvd.itcompany.Runner - Method name: projectCreated
19:37:01.172 [main] INFO  com.solvd.itcompany.Runner - Parameters: 
19:37:01.172 [main] INFO  com.solvd.itcompany.Runner -  com.solvd.itcompany.Project
19:37:01.172 [main] INFO  com.solvd.itcompany.Runner -  java.util.ArrayList
19:37:01.172 [main] INFO  com.solvd.itcompany.Runner - Method Modifiers: public
19:37:01.172 [main] INFO  com.solvd.itcompany.Runner - Return Type: void
19:37:01.172 [main] INFO  com.solvd.itcompany.Runner - Method name: releaseApp
19:37:01.172 [main] INFO  com.solvd.itcompany.Runner - Parameters: 
19:37:01.172 [main] INFO  com.solvd.itcompany.Runner - Method Modifiers: public
19:37:01.173 [main] INFO  com.solvd.itcompany.Runner - Return Type: void
19:37:01.173 [main] INFO  com.solvd.itcompany.Runner - Method name: maintenance
19:37:01.173 [main] INFO  com.solvd.itcompany.Runner - Parameters: 
19:37:01.173 [main] INFO  com.solvd.itcompany.Runner - Method Modifiers: public
19:37:01.173 [main] INFO  com.solvd.itcompany.Runner - Return Type: com.solvd.itcompany.enums.ProjectStatus
