22:12:57.053 [main] INFO  com.solvd.itcompany.generics.ProjectTracker - 
The projects left in the backlog: [New project under development: 
Client: Kelly's Pet Shop
Project Service: App Development
Project Budget: 2500.0
Project Price: 2000.0
Status of Project: In Backlog, New project under development: 
Client: Dave's Bakery Shop
Project Service: App Development
Project Budget: 3000.0
Project Price: 2000.0
Status of Project: In Backlog]
22:12:57.055 [main] INFO  com.solvd.itcompany.generics.ListOfTasks - 
Here are a list of tasks for the project: 
22:12:57.055 [main] INFO  com.solvd.itcompany.generics.ListOfTasks - 
Create the backend
22:12:57.055 [main] INFO  com.solvd.itcompany.generics.ListOfTasks - 
Test the application
22:12:57.055 [main] INFO  com.solvd.itcompany.generics.ListOfTasks - 
Create the frontend
22:12:57.056 [main] INFO  com.solvd.itcompany.generics.ListOfTasks - 
Create the management plan for the project
22:12:57.056 [main] INFO  com.solvd.itcompany.generics.ListOfTasks - 
Create the marketing strategy for the application
22:12:57.056 [main] INFO  com.solvd.itcompany.generics.ListOfTasks - 
Create the design of the application
22:12:57.056 [main] INFO  com.solvd.itcompany.generics.ListOfTasks - 
Create the mobile application
22:12:57.057 [main] INFO  com.solvd.itcompany.generics.ProjectPriority - 
Project1
22:12:57.057 [main] INFO  com.solvd.itcompany.generics.ProjectPriority - 
Project2
22:12:57.058 [main] INFO  com.solvd.itcompany.generics.ProjectPriority - 
Project3
22:12:57.058 [main] INFO  com.solvd.itcompany.ITCompany - Here is the user feedback we've received so far: 
22:12:57.058 [main] INFO  com.solvd.itcompany.ITCompany - Great app!
22:12:57.058 [main] INFO  com.solvd.itcompany.ITCompany - Horrible user experience.
22:12:57.059 [main] INFO  com.solvd.itcompany.ITCompany - I order coffee on this app all the time!
22:12:57.059 [main] INFO  com.solvd.itcompany.ITCompany - 
The application has been released.
22:12:57.059 [main] INFO  com.solvd.itcompany.ITCompany - 
While the application is completed the engineering team will continuously maintain the application.
