21:54:48.961 [main] INFO  com.solvd.itcompany.ITCompany - 
The application has been released.
21:54:48.962 [main] INFO  com.solvd.itcompany.Runner - Result: null
21:55:54.496 [main] INFO  com.solvd.itcompany.Runner - 
---------------------Number of Projects:---------------------
21:55:54.499 [main] INFO  com.solvd.itcompany.Runner - 3
21:55:54.499 [main] INFO  com.solvd.itcompany.Runner - 
---------------------Highest Paying Clients:---------------------
21:55:54.500 [main] INFO  com.solvd.itcompany.Runner - 2
21:55:54.500 [main] INFO  com.solvd.itcompany.Runner - 
---------------------Total Project Profits:---------------------
21:55:54.503 [main] INFO  com.solvd.itcompany.Runner - Total Profit: 7000.0
21:55:54.504 [main] INFO  com.solvd.itcompany.Runner - 
---------------------Client Information:---------------------
21:55:54.504 [main] INFO  com.solvd.itcompany.Runner - Client Name: Paul's Coffee Shop
21:55:54.505 [main] INFO  com.solvd.itcompany.Runner - Client Idea: create an app for the coffee shop
21:55:54.505 [main] INFO  com.solvd.itcompany.Runner - Years in Business: 2
21:55:54.505 [main] INFO  com.solvd.itcompany.Runner - Client Budget: 1500.0
21:55:54.505 [main] INFO  com.solvd.itcompany.Runner - Client Project Status: NEW
21:55:54.505 [main] INFO  com.solvd.itcompany.Runner - Client Name: Kelly's Pet Shop
21:55:54.505 [main] INFO  com.solvd.itcompany.Runner - Client Idea: create an app for the pet shop
21:55:54.505 [main] INFO  com.solvd.itcompany.Runner - Years in Business: 5
21:55:54.505 [main] INFO  com.solvd.itcompany.Runner - Client Budget: 2500.0
21:55:54.505 [main] INFO  com.solvd.itcompany.Runner - Client Project Status: NEW
21:55:54.505 [main] INFO  com.solvd.itcompany.Runner - Client Name: Dave's Bakery Shop
21:55:54.506 [main] INFO  com.solvd.itcompany.Runner - Client Idea: create an app for the bakery shop
21:55:54.506 [main] INFO  com.solvd.itcompany.Runner - Years in Business: 10
21:55:54.506 [main] INFO  com.solvd.itcompany.Runner - Client Budget: 3000.0
21:55:54.506 [main] INFO  com.solvd.itcompany.Runner - Client Project Status: NEW
