21:21:22.953 [main] INFO  com.solvd.itcompany.generics.ListOfTasks - 
Here are a list of tasks for the project: 
21:21:22.954 [main] INFO  com.solvd.itcompany.generics.ListOfTasks - 
Create the backend
21:21:22.954 [main] INFO  com.solvd.itcompany.generics.ListOfTasks - 
Test the application
21:21:22.954 [main] INFO  com.solvd.itcompany.generics.ListOfTasks - 
Create the frontend
21:21:22.955 [main] INFO  com.solvd.itcompany.generics.ListOfTasks - 
Create the management plan for the project
21:21:22.955 [main] INFO  com.solvd.itcompany.generics.ListOfTasks - 
Create the marketing strategy for the application
21:21:22.955 [main] INFO  com.solvd.itcompany.generics.ListOfTasks - 
Create the design of the application
21:21:22.955 [main] INFO  com.solvd.itcompany.generics.ListOfTasks - 
Create the mobile application
21:21:22.956 [main] INFO  com.solvd.itcompany.generics.ProjectPriority - 
Project1
21:21:22.956 [main] INFO  com.solvd.itcompany.generics.ProjectPriority - 
Project2
21:21:22.956 [main] INFO  com.solvd.itcompany.generics.ProjectPriority - 
Project3
21:21:22.957 [main] INFO  com.solvd.itcompany.ITCompany - Here is the user feedback we've received so far: 
21:21:22.957 [main] INFO  com.solvd.itcompany.ITCompany - Great app!
21:21:22.957 [main] INFO  com.solvd.itcompany.ITCompany - Horrible user experience.
21:21:22.957 [main] INFO  com.solvd.itcompany.ITCompany - I order coffee on this app all the time!
21:21:22.957 [main] INFO  com.solvd.itcompany.ITCompany - 
The application has been released.
21:21:22.957 [main] INFO  com.solvd.itcompany.ITCompany - 
While the application is completed the engineering team will continuously maintain the application.
21:27:59.708 [main] INFO  com.solvd.itcompany.Runner - 
---------------------Number of Projects:---------------------
21:27:59.716 [main] INFO  com.solvd.itcompany.Runner - [1, 1]
21:27:59.716 [main] INFO  com.solvd.itcompany.Runner - 
---------------------Client Information:---------------------
21:27:59.717 [main] INFO  com.solvd.itcompany.Runner - Client Name: Kelly's Pet Shop
