21:36:17.359 [main] INFO  com.solvd.itcompany.Runner - Field Modifiers: private
21:36:17.360 [main] INFO  com.solvd.itcompany.Runner - clients
21:36:17.360 [main] INFO  com.solvd.itcompany.Runner - Field Modifiers: private
21:36:17.360 [main] INFO  com.solvd.itcompany.Runner - projects
21:36:17.360 [main] INFO  com.solvd.itcompany.Runner - Field Modifiers: private
21:36:17.360 [main] INFO  com.solvd.itcompany.Runner - projectStatus
21:36:17.361 [main] INFO  com.solvd.itcompany.Runner - Field Modifiers: private
21:36:17.361 [main] INFO  com.solvd.itcompany.Runner - logger
21:36:17.361 [main] INFO  com.solvd.itcompany.Runner - Field Modifiers: private static final
21:36:17.361 [main] INFO  com.solvd.itcompany.Runner - Method Modifiers: public
21:36:17.361 [main] INFO  com.solvd.itcompany.Runner - Return Type: java.lang.String
21:36:17.361 [main] INFO  com.solvd.itcompany.Runner - Method name: getName
21:36:17.362 [main] INFO  com.solvd.itcompany.Runner - Parameters: 
21:36:17.362 [main] INFO  com.solvd.itcompany.Runner - Method Modifiers: public
21:36:17.362 [main] INFO  com.solvd.itcompany.Runner - Return Type: void
21:36:17.362 [main] INFO  com.solvd.itcompany.Runner - Method name: setName
21:36:17.362 [main] INFO  com.solvd.itcompany.Runner - Parameters: 
21:36:17.362 [main] INFO  com.solvd.itcompany.Runner -  java.lang.String
21:36:17.362 [main] INFO  com.solvd.itcompany.Runner - Method Modifiers: public
21:36:17.362 [main] INFO  com.solvd.itcompany.Runner - Return Type: void
21:36:17.363 [main] INFO  com.solvd.itcompany.Runner - Method name: setEmployees
21:36:17.363 [main] INFO  com.solvd.itcompany.Runner - Parameters: 
21:36:17.363 [main] INFO  com.solvd.itcompany.Runner -  java.util.ArrayList
21:36:17.363 [main] INFO  com.solvd.itcompany.Runner - Method Modifiers: public final
21:36:17.363 [main] INFO  com.solvd.itcompany.Runner - Return Type: void
21:36:17.363 [main] INFO  com.solvd.itcompany.Runner - Method name: intro
21:36:17.363 [main] INFO  com.solvd.itcompany.Runner - Parameters: 
21:36:17.364 [main] INFO  com.solvd.itcompany.Runner - Method Modifiers: public
