22:47:15.153 [main] INFO  com.solvd.itcompany.Runner - 2
22:47:15.158 [main] INFO  com.solvd.itcompany.Runner - 
---------------------Client Information:---------------------
22:47:15.159 [main] INFO  com.solvd.itcompany.Runner - Client Name: Kelly's Pet Shop
22:47:15.160 [main] INFO  com.solvd.itcompany.Runner - Client Idea: create an app for the pet shop
22:47:15.160 [main] INFO  com.solvd.itcompany.Runner - Years in Business: 5
22:47:15.160 [main] INFO  com.solvd.itcompany.Runner - Client Budget: 2500.0
22:47:15.160 [main] INFO  com.solvd.itcompany.Runner - Client Project Status: NEW
22:47:15.160 [main] INFO  com.solvd.itcompany.Runner - Client Name: Dave's Bakery Shop
22:47:15.160 [main] INFO  com.solvd.itcompany.Runner - Client Idea: create an app for the bakery shop
22:47:15.161 [main] INFO  com.solvd.itcompany.Runner - Years in Business: 10
22:47:15.161 [main] INFO  com.solvd.itcompany.Runner - Client Budget: 3000.0
22:47:15.161 [main] INFO  com.solvd.itcompany.Runner - Client Project Status: NEW
22:47:15.162 [main] INFO  com.solvd.itcompany.generics.LinkedListProject - 
Backlog of projects: 
New project under development: 
Client: Paul's Coffee Shop
Project Service: APP_DEVELOPMENT
Project Budget: 1500.0
Project Price: 1000.0
Status of Project: NEW
22:47:15.163 [main] INFO  com.solvd.itcompany.IFulfillRequirements - Here are the requirements for the application: 
22:47:15.163 [main] INFO  com.solvd.itcompany.IFulfillRequirements - Users can order coffee
22:47:15.163 [main] INFO  com.solvd.itcompany.IFulfillRequirements - Users can track loyalty points
22:47:15.163 [main] INFO  com.solvd.itcompany.IFulfillRequirements - Users can interact with community
22:47:15.164 [main] INFO  com.solvd.itcompany.IFulfillRequirements - The IT company has completed reviewing the requirements for the application.

22:47:15.165 [main] INFO  com.solvd.itcompany.Runner - 
---------------------Your Team's Credentials:---------------------
22:47:15.166 [main] INFO  com.solvd.itcompany.Runner - 
Cameron
22:47:15.166 [main] INFO  com.solvd.itcompany.Runner - 
Manager
