13:03:11.377 [main] INFO  com.solvd.itcompany.Runner - 
MID_LEVEL
13:03:11.378 [main] INFO  com.solvd.itcompany.Runner - 
Pam
13:03:11.378 [main] INFO  com.solvd.itcompany.Runner - 
Frontend
13:03:11.378 [main] INFO  com.solvd.itcompany.Runner - 
Frontend Bootcamp
13:03:11.378 [main] INFO  com.solvd.itcompany.Runner - 
MID_LEVEL
13:03:11.378 [main] INFO  com.solvd.itcompany.Runner - 
Kevin
13:03:11.378 [main] INFO  com.solvd.itcompany.Runner - 
IOS
13:03:11.378 [main] INFO  com.solvd.itcompany.Runner - 
Mobile Development Bootcamp
13:03:11.378 [main] INFO  com.solvd.itcompany.Runner - 
SENIOR_LEVEL
13:03:11.379 [main] INFO  com.solvd.itcompany.Runner - 
David
13:03:11.379 [main] INFO  com.solvd.itcompany.Runner - 
Quality
13:03:11.379 [main] INFO  com.solvd.itcompany.Runner - 
Bachelors Degree in Information Technology
13:03:11.379 [main] INFO  com.solvd.itcompany.Runner - 
ENTRY_LEVEL
13:03:11.379 [main] INFO  com.solvd.itcompany.Runner - 
Carl
13:03:11.379 [main] INFO  com.solvd.itcompany.Runner - 
Marketing
13:03:11.380 [main] INFO  com.solvd.itcompany.Runner - 
Bachelors Degree in Marketing
13:03:11.380 [main] INFO  com.solvd.itcompany.Runner - 
SENIOR_LEVEL
13:03:11.381 [main] INFO  com.solvd.itcompany.Runner - 
---------------------Tools The Team Uses:---------------------
13:03:11.382 [main] INFO  com.solvd.itcompany.Runner - [Gantt chart, Communications plan]
13:03:11.382 [main] INFO  com.solvd.itcompany.Runner - [Andromo, BuildFire]
13:03:11.382 [main] INFO  com.solvd.itcompany.Runner - [Java, PHP, JavaScript]
13:03:11.382 [main] INFO  com.solvd.itcompany.Runner - [HTML, CSS, React]
13:03:11.382 [main] INFO  com.solvd.itcompany.Runner - [Swift, Objective-C]
13:03:11.382 [main] INFO  com.solvd.itcompany.Runner - [Java, Maven, Cucumber]
13:03:11.382 [main] INFO  com.solvd.itcompany.Runner - [organic social media, email promotion, paid social media]
13:03:11.383 [main] INFO  com.solvd.itcompany.generics.EmployeeHashmap - 
List of employees working on the project: 
13:03:11.383 [main] INFO  com.solvd.itcompany.generics.EmployeeHashmap - 
Designer: Lily
