20:30:09.900 [main] INFO  com.solvd.itcompany.Runner - Method Modifiers: public
20:30:09.902 [main] INFO  com.solvd.itcompany.Runner - Return Type: void
20:30:09.902 [main] INFO  com.solvd.itcompany.Runner - Method name: assignProject
20:30:09.902 [main] INFO  com.solvd.itcompany.Runner - Parameters: 
20:30:09.902 [main] INFO  com.solvd.itcompany.Runner -  com.solvd.itcompany.Project
20:30:09.902 [main] INFO  com.solvd.itcompany.Runner -  java.util.ArrayList
20:30:09.902 [main] INFO  com.solvd.itcompany.Runner -  com.solvd.itcompany.enums.ProjectStatus
20:30:09.902 [main] INFO  com.solvd.itcompany.Runner - Method Modifiers: public
20:30:09.902 [main] INFO  com.solvd.itcompany.Runner - Return Type: void
20:30:09.902 [main] INFO  com.solvd.itcompany.Runner - Method name: projectCreated
20:30:09.903 [main] INFO  com.solvd.itcompany.Runner - Parameters: 
20:30:09.903 [main] INFO  com.solvd.itcompany.Runner -  com.solvd.itcompany.Project
20:30:09.903 [main] INFO  com.solvd.itcompany.Runner -  java.util.ArrayList
20:30:09.903 [main] INFO  com.solvd.itcompany.Runner - Method Modifiers: public
20:30:09.903 [main] INFO  com.solvd.itcompany.Runner - Return Type: void
20:30:09.903 [main] INFO  com.solvd.itcompany.Runner - Method name: releaseApp
20:30:09.903 [main] INFO  com.solvd.itcompany.Runner - Parameters: 
20:30:09.903 [main] INFO  com.solvd.itcompany.Runner - Method Modifiers: public
20:30:09.903 [main] INFO  com.solvd.itcompany.Runner - Return Type: void
20:30:09.903 [main] INFO  com.solvd.itcompany.Runner - Method name: maintenance
20:30:09.904 [main] INFO  com.solvd.itcompany.Runner - Parameters: 
20:30:09.904 [main] INFO  com.solvd.itcompany.Runner - Method Modifiers: public
20:30:09.904 [main] INFO  com.solvd.itcompany.Runner - Return Type: com.solvd.itcompany.enums.ProjectStatus
20:30:09.904 [main] INFO  com.solvd.itcompany.Runner - Method name: getProjectStatus
20:30:09.904 [main] INFO  com.solvd.itcompany.Runner - Parameters: 
20:30:09.904 [main] INFO  com.solvd.itcompany.Runner - Method Modifiers: public
20:30:09.904 [main] INFO  com.solvd.itcompany.Runner - Return Type: java.util.ArrayList
