21:38:38.075 [main] INFO  com.solvd.itcompany.Runner - Method Modifiers: public
21:38:38.076 [main] INFO  com.solvd.itcompany.Runner - Return Type: java.util.ArrayList
21:38:38.076 [main] INFO  com.solvd.itcompany.Runner - Method name: getEmployees
21:38:38.076 [main] INFO  com.solvd.itcompany.Runner - Parameters: 
21:38:38.076 [main] INFO  com.solvd.itcompany.Runner - Method Modifiers: public
21:38:38.076 [main] INFO  com.solvd.itcompany.Runner - Return Type: java.util.ArrayList
21:38:38.076 [main] INFO  com.solvd.itcompany.Runner - Method name: getClients
21:38:38.076 [main] INFO  com.solvd.itcompany.Runner - Parameters: 
21:38:38.077 [main] INFO  com.solvd.itcompany.Runner - Method Modifiers: public
21:38:38.077 [main] INFO  com.solvd.itcompany.Runner - Return Type: void
21:38:38.077 [main] INFO  com.solvd.itcompany.Runner - Method name: setClients
21:38:38.077 [main] INFO  com.solvd.itcompany.Runner - Parameters: 
21:38:38.077 [main] INFO  com.solvd.itcompany.Runner -  java.util.ArrayList
21:38:38.077 [main] INFO  com.solvd.itcompany.Runner - Method Modifiers: public
21:38:38.077 [main] INFO  com.solvd.itcompany.Runner - Return Type: java.util.ArrayList
21:38:38.077 [main] INFO  com.solvd.itcompany.Runner - Method name: getProjects
21:38:38.077 [main] INFO  com.solvd.itcompany.Runner - Parameters: 
21:38:38.077 [main] INFO  com.solvd.itcompany.Runner - Method Modifiers: public
21:38:38.077 [main] INFO  com.solvd.itcompany.Runner - Return Type: void
21:38:38.077 [main] INFO  com.solvd.itcompany.Runner - Method name: setProjects
21:38:38.077 [main] INFO  com.solvd.itcompany.Runner - Parameters: 
21:38:38.077 [main] INFO  com.solvd.itcompany.Runner -  java.util.ArrayList
21:46:45.384 [main] INFO  com.solvd.itcompany.Runner - 
---------------------Number of Projects:---------------------
21:46:45.388 [main] INFO  com.solvd.itcompany.Runner - 3
21:46:45.388 [main] INFO  com.solvd.itcompany.Runner - 
---------------------Highest Paying Clients:---------------------
21:46:45.389 [main] INFO  com.solvd.itcompany.Runner - 2
