21:37:52.877 [main] INFO  com.solvd.itcompany.IFulfillRequirements - Users can order coffee
21:37:52.889 [main] INFO  com.solvd.itcompany.IFulfillRequirements - Users can track loyalty points
21:37:52.889 [main] INFO  com.solvd.itcompany.IFulfillRequirements - Users can interact with community
21:37:52.890 [main] INFO  com.solvd.itcompany.IFulfillRequirements - The IT company has completed reviewing the requirements for the application.

21:37:52.900 [main] INFO  com.solvd.itcompany.generics.EmployeeHashmap - 
List of employees working on the project: 
21:37:52.900 [main] INFO  com.solvd.itcompany.generics.EmployeeHashmap - 
Designer: Lily
21:37:52.900 [main] INFO  com.solvd.itcompany.generics.EmployeeHashmap - 
Frontend Engineer: Pam
21:37:52.901 [main] INFO  com.solvd.itcompany.generics.EmployeeHashmap - 
IOS Developer: Kevin
21:37:52.901 [main] INFO  com.solvd.itcompany.generics.EmployeeHashmap - 
Marketing Manager: Carl
21:37:52.901 [main] INFO  com.solvd.itcompany.generics.EmployeeHashmap - 
Backend Engineer: Tom
21:37:52.901 [main] INFO  com.solvd.itcompany.generics.EmployeeHashmap - 
Quality Analyst: David
21:37:52.902 [main] INFO  com.solvd.itcompany.generics.EmployeeHashmap - 
Project Manager: Cameron
21:37:52.905 [main] INFO  com.solvd.itcompany.ITCompany - The IT Company has a request to start a project.
21:37:52.906 [main] INFO  com.solvd.itcompany.ITCompany - 
The project managers have been added to the project.
21:37:52.906 [main] INFO  com.solvd.itcompany.ITCompany - 
The designers have been added to the project.
21:37:52.906 [main] INFO  com.solvd.itcompany.ITCompany - 
The backend engineers have been added to the project.
21:37:52.907 [main] INFO  com.solvd.itcompany.ITCompany - 
The frontend engineers have been added to the project.
21:37:52.907 [main] INFO  com.solvd.itcompany.ITCompany - 
The IOS developers have been added to the project.
21:37:52.907 [main] INFO  com.solvd.itcompany.ITCompany - 
The quality analysts have been added to the project.
21:37:52.908 [main] INFO  com.solvd.itcompany.ITCompany - 
The marketers have been added to the project.

