21:14:29.638 [main] INFO  com.solvd.itcompany.Runner - Modifiers: public
21:14:29.639 [main] INFO  com.solvd.itcompany.Runner - Return Type: void
21:14:29.639 [main] INFO  com.solvd.itcompany.Runner - Method name: releaseApp
21:14:29.639 [main] INFO  com.solvd.itcompany.Runner - Parameters: 
21:14:29.639 [main] INFO  com.solvd.itcompany.Runner - Modifiers: public
21:14:29.640 [main] INFO  com.solvd.itcompany.Runner - Return Type: void
21:14:29.640 [main] INFO  com.solvd.itcompany.Runner - Method name: maintenance
21:14:29.640 [main] INFO  com.solvd.itcompany.Runner - Parameters: 
21:14:29.640 [main] INFO  com.solvd.itcompany.Runner - Modifiers: public
21:14:29.640 [main] INFO  com.solvd.itcompany.Runner - Return Type: com.solvd.itcompany.enums.ProjectStatus
21:14:29.640 [main] INFO  com.solvd.itcompany.Runner - Method name: getProjectStatus
21:14:29.640 [main] INFO  com.solvd.itcompany.Runner - Parameters: 
21:14:29.640 [main] INFO  com.solvd.itcompany.Runner - Modifiers: public
21:14:29.640 [main] INFO  com.solvd.itcompany.Runner - Return Type: java.util.ArrayList
21:14:29.640 [main] INFO  com.solvd.itcompany.Runner - Method name: getClients
21:14:29.640 [main] INFO  com.solvd.itcompany.Runner - Parameters: 
21:14:29.640 [main] INFO  com.solvd.itcompany.Runner - Modifiers: public
21:14:29.640 [main] INFO  com.solvd.itcompany.Runner - Return Type: void
21:14:29.641 [main] INFO  com.solvd.itcompany.Runner - Method name: setClients
21:14:29.641 [main] INFO  com.solvd.itcompany.Runner - Parameters: 
21:14:29.641 [main] INFO  com.solvd.itcompany.Runner -  java.util.ArrayList
21:14:29.641 [main] INFO  com.solvd.itcompany.Runner - Modifiers: public
21:14:29.641 [main] INFO  com.solvd.itcompany.Runner - Return Type: java.util.ArrayList
21:14:29.641 [main] INFO  com.solvd.itcompany.Runner - Method name: getProjects
21:14:29.641 [main] INFO  com.solvd.itcompany.Runner - Parameters: 
21:14:29.641 [main] INFO  com.solvd.itcompany.Runner - Modifiers: public
21:14:29.641 [main] INFO  com.solvd.itcompany.Runner - Return Type: void
