15:35:38.232 [main] INFO  com.solvd.itcompany.ITCompany - 
The backend engineers have been added to the project.
15:35:38.232 [main] INFO  com.solvd.itcompany.ITCompany - 
The frontend engineers have been added to the project.
15:35:38.232 [main] INFO  com.solvd.itcompany.ITCompany - 
The IOS developers have been added to the project.
15:35:38.233 [main] INFO  com.solvd.itcompany.ITCompany - 
The quality analysts have been added to the project.
15:35:38.233 [main] INFO  com.solvd.itcompany.ITCompany - 
The marketers have been added to the project.

15:35:38.233 [main] INFO  com.solvd.itcompany.ITCompany - 
Status of Project: IN_PROGRESS
15:35:38.233 [main] INFO  com.solvd.itcompany.employees.ProjectManager - The project manager is creating the project plan...

15:35:38.233 [main] INFO  com.solvd.itcompany.employees.ProjectManager - Gantt chart
15:35:38.233 [main] INFO  com.solvd.itcompany.employees.ProjectManager - Communications plan
15:35:38.234 [main] INFO  com.solvd.itcompany.employees.ProjectManager - 
The the Project Manager is done managing the application.

15:35:38.234 [main] INFO  com.solvd.itcompany.employees.Designer - The designer is creating the design of the application...

15:35:38.234 [main] INFO  com.solvd.itcompany.employees.Designer - Andromo
15:35:38.234 [main] INFO  com.solvd.itcompany.employees.Designer - BuildFire
15:35:38.234 [main] INFO  com.solvd.itcompany.employees.Designer - 
The the designer is done designing the application.

15:35:38.234 [main] INFO  com.solvd.itcompany.employees.QualityAnalyst - The quality analyst is testing the application...

15:35:38.234 [main] INFO  com.solvd.itcompany.employees.QualityAnalyst - Java
15:35:38.234 [main] INFO  com.solvd.itcompany.employees.QualityAnalyst - Maven
15:35:38.234 [main] INFO  com.solvd.itcompany.employees.QualityAnalyst - Cucumber
15:35:38.234 [main] INFO  com.solvd.itcompany.employees.QualityAnalyst - 
The the Quality Analyst is done testing the application.

15:35:38.234 [main] INFO  com.solvd.itcompany.employees.MarketingManager - The marketing manager is creating the promotional plan...

