22:29:15.061 [main] INFO  com.solvd.itcompany.employees.QualityAnalyst - Maven
22:29:15.062 [main] INFO  com.solvd.itcompany.employees.QualityAnalyst - Cucumber
22:29:15.063 [main] INFO  com.solvd.itcompany.employees.QualityAnalyst - 
The the Quality Analyst is done testing the application.

22:29:15.063 [main] INFO  com.solvd.itcompany.employees.MarketingManager - The marketing manager is creating the promotional plan...

22:29:15.063 [main] INFO  com.solvd.itcompany.employees.MarketingManager - organic social media
22:29:15.063 [main] INFO  com.solvd.itcompany.employees.MarketingManager - email promotion
22:29:15.063 [main] INFO  com.solvd.itcompany.employees.MarketingManager - paid social media
22:29:15.063 [main] INFO  com.solvd.itcompany.employees.MarketingManager - 
The the Marketing Manager is done promoting the application.

22:29:15.063 [main] INFO  com.solvd.itcompany.ITCompany - 
Status of Project: COMPLETE
22:29:15.064 [main] INFO  com.solvd.itcompany.generics.ProjectTracker - 
The projects left in the backlog: [New project under development: 
Client: Paul's Coffee Shop
Project Service: APP_DEVELOPMENT
Project Budget: 1500.0
Project Price: 1000.0
Status of Project: NEW, New project under development: 
Client: Kelly's Pet Shop
Project Service: APP_DEVELOPMENT
Project Budget: 2500.0
Project Price: 1000.0
Status of Project: NEW, New project under development: 
Client: Dave's Bakery Shop
Project Service: APP_DEVELOPMENT
Project Budget: 3000.0
Project Price: 1000.0
Status of Project: NEW]
22:29:15.064 [main] INFO  com.solvd.itcompany.generics.ListOfTasks - 
Here are a list of tasks for the project: 
22:29:15.065 [main] INFO  com.solvd.itcompany.generics.ListOfTasks - 
Create the backend
22:29:15.065 [main] INFO  com.solvd.itcompany.generics.ListOfTasks - 
Test the application
22:29:15.065 [main] INFO  com.solvd.itcompany.generics.ListOfTasks - 
Create the frontend
22:29:15.065 [main] INFO  com.solvd.itcompany.generics.ListOfTasks - 
Create the management plan for the project
22:29:15.065 [main] INFO  com.solvd.itcompany.generics.ListOfTasks - 
Create the marketing strategy for the application
