21:18:59.132 [main] INFO  com.solvd.itcompany.Runner - 
Cameron
21:18:59.133 [main] INFO  com.solvd.itcompany.Runner - 
Manager
21:18:59.133 [main] INFO  com.solvd.itcompany.Runner - 
Bachelors Degree in Business Administration
21:18:59.133 [main] INFO  com.solvd.itcompany.Runner - 
MID_LEVEL
21:18:59.133 [main] INFO  com.solvd.itcompany.Runner - 
Lily
21:18:59.134 [main] INFO  com.solvd.itcompany.Runner - 
Designer
21:18:59.134 [main] INFO  com.solvd.itcompany.Runner - 
Bachelors Degree in Graphic Design
21:18:59.134 [main] INFO  com.solvd.itcompany.Runner - 
ENTRY_LEVEL
21:18:59.134 [main] INFO  com.solvd.itcompany.Runner - 
Tom
21:18:59.134 [main] INFO  com.solvd.itcompany.Runner - 
Backend
21:18:59.134 [main] INFO  com.solvd.itcompany.Runner - 
Bachelors Degree in Computer Science
21:18:59.134 [main] INFO  com.solvd.itcompany.Runner - 
MID_LEVEL
21:18:59.135 [main] INFO  com.solvd.itcompany.Runner - 
Pam
21:18:59.135 [main] INFO  com.solvd.itcompany.Runner - 
Frontend
21:18:59.135 [main] INFO  com.solvd.itcompany.Runner - 
Frontend Bootcamp
21:18:59.135 [main] INFO  com.solvd.itcompany.Runner - 
MID_LEVEL
21:18:59.135 [main] INFO  com.solvd.itcompany.Runner - 
Kevin
21:18:59.135 [main] INFO  com.solvd.itcompany.Runner - 
IOS
21:18:59.135 [main] INFO  com.solvd.itcompany.Runner - 
Mobile Development Bootcamp
21:18:59.135 [main] INFO  com.solvd.itcompany.Runner - 
SENIOR_LEVEL
21:18:59.136 [main] INFO  com.solvd.itcompany.Runner - 
David
21:18:59.136 [main] INFO  com.solvd.itcompany.Runner - 
Quality
21:18:59.136 [main] INFO  com.solvd.itcompany.Runner - 
Bachelors Degree in Information Technology
21:18:59.136 [main] INFO  com.solvd.itcompany.Runner - 
ENTRY_LEVEL
21:18:59.136 [main] INFO  com.solvd.itcompany.Runner - 
Carl
21:18:59.136 [main] INFO  com.solvd.itcompany.Runner - 
Marketing
21:18:59.136 [main] INFO  com.solvd.itcompany.Runner - 
Bachelors Degree in Marketing
21:18:59.136 [main] INFO  com.solvd.itcompany.Runner - 
SENIOR_LEVEL
21:18:59.138 [main] INFO  com.solvd.itcompany.Runner - 
---------------------Mid-level Engineers:---------------------
