10:07:52.274 [main] INFO  com.solvd.itcompany.generics.ListOfTasks - 
Here are a list of tasks for the project: 
10:07:52.280 [main] INFO  com.solvd.itcompany.generics.ListOfTasks - 
Create the backend
10:07:52.280 [main] INFO  com.solvd.itcompany.generics.ListOfTasks - 
Test the application
10:07:52.281 [main] INFO  com.solvd.itcompany.generics.ListOfTasks - 
Create the frontend
10:07:52.281 [main] INFO  com.solvd.itcompany.generics.ListOfTasks - 
Create the management plan for the project
10:07:52.281 [main] INFO  com.solvd.itcompany.generics.ListOfTasks - 
Create the marketing strategy for the application
10:07:52.281 [main] INFO  com.solvd.itcompany.generics.ListOfTasks - 
Create the design of the application
10:07:52.281 [main] INFO  com.solvd.itcompany.generics.ListOfTasks - 
Create the mobile application
10:07:52.283 [main] INFO  com.solvd.itcompany.generics.ProjectPriority - 
Project1
10:07:52.286 [main] INFO  com.solvd.itcompany.generics.ProjectPriority - 
Project2
10:07:52.286 [main] INFO  com.solvd.itcompany.generics.ProjectPriority - 
Project3
10:07:52.288 [main] INFO  com.solvd.itcompany.ITCompany - Here is the user feedback we've received so far: 
10:07:52.288 [main] INFO  com.solvd.itcompany.ITCompany - Great app!
10:07:52.288 [main] INFO  com.solvd.itcompany.ITCompany - Horrible user experience.
10:07:52.288 [main] INFO  com.solvd.itcompany.ITCompany - I order coffee on this app all the time!
10:07:52.288 [main] INFO  com.solvd.itcompany.ITCompany - 
The application has been released.
10:07:52.288 [main] INFO  com.solvd.itcompany.ITCompany - 
While the application is completed the engineering team will continuously maintain the application.
10:10:10.261 [main] INFO  com.solvd.itcompany.generics.LinkedListProject - 
Backlog of projects: 
New project under development: 
Client: Paul's Coffee Shop
Project Service: APP_DEVELOPMENT
Project Budget: 1500.0
Project Price: 1000.0
Status of Project: NEW
10:10:10.264 [main] INFO  com.solvd.itcompany.IFulfillRequirements - Here are the requirements for the application: 
