22:00:49.133 [main] INFO  com.solvd.itcompany.generics.EmployeeHashmap - 
IOS Developer: Kevin
22:00:49.134 [main] INFO  com.solvd.itcompany.generics.EmployeeHashmap - 
Marketing Manager: Carl
22:00:49.134 [main] INFO  com.solvd.itcompany.generics.EmployeeHashmap - 
Backend Engineer: Tom
22:00:49.135 [main] INFO  com.solvd.itcompany.generics.EmployeeHashmap - 
Quality Analyst: David
22:00:49.135 [main] INFO  com.solvd.itcompany.generics.EmployeeHashmap - 
Project Manager: Cameron
22:00:49.135 [main] INFO  com.solvd.itcompany.ITCompany - The IT Company has a request to start a project.
22:00:49.136 [main] INFO  com.solvd.itcompany.ITCompany - 
The project managers have been added to the project.
22:00:49.136 [main] INFO  com.solvd.itcompany.ITCompany - 
The designers have been added to the project.
22:00:49.136 [main] INFO  com.solvd.itcompany.ITCompany - 
The backend engineers have been added to the project.
22:00:49.136 [main] INFO  com.solvd.itcompany.ITCompany - 
The frontend engineers have been added to the project.
22:00:49.136 [main] INFO  com.solvd.itcompany.ITCompany - 
The IOS developers have been added to the project.
22:00:49.136 [main] INFO  com.solvd.itcompany.ITCompany - 
The quality analysts have been added to the project.
22:00:49.136 [main] INFO  com.solvd.itcompany.ITCompany - 
The marketers have been added to the project.

22:00:49.137 [main] INFO  com.solvd.itcompany.ITCompany - 
Status of Project: IN_PROGRESS
22:00:49.137 [main] INFO  com.solvd.itcompany.employees.ProjectManager - The project manager is creating the project plan...

22:00:49.137 [main] INFO  com.solvd.itcompany.employees.ProjectManager - Gantt chart
22:00:49.137 [main] INFO  com.solvd.itcompany.employees.ProjectManager - Communications plan
22:00:49.137 [main] INFO  com.solvd.itcompany.employees.ProjectManager - 
The the Project Manager is done managing the application.

22:00:49.137 [main] INFO  com.solvd.itcompany.employees.Designer - The designer is creating the design of the application...

22:00:49.137 [main] INFO  com.solvd.itcompany.employees.Designer - Andromo
