09:36:55.271 [main] INFO  com.solvd.itcompany.ITCompany - 
The application has been released.
09:36:55.272 [main] INFO  com.solvd.itcompany.ITCompany - 
While the application is completed the engineering team will continuously maintain the application.
09:41:28.007 [main] INFO  com.solvd.itcompany.generics.LinkedListProject - 
Backlog of projects: 
New project under development: 
Client: Paul's Coffee Shop
Project Service: APP_DEVELOPMENT
Project Budget: 1500.0
Project Price: 1000.0
Status of Project: NEW
09:41:28.011 [main] INFO  com.solvd.itcompany.IFulfillRequirements - Here are the requirements for the application: 
09:41:28.012 [main] INFO  com.solvd.itcompany.IFulfillRequirements - Users can order coffee
09:41:28.012 [main] INFO  com.solvd.itcompany.IFulfillRequirements - Users can track loyalty points
09:41:28.012 [main] INFO  com.solvd.itcompany.IFulfillRequirements - Users can interact with community
09:41:28.012 [main] INFO  com.solvd.itcompany.IFulfillRequirements - The IT company has completed reviewing the requirements for the application.

09:41:28.019 [main] INFO  com.solvd.itcompany.generics.EmployeeHashmap - 
List of employees working on the project: 
09:41:28.019 [main] INFO  com.solvd.itcompany.generics.EmployeeHashmap - 
Designer: Lily
09:41:28.020 [main] INFO  com.solvd.itcompany.generics.EmployeeHashmap - 
Frontend Engineer: Pam
09:41:28.020 [main] INFO  com.solvd.itcompany.generics.EmployeeHashmap - 
IOS Developer: Kevin
09:41:28.020 [main] INFO  com.solvd.itcompany.generics.EmployeeHashmap - 
Marketing Manager: Carl
09:41:28.020 [main] INFO  com.solvd.itcompany.generics.EmployeeHashmap - 
Backend Engineer: Tom
09:41:28.021 [main] INFO  com.solvd.itcompany.generics.EmployeeHashmap - 
Quality Analyst: David
09:41:28.021 [main] INFO  com.solvd.itcompany.generics.EmployeeHashmap - 
Project Manager: Cameron
09:41:28.022 [main] INFO  com.solvd.itcompany.ITCompany - The IT Company has a request to start a project.
09:41:28.023 [main] INFO  com.solvd.itcompany.ITCompany - 
The project managers have been added to the project.
