15:48:20.854 [main] INFO  com.solvd.itcompany.Runner - Parameters: 
15:48:20.855 [main] INFO  com.solvd.itcompany.Runner - Method Modifiers: public
15:48:20.855 [main] INFO  com.solvd.itcompany.Runner - Return Type: void
15:48:20.855 [main] INFO  com.solvd.itcompany.Runner - Method name: setProjects
15:48:20.855 [main] INFO  com.solvd.itcompany.Runner - Parameters: 
15:48:20.855 [main] INFO  com.solvd.itcompany.Runner -  java.util.ArrayList
15:48:20.855 [main] INFO  com.solvd.itcompany.Runner - Result of method call: 
15:48:20.856 [main] INFO  com.solvd.itcompany.ITCompany - Here is the user feedback we've received so far: 
15:48:20.856 [main] INFO  com.solvd.itcompany.ITCompany - Great app!
15:48:20.857 [main] INFO  com.solvd.itcompany.ITCompany - Horrible user experience.
15:48:20.857 [main] INFO  com.solvd.itcompany.ITCompany - I order coffee on this app all the time!
15:48:20.857 [main] INFO  com.solvd.itcompany.ITCompany - 
The application has been released.
15:51:45.439 [main] INFO  com.solvd.itcompany.Runner - 
---------------------Number of Projects:---------------------
15:51:45.442 [main] INFO  com.solvd.itcompany.Runner - 3
15:51:45.442 [main] INFO  com.solvd.itcompany.Runner - 
---------------------Highest Paying Clients:---------------------
15:51:45.443 [main] INFO  com.solvd.itcompany.Runner - 2
15:51:45.443 [main] INFO  com.solvd.itcompany.Runner - 
---------------------Total Project Profits:---------------------
15:51:45.447 [main] INFO  com.solvd.itcompany.Runner - Total Profit: 7000.0
15:51:45.447 [main] INFO  com.solvd.itcompany.Runner - 
---------------------Client Information:---------------------
15:51:45.448 [main] INFO  com.solvd.itcompany.Runner - Client Name: Paul's Coffee Shop
15:51:45.448 [main] INFO  com.solvd.itcompany.Runner - Client Idea: create an app for the coffee shop
15:51:45.448 [main] INFO  com.solvd.itcompany.Runner - Years in Business: 2
15:51:45.449 [main] INFO  com.solvd.itcompany.Runner - Client Budget: 1500.0
15:51:45.449 [main] INFO  com.solvd.itcompany.Runner - Client Project Status: NEW
