12:08:56.206 [main] INFO  com.solvd.itcompany.Runner - 
---------------------Highest Paying Clients:---------------------
12:08:56.210 [main] INFO  com.solvd.itcompany.Runner - 2
12:08:56.211 [main] INFO  com.solvd.itcompany.Runner - 
---------------------Total Project Profits:---------------------
12:08:56.213 [main] INFO  com.solvd.itcompany.Runner - Total Profit: 7000.0
12:08:56.213 [main] INFO  com.solvd.itcompany.Runner - 
---------------------Client Information:---------------------
12:08:56.214 [main] INFO  com.solvd.itcompany.Runner - Client Name: Paul's Coffee Shop
12:08:56.215 [main] INFO  com.solvd.itcompany.Runner - Client Idea: create an app for the coffee shop
12:08:56.215 [main] INFO  com.solvd.itcompany.Runner - Years in Business: 2
12:08:56.215 [main] INFO  com.solvd.itcompany.Runner - Client Budget: 1500.0
12:08:56.215 [main] INFO  com.solvd.itcompany.Runner - Client Project Status: NEW
12:08:56.215 [main] INFO  com.solvd.itcompany.Runner - Client Name: Kelly's Pet Shop
12:08:56.215 [main] INFO  com.solvd.itcompany.Runner - Client Idea: create an app for the pet shop
12:08:56.215 [main] INFO  com.solvd.itcompany.Runner - Years in Business: 5
12:08:56.215 [main] INFO  com.solvd.itcompany.Runner - Client Budget: 2500.0
12:08:56.215 [main] INFO  com.solvd.itcompany.Runner - Client Project Status: NEW
12:08:56.216 [main] INFO  com.solvd.itcompany.Runner - Client Name: Dave's Bakery Shop
12:08:56.216 [main] INFO  com.solvd.itcompany.Runner - Client Idea: create an app for the bakery shop
12:08:56.216 [main] INFO  com.solvd.itcompany.Runner - Years in Business: 10
12:08:56.216 [main] INFO  com.solvd.itcompany.Runner - Client Budget: 3000.0
12:08:56.216 [main] INFO  com.solvd.itcompany.Runner - Client Project Status: NEW
12:08:56.217 [main] INFO  com.solvd.itcompany.generics.LinkedListProject - 
Backlog of projects: 
New project under development: 
Client: Paul's Coffee Shop
Project Service: APP_DEVELOPMENT
Project Budget: 1500.0
Project Price: 1000.0
Status of Project: NEW
12:08:56.217 [main] INFO  com.solvd.itcompany.IFulfillRequirements - Here are the requirements for the application: 
