21:14:29.635 [main] INFO  com.solvd.itcompany.Runner - Parameters: 
21:14:29.636 [main] INFO  com.solvd.itcompany.Runner - Modifiers: public
21:14:29.636 [main] INFO  com.solvd.itcompany.Runner - Return Type: void
21:14:29.636 [main] INFO  com.solvd.itcompany.Runner - Method name: setName
21:14:29.636 [main] INFO  com.solvd.itcompany.Runner - Parameters: 
21:14:29.636 [main] INFO  com.solvd.itcompany.Runner -  java.lang.String
21:14:29.636 [main] INFO  com.solvd.itcompany.Runner - Modifiers: public
21:14:29.636 [main] INFO  com.solvd.itcompany.Runner - Return Type: void
21:14:29.636 [main] INFO  com.solvd.itcompany.Runner - Method name: setEmployees
21:14:29.636 [main] INFO  com.solvd.itcompany.Runner - Parameters: 
21:14:29.636 [main] INFO  com.solvd.itcompany.Runner -  java.util.ArrayList
21:14:29.637 [main] INFO  com.solvd.itcompany.Runner - Modifiers: public final
21:14:29.637 [main] INFO  com.solvd.itcompany.Runner - Return Type: void
21:14:29.637 [main] INFO  com.solvd.itcompany.Runner - Method name: intro
21:14:29.637 [main] INFO  com.solvd.itcompany.Runner - Parameters: 
21:14:29.637 [main] INFO  com.solvd.itcompany.Runner - Modifiers: public
21:14:29.637 [main] INFO  com.solvd.itcompany.Runner - Return Type: void
21:14:29.637 [main] INFO  com.solvd.itcompany.Runner - Method name: assignProject
21:14:29.637 [main] INFO  com.solvd.itcompany.Runner - Parameters: 
21:14:29.637 [main] INFO  com.solvd.itcompany.Runner -  com.solvd.itcompany.Project
21:14:29.637 [main] INFO  com.solvd.itcompany.Runner -  java.util.ArrayList
21:14:29.637 [main] INFO  com.solvd.itcompany.Runner -  com.solvd.itcompany.enums.ProjectStatus
21:14:29.638 [main] INFO  com.solvd.itcompany.Runner - Modifiers: public
21:14:29.638 [main] INFO  com.solvd.itcompany.Runner - Return Type: void
21:14:29.638 [main] INFO  com.solvd.itcompany.Runner - Method name: projectCreated
21:14:29.638 [main] INFO  com.solvd.itcompany.Runner - Parameters: 
21:14:29.638 [main] INFO  com.solvd.itcompany.Runner -  com.solvd.itcompany.Project
21:14:29.638 [main] INFO  com.solvd.itcompany.Runner -  java.util.ArrayList
