22:57:42.525 [main] INFO  com.solvd.itcompany.ITCompany - 
Status of Project: COMPLETE
22:57:42.526 [main] INFO  com.solvd.itcompany.generics.ProjectTracker - 
The projects left in the backlog: [New project under development: 
Client: Paul's Coffee Shop
Project Service: App Development
Project Budget: 1500.0
Project Price: 1000.0
Status of Project: NEW, New project under development: 
Client: Kelly's Pet Shop
Project Service: App Development
Project Budget: 2500.0
Project Price: 2000.0
Status of Project: NEW, New project under development: 
Client: Dave's Bakery Shop
Project Service: App Development
Project Budget: 3000.0
Project Price: 2000.0
Status of Project: NEW]
22:57:42.526 [main] INFO  com.solvd.itcompany.generics.ListOfTasks - 
Here are a list of tasks for the project: 
22:57:42.526 [main] INFO  com.solvd.itcompany.generics.ListOfTasks - 
Create the backend
22:57:42.527 [main] INFO  com.solvd.itcompany.generics.ListOfTasks - 
Test the application
22:57:42.527 [main] INFO  com.solvd.itcompany.generics.ListOfTasks - 
Create the frontend
22:57:42.527 [main] INFO  com.solvd.itcompany.generics.ListOfTasks - 
Create the management plan for the project
22:57:42.527 [main] INFO  com.solvd.itcompany.generics.ListOfTasks - 
Create the marketing strategy for the application
22:57:42.527 [main] INFO  com.solvd.itcompany.generics.ListOfTasks - 
Create the design of the application
22:57:42.527 [main] INFO  com.solvd.itcompany.generics.ListOfTasks - 
Create the mobile application
22:57:42.528 [main] INFO  com.solvd.itcompany.generics.ProjectPriority - 
Project1
22:57:42.528 [main] INFO  com.solvd.itcompany.generics.ProjectPriority - 
Project2
22:57:42.528 [main] INFO  com.solvd.itcompany.generics.ProjectPriority - 
Project3
22:57:42.529 [main] INFO  com.solvd.itcompany.ITCompany - Here is the user feedback we've received so far: 
22:57:42.529 [main] INFO  com.solvd.itcompany.ITCompany - Great app!
22:57:42.529 [main] INFO  com.solvd.itcompany.ITCompany - Horrible user experience.
22:57:42.529 [main] INFO  com.solvd.itcompany.ITCompany - I order coffee on this app all the time!
