15:48:20.851 [main] INFO  com.solvd.itcompany.Runner - Parameters: 
15:48:20.852 [main] INFO  com.solvd.itcompany.Runner -  com.solvd.itcompany.Project
15:48:20.852 [main] INFO  com.solvd.itcompany.Runner -  java.util.ArrayList
15:48:20.852 [main] INFO  com.solvd.itcompany.Runner - Method Modifiers: public
15:48:20.852 [main] INFO  com.solvd.itcompany.Runner - Return Type: void
15:48:20.852 [main] INFO  com.solvd.itcompany.Runner - Method name: releaseApp
15:48:20.852 [main] INFO  com.solvd.itcompany.Runner - Parameters: 
15:48:20.853 [main] INFO  com.solvd.itcompany.Runner - Method Modifiers: public
15:48:20.853 [main] INFO  com.solvd.itcompany.Runner - Return Type: void
15:48:20.853 [main] INFO  com.solvd.itcompany.Runner - Method name: maintenance
15:48:20.853 [main] INFO  com.solvd.itcompany.Runner - Parameters: 
15:48:20.853 [main] INFO  com.solvd.itcompany.Runner - Method Modifiers: public
15:48:20.853 [main] INFO  com.solvd.itcompany.Runner - Return Type: com.solvd.itcompany.enums.ProjectStatus
15:48:20.853 [main] INFO  com.solvd.itcompany.Runner - Method name: getProjectStatus
15:48:20.853 [main] INFO  com.solvd.itcompany.Runner - Parameters: 
15:48:20.853 [main] INFO  com.solvd.itcompany.Runner - Method Modifiers: public
15:48:20.853 [main] INFO  com.solvd.itcompany.Runner - Return Type: java.util.ArrayList
15:48:20.853 [main] INFO  com.solvd.itcompany.Runner - Method name: getClients
15:48:20.854 [main] INFO  com.solvd.itcompany.Runner - Parameters: 
15:48:20.854 [main] INFO  com.solvd.itcompany.Runner - Method Modifiers: public
15:48:20.854 [main] INFO  com.solvd.itcompany.Runner - Return Type: void
15:48:20.854 [main] INFO  com.solvd.itcompany.Runner - Method name: setClients
15:48:20.854 [main] INFO  com.solvd.itcompany.Runner - Parameters: 
15:48:20.854 [main] INFO  com.solvd.itcompany.Runner -  java.util.ArrayList
15:48:20.854 [main] INFO  com.solvd.itcompany.Runner - Method Modifiers: public
15:48:20.854 [main] INFO  com.solvd.itcompany.Runner - Return Type: java.util.ArrayList
15:48:20.854 [main] INFO  com.solvd.itcompany.Runner - Method name: getProjects
