17:51:11.274 [main] INFO  com.solvd.itcompany.ITCompany - Great app!
17:51:11.275 [main] INFO  com.solvd.itcompany.ITCompany - Horrible user experience.
17:51:11.275 [main] INFO  com.solvd.itcompany.ITCompany - I order coffee on this app all the time!
17:51:11.275 [main] INFO  com.solvd.itcompany.ITCompany - 
The application has been released.
19:18:32.310 [main] INFO  com.solvd.itcompany.Runner - 
---------------------Number of Projects:---------------------
19:18:32.314 [main] INFO  com.solvd.itcompany.Runner - 3
19:18:32.314 [main] INFO  com.solvd.itcompany.Runner - 
---------------------Highest Paying Clients:---------------------
19:18:32.314 [main] INFO  com.solvd.itcompany.Runner - 2
19:18:32.314 [main] INFO  com.solvd.itcompany.Runner - 
---------------------Total Project Profits:---------------------
19:18:32.319 [main] INFO  com.solvd.itcompany.Runner - Total Profit: 7000.0
19:18:32.320 [main] INFO  com.solvd.itcompany.Runner - 
---------------------Client Information:---------------------
19:18:32.321 [main] INFO  com.solvd.itcompany.Runner - Client Name: Paul's Coffee Shop
19:18:32.321 [main] INFO  com.solvd.itcompany.Runner - Client Idea: create an app for the coffee shop
19:18:32.321 [main] INFO  com.solvd.itcompany.Runner - Years in Business: 2
19:18:32.321 [main] INFO  com.solvd.itcompany.Runner - Client Budget: 1500.0
19:18:32.322 [main] INFO  com.solvd.itcompany.Runner - Client Project Status: NEW
19:18:32.322 [main] INFO  com.solvd.itcompany.Runner - Client Name: Kelly's Pet Shop
19:18:32.322 [main] INFO  com.solvd.itcompany.Runner - Client Idea: create an app for the pet shop
19:18:32.322 [main] INFO  com.solvd.itcompany.Runner - Years in Business: 5
19:18:32.322 [main] INFO  com.solvd.itcompany.Runner - Client Budget: 2500.0
19:18:32.322 [main] INFO  com.solvd.itcompany.Runner - Client Project Status: NEW
19:18:32.322 [main] INFO  com.solvd.itcompany.Runner - Client Name: Dave's Bakery Shop
19:18:32.323 [main] INFO  com.solvd.itcompany.Runner - Client Idea: create an app for the bakery shop
19:18:32.323 [main] INFO  com.solvd.itcompany.Runner - Years in Business: 10
