12:08:56.223 [main] INFO  com.solvd.itcompany.Runner - 
Bachelors Degree in Information Technology
12:08:56.223 [main] INFO  com.solvd.itcompany.Runner - 
ENTRY_LEVEL
12:08:56.224 [main] INFO  com.solvd.itcompany.Runner - 
Carl
12:08:56.224 [main] INFO  com.solvd.itcompany.Runner - 
Marketing
12:08:56.224 [main] INFO  com.solvd.itcompany.Runner - 
Bachelors Degree in Marketing
12:08:56.224 [main] INFO  com.solvd.itcompany.Runner - 
SENIOR_LEVEL
12:08:56.225 [main] INFO  com.solvd.itcompany.Runner - 
---------------------Mid-level Engineers:---------------------
12:08:56.225 [main] INFO  com.solvd.itcompany.Runner - [com.solvd.itcompany.employees.BackendEngineer@54bff557, com.solvd.itcompany.employees.FrontendEngineer@593aaf41]
12:08:56.225 [main] INFO  com.solvd.itcompany.Runner - 
---------------------Tools The Team Uses:---------------------
12:08:56.226 [main] INFO  com.solvd.itcompany.Runner - [Gantt chart, Communications plan]
12:08:56.226 [main] INFO  com.solvd.itcompany.Runner - [Andromo, BuildFire]
12:08:56.226 [main] INFO  com.solvd.itcompany.Runner - [Java, PHP, JavaScript]
12:08:56.226 [main] INFO  com.solvd.itcompany.Runner - [HTML, CSS, React]
12:08:56.226 [main] INFO  com.solvd.itcompany.Runner - [Swift, Objective-C]
12:08:56.226 [main] INFO  com.solvd.itcompany.Runner - [Java, Maven, Cucumber]
12:08:56.226 [main] INFO  com.solvd.itcompany.Runner - [organic social media, email promotion, paid social media]
12:08:56.227 [main] INFO  com.solvd.itcompany.generics.EmployeeHashmap - 
List of employees working on the project: 
12:08:56.227 [main] INFO  com.solvd.itcompany.generics.EmployeeHashmap - 
Designer: Lily
12:08:56.227 [main] INFO  com.solvd.itcompany.generics.EmployeeHashmap - 
Frontend Engineer: Pam
12:08:56.227 [main] INFO  com.solvd.itcompany.generics.EmployeeHashmap - 
IOS Developer: Kevin
12:08:56.227 [main] INFO  com.solvd.itcompany.generics.EmployeeHashmap - 
Marketing Manager: Carl
12:08:56.227 [main] INFO  com.solvd.itcompany.generics.EmployeeHashmap - 
Backend Engineer: Tom
12:08:56.227 [main] INFO  com.solvd.itcompany.generics.EmployeeHashmap - 
Quality Analyst: David
