12:11:08.843 [main] INFO  com.solvd.itcompany.Runner - 
Manager
12:11:08.844 [main] INFO  com.solvd.itcompany.Runner - 
Bachelors Degree in Business Administration
12:11:08.844 [main] INFO  com.solvd.itcompany.Runner - 
MID_LEVEL
12:11:08.845 [main] INFO  com.solvd.itcompany.Runner - 
Lily
12:11:08.845 [main] INFO  com.solvd.itcompany.Runner - 
Designer
12:11:08.845 [main] INFO  com.solvd.itcompany.Runner - 
Bachelors Degree in Graphic Design
12:11:08.845 [main] INFO  com.solvd.itcompany.Runner - 
ENTRY_LEVEL
12:11:08.845 [main] INFO  com.solvd.itcompany.Runner - 
Tom
12:11:08.845 [main] INFO  com.solvd.itcompany.Runner - 
Backend
12:11:08.846 [main] INFO  com.solvd.itcompany.Runner - 
Bachelors Degree in Computer Science
12:11:08.846 [main] INFO  com.solvd.itcompany.Runner - 
MID_LEVEL
12:11:08.846 [main] INFO  com.solvd.itcompany.Runner - 
Pam
12:11:08.846 [main] INFO  com.solvd.itcompany.Runner - 
Frontend
12:11:08.846 [main] INFO  com.solvd.itcompany.Runner - 
Frontend Bootcamp
12:11:08.846 [main] INFO  com.solvd.itcompany.Runner - 
MID_LEVEL
12:11:08.846 [main] INFO  com.solvd.itcompany.Runner - 
Kevin
12:11:08.846 [main] INFO  com.solvd.itcompany.Runner - 
IOS
12:11:08.847 [main] INFO  com.solvd.itcompany.Runner - 
Mobile Development Bootcamp
12:11:08.847 [main] INFO  com.solvd.itcompany.Runner - 
SENIOR_LEVEL
12:11:08.847 [main] INFO  com.solvd.itcompany.Runner - 
David
12:11:08.847 [main] INFO  com.solvd.itcompany.Runner - 
Quality
12:11:08.847 [main] INFO  com.solvd.itcompany.Runner - 
Bachelors Degree in Information Technology
12:11:08.847 [main] INFO  com.solvd.itcompany.Runner - 
ENTRY_LEVEL
12:11:08.848 [main] INFO  com.solvd.itcompany.Runner - 
Carl
12:11:08.848 [main] INFO  com.solvd.itcompany.Runner - 
Marketing
12:11:08.848 [main] INFO  com.solvd.itcompany.Runner - 
Bachelors Degree in Marketing
12:11:08.848 [main] INFO  com.solvd.itcompany.Runner - 
SENIOR_LEVEL
12:11:08.849 [main] INFO  com.solvd.itcompany.Runner - 
---------------------Mid-level Engineers:---------------------
12:11:08.850 [main] INFO  com.solvd.itcompany.Runner - [com.solvd.itcompany.employees.BackendEngineer@54bff557, com.solvd.itcompany.employees.FrontendEngineer@593aaf41]
