13:03:11.365 [main] INFO  com.solvd.itcompany.Runner - NEW
13:03:11.371 [main] INFO  com.solvd.itcompany.Runner - Dave's Bakery Shop
13:03:11.371 [main] INFO  com.solvd.itcompany.Runner - create an app for the bakery shop
13:03:11.371 [main] INFO  com.solvd.itcompany.Runner - 10
13:03:11.371 [main] INFO  com.solvd.itcompany.Runner - 3000.0
13:03:11.371 [main] INFO  com.solvd.itcompany.Runner - NEW
13:03:11.373 [main] INFO  com.solvd.itcompany.generics.LinkedListProject - 
Backlog of projects: 
New project under development: 
Client: Paul's Coffee Shop
Project Service: APP_DEVELOPMENT
Project Budget: 1500.0
Project Price: 1000.0
Status of Project: NEW
13:03:11.373 [main] INFO  com.solvd.itcompany.IFulfillRequirements - Here are the requirements for the application: 
13:03:11.374 [main] INFO  com.solvd.itcompany.IFulfillRequirements - Users can order coffee
13:03:11.374 [main] INFO  com.solvd.itcompany.IFulfillRequirements - Users can track loyalty points
13:03:11.374 [main] INFO  com.solvd.itcompany.IFulfillRequirements - Users can interact with community
13:03:11.374 [main] INFO  com.solvd.itcompany.IFulfillRequirements - The IT company has completed reviewing the requirements for the application.

13:03:11.375 [main] INFO  com.solvd.itcompany.Runner - 
---------------------Your Team's Credentials:---------------------
13:03:11.376 [main] INFO  com.solvd.itcompany.Runner - 
Cameron
13:03:11.376 [main] INFO  com.solvd.itcompany.Runner - 
Manager
13:03:11.376 [main] INFO  com.solvd.itcompany.Runner - 
Bachelors Degree in Business Administration
13:03:11.376 [main] INFO  com.solvd.itcompany.Runner - 
MID_LEVEL
13:03:11.376 [main] INFO  com.solvd.itcompany.Runner - 
Lily
13:03:11.376 [main] INFO  com.solvd.itcompany.Runner - 
Designer
13:03:11.376 [main] INFO  com.solvd.itcompany.Runner - 
Bachelors Degree in Graphic Design
13:03:11.376 [main] INFO  com.solvd.itcompany.Runner - 
ENTRY_LEVEL
13:03:11.377 [main] INFO  com.solvd.itcompany.Runner - 
Tom
13:03:11.377 [main] INFO  com.solvd.itcompany.Runner - 
Backend
13:03:11.377 [main] INFO  com.solvd.itcompany.Runner - 
Bachelors Degree in Computer Science
