19:37:01.116 [main] INFO  com.solvd.itcompany.Runner - 2
19:37:01.122 [main] INFO  com.solvd.itcompany.Runner - 
---------------------Total Project Profits:---------------------
19:37:01.127 [main] INFO  com.solvd.itcompany.Runner - Total Profit: 7000.0
19:37:01.127 [main] INFO  com.solvd.itcompany.Runner - 
---------------------Client Information:---------------------
19:37:01.128 [main] INFO  com.solvd.itcompany.Runner - Client Name: Paul's Coffee Shop
19:37:01.128 [main] INFO  com.solvd.itcompany.Runner - Client Idea: create an app for the coffee shop
19:37:01.129 [main] INFO  com.solvd.itcompany.Runner - Years in Business: 2
19:37:01.129 [main] INFO  com.solvd.itcompany.Runner - Client Budget: 1500.0
19:37:01.129 [main] INFO  com.solvd.itcompany.Runner - Client Project Status: NEW
19:37:01.129 [main] INFO  com.solvd.itcompany.Runner - Client Name: Kelly's Pet Shop
19:37:01.129 [main] INFO  com.solvd.itcompany.Runner - Client Idea: create an app for the pet shop
19:37:01.130 [main] INFO  com.solvd.itcompany.Runner - Years in Business: 5
19:37:01.130 [main] INFO  com.solvd.itcompany.Runner - Client Budget: 2500.0
19:37:01.130 [main] INFO  com.solvd.itcompany.Runner - Client Project Status: NEW
19:37:01.130 [main] INFO  com.solvd.itcompany.Runner - Client Name: Dave's Bakery Shop
19:37:01.130 [main] INFO  com.solvd.itcompany.Runner - Client Idea: create an app for the bakery shop
19:37:01.130 [main] INFO  com.solvd.itcompany.Runner - Years in Business: 10
19:37:01.130 [main] INFO  com.solvd.itcompany.Runner - Client Budget: 3000.0
19:37:01.131 [main] INFO  com.solvd.itcompany.Runner - Client Project Status: NEW
19:37:01.137 [main] INFO  com.solvd.itcompany.generics.LinkedListProject - 
Backlog of projects: 
New project under development: 
Client: Paul's Coffee Shop
Project Service: APP_DEVELOPMENT
Project Budget: 1500.0
Project Price: 1000.0
Status of Project: NEW
19:37:01.137 [main] INFO  com.solvd.itcompany.IFulfillRequirements - Here are the requirements for the application: 
19:37:01.137 [main] INFO  com.solvd.itcompany.IFulfillRequirements - Users can order coffee
