22:12:57.049 [main] INFO  com.solvd.itcompany.ITCompany - 
Status of Project: Pending...
22:12:57.050 [main] INFO  com.solvd.itcompany.employees.ProjectManager - The project manager is creating the project plan...

22:12:57.050 [main] INFO  com.solvd.itcompany.employees.ProjectManager - Gantt chart
22:12:57.050 [main] INFO  com.solvd.itcompany.employees.ProjectManager - Communications plan
22:12:57.050 [main] INFO  com.solvd.itcompany.employees.ProjectManager - 
The the Project Manager is done managing the application.

22:12:57.050 [main] INFO  com.solvd.itcompany.employees.Designer - The designer is creating the design of the application...

22:12:57.050 [main] INFO  com.solvd.itcompany.employees.Designer - Andromo
22:12:57.051 [main] INFO  com.solvd.itcompany.employees.Designer - BuildFire
22:12:57.051 [main] INFO  com.solvd.itcompany.employees.Designer - 
The the designer is done designing the application.

22:12:57.051 [main] INFO  com.solvd.itcompany.employees.QualityAnalyst - The quality analyst is testing the application...

22:12:57.051 [main] INFO  com.solvd.itcompany.employees.QualityAnalyst - Java
22:12:57.051 [main] INFO  com.solvd.itcompany.employees.QualityAnalyst - Maven
22:12:57.051 [main] INFO  com.solvd.itcompany.employees.QualityAnalyst - Cucumber
22:12:57.051 [main] INFO  com.solvd.itcompany.employees.QualityAnalyst - 
The the Quality Analyst is done testing the application.

22:12:57.052 [main] INFO  com.solvd.itcompany.employees.MarketingManager - The marketing manager is creating the promotional plan...

22:12:57.052 [main] INFO  com.solvd.itcompany.employees.MarketingManager - organic social media
22:12:57.052 [main] INFO  com.solvd.itcompany.employees.MarketingManager - email promotion
22:12:57.052 [main] INFO  com.solvd.itcompany.employees.MarketingManager - paid social media
22:12:57.052 [main] INFO  com.solvd.itcompany.employees.MarketingManager - 
The the Marketing Manager is done promoting the application.

22:12:57.052 [main] INFO  com.solvd.itcompany.employees.MarketingManager - 
Status of Project: Done.
