15:15:08.894 [main] INFO  com.solvd.itcompany.generics.EmployeeHashmap - 
Project Manager: Cameron
15:15:08.895 [main] INFO  com.solvd.itcompany.ITCompany - The IT Company has a request to start a project.
15:15:08.895 [main] INFO  com.solvd.itcompany.ITCompany - 
The project managers have been added to the project.
15:15:08.896 [main] INFO  com.solvd.itcompany.ITCompany - 
The designers have been added to the project.
15:15:08.896 [main] INFO  com.solvd.itcompany.ITCompany - 
The backend engineers have been added to the project.
15:15:08.896 [main] INFO  com.solvd.itcompany.ITCompany - 
The frontend engineers have been added to the project.
15:15:08.896 [main] INFO  com.solvd.itcompany.ITCompany - 
The IOS developers have been added to the project.
15:15:08.896 [main] INFO  com.solvd.itcompany.ITCompany - 
The quality analysts have been added to the project.
15:15:08.896 [main] INFO  com.solvd.itcompany.ITCompany - 
The marketers have been added to the project.

15:15:08.896 [main] INFO  com.solvd.itcompany.ITCompany - 
Status of Project: IN_PROGRESS
15:15:08.896 [main] INFO  com.solvd.itcompany.employees.ProjectManager - The project manager is creating the project plan...

15:15:08.896 [main] INFO  com.solvd.itcompany.employees.ProjectManager - Gantt chart
15:15:08.897 [main] INFO  com.solvd.itcompany.employees.ProjectManager - Communications plan
15:15:08.897 [main] INFO  com.solvd.itcompany.employees.ProjectManager - 
The the Project Manager is done managing the application.

15:15:08.897 [main] INFO  com.solvd.itcompany.employees.Designer - The designer is creating the design of the application...

15:15:08.897 [main] INFO  com.solvd.itcompany.employees.Designer - Andromo
15:15:08.897 [main] INFO  com.solvd.itcompany.employees.Designer - BuildFire
15:15:08.897 [main] INFO  com.solvd.itcompany.employees.Designer - 
The the designer is done designing the application.

15:15:08.897 [main] INFO  com.solvd.itcompany.employees.QualityAnalyst - The quality analyst is testing the application...

15:15:08.897 [main] INFO  com.solvd.itcompany.employees.QualityAnalyst - Java
