21:15:36.268 [main] INFO  com.solvd.itcompany.Runner - Parameters: 
21:15:36.269 [main] INFO  com.solvd.itcompany.Runner - Modifiers: public
21:15:36.269 [main] INFO  com.solvd.itcompany.Runner - Return Type: void
21:15:36.269 [main] INFO  com.solvd.itcompany.Runner - Method name: setEmployees
21:15:36.269 [main] INFO  com.solvd.itcompany.Runner - Parameters: 
21:15:36.269 [main] INFO  com.solvd.itcompany.Runner - java.util.ArrayList
21:15:36.269 [main] INFO  com.solvd.itcompany.Runner - Modifiers: public final
21:15:36.269 [main] INFO  com.solvd.itcompany.Runner - Return Type: void
21:15:36.269 [main] INFO  com.solvd.itcompany.Runner - Method name: intro
21:15:36.269 [main] INFO  com.solvd.itcompany.Runner - Parameters: 
21:15:36.270 [main] INFO  com.solvd.itcompany.Runner - Modifiers: public
21:15:36.270 [main] INFO  com.solvd.itcompany.Runner - Return Type: void
21:15:36.270 [main] INFO  com.solvd.itcompany.Runner - Method name: assignProject
21:15:36.270 [main] INFO  com.solvd.itcompany.Runner - Parameters: 
21:15:36.270 [main] INFO  com.solvd.itcompany.Runner - com.solvd.itcompany.Project
21:15:36.270 [main] INFO  com.solvd.itcompany.Runner - java.util.ArrayList
21:15:36.270 [main] INFO  com.solvd.itcompany.Runner - com.solvd.itcompany.enums.ProjectStatus
21:15:36.270 [main] INFO  com.solvd.itcompany.Runner - Modifiers: public
21:15:36.271 [main] INFO  com.solvd.itcompany.Runner - Return Type: void
21:15:36.271 [main] INFO  com.solvd.itcompany.Runner - Method name: projectCreated
21:15:36.271 [main] INFO  com.solvd.itcompany.Runner - Parameters: 
21:15:36.271 [main] INFO  com.solvd.itcompany.Runner - com.solvd.itcompany.Project
21:15:36.271 [main] INFO  com.solvd.itcompany.Runner - java.util.ArrayList
21:15:36.271 [main] INFO  com.solvd.itcompany.Runner - Modifiers: public
21:15:36.271 [main] INFO  com.solvd.itcompany.Runner - Return Type: void
21:15:36.271 [main] INFO  com.solvd.itcompany.Runner - Method name: releaseApp
21:15:36.271 [main] INFO  com.solvd.itcompany.Runner - Parameters: 
21:15:36.271 [main] INFO  com.solvd.itcompany.Runner - Modifiers: public
