21:55:54.515 [main] INFO  com.solvd.itcompany.Runner - 
Kevin
21:55:54.516 [main] INFO  com.solvd.itcompany.Runner - 
IOS
21:55:54.516 [main] INFO  com.solvd.itcompany.Runner - 
Mobile Development Bootcamp
21:55:54.516 [main] INFO  com.solvd.itcompany.Runner - 
SENIOR_LEVEL
21:55:54.517 [main] INFO  com.solvd.itcompany.Runner - 
David
21:55:54.517 [main] INFO  com.solvd.itcompany.Runner - 
Quality
21:55:54.517 [main] INFO  com.solvd.itcompany.Runner - 
Bachelors Degree in Information Technology
21:55:54.517 [main] INFO  com.solvd.itcompany.Runner - 
ENTRY_LEVEL
21:55:54.517 [main] INFO  com.solvd.itcompany.Runner - 
Carl
21:55:54.517 [main] INFO  com.solvd.itcompany.Runner - 
Marketing
21:55:54.517 [main] INFO  com.solvd.itcompany.Runner - 
Bachelors Degree in Marketing
21:55:54.517 [main] INFO  com.solvd.itcompany.Runner - 
SENIOR_LEVEL
21:55:54.518 [main] INFO  com.solvd.itcompany.Runner - 
---------------------Mid-level Engineers:---------------------
21:55:54.519 [main] INFO  com.solvd.itcompany.Runner - [com.solvd.itcompany.employees.BackendEngineer@54bff557, com.solvd.itcompany.employees.FrontendEngineer@593aaf41]
21:55:54.519 [main] INFO  com.solvd.itcompany.Runner - 
---------------------Tools The Team Uses:---------------------
21:55:54.520 [main] INFO  com.solvd.itcompany.Runner - [Gantt chart, Communications plan]
21:55:54.520 [main] INFO  com.solvd.itcompany.Runner - [Andromo, BuildFire]
21:55:54.521 [main] INFO  com.solvd.itcompany.Runner - [Java, PHP, JavaScript]
21:55:54.521 [main] INFO  com.solvd.itcompany.Runner - [HTML, CSS, React]
21:55:54.521 [main] INFO  com.solvd.itcompany.Runner - [Swift, Objective-C]
21:55:54.521 [main] INFO  com.solvd.itcompany.Runner - [Java, Maven, Cucumber]
21:55:54.521 [main] INFO  com.solvd.itcompany.Runner - [organic social media, email promotion, paid social media]
21:55:54.521 [main] INFO  com.solvd.itcompany.generics.EmployeeHashmap - 
List of employees working on the project: 
21:55:54.521 [main] INFO  com.solvd.itcompany.generics.EmployeeHashmap - 
Designer: Lily
