22:02:33.947 [main] INFO  com.solvd.itcompany.generics.ListOfTasks - 
Here are a list of tasks for the project: 
22:02:33.948 [main] INFO  com.solvd.itcompany.generics.ListOfTasks - 
Create the backend
22:02:33.949 [main] INFO  com.solvd.itcompany.generics.ListOfTasks - 
Test the application
22:02:33.949 [main] INFO  com.solvd.itcompany.generics.ListOfTasks - 
Create the frontend
22:02:33.949 [main] INFO  com.solvd.itcompany.generics.ListOfTasks - 
Create the management plan for the project
22:02:33.949 [main] INFO  com.solvd.itcompany.generics.ListOfTasks - 
Create the marketing strategy for the application
22:02:33.949 [main] INFO  com.solvd.itcompany.generics.ListOfTasks - 
Create the design of the application
22:02:33.949 [main] INFO  com.solvd.itcompany.generics.ListOfTasks - 
Create the mobile application
22:02:33.949 [main] INFO  com.solvd.itcompany.Runner - 
---------------------The First Task in Every Project:---------------------
22:02:33.949 [main] INFO  com.solvd.itcompany.Runner - Create the management plan for the project
22:02:33.950 [main] INFO  com.solvd.itcompany.generics.ProjectPriority - 
Project1
22:02:33.950 [main] INFO  com.solvd.itcompany.generics.ProjectPriority - 
Project2
22:02:33.951 [main] INFO  com.solvd.itcompany.generics.ProjectPriority - 
Project3
22:02:33.951 [main] INFO  com.solvd.itcompany.ITCompany - Here is the user feedback we've received so far: 
22:02:33.951 [main] INFO  com.solvd.itcompany.ITCompany - Great app!
22:02:33.951 [main] INFO  com.solvd.itcompany.ITCompany - Horrible user experience.
22:02:33.951 [main] INFO  com.solvd.itcompany.ITCompany - I order coffee on this app all the time!
22:02:33.951 [main] INFO  com.solvd.itcompany.ITCompany - 
The application has been released.
22:02:33.951 [main] INFO  com.solvd.itcompany.Runner - 
---------------------Bad Reviews:---------------------
22:02:33.952 [main] INFO  com.solvd.itcompany.Runner - [Horrible user experience.]
22:02:33.952 [main] INFO  com.solvd.itcompany.ITCompany - 
While the application is completed the engineering team will continuously maintain the application.
