21:14:29.601 [main] INFO  com.solvd.itcompany.Runner - Client Name: Kelly's Pet Shop
21:14:29.606 [main] INFO  com.solvd.itcompany.Runner - Client Idea: create an app for the pet shop
21:14:29.606 [main] INFO  com.solvd.itcompany.Runner - Years in Business: 5
21:14:29.606 [main] INFO  com.solvd.itcompany.Runner - Client Budget: 2500.0
21:14:29.606 [main] INFO  com.solvd.itcompany.Runner - Client Project Status: NEW
21:14:29.606 [main] INFO  com.solvd.itcompany.Runner - Client Name: Dave's Bakery Shop
21:14:29.606 [main] INFO  com.solvd.itcompany.Runner - Client Idea: create an app for the bakery shop
21:14:29.606 [main] INFO  com.solvd.itcompany.Runner - Years in Business: 10
21:14:29.607 [main] INFO  com.solvd.itcompany.Runner - Client Budget: 3000.0
21:14:29.607 [main] INFO  com.solvd.itcompany.Runner - Client Project Status: NEW
21:14:29.608 [main] INFO  com.solvd.itcompany.generics.LinkedListProject - 
Backlog of projects: 
New project under development: 
Client: Paul's Coffee Shop
Project Service: APP_DEVELOPMENT
Project Budget: 1500.0
Project Price: 1000.0
Status of Project: NEW
21:14:29.608 [main] INFO  com.solvd.itcompany.IFulfillRequirements - Here are the requirements for the application: 
21:14:29.608 [main] INFO  com.solvd.itcompany.IFulfillRequirements - Users can order coffee
21:14:29.608 [main] INFO  com.solvd.itcompany.IFulfillRequirements - Users can track loyalty points
21:14:29.609 [main] INFO  com.solvd.itcompany.IFulfillRequirements - Users can interact with community
21:14:29.609 [main] INFO  com.solvd.itcompany.IFulfillRequirements - The IT company has completed reviewing the requirements for the application.

21:14:29.609 [main] INFO  com.solvd.itcompany.Runner - 
---------------------Your Team's Credentials:---------------------
21:14:29.610 [main] INFO  com.solvd.itcompany.Runner - 
Cameron
21:14:29.610 [main] INFO  com.solvd.itcompany.Runner - 
Manager
21:14:29.610 [main] INFO  com.solvd.itcompany.Runner - 
Bachelors Degree in Business Administration
21:14:29.610 [main] INFO  com.solvd.itcompany.Runner - 
MID_LEVEL
