12:13:15.655 [main] INFO  com.solvd.itcompany.Runner - [Java, Maven, Cucumber]
12:13:15.656 [main] INFO  com.solvd.itcompany.Runner - [organic social media, email promotion, paid social media]
12:13:15.656 [main] INFO  com.solvd.itcompany.generics.EmployeeHashmap - 
List of employees working on the project: 
12:13:15.656 [main] INFO  com.solvd.itcompany.generics.EmployeeHashmap - 
Designer: Lily
12:13:15.656 [main] INFO  com.solvd.itcompany.generics.EmployeeHashmap - 
Frontend Engineer: Pam
12:13:15.656 [main] INFO  com.solvd.itcompany.generics.EmployeeHashmap - 
IOS Developer: Kevin
12:13:15.657 [main] INFO  com.solvd.itcompany.generics.EmployeeHashmap - 
Marketing Manager: Carl
12:13:15.657 [main] INFO  com.solvd.itcompany.generics.EmployeeHashmap - 
Backend Engineer: Tom
12:13:15.657 [main] INFO  com.solvd.itcompany.generics.EmployeeHashmap - 
Quality Analyst: David
12:13:15.657 [main] INFO  com.solvd.itcompany.generics.EmployeeHashmap - 
Project Manager: Cameron
12:13:15.658 [main] INFO  com.solvd.itcompany.ITCompany - The IT Company has a request to start a project.
12:13:15.658 [main] INFO  com.solvd.itcompany.ITCompany - 
The project managers have been added to the project.
12:13:15.658 [main] INFO  com.solvd.itcompany.ITCompany - 
The designers have been added to the project.
12:13:15.658 [main] INFO  com.solvd.itcompany.ITCompany - 
The backend engineers have been added to the project.
12:13:15.658 [main] INFO  com.solvd.itcompany.ITCompany - 
The frontend engineers have been added to the project.
12:13:15.658 [main] INFO  com.solvd.itcompany.ITCompany - 
The IOS developers have been added to the project.
12:13:15.658 [main] INFO  com.solvd.itcompany.ITCompany - 
The quality analysts have been added to the project.
12:13:15.658 [main] INFO  com.solvd.itcompany.ITCompany - 
The marketers have been added to the project.

12:13:15.658 [main] INFO  com.solvd.itcompany.ITCompany - 
Status of Project: IN_PROGRESS
12:13:15.659 [main] INFO  com.solvd.itcompany.employees.ProjectManager - The project manager is creating the project plan...

