22:55:16.400 [main] INFO  com.solvd.itcompany.generics.LinkedListProject - 
Backlog of projects: 
New project under development: 
Client: Paul's Coffee Shop
Project Service: APP_DEVELOPMENT
Project Budget: 1500.0
Project Price: 1000.0
Status of Project: NEW
22:55:16.405 [main] INFO  com.solvd.itcompany.IFulfillRequirements - Here are the requirements for the application: 
22:55:16.405 [main] INFO  com.solvd.itcompany.IFulfillRequirements - Users can order coffee
22:55:16.405 [main] INFO  com.solvd.itcompany.IFulfillRequirements - Users can track loyalty points
22:55:16.405 [main] INFO  com.solvd.itcompany.IFulfillRequirements - Users can interact with community
22:55:16.405 [main] INFO  com.solvd.itcompany.IFulfillRequirements - The IT company has completed reviewing the requirements for the application.

22:55:16.406 [main] INFO  com.solvd.itcompany.Runner - 
---------------------Your Team's Credentials:---------------------
22:55:16.407 [main] INFO  com.solvd.itcompany.Runner - 
Cameron
22:55:16.407 [main] INFO  com.solvd.itcompany.Runner - 
Manager
22:55:16.407 [main] INFO  com.solvd.itcompany.Runner - 
Bachelors Degree in Business Administration
22:55:16.407 [main] INFO  com.solvd.itcompany.Runner - 
MID_LEVEL
22:55:16.407 [main] INFO  com.solvd.itcompany.Runner - 
Lily
22:55:16.407 [main] INFO  com.solvd.itcompany.Runner - 
Designer
22:55:16.408 [main] INFO  com.solvd.itcompany.Runner - 
Bachelors Degree in Graphic Design
22:55:16.408 [main] INFO  com.solvd.itcompany.Runner - 
ENTRY_LEVEL
22:55:16.408 [main] INFO  com.solvd.itcompany.Runner - 
Tom
22:55:16.408 [main] INFO  com.solvd.itcompany.Runner - 
Backend
22:55:16.408 [main] INFO  com.solvd.itcompany.Runner - 
Bachelors Degree in Computer Science
22:55:16.408 [main] INFO  com.solvd.itcompany.Runner - 
MID_LEVEL
22:55:16.408 [main] INFO  com.solvd.itcompany.Runner - 
Pam
22:55:16.408 [main] INFO  com.solvd.itcompany.Runner - 
Frontend
22:55:16.408 [main] INFO  com.solvd.itcompany.Runner - 
Frontend Bootcamp
22:55:16.409 [main] INFO  com.solvd.itcompany.Runner - 
MID_LEVEL
