10:19:49.929 [main] INFO  com.solvd.itcompany.employees.Designer - Andromo
10:19:49.930 [main] INFO  com.solvd.itcompany.employees.Designer - BuildFire
10:19:49.931 [main] INFO  com.solvd.itcompany.employees.Designer - 
The the designer is done designing the application.

10:19:49.931 [main] INFO  com.solvd.itcompany.employees.QualityAnalyst - The quality analyst is testing the application...

10:19:49.931 [main] INFO  com.solvd.itcompany.employees.QualityAnalyst - Java
10:19:49.931 [main] INFO  com.solvd.itcompany.employees.QualityAnalyst - Maven
10:19:49.931 [main] INFO  com.solvd.itcompany.employees.QualityAnalyst - Cucumber
10:19:49.931 [main] INFO  com.solvd.itcompany.employees.QualityAnalyst - 
The the Quality Analyst is done testing the application.

10:19:49.931 [main] INFO  com.solvd.itcompany.employees.MarketingManager - The marketing manager is creating the promotional plan...

10:19:49.931 [main] INFO  com.solvd.itcompany.employees.MarketingManager - organic social media
10:19:49.932 [main] INFO  com.solvd.itcompany.employees.MarketingManager - email promotion
10:19:49.932 [main] INFO  com.solvd.itcompany.employees.MarketingManager - paid social media
10:19:49.932 [main] INFO  com.solvd.itcompany.employees.MarketingManager - 
The the Marketing Manager is done promoting the application.

10:19:49.932 [main] INFO  com.solvd.itcompany.ITCompany - 
Status of Project: COMPLETE
10:19:49.933 [main] INFO  com.solvd.itcompany.generics.ProjectTracker - 
The projects left in the backlog: [New project under development: 
Client: Paul's Coffee Shop
Project Service: APP_DEVELOPMENT
Project Budget: 1500.0
Project Price: 1000.0
Status of Project: NEW, New project under development: 
Client: Kelly's Pet Shop
Project Service: APP_DEVELOPMENT
Project Budget: 2500.0
Project Price: 1000.0
Status of Project: NEW, New project under development: 
Client: Dave's Bakery Shop
Project Service: APP_DEVELOPMENT
Project Budget: 3000.0
Project Price: 1000.0
Status of Project: NEW]
10:19:49.933 [main] INFO  com.solvd.itcompany.generics.ListOfTasks - 
Here are a list of tasks for the project: 
