20:30:09.892 [main] INFO  com.solvd.itcompany.ITCompany - Here is the user feedback we've received so far: 
20:30:09.893 [main] INFO  com.solvd.itcompany.ITCompany - Great app!
20:30:09.893 [main] INFO  com.solvd.itcompany.ITCompany - Horrible user experience.
20:30:09.893 [main] INFO  com.solvd.itcompany.ITCompany - I order coffee on this app all the time!
20:30:09.893 [main] INFO  com.solvd.itcompany.ITCompany - 
The application has been released.
20:30:09.893 [main] INFO  com.solvd.itcompany.Runner - 
---------------------Bad Reviews:---------------------
20:30:09.893 [main] INFO  com.solvd.itcompany.Runner - [Horrible user experience.]
20:30:09.894 [main] INFO  com.solvd.itcompany.ITCompany - 
While the application is completed the engineering team will continuously maintain the application.
20:30:09.894 [main] INFO  com.solvd.itcompany.Runner - 


---------------------Next Projects To Do:---------------------
20:30:09.894 [main] INFO  com.solvd.itcompany.Runner - [New project under development: 
Client: Kelly's Pet Shop
Project Service: APP_DEVELOPMENT
Project Budget: 2500.0
Project Price: 1000.0
Status of Project: NEW, New project under development: 
Client: Dave's Bakery Shop
Project Service: APP_DEVELOPMENT
Project Budget: 3000.0
Project Price: 1000.0
Status of Project: NEW]
20:30:09.894 [main] INFO  com.solvd.itcompany.Runner - 


---------------------Reflection:---------------------
20:30:09.894 [main] INFO  com.solvd.itcompany.Runner - The name of the constructor: com.solvd.itcompany.ITCompany
20:30:09.895 [main] INFO  com.solvd.itcompany.Runner - The fields of the class: 

20:30:09.895 [main] INFO  com.solvd.itcompany.Runner - name
20:30:09.895 [main] INFO  com.solvd.itcompany.Runner - Field Modifiers: private
20:30:09.895 [main] INFO  com.solvd.itcompany.Runner - employees
20:30:09.895 [main] INFO  com.solvd.itcompany.Runner - Field Modifiers: private
20:30:09.895 [main] INFO  com.solvd.itcompany.Runner - clients
20:30:09.895 [main] INFO  com.solvd.itcompany.Runner - Field Modifiers: private
20:30:09.895 [main] INFO  com.solvd.itcompany.Runner - projects
