19:37:01.147 [main] INFO  com.solvd.itcompany.generics.EmployeeHashmap - 
List of employees working on the project: 
19:37:01.149 [main] INFO  com.solvd.itcompany.generics.EmployeeHashmap - 
Designer: Lily
19:37:01.149 [main] INFO  com.solvd.itcompany.generics.EmployeeHashmap - 
Frontend Engineer: Pam
19:37:01.149 [main] INFO  com.solvd.itcompany.generics.EmployeeHashmap - 
IOS Developer: Kevin
19:37:01.150 [main] INFO  com.solvd.itcompany.generics.EmployeeHashmap - 
Marketing Manager: Carl
19:37:01.150 [main] INFO  com.solvd.itcompany.generics.EmployeeHashmap - 
Backend Engineer: Tom
19:37:01.150 [main] INFO  com.solvd.itcompany.generics.EmployeeHashmap - 
Quality Analyst: David
19:37:01.150 [main] INFO  com.solvd.itcompany.generics.EmployeeHashmap - 
Project Manager: Cameron
19:37:01.151 [main] INFO  com.solvd.itcompany.ITCompany - The IT Company has a request to start a project.
19:37:01.151 [main] INFO  com.solvd.itcompany.ITCompany - 
The project managers have been added to the project.
19:37:01.151 [main] INFO  com.solvd.itcompany.ITCompany - 
The designers have been added to the project.
19:37:01.151 [main] INFO  com.solvd.itcompany.ITCompany - 
The backend engineers have been added to the project.
19:37:01.151 [main] INFO  com.solvd.itcompany.ITCompany - 
The frontend engineers have been added to the project.
19:37:01.151 [main] INFO  com.solvd.itcompany.ITCompany - 
The IOS developers have been added to the project.
19:37:01.151 [main] INFO  com.solvd.itcompany.ITCompany - 
The quality analysts have been added to the project.
19:37:01.151 [main] INFO  com.solvd.itcompany.ITCompany - 
The marketers have been added to the project.

19:37:01.152 [main] INFO  com.solvd.itcompany.ITCompany - 
Status of Project: IN_PROGRESS
19:37:01.152 [main] INFO  com.solvd.itcompany.employees.ProjectManager - The project manager is creating the project plan...

19:37:01.152 [main] INFO  com.solvd.itcompany.employees.ProjectManager - Gantt chart
19:37:01.152 [main] INFO  com.solvd.itcompany.employees.ProjectManager - Communications plan
