23:11:15.901 [main] INFO  com.solvd.itcompany.ITCompany - 
The application has been released.
23:11:15.902 [main] INFO  com.solvd.itcompany.ITCompany - 
While the application is completed the engineering team will continuously maintain the application.
23:15:25.155 [main] INFO  com.solvd.itcompany.Runner - 
---------------------Number of Projects:---------------------
23:15:25.158 [main] INFO  com.solvd.itcompany.Runner - 2
23:15:25.158 [main] INFO  com.solvd.itcompany.Runner - 
---------------------Highest Paying Clients:---------------------
23:15:25.159 [main] INFO  com.solvd.itcompany.Runner - [New project under development: 
Client: Kelly's Pet Shop
Project Service: APP_DEVELOPMENT
Project Budget: 2500.0
Project Price: 1000.0
Status of Project: NEW, New project under development: 
Client: Dave's Bakery Shop
Project Service: APP_DEVELOPMENT
Project Budget: 3000.0
Project Price: 1000.0
Status of Project: NEW]
23:15:25.159 [main] INFO  com.solvd.itcompany.Runner - 
---------------------Client Information:---------------------
23:15:25.160 [main] INFO  com.solvd.itcompany.Runner - Client Name: Kelly's Pet Shop
23:15:25.160 [main] INFO  com.solvd.itcompany.Runner - Client Idea: create an app for the pet shop
23:15:25.161 [main] INFO  com.solvd.itcompany.Runner - Years in Business: 5
23:15:25.161 [main] INFO  com.solvd.itcompany.Runner - Client Budget: 2500.0
23:15:25.161 [main] INFO  com.solvd.itcompany.Runner - Client Project Status: NEW
23:15:25.161 [main] INFO  com.solvd.itcompany.Runner - Client Name: Dave's Bakery Shop
23:15:25.161 [main] INFO  com.solvd.itcompany.Runner - Client Idea: create an app for the bakery shop
23:15:25.161 [main] INFO  com.solvd.itcompany.Runner - Years in Business: 10
23:15:25.162 [main] INFO  com.solvd.itcompany.Runner - Client Budget: 3000.0
23:15:25.162 [main] INFO  com.solvd.itcompany.Runner - Client Project Status: NEW
23:15:25.163 [main] INFO  com.solvd.itcompany.generics.LinkedListProject - 
Backlog of projects: 
New project under development: 
Client: Paul's Coffee Shop
Project Service: APP_DEVELOPMENT
Project Budget: 1500.0
Project Price: 1000.0
Status of Project: NEW
