21:18:59.159 [main] INFO  com.solvd.itcompany.Runner - Method name: setClients
21:18:59.160 [main] INFO  com.solvd.itcompany.Runner - Parameters: 
21:18:59.160 [main] INFO  com.solvd.itcompany.Runner -  java.util.ArrayList
21:18:59.160 [main] INFO  com.solvd.itcompany.Runner - Modifiers: public
21:18:59.160 [main] INFO  com.solvd.itcompany.Runner - Return Type: java.util.ArrayList
21:18:59.160 [main] INFO  com.solvd.itcompany.Runner - Method name: getProjects
21:18:59.160 [main] INFO  com.solvd.itcompany.Runner - Parameters: 
21:18:59.160 [main] INFO  com.solvd.itcompany.Runner - Modifiers: public
21:18:59.160 [main] INFO  com.solvd.itcompany.Runner - Return Type: void
21:18:59.160 [main] INFO  com.solvd.itcompany.Runner - Method name: setProjects
21:18:59.160 [main] INFO  com.solvd.itcompany.Runner - Parameters: 
21:18:59.161 [main] INFO  com.solvd.itcompany.Runner -  java.util.ArrayList
21:18:59.161 [main] INFO  com.solvd.itcompany.Runner - Modifiers: public
21:18:59.161 [main] INFO  com.solvd.itcompany.Runner - Return Type: java.util.ArrayList
21:18:59.161 [main] INFO  com.solvd.itcompany.Runner - Method name: getEmployees
21:18:59.161 [main] INFO  com.solvd.itcompany.Runner - Parameters: 
21:20:38.212 [main] INFO  com.solvd.itcompany.Runner - 
---------------------Number of Projects:---------------------
21:20:38.215 [main] INFO  com.solvd.itcompany.Runner - 3
21:20:38.216 [main] INFO  com.solvd.itcompany.Runner - 
---------------------Highest Paying Clients:---------------------
21:20:38.216 [main] INFO  com.solvd.itcompany.Runner - 2
21:20:38.217 [main] INFO  com.solvd.itcompany.Runner - 
---------------------Total Project Profits:---------------------
21:20:38.219 [main] INFO  com.solvd.itcompany.Runner - Total Profit: 7000.0
21:20:38.219 [main] INFO  com.solvd.itcompany.Runner - 
---------------------Client Information:---------------------
21:20:38.220 [main] INFO  com.solvd.itcompany.Runner - Client Name: Paul's Coffee Shop
21:20:38.220 [main] INFO  com.solvd.itcompany.Runner - Client Idea: create an app for the coffee shop
