23:15:44.962 [main] INFO  com.solvd.itcompany.ITCompany - 
The application has been released.
23:15:44.963 [main] INFO  com.solvd.itcompany.ITCompany - 
While the application is completed the engineering team will continuously maintain the application.
23:19:38.254 [main] INFO  com.solvd.itcompany.Runner - 
---------------------Number of Projects:---------------------
23:19:38.257 [main] INFO  com.solvd.itcompany.Runner - 2
23:19:38.257 [main] INFO  com.solvd.itcompany.Runner - 
---------------------Highest Paying Clients:---------------------
23:19:38.258 [main] INFO  com.solvd.itcompany.Runner - 2
23:19:38.258 [main] INFO  com.solvd.itcompany.Runner - 
---------------------Client Information:---------------------
23:19:38.259 [main] INFO  com.solvd.itcompany.Runner - Client Name: Kelly's Pet Shop
23:19:38.259 [main] INFO  com.solvd.itcompany.Runner - Client Idea: create an app for the pet shop
23:19:38.259 [main] INFO  com.solvd.itcompany.Runner - Years in Business: 5
23:19:38.259 [main] INFO  com.solvd.itcompany.Runner - Client Budget: 2500.0
23:19:38.259 [main] INFO  com.solvd.itcompany.Runner - Client Project Status: NEW
23:19:38.259 [main] INFO  com.solvd.itcompany.Runner - Client Name: Dave's Bakery Shop
23:19:38.260 [main] INFO  com.solvd.itcompany.Runner - Client Idea: create an app for the bakery shop
23:19:38.260 [main] INFO  com.solvd.itcompany.Runner - Years in Business: 10
23:19:38.260 [main] INFO  com.solvd.itcompany.Runner - Client Budget: 3000.0
23:19:38.260 [main] INFO  com.solvd.itcompany.Runner - Client Project Status: NEW
23:19:38.261 [main] INFO  com.solvd.itcompany.generics.LinkedListProject - 
Backlog of projects: 
New project under development: 
Client: Paul's Coffee Shop
Project Service: APP_DEVELOPMENT
Project Budget: 1500.0
Project Price: 1000.0
Status of Project: NEW
23:19:38.262 [main] INFO  com.solvd.itcompany.IFulfillRequirements - Here are the requirements for the application: 
23:19:38.262 [main] INFO  com.solvd.itcompany.IFulfillRequirements - Users can order coffee
23:19:38.262 [main] INFO  com.solvd.itcompany.IFulfillRequirements - Users can track loyalty points
