23:32:55.476 [main] INFO  com.solvd.itcompany.Runner - 
MID_LEVEL
23:32:55.477 [main] INFO  com.solvd.itcompany.Runner - 
Kevin
23:32:55.477 [main] INFO  com.solvd.itcompany.Runner - 
IOS
23:32:55.477 [main] INFO  com.solvd.itcompany.Runner - 
Mobile Development Bootcamp
23:32:55.477 [main] INFO  com.solvd.itcompany.Runner - 
SENIOR_LEVEL
23:32:55.478 [main] INFO  com.solvd.itcompany.Runner - 
David
23:32:55.478 [main] INFO  com.solvd.itcompany.Runner - 
Quality
23:32:55.478 [main] INFO  com.solvd.itcompany.Runner - 
Bachelors Degree in Information Technology
23:32:55.478 [main] INFO  com.solvd.itcompany.Runner - 
ENTRY_LEVEL
23:32:55.478 [main] INFO  com.solvd.itcompany.Runner - 
Carl
23:32:55.478 [main] INFO  com.solvd.itcompany.Runner - 
Marketing
23:32:55.478 [main] INFO  com.solvd.itcompany.Runner - 
Bachelors Degree in Marketing
23:32:55.479 [main] INFO  com.solvd.itcompany.Runner - 
SENIOR_LEVEL
23:32:55.480 [main] INFO  com.solvd.itcompany.Runner - 
---------------------Mid-level Engineers:---------------------
23:32:55.480 [main] INFO  com.solvd.itcompany.Runner - [com.solvd.itcompany.employees.BackendEngineer@54bff557, com.solvd.itcompany.employees.FrontendEngineer@593aaf41]
23:32:55.481 [main] INFO  com.solvd.itcompany.Runner - 
---------------------Tools The Team Uses:---------------------
23:32:55.481 [main] INFO  com.solvd.itcompany.Runner - [Gantt chart, Communications plan]
23:32:55.482 [main] INFO  com.solvd.itcompany.Runner - [Andromo, BuildFire]
23:32:55.482 [main] INFO  com.solvd.itcompany.Runner - [Java, PHP, JavaScript]
23:32:55.482 [main] INFO  com.solvd.itcompany.Runner - [HTML, CSS, React]
23:32:55.482 [main] INFO  com.solvd.itcompany.Runner - [Swift, Objective-C]
23:32:55.482 [main] INFO  com.solvd.itcompany.Runner - [Java, Maven, Cucumber]
23:32:55.482 [main] INFO  com.solvd.itcompany.Runner - [organic social media, email promotion, paid social media]
23:32:55.482 [main] INFO  com.solvd.itcompany.generics.EmployeeHashmap - 
List of employees working on the project: 
23:32:55.483 [main] INFO  com.solvd.itcompany.generics.EmployeeHashmap - 
Designer: Lily
