22:14:51.794 [main] INFO  com.solvd.itcompany.IFulfillRequirements - Here are the requirements for the application: 
22:14:51.794 [main] INFO  com.solvd.itcompany.IFulfillRequirements - Users can order coffee
22:14:51.795 [main] INFO  com.solvd.itcompany.IFulfillRequirements - Users can track loyalty points
22:14:51.795 [main] INFO  com.solvd.itcompany.IFulfillRequirements - Users can interact with community
22:14:51.795 [main] INFO  com.solvd.itcompany.IFulfillRequirements - The IT company has completed reviewing the requirements for the application.

22:14:51.798 [main] INFO  com.solvd.itcompany.Runner - 
---------------------Checking if all projects are within the IT company's budget:---------------------
22:14:51.799 [main] INFO  com.solvd.itcompany.Runner - Paul's Coffee Shop: true
22:14:51.799 [main] INFO  com.solvd.itcompany.Runner - Kelly's Pet Shop: true
22:14:51.799 [main] INFO  com.solvd.itcompany.Runner - Dave's Bakery Shop: true
22:14:51.799 [main] INFO  com.solvd.itcompany.Runner - 
---------------------Departments in IT Company:---------------------
22:14:51.800 [main] INFO  com.solvd.itcompany.Runner - Department 1: Design Department
22:14:51.800 [main] INFO  com.solvd.itcompany.Runner - Department 2: Engineering Department
22:14:51.800 [main] INFO  com.solvd.itcompany.Runner - Department 3: Marketing Department
22:14:51.800 [main] INFO  com.solvd.itcompany.Runner - 
---------------------Mid-level Engineers:---------------------
22:14:51.801 [main] INFO  com.solvd.itcompany.Runner - [com.solvd.itcompany.employees.BackendEngineer@3e11f9e9, com.solvd.itcompany.employees.FrontendEngineer@1de5f259]
22:14:51.801 [main] INFO  com.solvd.itcompany.Runner - 
---------------------Employees With Bachelor Degrees:---------------------
22:14:51.802 [main] INFO  com.solvd.itcompany.employees.Employee - com.solvd.itcompany.employees.ProjectManager@957e06
22:14:51.802 [main] INFO  com.solvd.itcompany.employees.Employee - com.solvd.itcompany.employees.Designer@32502377
22:14:51.802 [main] INFO  com.solvd.itcompany.employees.Employee - com.solvd.itcompany.employees.BackendEngineer@3e11f9e9
