21:04:51.623 [main] INFO  com.solvd.itcompany.Runner - Field Modifiers: private
21:04:51.624 [main] INFO  com.solvd.itcompany.Runner - clients
21:04:51.624 [main] INFO  com.solvd.itcompany.Runner - Field Modifiers: private
21:04:51.624 [main] INFO  com.solvd.itcompany.Runner - projects
21:04:51.624 [main] INFO  com.solvd.itcompany.Runner - Field Modifiers: private
21:04:51.624 [main] INFO  com.solvd.itcompany.Runner - projectStatus
21:04:51.625 [main] INFO  com.solvd.itcompany.Runner - Field Modifiers: private
21:04:51.625 [main] INFO  com.solvd.itcompany.Runner - logger
21:04:51.625 [main] INFO  com.solvd.itcompany.Runner - Field Modifiers: private static final
21:04:51.625 [main] INFO  com.solvd.itcompany.Runner - Method Modifiers: public
21:04:51.625 [main] INFO  com.solvd.itcompany.Runner - Return Type: java.lang.String
21:04:51.625 [main] INFO  com.solvd.itcompany.Runner - Method name: getName
21:04:51.625 [main] INFO  com.solvd.itcompany.Runner - Parameters: 
21:04:51.625 [main] INFO  com.solvd.itcompany.Runner - Method Modifiers: public
21:04:51.626 [main] INFO  com.solvd.itcompany.Runner - Return Type: void
21:04:51.626 [main] INFO  com.solvd.itcompany.Runner - Method name: setName
21:04:51.626 [main] INFO  com.solvd.itcompany.Runner - Parameters: 
21:04:51.626 [main] INFO  com.solvd.itcompany.Runner -  java.lang.String
21:04:51.626 [main] INFO  com.solvd.itcompany.Runner - Method Modifiers: public
21:04:51.626 [main] INFO  com.solvd.itcompany.Runner - Return Type: java.util.ArrayList
21:04:51.626 [main] INFO  com.solvd.itcompany.Runner - Method name: getClients
21:04:51.626 [main] INFO  com.solvd.itcompany.Runner - Parameters: 
21:04:51.626 [main] INFO  com.solvd.itcompany.Runner - Method Modifiers: public
21:04:51.626 [main] INFO  com.solvd.itcompany.Runner - Return Type: void
21:04:51.626 [main] INFO  com.solvd.itcompany.Runner - Method name: setClients
21:04:51.626 [main] INFO  com.solvd.itcompany.Runner - Parameters: 
21:04:51.626 [main] INFO  com.solvd.itcompany.Runner -  java.util.ArrayList
21:04:51.626 [main] INFO  com.solvd.itcompany.Runner - Method Modifiers: public
