15:35:38.226 [main] INFO  com.solvd.itcompany.Runner - 
---------------------Mid-level Engineers:---------------------
15:35:38.227 [main] INFO  com.solvd.itcompany.Runner - [com.solvd.itcompany.employees.BackendEngineer@54bff557, com.solvd.itcompany.employees.FrontendEngineer@593aaf41]
15:35:38.228 [main] INFO  com.solvd.itcompany.Runner - 
---------------------Tools The Team Uses:---------------------
15:35:38.228 [main] INFO  com.solvd.itcompany.Runner - [Gantt chart, Communications plan]
15:35:38.229 [main] INFO  com.solvd.itcompany.Runner - [Andromo, BuildFire]
15:35:38.229 [main] INFO  com.solvd.itcompany.Runner - [Java, PHP, JavaScript]
15:35:38.229 [main] INFO  com.solvd.itcompany.Runner - [HTML, CSS, React]
15:35:38.229 [main] INFO  com.solvd.itcompany.Runner - [Swift, Objective-C]
15:35:38.229 [main] INFO  com.solvd.itcompany.Runner - [Java, Maven, Cucumber]
15:35:38.229 [main] INFO  com.solvd.itcompany.Runner - [organic social media, email promotion, paid social media]
15:35:38.230 [main] INFO  com.solvd.itcompany.generics.EmployeeHashmap - 
List of employees working on the project: 
15:35:38.230 [main] INFO  com.solvd.itcompany.generics.EmployeeHashmap - 
Designer: Lily
15:35:38.230 [main] INFO  com.solvd.itcompany.generics.EmployeeHashmap - 
Frontend Engineer: Pam
15:35:38.230 [main] INFO  com.solvd.itcompany.generics.EmployeeHashmap - 
IOS Developer: Kevin
15:35:38.230 [main] INFO  com.solvd.itcompany.generics.EmployeeHashmap - 
Marketing Manager: Carl
15:35:38.230 [main] INFO  com.solvd.itcompany.generics.EmployeeHashmap - 
Backend Engineer: Tom
15:35:38.230 [main] INFO  com.solvd.itcompany.generics.EmployeeHashmap - 
Quality Analyst: David
15:35:38.230 [main] INFO  com.solvd.itcompany.generics.EmployeeHashmap - 
Project Manager: Cameron
15:35:38.231 [main] INFO  com.solvd.itcompany.ITCompany - The IT Company has a request to start a project.
15:35:38.231 [main] INFO  com.solvd.itcompany.ITCompany - 
The project managers have been added to the project.
15:35:38.232 [main] INFO  com.solvd.itcompany.ITCompany - 
The designers have been added to the project.
