21:07:39.211 [main] INFO  com.solvd.itcompany.Runner -  java.util.ArrayList
21:07:39.212 [main] INFO  com.solvd.itcompany.Runner - Method Modifiers: public
21:07:39.212 [main] INFO  com.solvd.itcompany.Runner - Return Type: java.util.ArrayList
21:07:39.212 [main] INFO  com.solvd.itcompany.Runner - Method name: getProjects
21:07:39.213 [main] INFO  com.solvd.itcompany.Runner - Parameters: 
21:07:39.213 [main] INFO  com.solvd.itcompany.Runner - Method Modifiers: public
21:07:39.213 [main] INFO  com.solvd.itcompany.Runner - Return Type: void
21:07:39.213 [main] INFO  com.solvd.itcompany.Runner - Method name: setProjects
21:07:39.213 [main] INFO  com.solvd.itcompany.Runner - Parameters: 
21:07:39.213 [main] INFO  com.solvd.itcompany.Runner -  java.util.ArrayList
21:07:39.213 [main] INFO  com.solvd.itcompany.Runner - Method Modifiers: public
21:07:39.213 [main] INFO  com.solvd.itcompany.Runner - Return Type: void
21:07:39.213 [main] INFO  com.solvd.itcompany.Runner - Method name: setEmployees
21:07:39.213 [main] INFO  com.solvd.itcompany.Runner - Parameters: 
21:07:39.213 [main] INFO  com.solvd.itcompany.Runner -  java.util.ArrayList
21:07:39.213 [main] INFO  com.solvd.itcompany.Runner - Method Modifiers: public final
21:07:39.213 [main] INFO  com.solvd.itcompany.Runner - Return Type: void
21:07:39.213 [main] INFO  com.solvd.itcompany.Runner - Method name: intro
21:07:39.214 [main] INFO  com.solvd.itcompany.Runner - Parameters: 
21:07:39.214 [main] INFO  com.solvd.itcompany.Runner - Method Modifiers: public
21:07:39.214 [main] INFO  com.solvd.itcompany.Runner - Return Type: void
21:07:39.214 [main] INFO  com.solvd.itcompany.Runner - Method name: assignProject
21:07:39.214 [main] INFO  com.solvd.itcompany.Runner - Parameters: 
21:07:39.214 [main] INFO  com.solvd.itcompany.Runner -  com.solvd.itcompany.Project
21:07:39.214 [main] INFO  com.solvd.itcompany.Runner -  java.util.ArrayList
21:07:39.214 [main] INFO  com.solvd.itcompany.Runner -  com.solvd.itcompany.enums.ProjectStatus
21:07:39.214 [main] INFO  com.solvd.itcompany.Runner - Method Modifiers: public
