21:21:05.017 [main] INFO  com.solvd.itcompany.Runner - Method name: getEmployees
21:21:05.018 [main] INFO  com.solvd.itcompany.Runner - Parameters: 
21:21:05.018 [main] INFO  com.solvd.itcompany.Runner - Method Modifiers: public
21:21:05.018 [main] INFO  com.solvd.itcompany.Runner - Return Type: java.util.ArrayList
21:21:05.018 [main] INFO  com.solvd.itcompany.Runner - Method name: getClients
21:21:05.018 [main] INFO  com.solvd.itcompany.Runner - Parameters: 
21:21:05.019 [main] INFO  com.solvd.itcompany.Runner - Method Modifiers: public
21:21:05.019 [main] INFO  com.solvd.itcompany.Runner - Return Type: void
21:21:05.019 [main] INFO  com.solvd.itcompany.Runner - Method name: setClients
21:21:05.019 [main] INFO  com.solvd.itcompany.Runner - Parameters: 
21:21:05.019 [main] INFO  com.solvd.itcompany.Runner -  java.util.ArrayList
21:21:05.019 [main] INFO  com.solvd.itcompany.Runner - Method Modifiers: public
21:21:05.019 [main] INFO  com.solvd.itcompany.Runner - Return Type: java.util.ArrayList
21:21:05.019 [main] INFO  com.solvd.itcompany.Runner - Method name: getProjects
21:21:05.020 [main] INFO  com.solvd.itcompany.Runner - Parameters: 
21:21:05.020 [main] INFO  com.solvd.itcompany.Runner - Method Modifiers: public
21:21:05.020 [main] INFO  com.solvd.itcompany.Runner - Return Type: void
21:21:05.020 [main] INFO  com.solvd.itcompany.Runner - Method name: setProjects
21:21:05.020 [main] INFO  com.solvd.itcompany.Runner - Parameters: 
21:21:05.020 [main] INFO  com.solvd.itcompany.Runner -  java.util.ArrayList
21:21:05.020 [main] INFO  com.solvd.itcompany.Runner - Result of method call: 
21:21:05.021 [main] INFO  com.solvd.itcompany.ITCompany - Here is the user feedback we've received so far: 
21:21:05.022 [main] INFO  com.solvd.itcompany.ITCompany - Great app!
21:21:05.022 [main] INFO  com.solvd.itcompany.ITCompany - Horrible user experience.
21:21:05.022 [main] INFO  com.solvd.itcompany.ITCompany - I order coffee on this app all the time!
21:21:05.022 [main] INFO  com.solvd.itcompany.ITCompany - 
The application has been released.
