16:16:15.092 [main] INFO  com.solvd.itcompany.Runner - Client Idea: create an app for the coffee shop
16:16:15.099 [main] INFO  com.solvd.itcompany.Runner - Years in Business: 2
16:16:15.099 [main] INFO  com.solvd.itcompany.Runner - Client Budget: 1500.0
16:16:15.100 [main] INFO  com.solvd.itcompany.Runner - Client Project Status: NEW
16:16:15.100 [main] INFO  com.solvd.itcompany.Runner - Client Name: Kelly's Pet Shop
16:16:15.100 [main] INFO  com.solvd.itcompany.Runner - Client Idea: create an app for the pet shop
16:16:15.100 [main] INFO  com.solvd.itcompany.Runner - Years in Business: 5
16:16:15.100 [main] INFO  com.solvd.itcompany.Runner - Client Budget: 2500.0
16:16:15.100 [main] INFO  com.solvd.itcompany.Runner - Client Project Status: NEW
16:16:15.100 [main] INFO  com.solvd.itcompany.Runner - Client Name: Dave's Bakery Shop
16:16:15.100 [main] INFO  com.solvd.itcompany.Runner - Client Idea: create an app for the bakery shop
16:16:15.100 [main] INFO  com.solvd.itcompany.Runner - Years in Business: 10
16:16:15.100 [main] INFO  com.solvd.itcompany.Runner - Client Budget: 3000.0
16:16:15.100 [main] INFO  com.solvd.itcompany.Runner - Client Project Status: NEW
16:16:15.101 [main] INFO  com.solvd.itcompany.generics.LinkedListProject - 
Backlog of projects: 
New project under development: 
Client: Paul's Coffee Shop
Project Service: APP_DEVELOPMENT
Project Budget: 1500.0
Project Price: 1000.0
Status of Project: NEW
16:16:15.102 [main] INFO  com.solvd.itcompany.IFulfillRequirements - Here are the requirements for the application: 
16:16:15.102 [main] INFO  com.solvd.itcompany.IFulfillRequirements - Users can order coffee
16:16:15.102 [main] INFO  com.solvd.itcompany.IFulfillRequirements - Users can track loyalty points
16:16:15.102 [main] INFO  com.solvd.itcompany.IFulfillRequirements - Users can interact with community
16:16:15.102 [main] INFO  com.solvd.itcompany.IFulfillRequirements - The IT company has completed reviewing the requirements for the application.

16:16:15.103 [main] INFO  com.solvd.itcompany.Runner - 
---------------------Your Team's Credentials:---------------------
