06:04:38.691 [main] INFO  com.solvd.itcompany.generics.ProjectPriority - 
Project3
06:04:38.692 [main] INFO  com.solvd.itcompany.ITCompany - Here is the user feedback we've received so far: 
06:04:38.692 [main] INFO  com.solvd.itcompany.ITCompany - Great app!
06:04:38.692 [main] INFO  com.solvd.itcompany.ITCompany - Horrible user experience.
06:04:38.692 [main] INFO  com.solvd.itcompany.ITCompany - I order coffee on this app all the time!
06:04:38.692 [main] INFO  com.solvd.itcompany.ITCompany - 
The application has been released.
06:04:38.693 [main] INFO  com.solvd.itcompany.Runner - 
While the application is completed the engineering team will continuously maintain the application.
21:56:53.757 [main] INFO  com.solvd.itcompany.generics.LinkedListProject - 
Backlog of projects: 
New project under development: 
Client: Paul's Coffee Shop
Project Service: APP_DEVELOPMENT
Project Budget: 1500.0
Project Price: 1000.0
Status of Project: NEW
21:56:53.760 [main] INFO  com.solvd.itcompany.IFulfillRequirements - Here are the requirements for the application: 
21:56:53.760 [main] INFO  com.solvd.itcompany.IFulfillRequirements - Users can order coffee
21:56:53.760 [main] INFO  com.solvd.itcompany.IFulfillRequirements - Users can track loyalty points
21:56:53.760 [main] INFO  com.solvd.itcompany.IFulfillRequirements - Users can interact with community
21:56:53.761 [main] INFO  com.solvd.itcompany.IFulfillRequirements - The IT company has completed reviewing the requirements for the application.

21:56:53.765 [main] INFO  com.solvd.itcompany.generics.EmployeeHashmap - 
List of employees working on the project: 
21:56:53.765 [main] INFO  com.solvd.itcompany.generics.EmployeeHashmap - 
Designer: Lily
21:56:53.765 [main] INFO  com.solvd.itcompany.generics.EmployeeHashmap - 
Frontend Engineer: Pam
21:56:53.765 [main] INFO  com.solvd.itcompany.generics.EmployeeHashmap - 
IOS Developer: Kevin
21:56:53.765 [main] INFO  com.solvd.itcompany.generics.EmployeeHashmap - 
Marketing Manager: Carl
21:56:53.765 [main] INFO  com.solvd.itcompany.generics.EmployeeHashmap - 
Backend Engineer: Tom
