21:47:01.836 [main] INFO  com.solvd.itcompany.Runner - Return Type: java.util.ArrayList
21:47:01.837 [main] INFO  com.solvd.itcompany.Runner - Method name: getProjects
21:47:01.837 [main] INFO  com.solvd.itcompany.Runner - Parameters: 
21:47:01.838 [main] INFO  com.solvd.itcompany.Runner - Method Modifiers: public
21:47:01.838 [main] INFO  com.solvd.itcompany.Runner - Return Type: void
21:47:01.838 [main] INFO  com.solvd.itcompany.Runner - Method name: setProjects
21:47:01.838 [main] INFO  com.solvd.itcompany.Runner - Parameters: 
21:47:01.838 [main] INFO  com.solvd.itcompany.Runner -  java.util.ArrayList
21:47:01.838 [main] INFO  com.solvd.itcompany.Runner - Method Modifiers: public
21:47:01.838 [main] INFO  com.solvd.itcompany.Runner - Return Type: java.util.ArrayList
21:47:01.838 [main] INFO  com.solvd.itcompany.Runner - Method name: getEmployees
21:47:01.838 [main] INFO  com.solvd.itcompany.Runner - Parameters: 
21:47:01.838 [main] INFO  com.solvd.itcompany.Runner - Method Modifiers: public
21:47:01.839 [main] INFO  com.solvd.itcompany.Runner - Return Type: void
21:47:01.839 [main] INFO  com.solvd.itcompany.Runner - Method name: setEmployees
21:47:01.839 [main] INFO  com.solvd.itcompany.Runner - Parameters: 
21:47:01.839 [main] INFO  com.solvd.itcompany.Runner -  java.util.ArrayList
21:47:01.839 [main] INFO  com.solvd.itcompany.Runner - Method Modifiers: public final
21:47:01.839 [main] INFO  com.solvd.itcompany.Runner - Return Type: void
21:47:01.839 [main] INFO  com.solvd.itcompany.Runner - Method name: intro
21:47:01.839 [main] INFO  com.solvd.itcompany.Runner - Parameters: 
21:47:01.839 [main] INFO  com.solvd.itcompany.Runner - Method Modifiers: public
21:47:01.839 [main] INFO  com.solvd.itcompany.Runner - Return Type: void
21:47:01.840 [main] INFO  com.solvd.itcompany.Runner - Method name: assignProject
21:47:01.840 [main] INFO  com.solvd.itcompany.Runner - Parameters: 
21:47:01.840 [main] INFO  com.solvd.itcompany.Runner -  com.solvd.itcompany.Project
21:47:01.840 [main] INFO  com.solvd.itcompany.Runner -  java.util.ArrayList
