21:16:09.004 [main] INFO  com.solvd.itcompany.Runner - Method name: intro
21:16:09.004 [main] INFO  com.solvd.itcompany.Runner - Parameters: 
21:16:09.005 [main] INFO  com.solvd.itcompany.Runner - Modifiers: public
21:16:09.005 [main] INFO  com.solvd.itcompany.Runner - Return Type: void
21:16:09.005 [main] INFO  com.solvd.itcompany.Runner - Method name: assignProject
21:16:09.005 [main] INFO  com.solvd.itcompany.Runner - Parameters: 
21:16:09.005 [main] INFO  com.solvd.itcompany.Runner -  com.solvd.itcompany.Project
21:16:09.005 [main] INFO  com.solvd.itcompany.Runner -  java.util.ArrayList
21:16:09.005 [main] INFO  com.solvd.itcompany.Runner -  com.solvd.itcompany.enums.ProjectStatus
21:16:09.005 [main] INFO  com.solvd.itcompany.Runner - Modifiers: public
21:16:09.005 [main] INFO  com.solvd.itcompany.Runner - Return Type: void
21:16:09.005 [main] INFO  com.solvd.itcompany.Runner - Method name: projectCreated
21:16:09.005 [main] INFO  com.solvd.itcompany.Runner - Parameters: 
21:16:09.005 [main] INFO  com.solvd.itcompany.Runner -  com.solvd.itcompany.Project
21:16:09.006 [main] INFO  com.solvd.itcompany.Runner -  java.util.ArrayList
21:16:09.006 [main] INFO  com.solvd.itcompany.Runner - Modifiers: public
21:16:09.006 [main] INFO  com.solvd.itcompany.Runner - Return Type: void
21:16:09.006 [main] INFO  com.solvd.itcompany.Runner - Method name: releaseApp
21:16:09.006 [main] INFO  com.solvd.itcompany.Runner - Parameters: 
21:16:09.006 [main] INFO  com.solvd.itcompany.Runner - Modifiers: public
21:16:09.006 [main] INFO  com.solvd.itcompany.Runner - Return Type: void
21:16:09.006 [main] INFO  com.solvd.itcompany.Runner - Method name: maintenance
21:16:09.006 [main] INFO  com.solvd.itcompany.Runner - Parameters: 
21:16:09.006 [main] INFO  com.solvd.itcompany.Runner - Modifiers: public
21:16:09.006 [main] INFO  com.solvd.itcompany.Runner - Return Type: com.solvd.itcompany.enums.ProjectStatus
21:16:09.007 [main] INFO  com.solvd.itcompany.Runner - Method name: getProjectStatus
21:16:09.007 [main] INFO  com.solvd.itcompany.Runner - Parameters: 
