21:46:45.408 [main] INFO  com.solvd.itcompany.Runner - 
ENTRY_LEVEL
21:46:45.409 [main] INFO  com.solvd.itcompany.Runner - 
Carl
21:46:45.409 [main] INFO  com.solvd.itcompany.Runner - 
Marketing
21:46:45.409 [main] INFO  com.solvd.itcompany.Runner - 
Bachelors Degree in Marketing
21:46:45.409 [main] INFO  com.solvd.itcompany.Runner - 
SENIOR_LEVEL
21:46:45.410 [main] INFO  com.solvd.itcompany.Runner - 
---------------------Mid-level Engineers:---------------------
21:46:45.411 [main] INFO  com.solvd.itcompany.Runner - [com.solvd.itcompany.employees.BackendEngineer@54bff557, com.solvd.itcompany.employees.FrontendEngineer@593aaf41]
21:46:45.411 [main] INFO  com.solvd.itcompany.Runner - 
---------------------Tools The Team Uses:---------------------
21:46:45.412 [main] INFO  com.solvd.itcompany.Runner - [Gantt chart, Communications plan]
21:46:45.412 [main] INFO  com.solvd.itcompany.Runner - [Andromo, BuildFire]
21:46:45.412 [main] INFO  com.solvd.itcompany.Runner - [Java, PHP, JavaScript]
21:46:45.412 [main] INFO  com.solvd.itcompany.Runner - [HTML, CSS, React]
21:46:45.412 [main] INFO  com.solvd.itcompany.Runner - [Swift, Objective-C]
21:46:45.412 [main] INFO  com.solvd.itcompany.Runner - [Java, Maven, Cucumber]
21:46:45.413 [main] INFO  com.solvd.itcompany.Runner - [organic social media, email promotion, paid social media]
21:46:45.413 [main] INFO  com.solvd.itcompany.generics.EmployeeHashmap - 
List of employees working on the project: 
21:46:45.413 [main] INFO  com.solvd.itcompany.generics.EmployeeHashmap - 
Designer: Lily
21:46:45.413 [main] INFO  com.solvd.itcompany.generics.EmployeeHashmap - 
Frontend Engineer: Pam
21:46:45.413 [main] INFO  com.solvd.itcompany.generics.EmployeeHashmap - 
IOS Developer: Kevin
21:46:45.413 [main] INFO  com.solvd.itcompany.generics.EmployeeHashmap - 
Marketing Manager: Carl
21:46:45.414 [main] INFO  com.solvd.itcompany.generics.EmployeeHashmap - 
Backend Engineer: Tom
21:46:45.414 [main] INFO  com.solvd.itcompany.generics.EmployeeHashmap - 
Quality Analyst: David
21:46:45.414 [main] INFO  com.solvd.itcompany.generics.EmployeeHashmap - 
Project Manager: Cameron
