19:37:01.173 [main] INFO  com.solvd.itcompany.Runner - Method name: getProjectStatus
19:37:01.174 [main] INFO  com.solvd.itcompany.Runner - Parameters: 
19:37:01.174 [main] INFO  com.solvd.itcompany.Runner - Method Modifiers: public
19:37:01.174 [main] INFO  com.solvd.itcompany.Runner - Return Type: java.util.ArrayList
19:37:01.174 [main] INFO  com.solvd.itcompany.Runner - Method name: getEmployees
19:37:01.175 [main] INFO  com.solvd.itcompany.Runner - Parameters: 
19:37:01.175 [main] INFO  com.solvd.itcompany.Runner - Result of method call: 
19:37:01.176 [main] INFO  com.solvd.itcompany.ITCompany - Here is the user feedback we've received so far: 
19:37:01.176 [main] INFO  com.solvd.itcompany.ITCompany - Great app!
19:37:01.176 [main] INFO  com.solvd.itcompany.ITCompany - Horrible user experience.
19:37:01.176 [main] INFO  com.solvd.itcompany.ITCompany - I order coffee on this app all the time!
19:37:01.176 [main] INFO  com.solvd.itcompany.ITCompany - 
The application has been released.
20:25:54.774 [main] INFO  com.solvd.itcompany.Runner - 
---------------------Number of Projects:---------------------
20:25:54.777 [main] INFO  com.solvd.itcompany.Runner - 3
20:25:54.778 [main] INFO  com.solvd.itcompany.Runner - 
---------------------Highest Paying Clients:---------------------
20:25:54.778 [main] INFO  com.solvd.itcompany.Runner - 2
20:25:54.779 [main] INFO  com.solvd.itcompany.Runner - 
---------------------Total Project Profits:---------------------
20:25:54.783 [main] INFO  com.solvd.itcompany.Runner - Total Profit: 7000.0
20:25:54.784 [main] INFO  com.solvd.itcompany.Runner - 
---------------------Client Information:---------------------
20:25:54.784 [main] INFO  com.solvd.itcompany.Runner - Client Name: Paul's Coffee Shop
20:25:54.784 [main] INFO  com.solvd.itcompany.Runner - Client Idea: create an app for the coffee shop
20:25:54.785 [main] INFO  com.solvd.itcompany.Runner - Years in Business: 2
20:25:54.785 [main] INFO  com.solvd.itcompany.Runner - Client Budget: 1500.0
20:25:54.785 [main] INFO  com.solvd.itcompany.Runner - Client Project Status: NEW
