20:46:56.498 [main] INFO  com.solvd.itcompany.Runner - 
---------------------The First Task in Every Project:---------------------
20:46:56.500 [main] INFO  com.solvd.itcompany.Runner - Create the management plan for the project
20:46:56.501 [main] INFO  com.solvd.itcompany.generics.ProjectPriority - 
Project1
20:46:56.501 [main] INFO  com.solvd.itcompany.generics.ProjectPriority - 
Project2
20:46:56.501 [main] INFO  com.solvd.itcompany.generics.ProjectPriority - 
Project3
20:46:56.501 [main] INFO  com.solvd.itcompany.ITCompany - Here is the user feedback we've received so far: 
20:46:56.501 [main] INFO  com.solvd.itcompany.ITCompany - Great app!
20:46:56.501 [main] INFO  com.solvd.itcompany.ITCompany - Horrible user experience.
20:46:56.501 [main] INFO  com.solvd.itcompany.ITCompany - I order coffee on this app all the time!
20:46:56.502 [main] INFO  com.solvd.itcompany.ITCompany - 
The application has been released.
20:46:56.502 [main] INFO  com.solvd.itcompany.Runner - 
---------------------Bad Reviews:---------------------
20:46:56.502 [main] INFO  com.solvd.itcompany.Runner - [Horrible user experience.]
20:46:56.502 [main] INFO  com.solvd.itcompany.ITCompany - 
While the application is completed the engineering team will continuously maintain the application.
20:46:56.502 [main] INFO  com.solvd.itcompany.Runner - 


---------------------Next Projects To Do:---------------------
20:46:56.502 [main] INFO  com.solvd.itcompany.Runner - [New project under development: 
Client: Kelly's Pet Shop
Project Service: APP_DEVELOPMENT
Project Budget: 2500.0
Project Price: 1000.0
Status of Project: NEW, New project under development: 
Client: Dave's Bakery Shop
Project Service: APP_DEVELOPMENT
Project Budget: 3000.0
Project Price: 1000.0
Status of Project: NEW]
20:46:56.503 [main] INFO  com.solvd.itcompany.Runner - 


---------------------Reflection:---------------------
20:46:56.503 [main] INFO  com.solvd.itcompany.Runner - Name of the class: com.solvd.itcompany.ITCompany
20:46:56.503 [main] INFO  com.solvd.itcompany.Runner - The fields of the class: 

