20:25:54.833 [main] INFO  com.solvd.itcompany.ITCompany - Great app!
20:25:54.834 [main] INFO  com.solvd.itcompany.ITCompany - Horrible user experience.
20:25:54.834 [main] INFO  com.solvd.itcompany.ITCompany - I order coffee on this app all the time!
20:25:54.834 [main] INFO  com.solvd.itcompany.ITCompany - 
The application has been released.
20:30:09.843 [main] INFO  com.solvd.itcompany.Runner - 
---------------------Number of Projects:---------------------
20:30:09.846 [main] INFO  com.solvd.itcompany.Runner - 3
20:30:09.846 [main] INFO  com.solvd.itcompany.Runner - 
---------------------Highest Paying Clients:---------------------
20:30:09.847 [main] INFO  com.solvd.itcompany.Runner - 2
20:30:09.847 [main] INFO  com.solvd.itcompany.Runner - 
---------------------Total Project Profits:---------------------
20:30:09.850 [main] INFO  com.solvd.itcompany.Runner - Total Profit: 7000.0
20:30:09.851 [main] INFO  com.solvd.itcompany.Runner - 
---------------------Client Information:---------------------
20:30:09.851 [main] INFO  com.solvd.itcompany.Runner - Client Name: Paul's Coffee Shop
20:30:09.852 [main] INFO  com.solvd.itcompany.Runner - Client Idea: create an app for the coffee shop
20:30:09.852 [main] INFO  com.solvd.itcompany.Runner - Years in Business: 2
20:30:09.852 [main] INFO  com.solvd.itcompany.Runner - Client Budget: 1500.0
20:30:09.852 [main] INFO  com.solvd.itcompany.Runner - Client Project Status: NEW
20:30:09.853 [main] INFO  com.solvd.itcompany.Runner - Client Name: Kelly's Pet Shop
20:30:09.853 [main] INFO  com.solvd.itcompany.Runner - Client Idea: create an app for the pet shop
20:30:09.853 [main] INFO  com.solvd.itcompany.Runner - Years in Business: 5
20:30:09.853 [main] INFO  com.solvd.itcompany.Runner - Client Budget: 2500.0
20:30:09.853 [main] INFO  com.solvd.itcompany.Runner - Client Project Status: NEW
20:30:09.853 [main] INFO  com.solvd.itcompany.Runner - Client Name: Dave's Bakery Shop
20:30:09.854 [main] INFO  com.solvd.itcompany.Runner - Client Idea: create an app for the bakery shop
20:30:09.854 [main] INFO  com.solvd.itcompany.Runner - Years in Business: 10
