20:21:28.229 [main] INFO  com.solvd.itcompany.generics.ListOfTasks - 
Here are a list of tasks for the project: 
20:21:28.229 [main] INFO  com.solvd.itcompany.generics.ListOfTasks - 
Create the backend
20:21:28.230 [main] INFO  com.solvd.itcompany.generics.ListOfTasks - 
Test the application
20:21:28.230 [main] INFO  com.solvd.itcompany.generics.ListOfTasks - 
Create the frontend
20:21:28.230 [main] INFO  com.solvd.itcompany.generics.ListOfTasks - 
Create the management plan for the project
20:21:28.230 [main] INFO  com.solvd.itcompany.generics.ListOfTasks - 
Create the marketing strategy for the application
20:21:28.230 [main] INFO  com.solvd.itcompany.generics.ListOfTasks - 
Create the design of the application
20:21:28.230 [main] INFO  com.solvd.itcompany.generics.ListOfTasks - 
Create the mobile application
20:21:28.231 [main] INFO  com.solvd.itcompany.generics.ProjectPriority - 
Project1
20:21:28.232 [main] INFO  com.solvd.itcompany.generics.ProjectPriority - 
Project2
20:21:28.232 [main] INFO  com.solvd.itcompany.generics.ProjectPriority - 
Project3
20:21:28.232 [main] INFO  com.solvd.itcompany.ITCompany - Here is the user feedback we've received so far: 
20:21:28.232 [main] INFO  com.solvd.itcompany.ITCompany - Great app!
20:21:28.232 [main] INFO  com.solvd.itcompany.ITCompany - Horrible user experience.
20:21:28.233 [main] INFO  com.solvd.itcompany.ITCompany - I order coffee on this app all the time!
20:21:28.233 [main] INFO  com.solvd.itcompany.ITCompany - 
The application has been released.
20:21:28.233 [main] INFO  com.solvd.itcompany.ITCompany - 
While the application is completed the engineering team will continuously maintain the application.
21:21:22.925 [main] INFO  com.solvd.itcompany.Runner - 
---------------------Number of Projects:---------------------
21:21:22.929 [main] INFO  com.solvd.itcompany.Runner - [New project under development: 
Client: Kelly's Pet Shop
Project Service: APP_DEVELOPMENT
Project Budget: 2500.0
Project Price: 1000.0
Status of Project: NEW, New project under development: 
Client: Dave's Bakery Shop
Project Service: APP_DEVELOPMENT
Project Budget: 3000.0
Project Price: 1000.0
Status of Project: NEW]
