15:39:07.139 [main] INFO  com.solvd.itcompany.IFulfillRequirements - The IT company has completed reviewing the requirements for the application.

15:39:07.147 [main] INFO  com.solvd.itcompany.generics.EmployeeHashmap - 
List of employees working on the project: 
15:39:07.147 [main] INFO  com.solvd.itcompany.generics.EmployeeHashmap - 
Designer: Lily
15:39:07.147 [main] INFO  com.solvd.itcompany.generics.EmployeeHashmap - 
Frontend Engineer: Pam
15:39:07.147 [main] INFO  com.solvd.itcompany.generics.EmployeeHashmap - 
IOS Developer: Kevin
15:39:07.147 [main] INFO  com.solvd.itcompany.generics.EmployeeHashmap - 
Marketing Manager: Carl
15:39:07.147 [main] INFO  com.solvd.itcompany.generics.EmployeeHashmap - 
Backend Engineer: Tom
15:39:07.147 [main] INFO  com.solvd.itcompany.generics.EmployeeHashmap - 
Quality Analyst: David
15:39:07.147 [main] INFO  com.solvd.itcompany.generics.EmployeeHashmap - 
Project Manager: Cameron
15:39:07.148 [main] INFO  com.solvd.itcompany.ITCompany - The IT Company has a request to start a project.
15:39:07.149 [main] INFO  com.solvd.itcompany.ITCompany - 
The project managers have been added to the project.
15:39:07.149 [main] INFO  com.solvd.itcompany.ITCompany - 
The designers have been added to the project.
15:39:07.149 [main] INFO  com.solvd.itcompany.ITCompany - 
The backend engineers have been added to the project.
15:39:07.150 [main] INFO  com.solvd.itcompany.ITCompany - 
The frontend engineers have been added to the project.
15:39:07.150 [main] INFO  com.solvd.itcompany.ITCompany - 
The IOS developers have been added to the project.
15:39:07.150 [main] INFO  com.solvd.itcompany.ITCompany - 
The quality analysts have been added to the project.
15:39:07.150 [main] INFO  com.solvd.itcompany.ITCompany - 
The marketers have been added to the project.

15:39:07.151 [main] INFO  com.solvd.itcompany.ITCompany - 
Status of Project: IN_PROGRESS
15:39:07.151 [main] INFO  com.solvd.itcompany.employees.ProjectManager - The project manager is creating the project plan...

15:39:07.151 [main] INFO  com.solvd.itcompany.employees.ProjectManager - Gantt chart
