12:13:15.640 [main] INFO  com.solvd.itcompany.Runner - Client Name: Dave's Bakery Shop
12:13:15.645 [main] INFO  com.solvd.itcompany.Runner - Client Idea: create an app for the bakery shop
12:13:15.645 [main] INFO  com.solvd.itcompany.Runner - Years in Business: 10
12:13:15.645 [main] INFO  com.solvd.itcompany.Runner - Client Budget: 3000.0
12:13:15.645 [main] INFO  com.solvd.itcompany.Runner - Client Project Status: NEW
12:13:15.646 [main] INFO  com.solvd.itcompany.generics.LinkedListProject - 
Backlog of projects: 
New project under development: 
Client: Paul's Coffee Shop
Project Service: APP_DEVELOPMENT
Project Budget: 1500.0
Project Price: 1000.0
Status of Project: NEW
12:13:15.646 [main] INFO  com.solvd.itcompany.IFulfillRequirements - Here are the requirements for the application: 
12:13:15.646 [main] INFO  com.solvd.itcompany.IFulfillRequirements - Users can order coffee
12:13:15.646 [main] INFO  com.solvd.itcompany.IFulfillRequirements - Users can track loyalty points
12:13:15.647 [main] INFO  com.solvd.itcompany.IFulfillRequirements - Users can interact with community
12:13:15.647 [main] INFO  com.solvd.itcompany.IFulfillRequirements - The IT company has completed reviewing the requirements for the application.

12:13:15.647 [main] INFO  com.solvd.itcompany.Runner - 
---------------------Your Team's Credentials:---------------------
12:13:15.648 [main] INFO  com.solvd.itcompany.Runner - 
Cameron
12:13:15.648 [main] INFO  com.solvd.itcompany.Runner - 
Manager
12:13:15.648 [main] INFO  com.solvd.itcompany.Runner - 
Bachelors Degree in Business Administration
12:13:15.648 [main] INFO  com.solvd.itcompany.Runner - 
MID_LEVEL
12:13:15.649 [main] INFO  com.solvd.itcompany.Runner - 
Lily
12:13:15.649 [main] INFO  com.solvd.itcompany.Runner - 
Designer
12:13:15.649 [main] INFO  com.solvd.itcompany.Runner - 
Bachelors Degree in Graphic Design
12:13:15.649 [main] INFO  com.solvd.itcompany.Runner - 
ENTRY_LEVEL
12:13:15.649 [main] INFO  com.solvd.itcompany.Runner - 
Tom
12:13:15.650 [main] INFO  com.solvd.itcompany.Runner - 
Backend
