19:37:01.156 [main] INFO  com.solvd.itcompany.generics.ListOfTasks - 
Here are a list of tasks for the project: 
19:37:01.157 [main] INFO  com.solvd.itcompany.generics.ListOfTasks - 
Create the backend
19:37:01.158 [main] INFO  com.solvd.itcompany.generics.ListOfTasks - 
Test the application
19:37:01.158 [main] INFO  com.solvd.itcompany.generics.ListOfTasks - 
Create the frontend
19:37:01.158 [main] INFO  com.solvd.itcompany.generics.ListOfTasks - 
Create the management plan for the project
19:37:01.158 [main] INFO  com.solvd.itcompany.generics.ListOfTasks - 
Create the marketing strategy for the application
19:37:01.158 [main] INFO  com.solvd.itcompany.generics.ListOfTasks - 
Create the design of the application
19:37:01.158 [main] INFO  com.solvd.itcompany.generics.ListOfTasks - 
Create the mobile application
19:37:01.158 [main] INFO  com.solvd.itcompany.Runner - 
---------------------The First Task in Every Project:---------------------
19:37:01.159 [main] INFO  com.solvd.itcompany.Runner - Create the management plan for the project
19:37:01.160 [main] INFO  com.solvd.itcompany.generics.ProjectPriority - 
Project1
19:37:01.160 [main] INFO  com.solvd.itcompany.generics.ProjectPriority - 
Project2
19:37:01.160 [main] INFO  com.solvd.itcompany.generics.ProjectPriority - 
Project3
19:37:01.161 [main] INFO  com.solvd.itcompany.ITCompany - Here is the user feedback we've received so far: 
19:37:01.161 [main] INFO  com.solvd.itcompany.ITCompany - Great app!
19:37:01.161 [main] INFO  com.solvd.itcompany.ITCompany - Horrible user experience.
19:37:01.161 [main] INFO  com.solvd.itcompany.ITCompany - I order coffee on this app all the time!
19:37:01.161 [main] INFO  com.solvd.itcompany.ITCompany - 
The application has been released.
19:37:01.161 [main] INFO  com.solvd.itcompany.Runner - 
---------------------Bad Reviews:---------------------
19:37:01.162 [main] INFO  com.solvd.itcompany.Runner - [Horrible user experience.]
19:37:01.162 [main] INFO  com.solvd.itcompany.ITCompany - 
While the application is completed the engineering team will continuously maintain the application.
