21:09:27.081 [main] INFO  com.solvd.itcompany.Runner - 
David
21:09:27.082 [main] INFO  com.solvd.itcompany.Runner - 
Quality
21:09:27.082 [main] INFO  com.solvd.itcompany.Runner - 
Bachelors Degree in Information Technology
21:09:27.082 [main] INFO  com.solvd.itcompany.Runner - 
ENTRY_LEVEL
21:09:27.082 [main] INFO  com.solvd.itcompany.Runner - 
Carl
21:09:27.083 [main] INFO  com.solvd.itcompany.Runner - 
Marketing
21:09:27.083 [main] INFO  com.solvd.itcompany.Runner - 
Bachelors Degree in Marketing
21:09:27.083 [main] INFO  com.solvd.itcompany.Runner - 
SENIOR_LEVEL
21:09:27.084 [main] INFO  com.solvd.itcompany.Runner - 
---------------------Mid-level Engineers:---------------------
21:09:27.085 [main] INFO  com.solvd.itcompany.Runner - [com.solvd.itcompany.employees.BackendEngineer@54bff557, com.solvd.itcompany.employees.FrontendEngineer@593aaf41]
21:09:27.085 [main] INFO  com.solvd.itcompany.Runner - 
---------------------Tools The Team Uses:---------------------
21:09:27.086 [main] INFO  com.solvd.itcompany.Runner - [Gantt chart, Communications plan]
21:09:27.086 [main] INFO  com.solvd.itcompany.Runner - [Andromo, BuildFire]
21:09:27.086 [main] INFO  com.solvd.itcompany.Runner - [Java, PHP, JavaScript]
21:09:27.086 [main] INFO  com.solvd.itcompany.Runner - [HTML, CSS, React]
21:09:27.087 [main] INFO  com.solvd.itcompany.Runner - [Swift, Objective-C]
21:09:27.087 [main] INFO  com.solvd.itcompany.Runner - [Java, Maven, Cucumber]
21:09:27.087 [main] INFO  com.solvd.itcompany.Runner - [organic social media, email promotion, paid social media]
21:09:27.087 [main] INFO  com.solvd.itcompany.generics.EmployeeHashmap - 
List of employees working on the project: 
21:09:27.087 [main] INFO  com.solvd.itcompany.generics.EmployeeHashmap - 
Designer: Lily
21:09:27.088 [main] INFO  com.solvd.itcompany.generics.EmployeeHashmap - 
Frontend Engineer: Pam
21:09:27.088 [main] INFO  com.solvd.itcompany.generics.EmployeeHashmap - 
IOS Developer: Kevin
21:09:27.088 [main] INFO  com.solvd.itcompany.generics.EmployeeHashmap - 
Marketing Manager: Carl
