17:51:11.222 [main] INFO  com.solvd.itcompany.Runner - Total Profit: 7000.0
17:51:11.227 [main] INFO  com.solvd.itcompany.Runner - 
---------------------Client Information:---------------------
17:51:11.228 [main] INFO  com.solvd.itcompany.Runner - Client Name: Paul's Coffee Shop
17:51:11.228 [main] INFO  com.solvd.itcompany.Runner - Client Idea: create an app for the coffee shop
17:51:11.229 [main] INFO  com.solvd.itcompany.Runner - Years in Business: 2
17:51:11.229 [main] INFO  com.solvd.itcompany.Runner - Client Budget: 1500.0
17:51:11.229 [main] INFO  com.solvd.itcompany.Runner - Client Project Status: NEW
17:51:11.229 [main] INFO  com.solvd.itcompany.Runner - Client Name: Kelly's Pet Shop
17:51:11.229 [main] INFO  com.solvd.itcompany.Runner - Client Idea: create an app for the pet shop
17:51:11.229 [main] INFO  com.solvd.itcompany.Runner - Years in Business: 5
17:51:11.229 [main] INFO  com.solvd.itcompany.Runner - Client Budget: 2500.0
17:51:11.230 [main] INFO  com.solvd.itcompany.Runner - Client Project Status: NEW
17:51:11.230 [main] INFO  com.solvd.itcompany.Runner - Client Name: Dave's Bakery Shop
17:51:11.230 [main] INFO  com.solvd.itcompany.Runner - Client Idea: create an app for the bakery shop
17:51:11.230 [main] INFO  com.solvd.itcompany.Runner - Years in Business: 10
17:51:11.230 [main] INFO  com.solvd.itcompany.Runner - Client Budget: 3000.0
17:51:11.230 [main] INFO  com.solvd.itcompany.Runner - Client Project Status: NEW
17:51:11.237 [main] INFO  com.solvd.itcompany.generics.LinkedListProject - 
Backlog of projects: 
New project under development: 
Client: Paul's Coffee Shop
Project Service: APP_DEVELOPMENT
Project Budget: 1500.0
Project Price: 1000.0
Status of Project: NEW
17:51:11.238 [main] INFO  com.solvd.itcompany.IFulfillRequirements - Here are the requirements for the application: 
17:51:11.238 [main] INFO  com.solvd.itcompany.IFulfillRequirements - Users can order coffee
17:51:11.238 [main] INFO  com.solvd.itcompany.IFulfillRequirements - Users can track loyalty points
17:51:11.238 [main] INFO  com.solvd.itcompany.IFulfillRequirements - Users can interact with community
