16:16:15.104 [main] INFO  com.solvd.itcompany.Runner - 
Cameron
16:16:15.104 [main] INFO  com.solvd.itcompany.Runner - 
Manager
16:16:15.104 [main] INFO  com.solvd.itcompany.Runner - 
Bachelors Degree in Business Administration
16:16:15.105 [main] INFO  com.solvd.itcompany.Runner - 
MID_LEVEL
16:16:15.105 [main] INFO  com.solvd.itcompany.Runner - 
Lily
16:16:15.105 [main] INFO  com.solvd.itcompany.Runner - 
Designer
16:16:15.105 [main] INFO  com.solvd.itcompany.Runner - 
Bachelors Degree in Graphic Design
16:16:15.105 [main] INFO  com.solvd.itcompany.Runner - 
ENTRY_LEVEL
16:16:15.105 [main] INFO  com.solvd.itcompany.Runner - 
Tom
16:16:15.106 [main] INFO  com.solvd.itcompany.Runner - 
Backend
16:16:15.106 [main] INFO  com.solvd.itcompany.Runner - 
Bachelors Degree in Computer Science
16:16:15.106 [main] INFO  com.solvd.itcompany.Runner - 
MID_LEVEL
16:16:15.106 [main] INFO  com.solvd.itcompany.Runner - 
Pam
16:16:15.106 [main] INFO  com.solvd.itcompany.Runner - 
Frontend
16:16:15.106 [main] INFO  com.solvd.itcompany.Runner - 
Frontend Bootcamp
16:16:15.106 [main] INFO  com.solvd.itcompany.Runner - 
MID_LEVEL
16:16:15.106 [main] INFO  com.solvd.itcompany.Runner - 
Kevin
16:16:15.107 [main] INFO  com.solvd.itcompany.Runner - 
IOS
16:16:15.107 [main] INFO  com.solvd.itcompany.Runner - 
Mobile Development Bootcamp
16:16:15.107 [main] INFO  com.solvd.itcompany.Runner - 
SENIOR_LEVEL
16:16:15.107 [main] INFO  com.solvd.itcompany.Runner - 
David
16:16:15.107 [main] INFO  com.solvd.itcompany.Runner - 
Quality
16:16:15.107 [main] INFO  com.solvd.itcompany.Runner - 
Bachelors Degree in Information Technology
16:16:15.107 [main] INFO  com.solvd.itcompany.Runner - 
ENTRY_LEVEL
16:16:15.107 [main] INFO  com.solvd.itcompany.Runner - 
Carl
16:16:15.107 [main] INFO  com.solvd.itcompany.Runner - 
Marketing
16:16:15.108 [main] INFO  com.solvd.itcompany.Runner - 
Bachelors Degree in Marketing
16:16:15.108 [main] INFO  com.solvd.itcompany.Runner - 
SENIOR_LEVEL
16:16:15.108 [main] INFO  com.solvd.itcompany.Runner - 
---------------------Mid-level Engineers:---------------------
