11:31:53.689 [main] INFO  com.solvd.itcompany.IFulfillRequirements - The IT company has completed reviewing the requirements for the application.

11:31:53.691 [main] INFO  com.solvd.itcompany.Runner - 
---------------------Your Team's Credentials:---------------------
11:31:53.692 [main] INFO  com.solvd.itcompany.Runner - 
Cameron
11:31:53.692 [main] INFO  com.solvd.itcompany.Runner - 
Manager
11:31:53.692 [main] INFO  com.solvd.itcompany.Runner - 
Bachelors Degree in Business Administration
11:31:53.692 [main] INFO  com.solvd.itcompany.Runner - 
MID_LEVEL
11:31:53.692 [main] INFO  com.solvd.itcompany.Runner - 
Lily
11:31:53.692 [main] INFO  com.solvd.itcompany.Runner - 
Designer
11:31:53.692 [main] INFO  com.solvd.itcompany.Runner - 
Bachelors Degree in Graphic Design
11:31:53.692 [main] INFO  com.solvd.itcompany.Runner - 
ENTRY_LEVEL
11:31:53.693 [main] INFO  com.solvd.itcompany.Runner - 
Tom
11:31:53.693 [main] INFO  com.solvd.itcompany.Runner - 
Backend
11:31:53.693 [main] INFO  com.solvd.itcompany.Runner - 
Bachelors Degree in Computer Science
11:31:53.693 [main] INFO  com.solvd.itcompany.Runner - 
MID_LEVEL
11:31:53.693 [main] INFO  com.solvd.itcompany.Runner - 
Pam
11:31:53.693 [main] INFO  com.solvd.itcompany.Runner - 
Frontend
11:31:53.693 [main] INFO  com.solvd.itcompany.Runner - 
Frontend Bootcamp
11:31:53.694 [main] INFO  com.solvd.itcompany.Runner - 
MID_LEVEL
11:31:53.694 [main] INFO  com.solvd.itcompany.Runner - 
Kevin
11:31:53.694 [main] INFO  com.solvd.itcompany.Runner - 
IOS
11:31:53.694 [main] INFO  com.solvd.itcompany.Runner - 
Mobile Development Bootcamp
11:31:53.694 [main] INFO  com.solvd.itcompany.Runner - 
SENIOR_LEVEL
11:31:53.694 [main] INFO  com.solvd.itcompany.Runner - 
David
11:31:53.694 [main] INFO  com.solvd.itcompany.Runner - 
Quality
11:31:53.695 [main] INFO  com.solvd.itcompany.Runner - 
Bachelors Degree in Information Technology
11:31:53.695 [main] INFO  com.solvd.itcompany.Runner - 
ENTRY_LEVEL
11:31:53.695 [main] INFO  com.solvd.itcompany.Runner - 
Carl
11:31:53.695 [main] INFO  com.solvd.itcompany.Runner - 
Marketing
