23:15:25.174 [main] INFO  com.solvd.itcompany.Runner - 
David
23:15:25.175 [main] INFO  com.solvd.itcompany.Runner - 
Quality
23:15:25.175 [main] INFO  com.solvd.itcompany.Runner - 
Bachelors Degree in Information Technology
23:15:25.175 [main] INFO  com.solvd.itcompany.Runner - 
ENTRY_LEVEL
23:15:25.176 [main] INFO  com.solvd.itcompany.Runner - 
Carl
23:15:25.176 [main] INFO  com.solvd.itcompany.Runner - 
Marketing
23:15:25.176 [main] INFO  com.solvd.itcompany.Runner - 
Bachelors Degree in Marketing
23:15:25.176 [main] INFO  com.solvd.itcompany.Runner - 
SENIOR_LEVEL
23:15:25.177 [main] INFO  com.solvd.itcompany.Runner - 
---------------------Mid-level Engineers:---------------------
23:15:25.178 [main] INFO  com.solvd.itcompany.Runner - [com.solvd.itcompany.employees.BackendEngineer@741a8937, com.solvd.itcompany.employees.FrontendEngineer@306e95ec]
23:15:25.178 [main] INFO  com.solvd.itcompany.Runner - 
---------------------Tools The Team Uses:---------------------
23:15:25.179 [main] INFO  com.solvd.itcompany.Runner - [Gantt chart, Communications plan]
23:15:25.179 [main] INFO  com.solvd.itcompany.Runner - [Andromo, BuildFire]
23:15:25.179 [main] INFO  com.solvd.itcompany.Runner - [Java, PHP, JavaScript]
23:15:25.179 [main] INFO  com.solvd.itcompany.Runner - [HTML, CSS, React]
23:15:25.179 [main] INFO  com.solvd.itcompany.Runner - [Swift, Objective-C]
23:15:25.179 [main] INFO  com.solvd.itcompany.Runner - [Java, Maven, Cucumber]
23:15:25.179 [main] INFO  com.solvd.itcompany.Runner - [organic social media, email promotion, paid social media]
23:15:25.180 [main] INFO  com.solvd.itcompany.generics.EmployeeHashmap - 
List of employees working on the project: 
23:15:25.180 [main] INFO  com.solvd.itcompany.generics.EmployeeHashmap - 
Designer: Lily
23:15:25.180 [main] INFO  com.solvd.itcompany.generics.EmployeeHashmap - 
Frontend Engineer: Pam
23:15:25.180 [main] INFO  com.solvd.itcompany.generics.EmployeeHashmap - 
IOS Developer: Kevin
23:15:25.180 [main] INFO  com.solvd.itcompany.generics.EmployeeHashmap - 
Marketing Manager: Carl
