20:46:56.471 [main] INFO  com.solvd.itcompany.Runner - 
---------------------Client Information:---------------------
20:46:56.476 [main] INFO  com.solvd.itcompany.Runner - Client Name: Paul's Coffee Shop
20:46:56.477 [main] INFO  com.solvd.itcompany.Runner - Client Idea: create an app for the coffee shop
20:46:56.477 [main] INFO  com.solvd.itcompany.Runner - Years in Business: 2
20:46:56.477 [main] INFO  com.solvd.itcompany.Runner - Client Budget: 1500.0
20:46:56.477 [main] INFO  com.solvd.itcompany.Runner - Client Project Status: NEW
20:46:56.477 [main] INFO  com.solvd.itcompany.Runner - Client Name: Kelly's Pet Shop
20:46:56.477 [main] INFO  com.solvd.itcompany.Runner - Client Idea: create an app for the pet shop
20:46:56.477 [main] INFO  com.solvd.itcompany.Runner - Years in Business: 5
20:46:56.478 [main] INFO  com.solvd.itcompany.Runner - Client Budget: 2500.0
20:46:56.478 [main] INFO  com.solvd.itcompany.Runner - Client Project Status: NEW
20:46:56.478 [main] INFO  com.solvd.itcompany.Runner - Client Name: Dave's Bakery Shop
20:46:56.478 [main] INFO  com.solvd.itcompany.Runner - Client Idea: create an app for the bakery shop
20:46:56.478 [main] INFO  com.solvd.itcompany.Runner - Years in Business: 10
20:46:56.478 [main] INFO  com.solvd.itcompany.Runner - Client Budget: 3000.0
20:46:56.478 [main] INFO  com.solvd.itcompany.Runner - Client Project Status: NEW
20:46:56.479 [main] INFO  com.solvd.itcompany.generics.LinkedListProject - 
Backlog of projects: 
New project under development: 
Client: Paul's Coffee Shop
Project Service: APP_DEVELOPMENT
Project Budget: 1500.0
Project Price: 1000.0
Status of Project: NEW
20:46:56.480 [main] INFO  com.solvd.itcompany.IFulfillRequirements - Here are the requirements for the application: 
20:46:56.480 [main] INFO  com.solvd.itcompany.IFulfillRequirements - Users can order coffee
20:46:56.480 [main] INFO  com.solvd.itcompany.IFulfillRequirements - Users can track loyalty points
20:46:56.480 [main] INFO  com.solvd.itcompany.IFulfillRequirements - Users can interact with community
