22:47:15.182 [main] INFO  com.solvd.itcompany.employees.MarketingManager - 
The the Marketing Manager is done promoting the application.

22:47:15.183 [main] INFO  com.solvd.itcompany.ITCompany - 
Status of Project: COMPLETE
22:47:15.184 [main] INFO  com.solvd.itcompany.generics.ProjectTracker - 
The projects left in the backlog: [New project under development: 
Client: Paul's Coffee Shop
Project Service: APP_DEVELOPMENT
Project Budget: 1500.0
Project Price: 1000.0
Status of Project: NEW, New project under development: 
Client: Kelly's Pet Shop
Project Service: APP_DEVELOPMENT
Project Budget: 2500.0
Project Price: 1000.0
Status of Project: NEW, New project under development: 
Client: Dave's Bakery Shop
Project Service: APP_DEVELOPMENT
Project Budget: 3000.0
Project Price: 1000.0
Status of Project: NEW]
22:47:15.185 [main] INFO  com.solvd.itcompany.generics.ListOfTasks - 
Here are a list of tasks for the project: 
22:47:15.185 [main] INFO  com.solvd.itcompany.generics.ListOfTasks - 
Create the backend
22:47:15.185 [main] INFO  com.solvd.itcompany.generics.ListOfTasks - 
Test the application
22:47:15.185 [main] INFO  com.solvd.itcompany.generics.ListOfTasks - 
Create the frontend
22:47:15.185 [main] INFO  com.solvd.itcompany.generics.ListOfTasks - 
Create the management plan for the project
22:47:15.185 [main] INFO  com.solvd.itcompany.generics.ListOfTasks - 
Create the marketing strategy for the application
22:47:15.185 [main] INFO  com.solvd.itcompany.generics.ListOfTasks - 
Create the design of the application
22:47:15.185 [main] INFO  com.solvd.itcompany.generics.ListOfTasks - 
Create the mobile application
22:47:15.186 [main] INFO  com.solvd.itcompany.generics.ProjectPriority - 
Project1
22:47:15.186 [main] INFO  com.solvd.itcompany.generics.ProjectPriority - 
Project2
22:47:15.186 [main] INFO  com.solvd.itcompany.generics.ProjectPriority - 
Project3
22:47:15.187 [main] INFO  com.solvd.itcompany.ITCompany - Here is the user feedback we've received so far: 
22:47:15.187 [main] INFO  com.solvd.itcompany.ITCompany - Great app!
