12:06:41.982 [main] INFO  com.solvd.itcompany.Runner - [HTML, CSS, React]
12:06:41.983 [main] INFO  com.solvd.itcompany.Runner - [Swift, Objective-C]
12:06:41.983 [main] INFO  com.solvd.itcompany.Runner - [Java, Maven, Cucumber]
12:06:41.983 [main] INFO  com.solvd.itcompany.Runner - [organic social media, email promotion, paid social media]
12:06:41.983 [main] INFO  com.solvd.itcompany.generics.EmployeeHashmap - 
List of employees working on the project: 
12:06:41.983 [main] INFO  com.solvd.itcompany.generics.EmployeeHashmap - 
Designer: Lily
12:06:41.983 [main] INFO  com.solvd.itcompany.generics.EmployeeHashmap - 
Frontend Engineer: Pam
12:06:41.984 [main] INFO  com.solvd.itcompany.generics.EmployeeHashmap - 
IOS Developer: Kevin
12:06:41.984 [main] INFO  com.solvd.itcompany.generics.EmployeeHashmap - 
Marketing Manager: Carl
12:06:41.984 [main] INFO  com.solvd.itcompany.generics.EmployeeHashmap - 
Backend Engineer: Tom
12:06:41.984 [main] INFO  com.solvd.itcompany.generics.EmployeeHashmap - 
Quality Analyst: David
12:06:41.984 [main] INFO  com.solvd.itcompany.generics.EmployeeHashmap - 
Project Manager: Cameron
12:06:41.985 [main] INFO  com.solvd.itcompany.ITCompany - The IT Company has a request to start a project.
12:06:41.985 [main] INFO  com.solvd.itcompany.ITCompany - 
The project managers have been added to the project.
12:06:41.985 [main] INFO  com.solvd.itcompany.ITCompany - 
The designers have been added to the project.
12:06:41.985 [main] INFO  com.solvd.itcompany.ITCompany - 
The backend engineers have been added to the project.
12:06:41.985 [main] INFO  com.solvd.itcompany.ITCompany - 
The frontend engineers have been added to the project.
12:06:41.985 [main] INFO  com.solvd.itcompany.ITCompany - 
The IOS developers have been added to the project.
12:06:41.985 [main] INFO  com.solvd.itcompany.ITCompany - 
The quality analysts have been added to the project.
12:06:41.985 [main] INFO  com.solvd.itcompany.ITCompany - 
The marketers have been added to the project.

12:06:41.985 [main] INFO  com.solvd.itcompany.ITCompany - 
Status of Project: IN_PROGRESS
