11:12:56.621 [main] INFO  com.solvd.itcompany.generics.ProjectPriority - 
Project3
11:12:56.624 [main] INFO  com.solvd.itcompany.ITCompany - Here is the user feedback we've received so far: 
11:12:56.624 [main] INFO  com.solvd.itcompany.ITCompany - Great app!
11:12:56.624 [main] INFO  com.solvd.itcompany.ITCompany - Horrible user experience.
11:12:56.624 [main] INFO  com.solvd.itcompany.ITCompany - I order coffee on this app all the time!
11:12:56.624 [main] INFO  com.solvd.itcompany.ITCompany - 
The application has been released.
11:12:56.625 [main] INFO  com.solvd.itcompany.ITCompany - 
While the application is completed the engineering team will continuously maintain the application.
11:26:50.536 [main] INFO  com.solvd.itcompany.Runner - 
---------------------Client Information:---------------------
11:26:50.541 [main] INFO  com.solvd.itcompany.generics.LinkedListProject - 
Backlog of projects: 
New project under development: 
Client: Paul's Coffee Shop
Project Service: APP_DEVELOPMENT
Project Budget: 1500.0
Project Price: 1000.0
Status of Project: NEW
11:26:50.541 [main] INFO  com.solvd.itcompany.IFulfillRequirements - Here are the requirements for the application: 
11:26:50.542 [main] INFO  com.solvd.itcompany.IFulfillRequirements - Users can order coffee
11:26:50.542 [main] INFO  com.solvd.itcompany.IFulfillRequirements - Users can track loyalty points
11:26:50.542 [main] INFO  com.solvd.itcompany.IFulfillRequirements - Users can interact with community
11:26:50.542 [main] INFO  com.solvd.itcompany.IFulfillRequirements - The IT company has completed reviewing the requirements for the application.

11:26:50.543 [main] INFO  com.solvd.itcompany.Runner - 
---------------------Your Team's Credentials:---------------------
11:26:50.544 [main] INFO  com.solvd.itcompany.Runner - 
Cameron
11:26:50.544 [main] INFO  com.solvd.itcompany.Runner - 
Manager
11:26:50.544 [main] INFO  com.solvd.itcompany.Runner - 
Bachelors Degree in Business Administration
11:26:50.544 [main] INFO  com.solvd.itcompany.Runner - 
MID_LEVEL
11:26:50.545 [main] INFO  com.solvd.itcompany.Runner - 
Lily
