15:18:19.833 [main] INFO  com.solvd.itcompany.IFulfillRequirements - Here are the requirements for the application: 
15:18:19.835 [main] INFO  com.solvd.itcompany.IFulfillRequirements - Users can order coffee
15:18:19.835 [main] INFO  com.solvd.itcompany.IFulfillRequirements - Users can track loyalty points
15:18:19.835 [main] INFO  com.solvd.itcompany.IFulfillRequirements - Users can interact with community
15:18:19.835 [main] INFO  com.solvd.itcompany.IFulfillRequirements - The IT company has completed reviewing the requirements for the application.

15:18:19.836 [main] INFO  com.solvd.itcompany.Runner - 
---------------------Your Team's Credentials:---------------------
15:18:19.837 [main] INFO  com.solvd.itcompany.Runner - 
Cameron
15:18:19.837 [main] INFO  com.solvd.itcompany.Runner - 
Manager
15:18:19.837 [main] INFO  com.solvd.itcompany.Runner - 
Bachelors Degree in Business Administration
15:18:19.837 [main] INFO  com.solvd.itcompany.Runner - 
MID_LEVEL
15:18:19.837 [main] INFO  com.solvd.itcompany.Runner - 
Lily
15:18:19.837 [main] INFO  com.solvd.itcompany.Runner - 
Designer
15:18:19.837 [main] INFO  com.solvd.itcompany.Runner - 
Bachelors Degree in Graphic Design
15:18:19.837 [main] INFO  com.solvd.itcompany.Runner - 
ENTRY_LEVEL
15:18:19.838 [main] INFO  com.solvd.itcompany.Runner - 
Tom
15:18:19.838 [main] INFO  com.solvd.itcompany.Runner - 
Backend
15:18:19.838 [main] INFO  com.solvd.itcompany.Runner - 
Bachelors Degree in Computer Science
15:18:19.838 [main] INFO  com.solvd.itcompany.Runner - 
MID_LEVEL
15:18:19.838 [main] INFO  com.solvd.itcompany.Runner - 
Pam
15:18:19.838 [main] INFO  com.solvd.itcompany.Runner - 
Frontend
15:18:19.839 [main] INFO  com.solvd.itcompany.Runner - 
Frontend Bootcamp
15:18:19.839 [main] INFO  com.solvd.itcompany.Runner - 
MID_LEVEL
15:18:19.839 [main] INFO  com.solvd.itcompany.Runner - 
Kevin
15:18:19.839 [main] INFO  com.solvd.itcompany.Runner - 
IOS
15:18:19.839 [main] INFO  com.solvd.itcompany.Runner - 
Mobile Development Bootcamp
15:18:19.839 [main] INFO  com.solvd.itcompany.Runner - 
SENIOR_LEVEL
