22:02:33.963 [main] INFO  com.solvd.itcompany.Runner - Method name: maintenance
22:02:33.964 [main] INFO  com.solvd.itcompany.Runner - Parameters: 
22:02:33.964 [main] INFO  com.solvd.itcompany.Runner - Method Modifiers: public
22:02:33.964 [main] INFO  com.solvd.itcompany.Runner - Return Type: com.solvd.itcompany.enums.ProjectStatus
22:02:33.964 [main] INFO  com.solvd.itcompany.Runner - Method name: getProjectStatus
22:02:33.964 [main] INFO  com.solvd.itcompany.Runner - Parameters: 
22:02:33.964 [main] INFO  com.solvd.itcompany.Runner - Result of method call: 
22:02:33.965 [main] INFO  com.solvd.itcompany.ITCompany - Here is the user feedback we've received so far: 
22:02:33.965 [main] INFO  com.solvd.itcompany.ITCompany - Great app!
22:02:33.965 [main] INFO  com.solvd.itcompany.ITCompany - Horrible user experience.
22:02:33.965 [main] INFO  com.solvd.itcompany.ITCompany - I order coffee on this app all the time!
22:02:33.965 [main] INFO  com.solvd.itcompany.ITCompany - 
The application has been released.
22:14:51.767 [main] INFO  com.solvd.itcompany.Runner - 
---------------------List of Clients:---------------------
22:14:51.771 [main] INFO  com.solvd.itcompany.Runner - [Paul's Coffee Shop, Kelly's Pet Shop, Dave's Bakery Shop]
22:14:51.771 [main] INFO  com.solvd.itcompany.Runner - 
---------------------Clients that have been in business for more than 3 years:---------------------
22:14:51.772 [main] INFO  com.solvd.itcompany.Runner - Kelly's Pet Shop
22:14:51.772 [main] INFO  com.solvd.itcompany.Runner - Dave's Bakery Shop
22:14:51.772 [main] INFO  com.solvd.itcompany.Runner - 
---------------------List of Clients Ideas:---------------------
22:14:51.773 [main] INFO  com.solvd.itcompany.Runner - create an app for the coffee shop
22:14:51.773 [main] INFO  com.solvd.itcompany.Runner - create an app for the pet shop
22:14:51.773 [main] INFO  com.solvd.itcompany.Runner - create an app for the bakery shop
22:14:51.774 [main] INFO  com.solvd.itcompany.Runner - 
---------------------Number of Projects:---------------------
