21:15:36.265 [main] INFO  com.solvd.itcompany.Runner - 


---------------------Next Projects To Do:---------------------
21:15:36.266 [main] INFO  com.solvd.itcompany.Runner - [New project under development: 
Client: Kelly's Pet Shop
Project Service: APP_DEVELOPMENT
Project Budget: 2500.0
Project Price: 1000.0
Status of Project: NEW, New project under development: 
Client: Dave's Bakery Shop
Project Service: APP_DEVELOPMENT
Project Budget: 3000.0
Project Price: 1000.0
Status of Project: NEW]
21:15:36.266 [main] INFO  com.solvd.itcompany.Runner - 


---------------------Reflection:---------------------
21:15:36.267 [main] INFO  com.solvd.itcompany.Runner - The name of the constructor: com.solvd.itcompany.ITCompany
21:15:36.267 [main] INFO  com.solvd.itcompany.Runner - The fields of the class: 

21:15:36.267 [main] INFO  com.solvd.itcompany.Runner - name
21:15:36.267 [main] INFO  com.solvd.itcompany.Runner - employees
21:15:36.267 [main] INFO  com.solvd.itcompany.Runner - clients
21:15:36.267 [main] INFO  com.solvd.itcompany.Runner - projects
21:15:36.267 [main] INFO  com.solvd.itcompany.Runner - projectStatus
21:15:36.267 [main] INFO  com.solvd.itcompany.Runner - logger
21:15:36.267 [main] INFO  com.solvd.itcompany.Runner - Modifiers: public
21:15:36.267 [main] INFO  com.solvd.itcompany.Runner - Return Type: java.lang.String
21:15:36.267 [main] INFO  com.solvd.itcompany.Runner - Method name: getName
21:15:36.267 [main] INFO  com.solvd.itcompany.Runner - Parameters: 
21:15:36.268 [main] INFO  com.solvd.itcompany.Runner - Modifiers: public
21:15:36.268 [main] INFO  com.solvd.itcompany.Runner - Return Type: void
21:15:36.268 [main] INFO  com.solvd.itcompany.Runner - Method name: setName
21:15:36.268 [main] INFO  com.solvd.itcompany.Runner - Parameters: 
21:15:36.268 [main] INFO  com.solvd.itcompany.Runner - java.lang.String
21:15:36.268 [main] INFO  com.solvd.itcompany.Runner - Modifiers: public
21:15:36.268 [main] INFO  com.solvd.itcompany.Runner - Return Type: java.util.ArrayList
21:15:36.268 [main] INFO  com.solvd.itcompany.Runner - Method name: getEmployees
