22:47:15.178 [main] INFO  com.solvd.itcompany.ITCompany - 
The quality analysts have been added to the project.
22:47:15.180 [main] INFO  com.solvd.itcompany.ITCompany - 
The marketers have been added to the project.

22:47:15.180 [main] INFO  com.solvd.itcompany.ITCompany - 
Status of Project: IN_PROGRESS
22:47:15.180 [main] INFO  com.solvd.itcompany.employees.ProjectManager - The project manager is creating the project plan...

22:47:15.180 [main] INFO  com.solvd.itcompany.employees.ProjectManager - Gantt chart
22:47:15.180 [main] INFO  com.solvd.itcompany.employees.ProjectManager - Communications plan
22:47:15.180 [main] INFO  com.solvd.itcompany.employees.ProjectManager - 
The the Project Manager is done managing the application.

22:47:15.180 [main] INFO  com.solvd.itcompany.employees.Designer - The designer is creating the design of the application...

22:47:15.180 [main] INFO  com.solvd.itcompany.employees.Designer - Andromo
22:47:15.181 [main] INFO  com.solvd.itcompany.employees.Designer - BuildFire
22:47:15.181 [main] INFO  com.solvd.itcompany.employees.Designer - 
The the designer is done designing the application.

22:47:15.181 [main] INFO  com.solvd.itcompany.employees.QualityAnalyst - The quality analyst is testing the application...

22:47:15.181 [main] INFO  com.solvd.itcompany.employees.QualityAnalyst - Java
22:47:15.181 [main] INFO  com.solvd.itcompany.employees.QualityAnalyst - Maven
22:47:15.182 [main] INFO  com.solvd.itcompany.employees.QualityAnalyst - Cucumber
22:47:15.182 [main] INFO  com.solvd.itcompany.employees.QualityAnalyst - 
The the Quality Analyst is done testing the application.

22:47:15.182 [main] INFO  com.solvd.itcompany.employees.MarketingManager - The marketing manager is creating the promotional plan...

22:47:15.182 [main] INFO  com.solvd.itcompany.employees.MarketingManager - organic social media
22:47:15.182 [main] INFO  com.solvd.itcompany.employees.MarketingManager - email promotion
22:47:15.182 [main] INFO  com.solvd.itcompany.employees.MarketingManager - paid social media
