21:16:08.987 [main] INFO  com.solvd.itcompany.generics.EmployeeHashmap - 
Project Manager: Cameron
21:16:08.988 [main] INFO  com.solvd.itcompany.ITCompany - The IT Company has a request to start a project.
21:16:08.989 [main] INFO  com.solvd.itcompany.ITCompany - 
The project managers have been added to the project.
21:16:08.989 [main] INFO  com.solvd.itcompany.ITCompany - 
The designers have been added to the project.
21:16:08.989 [main] INFO  com.solvd.itcompany.ITCompany - 
The backend engineers have been added to the project.
21:16:08.989 [main] INFO  com.solvd.itcompany.ITCompany - 
The frontend engineers have been added to the project.
21:16:08.989 [main] INFO  com.solvd.itcompany.ITCompany - 
The IOS developers have been added to the project.
21:16:08.989 [main] INFO  com.solvd.itcompany.ITCompany - 
The quality analysts have been added to the project.
21:16:08.990 [main] INFO  com.solvd.itcompany.ITCompany - 
The marketers have been added to the project.

21:16:08.990 [main] INFO  com.solvd.itcompany.ITCompany - 
Status of Project: IN_PROGRESS
21:16:08.990 [main] INFO  com.solvd.itcompany.employees.ProjectManager - The project manager is creating the project plan...

21:16:08.990 [main] INFO  com.solvd.itcompany.employees.ProjectManager - Gantt chart
21:16:08.990 [main] INFO  com.solvd.itcompany.employees.ProjectManager - Communications plan
21:16:08.990 [main] INFO  com.solvd.itcompany.employees.ProjectManager - 
The the Project Manager is done managing the application.

21:16:08.990 [main] INFO  com.solvd.itcompany.employees.Designer - The designer is creating the design of the application...

21:16:08.990 [main] INFO  com.solvd.itcompany.employees.Designer - Andromo
21:16:08.991 [main] INFO  com.solvd.itcompany.employees.Designer - BuildFire
21:16:08.991 [main] INFO  com.solvd.itcompany.employees.Designer - 
The the designer is done designing the application.

21:16:08.991 [main] INFO  com.solvd.itcompany.employees.QualityAnalyst - The quality analyst is testing the application...

21:16:08.991 [main] INFO  com.solvd.itcompany.employees.QualityAnalyst - Java
