22:02:33.935 [main] INFO  com.solvd.itcompany.Runner - Paul's Coffee Shop: true
22:02:33.936 [main] INFO  com.solvd.itcompany.Runner - Kelly's Pet Shop: true
22:02:33.936 [main] INFO  com.solvd.itcompany.Runner - Dave's Bakery Shop: true
22:02:33.937 [main] INFO  com.solvd.itcompany.Runner - 
---------------------Mid-level Engineers:---------------------
22:02:33.937 [main] INFO  com.solvd.itcompany.Runner - [com.solvd.itcompany.employees.BackendEngineer@6404f418, com.solvd.itcompany.employees.FrontendEngineer@3e11f9e9]
22:02:33.937 [main] INFO  com.solvd.itcompany.Runner - 
---------------------Employees With Bachelor Degrees:---------------------
22:02:33.938 [main] INFO  com.solvd.itcompany.employees.Employee - com.solvd.itcompany.employees.ProjectManager@31fa1761
22:02:33.938 [main] INFO  com.solvd.itcompany.employees.Employee - com.solvd.itcompany.employees.Designer@957e06
22:02:33.938 [main] INFO  com.solvd.itcompany.employees.Employee - com.solvd.itcompany.employees.BackendEngineer@6404f418
22:02:33.938 [main] INFO  com.solvd.itcompany.employees.Employee - com.solvd.itcompany.employees.QualityAnalyst@32502377
22:02:33.938 [main] INFO  com.solvd.itcompany.employees.Employee - com.solvd.itcompany.employees.MarketingManager@2c1b194a
22:02:33.938 [main] INFO  com.solvd.itcompany.Runner - 
---------------------Team Members Names:---------------------
22:02:33.939 [main] INFO  com.solvd.itcompany.employees.Employee - Employee name: Cameron
22:02:33.939 [main] INFO  com.solvd.itcompany.employees.Employee - Employee name: Lily
22:02:33.939 [main] INFO  com.solvd.itcompany.employees.Employee - Employee name: Tom
22:02:33.939 [main] INFO  com.solvd.itcompany.employees.Employee - Employee name: Pam
22:02:33.939 [main] INFO  com.solvd.itcompany.employees.Employee - Employee name: Kevin
22:02:33.939 [main] INFO  com.solvd.itcompany.employees.Employee - Employee name: David
22:02:33.940 [main] INFO  com.solvd.itcompany.employees.Employee - Employee name: Carl
22:02:33.940 [main] INFO  com.solvd.itcompany.generics.EmployeeHashmap - 
List of employees working on the project: 
