22:33:17.614 [main] INFO  com.solvd.itcompany.generics.EmployeeHashmap - 
Frontend Engineer: Pam
22:33:17.621 [main] INFO  com.solvd.itcompany.generics.EmployeeHashmap - 
IOS Developer: Kevin
22:33:17.621 [main] INFO  com.solvd.itcompany.generics.EmployeeHashmap - 
Marketing Manager: Carl
22:33:17.621 [main] INFO  com.solvd.itcompany.generics.EmployeeHashmap - 
Backend Engineer: Tom
22:33:17.622 [main] INFO  com.solvd.itcompany.generics.EmployeeHashmap - 
Quality Analyst: David
22:33:17.622 [main] INFO  com.solvd.itcompany.generics.EmployeeHashmap - 
Project Manager: Cameron
22:33:17.624 [main] INFO  com.solvd.itcompany.Runner - com.solvd.itcompany.Runner$$Lambda$133/0x0000000801118bf8@2c35e847
22:33:17.625 [main] INFO  com.solvd.itcompany.ITCompany - 
The project managers have been added to the project.
22:33:17.625 [main] INFO  com.solvd.itcompany.ITCompany - 
The designers have been added to the project.
22:33:17.625 [main] INFO  com.solvd.itcompany.ITCompany - 
The backend engineers have been added to the project.
22:33:17.625 [main] INFO  com.solvd.itcompany.ITCompany - 
The frontend engineers have been added to the project.
22:33:17.625 [main] INFO  com.solvd.itcompany.ITCompany - 
The IOS developers have been added to the project.
22:33:17.625 [main] INFO  com.solvd.itcompany.ITCompany - 
The quality analysts have been added to the project.
22:33:17.626 [main] INFO  com.solvd.itcompany.ITCompany - 
The marketers have been added to the project.

22:33:17.626 [main] INFO  com.solvd.itcompany.ITCompany - 
Status of Project: IN_PROGRESS
22:33:17.626 [main] INFO  com.solvd.itcompany.employees.ProjectManager - The project manager is creating the project plan...

22:33:17.626 [main] INFO  com.solvd.itcompany.employees.ProjectManager - Gantt chart
22:33:17.626 [main] INFO  com.solvd.itcompany.employees.ProjectManager - Communications plan
22:33:17.626 [main] INFO  com.solvd.itcompany.employees.ProjectManager - 
The the Project Manager is done managing the application.

22:33:17.627 [main] INFO  com.solvd.itcompany.employees.Designer - The designer is creating the design of the application...

