15:16:40.390 [main] INFO  com.solvd.itcompany.ITCompany - 
The marketers have been added to the project.

15:16:40.391 [main] INFO  com.solvd.itcompany.ITCompany - 
Status of Project: IN_PROGRESS
15:16:40.391 [main] INFO  com.solvd.itcompany.employees.ProjectManager - The project manager is creating the project plan...

15:16:40.391 [main] INFO  com.solvd.itcompany.employees.ProjectManager - Gantt chart
15:16:40.391 [main] INFO  com.solvd.itcompany.employees.ProjectManager - Communications plan
15:16:40.391 [main] INFO  com.solvd.itcompany.employees.ProjectManager - 
The the Project Manager is done managing the application.

15:16:40.391 [main] INFO  com.solvd.itcompany.employees.Designer - The designer is creating the design of the application...

15:16:40.391 [main] INFO  com.solvd.itcompany.employees.Designer - Andromo
15:16:40.391 [main] INFO  com.solvd.itcompany.employees.Designer - BuildFire
15:16:40.392 [main] INFO  com.solvd.itcompany.employees.Designer - 
The the designer is done designing the application.

15:16:40.392 [main] INFO  com.solvd.itcompany.employees.QualityAnalyst - The quality analyst is testing the application...

15:16:40.392 [main] INFO  com.solvd.itcompany.employees.QualityAnalyst - Java
15:16:40.392 [main] INFO  com.solvd.itcompany.employees.QualityAnalyst - Maven
15:16:40.392 [main] INFO  com.solvd.itcompany.employees.QualityAnalyst - Cucumber
15:16:40.392 [main] INFO  com.solvd.itcompany.employees.QualityAnalyst - 
The the Quality Analyst is done testing the application.

15:16:40.392 [main] INFO  com.solvd.itcompany.employees.MarketingManager - The marketing manager is creating the promotional plan...

15:16:40.392 [main] INFO  com.solvd.itcompany.employees.MarketingManager - organic social media
15:16:40.392 [main] INFO  com.solvd.itcompany.employees.MarketingManager - email promotion
15:16:40.392 [main] INFO  com.solvd.itcompany.employees.MarketingManager - paid social media
15:16:40.392 [main] INFO  com.solvd.itcompany.employees.MarketingManager - 
The the Marketing Manager is done promoting the application.

