11:12:56.610 [main] INFO  com.solvd.itcompany.ITCompany - 
The backend engineers have been added to the project.
11:12:56.612 [main] INFO  com.solvd.itcompany.ITCompany - 
The frontend engineers have been added to the project.
11:12:56.612 [main] INFO  com.solvd.itcompany.ITCompany - 
The IOS developers have been added to the project.
11:12:56.612 [main] INFO  com.solvd.itcompany.ITCompany - 
The quality analysts have been added to the project.
11:12:56.613 [main] INFO  com.solvd.itcompany.ITCompany - 
The marketers have been added to the project.

11:12:56.613 [main] INFO  com.solvd.itcompany.ITCompany - 
Status of Project: IN_PROGRESS
11:12:56.613 [main] INFO  com.solvd.itcompany.employees.ProjectManager - The project manager is creating the project plan...

11:12:56.614 [main] INFO  com.solvd.itcompany.employees.ProjectManager - Gantt chart
11:12:56.614 [main] INFO  com.solvd.itcompany.employees.ProjectManager - Communications plan
11:12:56.614 [main] INFO  com.solvd.itcompany.employees.ProjectManager - 
The the Project Manager is done managing the application.

11:12:56.615 [main] INFO  com.solvd.itcompany.employees.Designer - The designer is creating the design of the application...

11:12:56.615 [main] INFO  com.solvd.itcompany.employees.Designer - Andromo
11:12:56.615 [main] INFO  com.solvd.itcompany.employees.Designer - BuildFire
11:12:56.615 [main] INFO  com.solvd.itcompany.employees.Designer - 
The the designer is done designing the application.

11:12:56.615 [main] INFO  com.solvd.itcompany.employees.QualityAnalyst - The quality analyst is testing the application...

11:12:56.615 [main] INFO  com.solvd.itcompany.employees.QualityAnalyst - Java
11:12:56.615 [main] INFO  com.solvd.itcompany.employees.QualityAnalyst - Maven
11:12:56.616 [main] INFO  com.solvd.itcompany.employees.QualityAnalyst - Cucumber
11:12:56.616 [main] INFO  com.solvd.itcompany.employees.QualityAnalyst - 
The the Quality Analyst is done testing the application.

11:12:56.616 [main] INFO  com.solvd.itcompany.employees.MarketingManager - The marketing manager is creating the promotional plan...

