15:51:45.489 [main] INFO  com.solvd.itcompany.ITCompany - Great app!
15:51:45.490 [main] INFO  com.solvd.itcompany.ITCompany - Horrible user experience.
15:51:45.490 [main] INFO  com.solvd.itcompany.ITCompany - I order coffee on this app all the time!
15:51:45.490 [main] INFO  com.solvd.itcompany.ITCompany - 
The application has been released.
15:51:45.490 [main] INFO  com.solvd.itcompany.Runner - 
---------------------Bad Reviews:---------------------
15:51:45.491 [main] INFO  com.solvd.itcompany.Runner - [Horrible user experience.]
15:51:45.491 [main] INFO  com.solvd.itcompany.ITCompany - 
While the application is completed the engineering team will continuously maintain the application.
15:51:45.491 [main] INFO  com.solvd.itcompany.Runner - 


---------------------Next Projects To Do:---------------------
15:51:45.491 [main] INFO  com.solvd.itcompany.Runner - [New project under development: 
Client: Kelly's Pet Shop
Project Service: APP_DEVELOPMENT
Project Budget: 2500.0
Project Price: 1000.0
Status of Project: NEW, New project under development: 
Client: Dave's Bakery Shop
Project Service: APP_DEVELOPMENT
Project Budget: 3000.0
Project Price: 1000.0
Status of Project: NEW]
15:51:45.491 [main] INFO  com.solvd.itcompany.Runner - 


---------------------Reflection:---------------------
15:51:45.492 [main] INFO  com.solvd.itcompany.Runner - The name of the constructor: com.solvd.itcompany.ITCompany
15:51:45.492 [main] INFO  com.solvd.itcompany.Runner - The fields of the class: 

15:51:45.492 [main] INFO  com.solvd.itcompany.Runner - name
15:51:45.492 [main] INFO  com.solvd.itcompany.Runner - Field Modifiers: private
15:51:45.492 [main] INFO  com.solvd.itcompany.Runner - employees
15:51:45.493 [main] INFO  com.solvd.itcompany.Runner - Field Modifiers: private
15:51:45.493 [main] INFO  com.solvd.itcompany.Runner - clients
15:51:45.493 [main] INFO  com.solvd.itcompany.Runner - Field Modifiers: private
15:51:45.493 [main] INFO  com.solvd.itcompany.Runner - projects
15:51:45.493 [main] INFO  com.solvd.itcompany.Runner - Field Modifiers: private
