20:25:54.804 [main] INFO  com.solvd.itcompany.employees.Employee - com.solvd.itcompany.employees.ProjectManager@53ce1329
20:25:54.805 [main] INFO  com.solvd.itcompany.employees.Employee - com.solvd.itcompany.employees.Designer@316bcf94
20:25:54.805 [main] INFO  com.solvd.itcompany.employees.Employee - com.solvd.itcompany.employees.BackendEngineer@17497425
20:25:54.805 [main] INFO  com.solvd.itcompany.employees.Employee - com.solvd.itcompany.employees.QualityAnalyst@6404f418
20:25:54.805 [main] INFO  com.solvd.itcompany.employees.Employee - com.solvd.itcompany.employees.MarketingManager@3e11f9e9
20:25:54.805 [main] INFO  com.solvd.itcompany.Runner - 
---------------------Team Members Names:---------------------
20:25:54.806 [main] INFO  com.solvd.itcompany.employees.Employee - Employee name: Cameron
20:25:54.806 [main] INFO  com.solvd.itcompany.employees.Employee - Employee name: Lily
20:25:54.806 [main] INFO  com.solvd.itcompany.employees.Employee - Employee name: Tom
20:25:54.806 [main] INFO  com.solvd.itcompany.employees.Employee - Employee name: Pam
20:25:54.807 [main] INFO  com.solvd.itcompany.employees.Employee - Employee name: Kevin
20:25:54.807 [main] INFO  com.solvd.itcompany.employees.Employee - Employee name: David
20:25:54.807 [main] INFO  com.solvd.itcompany.employees.Employee - Employee name: Carl
20:25:54.807 [main] INFO  com.solvd.itcompany.generics.EmployeeHashmap - 
List of employees working on the project: 
20:25:54.807 [main] INFO  com.solvd.itcompany.generics.EmployeeHashmap - 
Designer: Lily
20:25:54.807 [main] INFO  com.solvd.itcompany.generics.EmployeeHashmap - 
Frontend Engineer: Pam
20:25:54.808 [main] INFO  com.solvd.itcompany.generics.EmployeeHashmap - 
IOS Developer: Kevin
20:25:54.808 [main] INFO  com.solvd.itcompany.generics.EmployeeHashmap - 
Marketing Manager: Carl
20:25:54.808 [main] INFO  com.solvd.itcompany.generics.EmployeeHashmap - 
Backend Engineer: Tom
20:25:54.808 [main] INFO  com.solvd.itcompany.generics.EmployeeHashmap - 
Quality Analyst: David
20:25:54.808 [main] INFO  com.solvd.itcompany.generics.EmployeeHashmap - 
Project Manager: Cameron
