09:55:31.465 [main] INFO  com.solvd.itcompany.generics.EmployeeHashmap - 
IOS Developer: Kevin
09:55:31.470 [main] INFO  com.solvd.itcompany.generics.EmployeeHashmap - 
Marketing Manager: Carl
09:55:31.470 [main] INFO  com.solvd.itcompany.generics.EmployeeHashmap - 
Backend Engineer: Tom
09:55:31.471 [main] INFO  com.solvd.itcompany.generics.EmployeeHashmap - 
Quality Analyst: David
09:55:31.471 [main] INFO  com.solvd.itcompany.generics.EmployeeHashmap - 
Project Manager: Cameron
09:55:31.471 [main] INFO  com.solvd.itcompany.ITCompany - The IT Company has a request to start a project.
09:55:31.472 [main] INFO  com.solvd.itcompany.ITCompany - 
The project managers have been added to the project.
09:55:31.472 [main] INFO  com.solvd.itcompany.ITCompany - 
The designers have been added to the project.
09:55:31.472 [main] INFO  com.solvd.itcompany.ITCompany - 
The backend engineers have been added to the project.
09:55:31.472 [main] INFO  com.solvd.itcompany.ITCompany - 
The frontend engineers have been added to the project.
09:55:31.472 [main] INFO  com.solvd.itcompany.ITCompany - 
The IOS developers have been added to the project.
09:55:31.472 [main] INFO  com.solvd.itcompany.ITCompany - 
The quality analysts have been added to the project.
09:55:31.472 [main] INFO  com.solvd.itcompany.ITCompany - 
The marketers have been added to the project.

09:55:31.472 [main] INFO  com.solvd.itcompany.ITCompany - 
Status of Project: IN_PROGRESS
09:55:31.472 [main] INFO  com.solvd.itcompany.employees.ProjectManager - The project manager is creating the project plan...

09:55:31.473 [main] INFO  com.solvd.itcompany.employees.ProjectManager - Gantt chart
09:55:31.473 [main] INFO  com.solvd.itcompany.employees.ProjectManager - Communications plan
09:55:31.473 [main] INFO  com.solvd.itcompany.employees.ProjectManager - 
The the Project Manager is done managing the application.

09:55:31.473 [main] INFO  com.solvd.itcompany.employees.Designer - The designer is creating the design of the application...

09:55:31.473 [main] INFO  com.solvd.itcompany.employees.Designer - Andromo
