09:59:21.049 [main] INFO  com.solvd.itcompany.ITCompany - 
Status of Project: COMPLETE
09:59:21.051 [main] INFO  com.solvd.itcompany.generics.ProjectTracker - 
The projects left in the backlog: [New project under development: 
Client: Paul's Coffee Shop
Project Service: APP_DEVELOPMENT
Project Budget: 1500.0
Project Price: 1000.0
Status of Project: NEW, New project under development: 
Client: Kelly's Pet Shop
Project Service: APP_DEVELOPMENT
Project Budget: 2500.0
Project Price: 1000.0
Status of Project: NEW, New project under development: 
Client: Dave's Bakery Shop
Project Service: APP_DEVELOPMENT
Project Budget: 3000.0
Project Price: 1000.0
Status of Project: NEW]
09:59:21.052 [main] INFO  com.solvd.itcompany.generics.ListOfTasks - 
Here are a list of tasks for the project: 
09:59:21.052 [main] INFO  com.solvd.itcompany.generics.ListOfTasks - 
Create the backend
09:59:21.052 [main] INFO  com.solvd.itcompany.generics.ListOfTasks - 
Test the application
09:59:21.052 [main] INFO  com.solvd.itcompany.generics.ListOfTasks - 
Create the frontend
09:59:21.052 [main] INFO  com.solvd.itcompany.generics.ListOfTasks - 
Create the management plan for the project
09:59:21.053 [main] INFO  com.solvd.itcompany.generics.ListOfTasks - 
Create the marketing strategy for the application
09:59:21.053 [main] INFO  com.solvd.itcompany.generics.ListOfTasks - 
Create the design of the application
09:59:21.053 [main] INFO  com.solvd.itcompany.generics.ListOfTasks - 
Create the mobile application
09:59:21.054 [main] INFO  com.solvd.itcompany.generics.ProjectPriority - 
Project1
09:59:21.054 [main] INFO  com.solvd.itcompany.generics.ProjectPriority - 
Project2
09:59:21.055 [main] INFO  com.solvd.itcompany.generics.ProjectPriority - 
Project3
09:59:21.055 [main] INFO  com.solvd.itcompany.ITCompany - Here is the user feedback we've received so far: 
09:59:21.055 [main] INFO  com.solvd.itcompany.ITCompany - Great app!
09:59:21.055 [main] INFO  com.solvd.itcompany.ITCompany - Horrible user experience.
09:59:21.056 [main] INFO  com.solvd.itcompany.ITCompany - I order coffee on this app all the time!
