20:55:46.781 [main] INFO  com.solvd.itcompany.Runner - Parameters: 
20:55:46.782 [main] INFO  com.solvd.itcompany.Runner -  com.solvd.itcompany.Project
20:55:46.782 [main] INFO  com.solvd.itcompany.Runner -  java.util.ArrayList
20:55:46.782 [main] INFO  com.solvd.itcompany.Runner - Method Modifiers: public
20:55:46.782 [main] INFO  com.solvd.itcompany.Runner - Return Type: void
20:55:46.782 [main] INFO  com.solvd.itcompany.Runner - Method name: releaseApp
20:55:46.782 [main] INFO  com.solvd.itcompany.Runner - Parameters: 
20:55:46.782 [main] INFO  com.solvd.itcompany.Runner - Method Modifiers: public
20:55:46.782 [main] INFO  com.solvd.itcompany.Runner - Return Type: void
20:55:46.783 [main] INFO  com.solvd.itcompany.Runner - Method name: maintenance
20:55:46.783 [main] INFO  com.solvd.itcompany.Runner - Parameters: 
20:55:46.783 [main] INFO  com.solvd.itcompany.Runner - Method Modifiers: public
20:55:46.783 [main] INFO  com.solvd.itcompany.Runner - Return Type: com.solvd.itcompany.enums.ProjectStatus
20:55:46.783 [main] INFO  com.solvd.itcompany.Runner - Method name: getProjectStatus
20:55:46.783 [main] INFO  com.solvd.itcompany.Runner - Parameters: 
20:55:46.783 [main] INFO  com.solvd.itcompany.Runner - Method Modifiers: public
20:55:46.783 [main] INFO  com.solvd.itcompany.Runner - Return Type: java.util.ArrayList
20:55:46.783 [main] INFO  com.solvd.itcompany.Runner - Method name: getEmployees
20:55:46.784 [main] INFO  com.solvd.itcompany.Runner - Parameters: 
20:55:46.784 [main] INFO  com.solvd.itcompany.Runner - Result of method call: 
20:55:46.785 [main] INFO  com.solvd.itcompany.ITCompany - Here is the user feedback we've received so far: 
20:55:46.785 [main] INFO  com.solvd.itcompany.ITCompany - Great app!
20:55:46.786 [main] INFO  com.solvd.itcompany.ITCompany - Horrible user experience.
20:55:46.786 [main] INFO  com.solvd.itcompany.ITCompany - I order coffee on this app all the time!
20:55:46.786 [main] INFO  com.solvd.itcompany.ITCompany - 
The application has been released.
21:04:51.574 [main] INFO  com.solvd.itcompany.Runner - 
---------------------List of Clients:---------------------
