15:39:54.165 [main] INFO  com.solvd.itcompany.ITCompany - Here is the user feedback we've received so far: 
15:39:54.166 [main] INFO  com.solvd.itcompany.ITCompany - Great app!
15:39:54.166 [main] INFO  com.solvd.itcompany.ITCompany - Horrible user experience.
15:39:54.167 [main] INFO  com.solvd.itcompany.ITCompany - I order coffee on this app all the time!
15:39:54.167 [main] INFO  com.solvd.itcompany.ITCompany - 
The application has been released.
15:39:54.167 [main] INFO  com.solvd.itcompany.Runner - 
---------------------Bad Reviews:---------------------
15:39:54.167 [main] INFO  com.solvd.itcompany.Runner - [Horrible user experience.]
15:39:54.168 [main] INFO  com.solvd.itcompany.ITCompany - 
While the application is completed the engineering team will continuously maintain the application.
15:39:54.168 [main] INFO  com.solvd.itcompany.Runner - 


---------------------Next Projects To Do:---------------------
15:39:54.168 [main] INFO  com.solvd.itcompany.Runner - [New project under development: 
Client: Kelly's Pet Shop
Project Service: APP_DEVELOPMENT
Project Budget: 2500.0
Project Price: 1000.0
Status of Project: NEW, New project under development: 
Client: Dave's Bakery Shop
Project Service: APP_DEVELOPMENT
Project Budget: 3000.0
Project Price: 1000.0
Status of Project: NEW]
16:16:15.082 [main] INFO  com.solvd.itcompany.Runner - 
---------------------Number of Projects:---------------------
16:16:15.086 [main] INFO  com.solvd.itcompany.Runner - 3
16:16:15.086 [main] INFO  com.solvd.itcompany.Runner - 
---------------------Highest Paying Clients:---------------------
16:16:15.086 [main] INFO  com.solvd.itcompany.Runner - 2
16:16:15.087 [main] INFO  com.solvd.itcompany.Runner - 
---------------------Total Project Profits:---------------------
16:16:15.091 [main] INFO  com.solvd.itcompany.Runner - Total Profit: 7000.0
16:16:15.091 [main] INFO  com.solvd.itcompany.Runner - 
---------------------Client Information:---------------------
16:16:15.092 [main] INFO  com.solvd.itcompany.Runner - Client Name: Paul's Coffee Shop
