11:31:53.695 [main] INFO  com.solvd.itcompany.Runner - 
Bachelors Degree in Marketing
11:31:53.696 [main] INFO  com.solvd.itcompany.Runner - 
SENIOR_LEVEL
11:31:53.698 [main] INFO  com.solvd.itcompany.Runner - 
---------------------Mid-level Engineers:---------------------
11:31:53.698 [main] INFO  com.solvd.itcompany.Runner - [com.solvd.itcompany.employees.BackendEngineer@54bff557, com.solvd.itcompany.employees.FrontendEngineer@593aaf41]
11:31:53.699 [main] INFO  com.solvd.itcompany.Runner - 
---------------------Tools The Team Uses:---------------------
11:31:53.701 [main] INFO  com.solvd.itcompany.Runner - [Gantt chart, Communications plan]
11:31:53.701 [main] INFO  com.solvd.itcompany.Runner - [Andromo, BuildFire]
11:31:53.701 [main] INFO  com.solvd.itcompany.Runner - [Java, PHP, JavaScript]
11:31:53.701 [main] INFO  com.solvd.itcompany.Runner - [HTML, CSS, React]
11:31:53.701 [main] INFO  com.solvd.itcompany.Runner - [Swift, Objective-C]
11:31:53.701 [main] INFO  com.solvd.itcompany.Runner - [Java, Maven, Cucumber]
11:31:53.701 [main] INFO  com.solvd.itcompany.Runner - [organic social media, email promotion, paid social media]
11:31:53.702 [main] INFO  com.solvd.itcompany.generics.EmployeeHashmap - 
List of employees working on the project: 
11:31:53.702 [main] INFO  com.solvd.itcompany.generics.EmployeeHashmap - 
Designer: Lily
11:31:53.702 [main] INFO  com.solvd.itcompany.generics.EmployeeHashmap - 
Frontend Engineer: Pam
11:31:53.702 [main] INFO  com.solvd.itcompany.generics.EmployeeHashmap - 
IOS Developer: Kevin
11:31:53.702 [main] INFO  com.solvd.itcompany.generics.EmployeeHashmap - 
Marketing Manager: Carl
11:31:53.702 [main] INFO  com.solvd.itcompany.generics.EmployeeHashmap - 
Backend Engineer: Tom
11:31:53.702 [main] INFO  com.solvd.itcompany.generics.EmployeeHashmap - 
Quality Analyst: David
11:31:53.702 [main] INFO  com.solvd.itcompany.generics.EmployeeHashmap - 
Project Manager: Cameron
11:31:53.704 [main] INFO  com.solvd.itcompany.ITCompany - The IT Company has a request to start a project.
11:31:53.704 [main] INFO  com.solvd.itcompany.ITCompany - 
The project managers have been added to the project.
