23:44:16.909 [main] INFO  com.solvd.itcompany.Runner - 
While the application is completed the engineering team will continuously maintain the application.
06:04:38.670 [main] INFO  com.solvd.itcompany.generics.LinkedListProject - 
Backlog of projects: 
New project under development: 
Client: Paul's Coffee Shop
Project Service: APP_DEVELOPMENT
Project Budget: 1500.0
Project Price: 1000.0
Status of Project: NEW
06:04:38.673 [main] INFO  com.solvd.itcompany.IFulfillRequirements - Here are the requirements for the application: 
06:04:38.673 [main] INFO  com.solvd.itcompany.IFulfillRequirements - Users can order coffee
06:04:38.673 [main] INFO  com.solvd.itcompany.IFulfillRequirements - Users can track loyalty points
06:04:38.673 [main] INFO  com.solvd.itcompany.IFulfillRequirements - Users can interact with community
06:04:38.673 [main] INFO  com.solvd.itcompany.IFulfillRequirements - The IT company has completed reviewing the requirements for the application.

06:04:38.677 [main] INFO  com.solvd.itcompany.generics.EmployeeHashmap - 
List of employees working on the project: 
06:04:38.677 [main] INFO  com.solvd.itcompany.generics.EmployeeHashmap - 
Designer: Lily
06:04:38.678 [main] INFO  com.solvd.itcompany.generics.EmployeeHashmap - 
Frontend Engineer: Pam
06:04:38.678 [main] INFO  com.solvd.itcompany.generics.EmployeeHashmap - 
IOS Developer: Kevin
06:04:38.678 [main] INFO  com.solvd.itcompany.generics.EmployeeHashmap - 
Marketing Manager: Carl
06:04:38.678 [main] INFO  com.solvd.itcompany.generics.EmployeeHashmap - 
Backend Engineer: Tom
06:04:38.678 [main] INFO  com.solvd.itcompany.generics.EmployeeHashmap - 
Quality Analyst: David
06:04:38.678 [main] INFO  com.solvd.itcompany.generics.EmployeeHashmap - 
Project Manager: Cameron
06:04:38.679 [main] INFO  com.solvd.itcompany.ITCompany - The IT Company has a request to start a project.
06:04:38.679 [main] INFO  com.solvd.itcompany.ITCompany - 
The project managers have been added to the project.
06:04:38.679 [main] INFO  com.solvd.itcompany.ITCompany - 
The designers have been added to the project.
