21:37:52.908 [main] INFO  com.solvd.itcompany.ITCompany - 
Status of Project: IN_PROGRESS
21:37:52.909 [main] INFO  com.solvd.itcompany.employees.ProjectManager - The project manager is creating the project plan...

21:37:52.910 [main] INFO  com.solvd.itcompany.employees.ProjectManager - Gantt chart
21:37:52.911 [main] INFO  com.solvd.itcompany.employees.ProjectManager - Communications plan
21:37:52.911 [main] INFO  com.solvd.itcompany.employees.ProjectManager - 
The the Project Manager is done managing the application.

21:37:52.911 [main] INFO  com.solvd.itcompany.employees.Designer - The designer is creating the design of the application...

21:37:52.912 [main] INFO  com.solvd.itcompany.employees.Designer - Andromo
21:37:52.912 [main] INFO  com.solvd.itcompany.employees.Designer - BuildFire
21:37:52.912 [main] INFO  com.solvd.itcompany.employees.Designer - 
The the designer is done designing the application.

21:37:52.912 [main] INFO  com.solvd.itcompany.employees.QualityAnalyst - The quality analyst is testing the application...

21:37:52.912 [main] INFO  com.solvd.itcompany.employees.QualityAnalyst - Java
21:37:52.914 [main] INFO  com.solvd.itcompany.employees.QualityAnalyst - Maven
21:37:52.914 [main] INFO  com.solvd.itcompany.employees.QualityAnalyst - Cucumber
21:37:52.914 [main] INFO  com.solvd.itcompany.employees.QualityAnalyst - 
The the Quality Analyst is done testing the application.

21:37:52.914 [main] INFO  com.solvd.itcompany.employees.MarketingManager - The marketing manager is creating the promotional plan...

21:37:52.915 [main] INFO  com.solvd.itcompany.employees.MarketingManager - organic social media
21:37:52.915 [main] INFO  com.solvd.itcompany.employees.MarketingManager - email promotion
21:37:52.916 [main] INFO  com.solvd.itcompany.employees.MarketingManager - paid social media
21:37:52.916 [main] INFO  com.solvd.itcompany.employees.MarketingManager - 
The the Marketing Manager is done promoting the application.

21:37:52.916 [main] INFO  com.solvd.itcompany.ITCompany - 
Status of Project: COMPLETE
