10:05:10.801 [main] INFO  com.solvd.itcompany.generics.ListOfTasks - 
Create the management plan for the project
10:05:10.802 [main] INFO  com.solvd.itcompany.generics.ListOfTasks - 
Create the marketing strategy for the application
10:05:10.803 [main] INFO  com.solvd.itcompany.generics.ListOfTasks - 
Create the design of the application
10:05:10.803 [main] INFO  com.solvd.itcompany.generics.ListOfTasks - 
Create the mobile application
10:05:10.803 [main] INFO  com.solvd.itcompany.generics.ProjectPriority - 
Project1
10:05:10.803 [main] INFO  com.solvd.itcompany.generics.ProjectPriority - 
Project2
10:05:10.804 [main] INFO  com.solvd.itcompany.generics.ProjectPriority - 
Project3
10:05:10.804 [main] INFO  com.solvd.itcompany.ITCompany - Here is the user feedback we've received so far: 
10:05:10.804 [main] INFO  com.solvd.itcompany.ITCompany - Great app!
10:05:10.804 [main] INFO  com.solvd.itcompany.ITCompany - Horrible user experience.
10:05:10.804 [main] INFO  com.solvd.itcompany.ITCompany - I order coffee on this app all the time!
10:05:10.805 [main] INFO  com.solvd.itcompany.ITCompany - 
The application has been released.
10:05:10.805 [main] INFO  com.solvd.itcompany.ITCompany - 
While the application is completed the engineering team will continuously maintain the application.
10:07:52.170 [main] INFO  com.solvd.itcompany.generics.LinkedListProject - 
Backlog of projects: 
New project under development: 
Client: Paul's Coffee Shop
Project Service: APP_DEVELOPMENT
Project Budget: 1500.0
Project Price: 1000.0
Status of Project: NEW
10:07:52.174 [main] INFO  com.solvd.itcompany.IFulfillRequirements - Here are the requirements for the application: 
10:07:52.174 [main] INFO  com.solvd.itcompany.IFulfillRequirements - Users can order coffee
10:07:52.174 [main] INFO  com.solvd.itcompany.IFulfillRequirements - Users can track loyalty points
10:07:52.174 [main] INFO  com.solvd.itcompany.IFulfillRequirements - Users can interact with community
10:07:52.175 [main] INFO  com.solvd.itcompany.IFulfillRequirements - The IT company has completed reviewing the requirements for the application.

