21:09:27.108 [main] INFO  com.solvd.itcompany.Runner - Modifiers: public
21:09:27.109 [main] INFO  com.solvd.itcompany.Runner - Return Type: java.util.ArrayList
21:09:27.110 [main] INFO  com.solvd.itcompany.Runner - Method name: getProjects
21:09:27.110 [main] INFO  com.solvd.itcompany.Runner - Parameters: 
21:09:27.110 [main] INFO  com.solvd.itcompany.Runner - Modifiers: public
21:09:27.110 [main] INFO  com.solvd.itcompany.Runner - Return Type: void
21:09:27.110 [main] INFO  com.solvd.itcompany.Runner - Method name: setProjects
21:09:27.110 [main] INFO  com.solvd.itcompany.Runner - Parameters: 
21:09:27.110 [main] INFO  com.solvd.itcompany.Runner -  java.util.ArrayList
21:09:27.110 [main] INFO  com.solvd.itcompany.Runner - Modifiers: public
21:09:27.110 [main] INFO  com.solvd.itcompany.Runner - Return Type: java.util.ArrayList
21:09:27.110 [main] INFO  com.solvd.itcompany.Runner - Method name: getEmployees
21:09:27.111 [main] INFO  com.solvd.itcompany.Runner - Parameters: 
21:14:29.592 [main] INFO  com.solvd.itcompany.Runner - 
---------------------Number of Projects:---------------------
21:14:29.594 [main] INFO  com.solvd.itcompany.Runner - 3
21:14:29.595 [main] INFO  com.solvd.itcompany.Runner - 
---------------------Highest Paying Clients:---------------------
21:14:29.595 [main] INFO  com.solvd.itcompany.Runner - 2
21:14:29.595 [main] INFO  com.solvd.itcompany.Runner - 
---------------------Total Project Profits:---------------------
21:14:29.599 [main] INFO  com.solvd.itcompany.Runner - Total Profit: 7000.0
21:14:29.600 [main] INFO  com.solvd.itcompany.Runner - 
---------------------Client Information:---------------------
21:14:29.601 [main] INFO  com.solvd.itcompany.Runner - Client Name: Paul's Coffee Shop
21:14:29.601 [main] INFO  com.solvd.itcompany.Runner - Client Idea: create an app for the coffee shop
21:14:29.601 [main] INFO  com.solvd.itcompany.Runner - Years in Business: 2
21:14:29.601 [main] INFO  com.solvd.itcompany.Runner - Client Budget: 1500.0
21:14:29.601 [main] INFO  com.solvd.itcompany.Runner - Client Project Status: NEW
