21:21:04.962 [main] INFO  com.solvd.itcompany.Runner - Client Project Status: NEW
21:21:04.964 [main] INFO  com.solvd.itcompany.Runner - Client Name: Dave's Bakery Shop
21:21:04.964 [main] INFO  com.solvd.itcompany.Runner - Client Idea: create an app for the bakery shop
21:21:04.964 [main] INFO  com.solvd.itcompany.Runner - Years in Business: 10
21:21:04.964 [main] INFO  com.solvd.itcompany.Runner - Client Budget: 3000.0
21:21:04.964 [main] INFO  com.solvd.itcompany.Runner - Client Project Status: NEW
21:21:04.971 [main] INFO  com.solvd.itcompany.generics.LinkedListProject - 
Backlog of projects: 
New project under development: 
Client: Paul's Coffee Shop
Project Service: APP_DEVELOPMENT
Project Budget: 1500.0
Project Price: 1000.0
Status of Project: NEW
21:21:04.972 [main] INFO  com.solvd.itcompany.IFulfillRequirements - Here are the requirements for the application: 
21:21:04.972 [main] INFO  com.solvd.itcompany.IFulfillRequirements - Users can order coffee
21:21:04.972 [main] INFO  com.solvd.itcompany.IFulfillRequirements - Users can track loyalty points
21:21:04.972 [main] INFO  com.solvd.itcompany.IFulfillRequirements - Users can interact with community
21:21:04.972 [main] INFO  com.solvd.itcompany.IFulfillRequirements - The IT company has completed reviewing the requirements for the application.

21:21:04.978 [main] INFO  com.solvd.itcompany.Runner - 
---------------------Mid-level Engineers:---------------------
21:21:04.979 [main] INFO  com.solvd.itcompany.Runner - [com.solvd.itcompany.employees.BackendEngineer@316bcf94, com.solvd.itcompany.employees.FrontendEngineer@6404f418]
21:21:04.979 [main] INFO  com.solvd.itcompany.Runner - 
---------------------Employees With Bachelor Degrees:---------------------
21:21:04.980 [main] INFO  com.solvd.itcompany.employees.Employee - com.solvd.itcompany.employees.ProjectManager@729d991e
21:21:04.980 [main] INFO  com.solvd.itcompany.employees.Employee - com.solvd.itcompany.employees.Designer@31fa1761
21:21:04.981 [main] INFO  com.solvd.itcompany.employees.Employee - com.solvd.itcompany.employees.BackendEngineer@316bcf94
