12:11:08.857 [main] INFO  com.solvd.itcompany.ITCompany - 
The quality analysts have been added to the project.
12:11:08.857 [main] INFO  com.solvd.itcompany.ITCompany - 
The marketers have been added to the project.

12:11:08.858 [main] INFO  com.solvd.itcompany.ITCompany - 
Status of Project: IN_PROGRESS
12:11:08.858 [main] INFO  com.solvd.itcompany.employees.ProjectManager - The project manager is creating the project plan...

12:11:08.858 [main] INFO  com.solvd.itcompany.employees.ProjectManager - Gantt chart
12:11:08.858 [main] INFO  com.solvd.itcompany.employees.ProjectManager - Communications plan
12:11:08.858 [main] INFO  com.solvd.itcompany.employees.ProjectManager - 
The the Project Manager is done managing the application.

12:11:08.858 [main] INFO  com.solvd.itcompany.employees.Designer - The designer is creating the design of the application...

12:11:08.858 [main] INFO  com.solvd.itcompany.employees.Designer - Andromo
12:11:08.858 [main] INFO  com.solvd.itcompany.employees.Designer - BuildFire
12:11:08.858 [main] INFO  com.solvd.itcompany.employees.Designer - 
The the designer is done designing the application.

12:11:08.858 [main] INFO  com.solvd.itcompany.employees.QualityAnalyst - The quality analyst is testing the application...

12:11:08.858 [main] INFO  com.solvd.itcompany.employees.QualityAnalyst - Java
12:11:08.858 [main] INFO  com.solvd.itcompany.employees.QualityAnalyst - Maven
12:11:08.859 [main] INFO  com.solvd.itcompany.employees.QualityAnalyst - Cucumber
12:11:08.859 [main] INFO  com.solvd.itcompany.employees.QualityAnalyst - 
The the Quality Analyst is done testing the application.

12:11:08.859 [main] INFO  com.solvd.itcompany.employees.MarketingManager - The marketing manager is creating the promotional plan...

12:11:08.859 [main] INFO  com.solvd.itcompany.employees.MarketingManager - organic social media
12:11:08.859 [main] INFO  com.solvd.itcompany.employees.MarketingManager - email promotion
12:11:08.859 [main] INFO  com.solvd.itcompany.employees.MarketingManager - paid social media
