21:54:48.954 [main] INFO  com.solvd.itcompany.Runner - Parameters: 
21:54:48.955 [main] INFO  com.solvd.itcompany.Runner - Method Modifiers: public
21:54:48.955 [main] INFO  com.solvd.itcompany.Runner - Return Type: void
21:54:48.955 [main] INFO  com.solvd.itcompany.Runner - Method name: setClients
21:54:48.955 [main] INFO  com.solvd.itcompany.Runner - Parameters: 
21:54:48.955 [main] INFO  com.solvd.itcompany.Runner -  java.util.ArrayList
21:54:48.955 [main] INFO  com.solvd.itcompany.Runner - Method Modifiers: public
21:54:48.955 [main] INFO  com.solvd.itcompany.Runner - Return Type: java.util.ArrayList
21:54:48.955 [main] INFO  com.solvd.itcompany.Runner - Method name: getProjects
21:54:48.955 [main] INFO  com.solvd.itcompany.Runner - Parameters: 
21:54:48.955 [main] INFO  com.solvd.itcompany.Runner - Method Modifiers: public
21:54:48.955 [main] INFO  com.solvd.itcompany.Runner - Return Type: void
21:54:48.955 [main] INFO  com.solvd.itcompany.Runner - Method name: setProjects
21:54:48.956 [main] INFO  com.solvd.itcompany.Runner - Parameters: 
21:54:48.956 [main] INFO  com.solvd.itcompany.Runner -  java.util.ArrayList
21:54:48.956 [main] INFO  com.solvd.itcompany.Runner - Method Modifiers: public
21:54:48.956 [main] INFO  com.solvd.itcompany.Runner - Return Type: void
21:54:48.956 [main] INFO  com.solvd.itcompany.Runner - Method name: setEmployees
21:54:48.956 [main] INFO  com.solvd.itcompany.Runner - Parameters: 
21:54:48.956 [main] INFO  com.solvd.itcompany.Runner -  java.util.ArrayList
21:54:48.956 [main] INFO  com.solvd.itcompany.Runner - Method Modifiers: public final
21:54:48.956 [main] INFO  com.solvd.itcompany.Runner - Return Type: void
21:54:48.957 [main] INFO  com.solvd.itcompany.Runner - Method name: intro
21:54:48.957 [main] INFO  com.solvd.itcompany.Runner - Parameters: 
21:54:48.957 [main] INFO  com.solvd.itcompany.Runner - Method Modifiers: public
21:54:48.957 [main] INFO  com.solvd.itcompany.Runner - Return Type: void
21:54:48.957 [main] INFO  com.solvd.itcompany.Runner - Method name: assignProject
