19:37:01.137 [main] INFO  com.solvd.itcompany.IFulfillRequirements - Users can track loyalty points
19:37:01.139 [main] INFO  com.solvd.itcompany.IFulfillRequirements - Users can interact with community
19:37:01.139 [main] INFO  com.solvd.itcompany.IFulfillRequirements - The IT company has completed reviewing the requirements for the application.

19:37:01.143 [main] INFO  com.solvd.itcompany.Runner - 
---------------------Mid-level Engineers:---------------------
19:37:01.144 [main] INFO  com.solvd.itcompany.Runner - [com.solvd.itcompany.employees.BackendEngineer@17497425, com.solvd.itcompany.employees.FrontendEngineer@f0da945]
19:37:01.144 [main] INFO  com.solvd.itcompany.Runner - 
---------------------Tools The Team Uses:---------------------
19:37:01.145 [main] INFO  com.solvd.itcompany.Runner - [Gantt chart, Communications plan]
19:37:01.145 [main] INFO  com.solvd.itcompany.Runner - [Andromo, BuildFire]
19:37:01.145 [main] INFO  com.solvd.itcompany.Runner - [Java, PHP, JavaScript]
19:37:01.145 [main] INFO  com.solvd.itcompany.Runner - [HTML, CSS, React]
19:37:01.145 [main] INFO  com.solvd.itcompany.Runner - [Swift, Objective-C]
19:37:01.145 [main] INFO  com.solvd.itcompany.Runner - [Java, Maven, Cucumber]
19:37:01.145 [main] INFO  com.solvd.itcompany.Runner - [organic social media, email promotion, paid social media]
19:37:01.145 [main] INFO  com.solvd.itcompany.Runner - 
---------------------Team Members Names:---------------------
19:37:01.146 [main] INFO  com.solvd.itcompany.employees.Employee - Employee name: null
19:37:01.146 [main] INFO  com.solvd.itcompany.employees.Employee - Employee name: null
19:37:01.147 [main] INFO  com.solvd.itcompany.employees.Employee - Employee name: null
19:37:01.147 [main] INFO  com.solvd.itcompany.employees.Employee - Employee name: null
19:37:01.147 [main] INFO  com.solvd.itcompany.employees.Employee - Employee name: null
19:37:01.147 [main] INFO  com.solvd.itcompany.employees.Employee - Employee name: null
19:37:01.147 [main] INFO  com.solvd.itcompany.employees.Employee - Employee name: null
