23:32:55.465 [main] INFO  com.solvd.itcompany.Runner - Client Project Status: NEW
23:32:55.470 [main] INFO  com.solvd.itcompany.generics.LinkedListProject - 
Backlog of projects: 
New project under development: 
Client: Paul's Coffee Shop
Project Service: APP_DEVELOPMENT
Project Budget: 1500.0
Project Price: 1000.0
Status of Project: NEW
23:32:55.471 [main] INFO  com.solvd.itcompany.IFulfillRequirements - Here are the requirements for the application: 
23:32:55.472 [main] INFO  com.solvd.itcompany.IFulfillRequirements - Users can order coffee
23:32:55.472 [main] INFO  com.solvd.itcompany.IFulfillRequirements - Users can track loyalty points
23:32:55.472 [main] INFO  com.solvd.itcompany.IFulfillRequirements - Users can interact with community
23:32:55.472 [main] INFO  com.solvd.itcompany.IFulfillRequirements - The IT company has completed reviewing the requirements for the application.

23:32:55.473 [main] INFO  com.solvd.itcompany.Runner - 
---------------------Your Team's Credentials:---------------------
23:32:55.474 [main] INFO  com.solvd.itcompany.Runner - 
Cameron
23:32:55.474 [main] INFO  com.solvd.itcompany.Runner - 
Manager
23:32:55.474 [main] INFO  com.solvd.itcompany.Runner - 
Bachelors Degree in Business Administration
23:32:55.474 [main] INFO  com.solvd.itcompany.Runner - 
MID_LEVEL
23:32:55.474 [main] INFO  com.solvd.itcompany.Runner - 
Lily
23:32:55.474 [main] INFO  com.solvd.itcompany.Runner - 
Designer
23:32:55.474 [main] INFO  com.solvd.itcompany.Runner - 
Bachelors Degree in Graphic Design
23:32:55.475 [main] INFO  com.solvd.itcompany.Runner - 
ENTRY_LEVEL
23:32:55.475 [main] INFO  com.solvd.itcompany.Runner - 
Tom
23:32:55.475 [main] INFO  com.solvd.itcompany.Runner - 
Backend
23:32:55.475 [main] INFO  com.solvd.itcompany.Runner - 
Bachelors Degree in Computer Science
23:32:55.475 [main] INFO  com.solvd.itcompany.Runner - 
MID_LEVEL
23:32:55.475 [main] INFO  com.solvd.itcompany.Runner - 
Pam
23:32:55.476 [main] INFO  com.solvd.itcompany.Runner - 
Frontend
23:32:55.476 [main] INFO  com.solvd.itcompany.Runner - 
Frontend Bootcamp
