19:18:32.380 [main] INFO  com.solvd.itcompany.Runner - Field Modifiers: private
19:18:32.381 [main] INFO  com.solvd.itcompany.Runner - projectStatus
19:18:32.381 [main] INFO  com.solvd.itcompany.Runner - Field Modifiers: private
19:18:32.381 [main] INFO  com.solvd.itcompany.Runner - logger
19:18:32.381 [main] INFO  com.solvd.itcompany.Runner - Field Modifiers: private static final
19:18:32.382 [main] INFO  com.solvd.itcompany.Runner - Method Modifiers: public
19:18:32.382 [main] INFO  com.solvd.itcompany.Runner - Return Type: java.lang.String
19:18:32.382 [main] INFO  com.solvd.itcompany.Runner - Method name: getName
19:18:32.382 [main] INFO  com.solvd.itcompany.Runner - Parameters: 
19:18:32.382 [main] INFO  com.solvd.itcompany.Runner - Method Modifiers: public
19:18:32.382 [main] INFO  com.solvd.itcompany.Runner - Return Type: void
19:18:32.382 [main] INFO  com.solvd.itcompany.Runner - Method name: setName
19:18:32.383 [main] INFO  com.solvd.itcompany.Runner - Parameters: 
19:18:32.383 [main] INFO  com.solvd.itcompany.Runner -  java.lang.String
19:18:32.383 [main] INFO  com.solvd.itcompany.Runner - Method Modifiers: public
19:18:32.383 [main] INFO  com.solvd.itcompany.Runner - Return Type: java.util.ArrayList
19:18:32.383 [main] INFO  com.solvd.itcompany.Runner - Method name: getClients
19:18:32.383 [main] INFO  com.solvd.itcompany.Runner - Parameters: 
19:18:32.383 [main] INFO  com.solvd.itcompany.Runner - Method Modifiers: public
19:18:32.383 [main] INFO  com.solvd.itcompany.Runner - Return Type: void
19:18:32.383 [main] INFO  com.solvd.itcompany.Runner - Method name: setClients
19:18:32.383 [main] INFO  com.solvd.itcompany.Runner - Parameters: 
19:18:32.384 [main] INFO  com.solvd.itcompany.Runner -  java.util.ArrayList
19:18:32.384 [main] INFO  com.solvd.itcompany.Runner - Method Modifiers: public
19:18:32.384 [main] INFO  com.solvd.itcompany.Runner - Return Type: java.util.ArrayList
19:18:32.384 [main] INFO  com.solvd.itcompany.Runner - Method name: getProjects
19:18:32.384 [main] INFO  com.solvd.itcompany.Runner - Parameters: 
