15:16:40.379 [main] INFO  com.solvd.itcompany.Runner - 
Lily
15:16:40.380 [main] INFO  com.solvd.itcompany.Runner - 
Designer
15:16:40.380 [main] INFO  com.solvd.itcompany.Runner - 
Bachelors Degree in Graphic Design
15:16:40.380 [main] INFO  com.solvd.itcompany.Runner - 
ENTRY_LEVEL
15:16:40.380 [main] INFO  com.solvd.itcompany.Runner - 
Tom
15:16:40.381 [main] INFO  com.solvd.itcompany.Runner - 
Backend
15:16:40.381 [main] INFO  com.solvd.itcompany.Runner - 
Bachelors Degree in Computer Science
15:16:40.381 [main] INFO  com.solvd.itcompany.Runner - 
MID_LEVEL
15:16:40.381 [main] INFO  com.solvd.itcompany.Runner - 
Pam
15:16:40.381 [main] INFO  com.solvd.itcompany.Runner - 
Frontend
15:16:40.381 [main] INFO  com.solvd.itcompany.Runner - 
Frontend Bootcamp
15:16:40.382 [main] INFO  com.solvd.itcompany.Runner - 
MID_LEVEL
15:16:40.382 [main] INFO  com.solvd.itcompany.Runner - 
Kevin
15:16:40.382 [main] INFO  com.solvd.itcompany.Runner - 
IOS
15:16:40.382 [main] INFO  com.solvd.itcompany.Runner - 
Mobile Development Bootcamp
15:16:40.382 [main] INFO  com.solvd.itcompany.Runner - 
SENIOR_LEVEL
15:16:40.382 [main] INFO  com.solvd.itcompany.Runner - 
David
15:16:40.382 [main] INFO  com.solvd.itcompany.Runner - 
Quality
15:16:40.383 [main] INFO  com.solvd.itcompany.Runner - 
Bachelors Degree in Information Technology
15:16:40.383 [main] INFO  com.solvd.itcompany.Runner - 
ENTRY_LEVEL
15:16:40.383 [main] INFO  com.solvd.itcompany.Runner - 
Carl
15:16:40.383 [main] INFO  com.solvd.itcompany.Runner - 
Marketing
15:16:40.383 [main] INFO  com.solvd.itcompany.Runner - 
Bachelors Degree in Marketing
15:16:40.383 [main] INFO  com.solvd.itcompany.Runner - 
SENIOR_LEVEL
15:16:40.384 [main] INFO  com.solvd.itcompany.Runner - 
---------------------Mid-level Engineers:---------------------
15:16:40.385 [main] INFO  com.solvd.itcompany.Runner - [com.solvd.itcompany.employees.BackendEngineer@54bff557, com.solvd.itcompany.employees.FrontendEngineer@593aaf41]
15:16:40.385 [main] INFO  com.solvd.itcompany.Runner - 
---------------------Tools The Team Uses:---------------------
