20:54:53.275 [main] INFO  com.solvd.itcompany.generics.EmployeeHashmap - 
Quality Analyst: David
20:54:53.276 [main] INFO  com.solvd.itcompany.generics.EmployeeHashmap - 
Project Manager: Cameron
20:54:53.277 [main] INFO  com.solvd.itcompany.ITCompany - The IT Company has a request to start a project.
20:54:53.277 [main] INFO  com.solvd.itcompany.ITCompany - 
The project managers have been added to the project.
20:54:53.277 [main] INFO  com.solvd.itcompany.ITCompany - 
The designers have been added to the project.
20:54:53.277 [main] INFO  com.solvd.itcompany.ITCompany - 
The backend engineers have been added to the project.
20:54:53.277 [main] INFO  com.solvd.itcompany.ITCompany - 
The frontend engineers have been added to the project.
20:54:53.277 [main] INFO  com.solvd.itcompany.ITCompany - 
The IOS developers have been added to the project.
20:54:53.278 [main] INFO  com.solvd.itcompany.ITCompany - 
The quality analysts have been added to the project.
20:54:53.278 [main] INFO  com.solvd.itcompany.ITCompany - 
The marketers have been added to the project.

20:54:53.278 [main] INFO  com.solvd.itcompany.ITCompany - 
Status of Project: IN_PROGRESS
20:54:53.278 [main] INFO  com.solvd.itcompany.employees.ProjectManager - The project manager is creating the project plan...

20:54:53.278 [main] INFO  com.solvd.itcompany.employees.ProjectManager - Gantt chart
20:54:53.278 [main] INFO  com.solvd.itcompany.employees.ProjectManager - Communications plan
20:54:53.278 [main] INFO  com.solvd.itcompany.employees.ProjectManager - 
The the Project Manager is done managing the application.

20:54:53.278 [main] INFO  com.solvd.itcompany.employees.Designer - The designer is creating the design of the application...

20:54:53.278 [main] INFO  com.solvd.itcompany.employees.Designer - Andromo
20:54:53.278 [main] INFO  com.solvd.itcompany.employees.Designer - BuildFire
20:54:53.279 [main] INFO  com.solvd.itcompany.employees.Designer - 
The the designer is done designing the application.

20:54:53.279 [main] INFO  com.solvd.itcompany.employees.QualityAnalyst - The quality analyst is testing the application...

