21:18:59.155 [main] INFO  com.solvd.itcompany.Runner -  com.solvd.itcompany.Project
21:18:59.156 [main] INFO  com.solvd.itcompany.Runner -  java.util.ArrayList
21:18:59.156 [main] INFO  com.solvd.itcompany.Runner -  com.solvd.itcompany.enums.ProjectStatus
21:18:59.156 [main] INFO  com.solvd.itcompany.Runner - Modifiers: public
21:18:59.156 [main] INFO  com.solvd.itcompany.Runner - Return Type: void
21:18:59.156 [main] INFO  com.solvd.itcompany.Runner - Method name: projectCreated
21:18:59.157 [main] INFO  com.solvd.itcompany.Runner - Parameters: 
21:18:59.157 [main] INFO  com.solvd.itcompany.Runner -  com.solvd.itcompany.Project
21:18:59.157 [main] INFO  com.solvd.itcompany.Runner -  java.util.ArrayList
21:18:59.157 [main] INFO  com.solvd.itcompany.Runner - Modifiers: public
21:18:59.157 [main] INFO  com.solvd.itcompany.Runner - Return Type: void
21:18:59.157 [main] INFO  com.solvd.itcompany.Runner - Method name: releaseApp
21:18:59.157 [main] INFO  com.solvd.itcompany.Runner - Parameters: 
21:18:59.157 [main] INFO  com.solvd.itcompany.Runner - Modifiers: public
21:18:59.157 [main] INFO  com.solvd.itcompany.Runner - Return Type: void
21:18:59.157 [main] INFO  com.solvd.itcompany.Runner - Method name: maintenance
21:18:59.157 [main] INFO  com.solvd.itcompany.Runner - Parameters: 
21:18:59.157 [main] INFO  com.solvd.itcompany.Runner - Modifiers: public
21:18:59.157 [main] INFO  com.solvd.itcompany.Runner - Return Type: com.solvd.itcompany.enums.ProjectStatus
21:18:59.157 [main] INFO  com.solvd.itcompany.Runner - Method name: getProjectStatus
21:18:59.158 [main] INFO  com.solvd.itcompany.Runner - Parameters: 
21:18:59.158 [main] INFO  com.solvd.itcompany.Runner - Modifiers: public
21:18:59.158 [main] INFO  com.solvd.itcompany.Runner - Return Type: java.util.ArrayList
21:18:59.158 [main] INFO  com.solvd.itcompany.Runner - Method name: getClients
21:18:59.158 [main] INFO  com.solvd.itcompany.Runner - Parameters: 
21:18:59.158 [main] INFO  com.solvd.itcompany.Runner - Modifiers: public
21:18:59.158 [main] INFO  com.solvd.itcompany.Runner - Return Type: void
