21:20:38.255 [main] INFO  com.solvd.itcompany.Runner -  java.util.ArrayList
21:20:38.256 [main] INFO  com.solvd.itcompany.Runner - Method Modifiers: public
21:20:38.257 [main] INFO  com.solvd.itcompany.Runner - Return Type: java.util.ArrayList
21:20:38.257 [main] INFO  com.solvd.itcompany.Runner - Method name: getProjects
21:20:38.257 [main] INFO  com.solvd.itcompany.Runner - Parameters: 
21:20:38.257 [main] INFO  com.solvd.itcompany.Runner - Method Modifiers: public
21:20:38.257 [main] INFO  com.solvd.itcompany.Runner - Return Type: java.util.ArrayList
21:20:38.257 [main] INFO  com.solvd.itcompany.Runner - Method name: getEmployees
21:20:38.257 [main] INFO  com.solvd.itcompany.Runner - Parameters: 
21:20:38.257 [main] INFO  com.solvd.itcompany.Runner - Method Modifiers: public
21:20:38.257 [main] INFO  com.solvd.itcompany.Runner - Return Type: void
21:20:38.258 [main] INFO  com.solvd.itcompany.Runner - Method name: setEmployees
21:20:38.258 [main] INFO  com.solvd.itcompany.Runner - Parameters: 
21:20:38.258 [main] INFO  com.solvd.itcompany.Runner -  java.util.ArrayList
21:20:38.258 [main] INFO  com.solvd.itcompany.Runner - Method Modifiers: public final
21:20:38.258 [main] INFO  com.solvd.itcompany.Runner - Return Type: void
21:20:38.258 [main] INFO  com.solvd.itcompany.Runner - Method name: intro
21:20:38.258 [main] INFO  com.solvd.itcompany.Runner - Parameters: 
21:20:38.258 [main] INFO  com.solvd.itcompany.Runner - Method Modifiers: public
21:20:38.258 [main] INFO  com.solvd.itcompany.Runner - Return Type: void
21:20:38.258 [main] INFO  com.solvd.itcompany.Runner - Method name: assignProject
21:20:38.258 [main] INFO  com.solvd.itcompany.Runner - Parameters: 
21:20:38.258 [main] INFO  com.solvd.itcompany.Runner -  com.solvd.itcompany.Project
21:20:38.258 [main] INFO  com.solvd.itcompany.Runner -  java.util.ArrayList
21:20:38.259 [main] INFO  com.solvd.itcompany.Runner -  com.solvd.itcompany.enums.ProjectStatus
21:20:38.259 [main] INFO  com.solvd.itcompany.Runner - Method Modifiers: public
21:20:38.259 [main] INFO  com.solvd.itcompany.Runner - Return Type: void
