10:10:10.281 [main] INFO  com.solvd.itcompany.ITCompany - 
The frontend engineers have been added to the project.
10:10:10.282 [main] INFO  com.solvd.itcompany.ITCompany - 
The IOS developers have been added to the project.
10:10:10.282 [main] INFO  com.solvd.itcompany.ITCompany - 
The quality analysts have been added to the project.
10:10:10.282 [main] INFO  com.solvd.itcompany.ITCompany - 
The marketers have been added to the project.

10:10:10.282 [main] INFO  com.solvd.itcompany.ITCompany - 
Status of Project: IN_PROGRESS
10:10:10.282 [main] INFO  com.solvd.itcompany.employees.ProjectManager - The project manager is creating the project plan...

10:10:10.282 [main] INFO  com.solvd.itcompany.employees.ProjectManager - Gantt chart
10:10:10.282 [main] INFO  com.solvd.itcompany.employees.ProjectManager - Communications plan
10:10:10.282 [main] INFO  com.solvd.itcompany.employees.ProjectManager - 
The the Project Manager is done managing the application.

10:10:10.282 [main] INFO  com.solvd.itcompany.employees.Designer - The designer is creating the design of the application...

10:10:10.283 [main] INFO  com.solvd.itcompany.employees.Designer - Andromo
10:10:10.283 [main] INFO  com.solvd.itcompany.employees.Designer - BuildFire
10:10:10.283 [main] INFO  com.solvd.itcompany.employees.Designer - 
The the designer is done designing the application.

10:10:10.283 [main] INFO  com.solvd.itcompany.employees.QualityAnalyst - The quality analyst is testing the application...

10:10:10.283 [main] INFO  com.solvd.itcompany.employees.QualityAnalyst - Java
10:10:10.283 [main] INFO  com.solvd.itcompany.employees.QualityAnalyst - Maven
10:10:10.283 [main] INFO  com.solvd.itcompany.employees.QualityAnalyst - Cucumber
10:10:10.283 [main] INFO  com.solvd.itcompany.employees.QualityAnalyst - 
The the Quality Analyst is done testing the application.

10:10:10.284 [main] INFO  com.solvd.itcompany.employees.MarketingManager - The marketing manager is creating the promotional plan...

10:10:10.284 [main] INFO  com.solvd.itcompany.employees.MarketingManager - organic social media
