22:12:57.031 [main] INFO  com.solvd.itcompany.IFulfillRequirements - Users can order coffee
22:12:57.038 [main] INFO  com.solvd.itcompany.IFulfillRequirements - Users can track loyalty points
22:12:57.038 [main] INFO  com.solvd.itcompany.IFulfillRequirements - Users can interact with community
22:12:57.038 [main] INFO  com.solvd.itcompany.IFulfillRequirements - The IT company has completed reviewing the requirements for the application.

22:12:57.044 [main] INFO  com.solvd.itcompany.generics.EmployeeHashmap - 
List of employees working on the project: 
22:12:57.044 [main] INFO  com.solvd.itcompany.generics.EmployeeHashmap - 
Designer: Lily
22:12:57.045 [main] INFO  com.solvd.itcompany.generics.EmployeeHashmap - 
Frontend Engineer: Pam
22:12:57.045 [main] INFO  com.solvd.itcompany.generics.EmployeeHashmap - 
IOS Developer: Kevin
22:12:57.045 [main] INFO  com.solvd.itcompany.generics.EmployeeHashmap - 
Marketing Manager: Carl
22:12:57.045 [main] INFO  com.solvd.itcompany.generics.EmployeeHashmap - 
Backend Engineer: Tom
22:12:57.045 [main] INFO  com.solvd.itcompany.generics.EmployeeHashmap - 
Quality Analyst: David
22:12:57.046 [main] INFO  com.solvd.itcompany.generics.EmployeeHashmap - 
Project Manager: Cameron
22:12:57.047 [main] INFO  com.solvd.itcompany.ITCompany - The IT Company has a request to start a project.
22:12:57.047 [main] INFO  com.solvd.itcompany.ITCompany - 
The project managers have been added to the project.
22:12:57.048 [main] INFO  com.solvd.itcompany.ITCompany - 
The designers have been added to the project.
22:12:57.048 [main] INFO  com.solvd.itcompany.ITCompany - 
The backend engineers have been added to the project.
22:12:57.048 [main] INFO  com.solvd.itcompany.ITCompany - 
The frontend engineers have been added to the project.
22:12:57.048 [main] INFO  com.solvd.itcompany.ITCompany - 
The IOS developers have been added to the project.
22:12:57.048 [main] INFO  com.solvd.itcompany.ITCompany - 
The quality analysts have been added to the project.
22:12:57.048 [main] INFO  com.solvd.itcompany.ITCompany - 
The marketers have been added to the project.

