22:48:05.813 [main] INFO  com.solvd.itcompany.employees.Designer - BuildFire
22:48:05.814 [main] INFO  com.solvd.itcompany.employees.Designer - 
The the designer is done designing the application.

22:48:05.814 [main] INFO  com.solvd.itcompany.employees.QualityAnalyst - The quality analyst is testing the application...

22:48:05.814 [main] INFO  com.solvd.itcompany.employees.QualityAnalyst - Java
22:48:05.814 [main] INFO  com.solvd.itcompany.employees.QualityAnalyst - Maven
22:48:05.815 [main] INFO  com.solvd.itcompany.employees.QualityAnalyst - Cucumber
22:48:05.815 [main] INFO  com.solvd.itcompany.employees.QualityAnalyst - 
The the Quality Analyst is done testing the application.

22:48:05.815 [main] INFO  com.solvd.itcompany.employees.MarketingManager - The marketing manager is creating the promotional plan...

22:48:05.815 [main] INFO  com.solvd.itcompany.employees.MarketingManager - organic social media
22:48:05.815 [main] INFO  com.solvd.itcompany.employees.MarketingManager - email promotion
22:48:05.815 [main] INFO  com.solvd.itcompany.employees.MarketingManager - paid social media
22:48:05.816 [main] INFO  com.solvd.itcompany.employees.MarketingManager - 
The the Marketing Manager is done promoting the application.

22:48:05.816 [main] INFO  com.solvd.itcompany.ITCompany - 
Status of Project: COMPLETE
22:48:05.817 [main] INFO  com.solvd.itcompany.generics.ProjectTracker - 
The projects left in the backlog: [New project under development: 
Client: Paul's Coffee Shop
Project Service: App Development
Project Budget: 1500.0
Project Price: 1000.0
Status of Project: NEW, New project under development: 
Client: Kelly's Pet Shop
Project Service: App Development
Project Budget: 2500.0
Project Price: 2000.0
Status of Project: NEW, New project under development: 
Client: Dave's Bakery Shop
Project Service: App Development
Project Budget: 3000.0
Project Price: 2000.0
Status of Project: NEW]
22:48:05.818 [main] INFO  com.solvd.itcompany.generics.ListOfTasks - 
Here are a list of tasks for the project: 
22:48:05.818 [main] INFO  com.solvd.itcompany.generics.ListOfTasks - 
Create the backend
