15:17:32.588 [main] INFO  com.solvd.itcompany.Runner - 
Tom
15:17:32.589 [main] INFO  com.solvd.itcompany.Runner - 
Backend
15:17:32.589 [main] INFO  com.solvd.itcompany.Runner - 
Bachelors Degree in Computer Science
15:17:32.590 [main] INFO  com.solvd.itcompany.Runner - 
MID_LEVEL
15:17:32.590 [main] INFO  com.solvd.itcompany.Runner - 
Pam
15:17:32.590 [main] INFO  com.solvd.itcompany.Runner - 
Frontend
15:17:32.590 [main] INFO  com.solvd.itcompany.Runner - 
Frontend Bootcamp
15:17:32.590 [main] INFO  com.solvd.itcompany.Runner - 
MID_LEVEL
15:17:32.591 [main] INFO  com.solvd.itcompany.Runner - 
Kevin
15:17:32.591 [main] INFO  com.solvd.itcompany.Runner - 
IOS
15:17:32.591 [main] INFO  com.solvd.itcompany.Runner - 
Mobile Development Bootcamp
15:17:32.591 [main] INFO  com.solvd.itcompany.Runner - 
SENIOR_LEVEL
15:17:32.591 [main] INFO  com.solvd.itcompany.Runner - 
David
15:17:32.591 [main] INFO  com.solvd.itcompany.Runner - 
Quality
15:17:32.591 [main] INFO  com.solvd.itcompany.Runner - 
Bachelors Degree in Information Technology
15:17:32.592 [main] INFO  com.solvd.itcompany.Runner - 
ENTRY_LEVEL
15:17:32.592 [main] INFO  com.solvd.itcompany.Runner - 
Carl
15:17:32.592 [main] INFO  com.solvd.itcompany.Runner - 
Marketing
15:17:32.592 [main] INFO  com.solvd.itcompany.Runner - 
Bachelors Degree in Marketing
15:17:32.592 [main] INFO  com.solvd.itcompany.Runner - 
SENIOR_LEVEL
15:17:32.594 [main] INFO  com.solvd.itcompany.Runner - 
---------------------Mid-level Engineers:---------------------
15:17:32.594 [main] INFO  com.solvd.itcompany.Runner - [com.solvd.itcompany.employees.BackendEngineer@54bff557, com.solvd.itcompany.employees.FrontendEngineer@593aaf41]
15:17:32.594 [main] INFO  com.solvd.itcompany.Runner - 
---------------------Tools The Team Uses:---------------------
15:17:32.595 [main] INFO  com.solvd.itcompany.Runner - [Gantt chart, Communications plan]
15:17:32.595 [main] INFO  com.solvd.itcompany.Runner - [Andromo, BuildFire]
15:17:32.595 [main] INFO  com.solvd.itcompany.Runner - [Java, PHP, JavaScript]
