22:55:16.409 [main] INFO  com.solvd.itcompany.Runner - 
Kevin
22:55:16.410 [main] INFO  com.solvd.itcompany.Runner - 
IOS
22:55:16.410 [main] INFO  com.solvd.itcompany.Runner - 
Mobile Development Bootcamp
22:55:16.410 [main] INFO  com.solvd.itcompany.Runner - 
SENIOR_LEVEL
22:55:16.410 [main] INFO  com.solvd.itcompany.Runner - 
David
22:55:16.410 [main] INFO  com.solvd.itcompany.Runner - 
Quality
22:55:16.410 [main] INFO  com.solvd.itcompany.Runner - 
Bachelors Degree in Information Technology
22:55:16.411 [main] INFO  com.solvd.itcompany.Runner - 
ENTRY_LEVEL
22:55:16.411 [main] INFO  com.solvd.itcompany.Runner - 
Carl
22:55:16.411 [main] INFO  com.solvd.itcompany.Runner - 
Marketing
22:55:16.411 [main] INFO  com.solvd.itcompany.Runner - 
Bachelors Degree in Marketing
22:55:16.411 [main] INFO  com.solvd.itcompany.Runner - 
SENIOR_LEVEL
22:55:16.412 [main] INFO  com.solvd.itcompany.Runner - 
---------------------Mid-level Engineers:---------------------
22:55:16.413 [main] INFO  com.solvd.itcompany.Runner - []
22:55:16.413 [main] INFO  com.solvd.itcompany.Runner - 
---------------------Tools The Team Uses:---------------------
22:55:16.414 [main] INFO  com.solvd.itcompany.Runner - [Gantt chart, Communications plan]
22:55:16.414 [main] INFO  com.solvd.itcompany.Runner - [Andromo, BuildFire]
22:55:16.414 [main] INFO  com.solvd.itcompany.Runner - [Java, PHP, JavaScript]
22:55:16.414 [main] INFO  com.solvd.itcompany.Runner - [HTML, CSS, React]
22:55:16.414 [main] INFO  com.solvd.itcompany.Runner - [Swift, Objective-C]
22:55:16.414 [main] INFO  com.solvd.itcompany.Runner - [Java, Maven, Cucumber]
22:55:16.415 [main] INFO  com.solvd.itcompany.Runner - [organic social media, email promotion, paid social media]
22:55:16.415 [main] INFO  com.solvd.itcompany.generics.EmployeeHashmap - 
List of employees working on the project: 
22:55:16.415 [main] INFO  com.solvd.itcompany.generics.EmployeeHashmap - 
Designer: Lily
22:55:16.416 [main] INFO  com.solvd.itcompany.generics.EmployeeHashmap - 
Frontend Engineer: Pam
22:55:16.416 [main] INFO  com.solvd.itcompany.generics.EmployeeHashmap - 
IOS Developer: Kevin
