19:18:32.377 [main] INFO  com.solvd.itcompany.ITCompany - Here is the user feedback we've received so far: 
19:18:32.377 [main] INFO  com.solvd.itcompany.ITCompany - Great app!
19:18:32.378 [main] INFO  com.solvd.itcompany.ITCompany - Horrible user experience.
19:18:32.378 [main] INFO  com.solvd.itcompany.ITCompany - I order coffee on this app all the time!
19:18:32.378 [main] INFO  com.solvd.itcompany.ITCompany - 
The application has been released.
19:18:32.378 [main] INFO  com.solvd.itcompany.Runner - 
---------------------Bad Reviews:---------------------
19:18:32.378 [main] INFO  com.solvd.itcompany.Runner - [Horrible user experience.]
19:18:32.378 [main] INFO  com.solvd.itcompany.ITCompany - 
While the application is completed the engineering team will continuously maintain the application.
19:18:32.379 [main] INFO  com.solvd.itcompany.Runner - 


---------------------Next Projects To Do:---------------------
19:18:32.379 [main] INFO  com.solvd.itcompany.Runner - [New project under development: 
Client: Kelly's Pet Shop
Project Service: APP_DEVELOPMENT
Project Budget: 2500.0
Project Price: 1000.0
Status of Project: NEW, New project under development: 
Client: Dave's Bakery Shop
Project Service: APP_DEVELOPMENT
Project Budget: 3000.0
Project Price: 1000.0
Status of Project: NEW]
19:18:32.379 [main] INFO  com.solvd.itcompany.Runner - 


---------------------Reflection:---------------------
19:18:32.379 [main] INFO  com.solvd.itcompany.Runner - The name of the constructor: com.solvd.itcompany.ITCompany
19:18:32.379 [main] INFO  com.solvd.itcompany.Runner - The fields of the class: 

19:18:32.379 [main] INFO  com.solvd.itcompany.Runner - name
19:18:32.380 [main] INFO  com.solvd.itcompany.Runner - Field Modifiers: private
19:18:32.380 [main] INFO  com.solvd.itcompany.Runner - employees
19:18:32.380 [main] INFO  com.solvd.itcompany.Runner - Field Modifiers: private
19:18:32.380 [main] INFO  com.solvd.itcompany.Runner - clients
19:18:32.380 [main] INFO  com.solvd.itcompany.Runner - Field Modifiers: private
19:18:32.380 [main] INFO  com.solvd.itcompany.Runner - projects
