19:18:32.323 [main] INFO  com.solvd.itcompany.Runner - Client Budget: 3000.0
19:18:32.328 [main] INFO  com.solvd.itcompany.Runner - Client Project Status: NEW
19:18:32.336 [main] INFO  com.solvd.itcompany.generics.LinkedListProject - 
Backlog of projects: 
New project under development: 
Client: Paul's Coffee Shop
Project Service: APP_DEVELOPMENT
Project Budget: 1500.0
Project Price: 1000.0
Status of Project: NEW
19:18:32.337 [main] INFO  com.solvd.itcompany.IFulfillRequirements - Here are the requirements for the application: 
19:18:32.337 [main] INFO  com.solvd.itcompany.IFulfillRequirements - Users can order coffee
19:18:32.337 [main] INFO  com.solvd.itcompany.IFulfillRequirements - Users can track loyalty points
19:18:32.337 [main] INFO  com.solvd.itcompany.IFulfillRequirements - Users can interact with community
19:18:32.337 [main] INFO  com.solvd.itcompany.IFulfillRequirements - The IT company has completed reviewing the requirements for the application.

19:18:32.341 [main] INFO  com.solvd.itcompany.Runner - 
---------------------Mid-level Engineers:---------------------
19:18:32.360 [main] INFO  com.solvd.itcompany.Runner - [com.solvd.itcompany.employees.BackendEngineer@17497425, com.solvd.itcompany.employees.FrontendEngineer@f0da945]
19:18:32.360 [main] INFO  com.solvd.itcompany.Runner - 
---------------------Tools The Team Uses:---------------------
19:18:32.361 [main] INFO  com.solvd.itcompany.Runner - [Gantt chart, Communications plan]
19:18:32.362 [main] INFO  com.solvd.itcompany.Runner - [Andromo, BuildFire]
19:18:32.362 [main] INFO  com.solvd.itcompany.Runner - [Java, PHP, JavaScript]
19:18:32.362 [main] INFO  com.solvd.itcompany.Runner - [HTML, CSS, React]
19:18:32.362 [main] INFO  com.solvd.itcompany.Runner - [Swift, Objective-C]
19:18:32.362 [main] INFO  com.solvd.itcompany.Runner - [Java, Maven, Cucumber]
19:18:32.362 [main] INFO  com.solvd.itcompany.Runner - [organic social media, email promotion, paid social media]
19:18:32.363 [main] INFO  com.solvd.itcompany.Runner - 
---------------------Team members names:---------------------
