22:47:15.173 [main] INFO  com.solvd.itcompany.Runner - 
---------------------Tools The Team Uses:---------------------
22:47:15.175 [main] INFO  com.solvd.itcompany.Runner - [Gantt chart, Communications plan]
22:47:15.175 [main] INFO  com.solvd.itcompany.Runner - [Andromo, BuildFire]
22:47:15.175 [main] INFO  com.solvd.itcompany.Runner - [Java, PHP, JavaScript]
22:47:15.175 [main] INFO  com.solvd.itcompany.Runner - [HTML, CSS, React]
22:47:15.176 [main] INFO  com.solvd.itcompany.Runner - [Swift, Objective-C]
22:47:15.176 [main] INFO  com.solvd.itcompany.Runner - [Java, Maven, Cucumber]
22:47:15.176 [main] INFO  com.solvd.itcompany.Runner - [organic social media, email promotion, paid social media]
22:47:15.176 [main] INFO  com.solvd.itcompany.generics.EmployeeHashmap - 
List of employees working on the project: 
22:47:15.176 [main] INFO  com.solvd.itcompany.generics.EmployeeHashmap - 
Designer: Lily
22:47:15.176 [main] INFO  com.solvd.itcompany.generics.EmployeeHashmap - 
Frontend Engineer: Pam
22:47:15.176 [main] INFO  com.solvd.itcompany.generics.EmployeeHashmap - 
IOS Developer: Kevin
22:47:15.176 [main] INFO  com.solvd.itcompany.generics.EmployeeHashmap - 
Marketing Manager: Carl
22:47:15.176 [main] INFO  com.solvd.itcompany.generics.EmployeeHashmap - 
Backend Engineer: Tom
22:47:15.176 [main] INFO  com.solvd.itcompany.generics.EmployeeHashmap - 
Quality Analyst: David
22:47:15.177 [main] INFO  com.solvd.itcompany.generics.EmployeeHashmap - 
Project Manager: Cameron
22:47:15.177 [main] INFO  com.solvd.itcompany.ITCompany - The IT Company has a request to start a project.
22:47:15.178 [main] INFO  com.solvd.itcompany.ITCompany - 
The project managers have been added to the project.
22:47:15.178 [main] INFO  com.solvd.itcompany.ITCompany - 
The designers have been added to the project.
22:47:15.178 [main] INFO  com.solvd.itcompany.ITCompany - 
The backend engineers have been added to the project.
22:47:15.178 [main] INFO  com.solvd.itcompany.ITCompany - 
The frontend engineers have been added to the project.
22:47:15.178 [main] INFO  com.solvd.itcompany.ITCompany - 
The IOS developers have been added to the project.
