21:07:39.160 [main] INFO  com.solvd.itcompany.Runner - [Paul's Coffee Shop, Kelly's Pet Shop, Dave's Bakery Shop]
21:07:39.163 [main] INFO  com.solvd.itcompany.Runner - 
---------------------Clients that have been in business for more than 3 years:---------------------
21:07:39.164 [main] INFO  com.solvd.itcompany.Runner - Kelly's Pet Shop
21:07:39.164 [main] INFO  com.solvd.itcompany.Runner - Dave's Bakery Shop
21:07:39.165 [main] INFO  com.solvd.itcompany.Runner - 
---------------------Number of Projects:---------------------
21:07:39.166 [main] INFO  com.solvd.itcompany.Runner - 3
21:07:39.166 [main] INFO  com.solvd.itcompany.Runner - 
---------------------Highest Paying Clients:---------------------
21:07:39.166 [main] INFO  com.solvd.itcompany.Runner - 2
21:07:39.166 [main] INFO  com.solvd.itcompany.Runner - 
---------------------Total Project Profits:---------------------
21:07:39.170 [main] INFO  com.solvd.itcompany.Runner - Total Profit: 7000.0
21:07:39.170 [main] INFO  com.solvd.itcompany.Runner - 
---------------------Client Information:---------------------
21:07:39.171 [main] INFO  com.solvd.itcompany.Runner - Client Name: Paul's Coffee Shop
21:07:39.171 [main] INFO  com.solvd.itcompany.Runner - Client Idea: create an app for the coffee shop
21:07:39.172 [main] INFO  com.solvd.itcompany.Runner - Years in Business: 2
21:07:39.172 [main] INFO  com.solvd.itcompany.Runner - Client Budget: 1500.0
21:07:39.172 [main] INFO  com.solvd.itcompany.Runner - Client Project Status: NEW
21:07:39.172 [main] INFO  com.solvd.itcompany.Runner - Client Name: Kelly's Pet Shop
21:07:39.172 [main] INFO  com.solvd.itcompany.Runner - Client Idea: create an app for the pet shop
21:07:39.172 [main] INFO  com.solvd.itcompany.Runner - Years in Business: 5
21:07:39.172 [main] INFO  com.solvd.itcompany.Runner - Client Budget: 2500.0
21:07:39.173 [main] INFO  com.solvd.itcompany.Runner - Client Project Status: NEW
21:07:39.173 [main] INFO  com.solvd.itcompany.Runner - Client Name: Dave's Bakery Shop
21:07:39.173 [main] INFO  com.solvd.itcompany.Runner - Client Idea: create an app for the bakery shop
