09:55:31.476 [main] INFO  com.solvd.itcompany.generics.ListOfTasks - 
Test the application
09:55:31.477 [main] INFO  com.solvd.itcompany.generics.ListOfTasks - 
Create the frontend
09:55:31.478 [main] INFO  com.solvd.itcompany.generics.ListOfTasks - 
Create the management plan for the project
09:55:31.478 [main] INFO  com.solvd.itcompany.generics.ListOfTasks - 
Create the marketing strategy for the application
09:55:31.478 [main] INFO  com.solvd.itcompany.generics.ListOfTasks - 
Create the design of the application
09:55:31.478 [main] INFO  com.solvd.itcompany.generics.ListOfTasks - 
Create the mobile application
09:55:31.479 [main] INFO  com.solvd.itcompany.generics.ProjectPriority - 
Project1
09:55:31.479 [main] INFO  com.solvd.itcompany.generics.ProjectPriority - 
Project2
09:55:31.479 [main] INFO  com.solvd.itcompany.generics.ProjectPriority - 
Project3
09:55:31.479 [main] INFO  com.solvd.itcompany.ITCompany - Here is the user feedback we've received so far: 
09:55:31.480 [main] INFO  com.solvd.itcompany.ITCompany - Great app!
09:55:31.480 [main] INFO  com.solvd.itcompany.ITCompany - Horrible user experience.
09:55:31.480 [main] INFO  com.solvd.itcompany.ITCompany - I order coffee on this app all the time!
09:55:31.480 [main] INFO  com.solvd.itcompany.ITCompany - 
The application has been released.
09:55:31.480 [main] INFO  com.solvd.itcompany.ITCompany - 
While the application is completed the engineering team will continuously maintain the application.
09:55:31.481 [main] INFO  com.solvd.itcompany.Runner - null
09:55:31.481 [main] INFO  com.solvd.itcompany.Runner - MID_LEVEL
09:59:18.576 [main] INFO  com.solvd.itcompany.generics.LinkedListProject - 
Backlog of projects: 
New project under development: 
Client: Paul's Coffee Shop
Project Service: APP_DEVELOPMENT
Project Budget: 1500.0
Project Price: 1000.0
Status of Project: NEW
09:59:18.580 [main] INFO  com.solvd.itcompany.IFulfillRequirements - Here are the requirements for the application: 
09:59:18.580 [main] INFO  com.solvd.itcompany.IFulfillRequirements - Users can order coffee
