15:16:06.644 [main] INFO  com.solvd.itcompany.Runner - 
---------------------Mid-level Engineers:---------------------
15:16:06.645 [main] INFO  com.solvd.itcompany.Runner - [com.solvd.itcompany.employees.BackendEngineer@54bff557, com.solvd.itcompany.employees.FrontendEngineer@593aaf41]
15:16:06.645 [main] INFO  com.solvd.itcompany.Runner - 
---------------------Tools The Team Uses:---------------------
15:16:06.646 [main] INFO  com.solvd.itcompany.Runner - [Gantt chart, Communications plan]
15:16:06.646 [main] INFO  com.solvd.itcompany.Runner - [Andromo, BuildFire]
15:16:06.646 [main] INFO  com.solvd.itcompany.Runner - [Java, PHP, JavaScript]
15:16:06.646 [main] INFO  com.solvd.itcompany.Runner - [HTML, CSS, React]
15:16:06.647 [main] INFO  com.solvd.itcompany.Runner - [Swift, Objective-C]
15:16:06.647 [main] INFO  com.solvd.itcompany.Runner - [Java, Maven, Cucumber]
15:16:06.647 [main] INFO  com.solvd.itcompany.Runner - [organic social media, email promotion, paid social media]
15:16:06.647 [main] INFO  com.solvd.itcompany.generics.EmployeeHashmap - 
List of employees working on the project: 
15:16:06.647 [main] INFO  com.solvd.itcompany.generics.EmployeeHashmap - 
Designer: Lily
15:16:06.647 [main] INFO  com.solvd.itcompany.generics.EmployeeHashmap - 
Frontend Engineer: Pam
15:16:06.647 [main] INFO  com.solvd.itcompany.generics.EmployeeHashmap - 
IOS Developer: Kevin
15:16:06.647 [main] INFO  com.solvd.itcompany.generics.EmployeeHashmap - 
Marketing Manager: Carl
15:16:06.648 [main] INFO  com.solvd.itcompany.generics.EmployeeHashmap - 
Backend Engineer: Tom
15:16:06.648 [main] INFO  com.solvd.itcompany.generics.EmployeeHashmap - 
Quality Analyst: David
15:16:06.648 [main] INFO  com.solvd.itcompany.generics.EmployeeHashmap - 
Project Manager: Cameron
15:16:06.648 [main] INFO  com.solvd.itcompany.ITCompany - The IT Company has a request to start a project.
15:16:06.649 [main] INFO  com.solvd.itcompany.ITCompany - 
The project managers have been added to the project.
15:16:06.649 [main] INFO  com.solvd.itcompany.ITCompany - 
The designers have been added to the project.
