20:54:53.270 [main] INFO  com.solvd.itcompany.Runner - 
---------------------Employees With Bachelor Degrees:---------------------
20:54:53.272 [main] INFO  com.solvd.itcompany.employees.Employee - com.solvd.itcompany.employees.ProjectManager@316bcf94
20:54:53.272 [main] INFO  com.solvd.itcompany.employees.Employee - com.solvd.itcompany.employees.Designer@6404f418
20:54:53.272 [main] INFO  com.solvd.itcompany.employees.Employee - com.solvd.itcompany.employees.BackendEngineer@f0da945
20:54:53.272 [main] INFO  com.solvd.itcompany.employees.Employee - com.solvd.itcompany.employees.QualityAnalyst@3e11f9e9
20:54:53.272 [main] INFO  com.solvd.itcompany.employees.Employee - com.solvd.itcompany.employees.MarketingManager@1de5f259
20:54:53.272 [main] INFO  com.solvd.itcompany.Runner - 
---------------------Team Members Names:---------------------
20:54:53.273 [main] INFO  com.solvd.itcompany.employees.Employee - Employee name: Cameron
20:54:53.273 [main] INFO  com.solvd.itcompany.employees.Employee - Employee name: Lily
20:54:53.273 [main] INFO  com.solvd.itcompany.employees.Employee - Employee name: Tom
20:54:53.273 [main] INFO  com.solvd.itcompany.employees.Employee - Employee name: Pam
20:54:53.274 [main] INFO  com.solvd.itcompany.employees.Employee - Employee name: Kevin
20:54:53.274 [main] INFO  com.solvd.itcompany.employees.Employee - Employee name: David
20:54:53.274 [main] INFO  com.solvd.itcompany.employees.Employee - Employee name: Carl
20:54:53.274 [main] INFO  com.solvd.itcompany.generics.EmployeeHashmap - 
List of employees working on the project: 
20:54:53.274 [main] INFO  com.solvd.itcompany.generics.EmployeeHashmap - 
Designer: Lily
20:54:53.274 [main] INFO  com.solvd.itcompany.generics.EmployeeHashmap - 
Frontend Engineer: Pam
20:54:53.275 [main] INFO  com.solvd.itcompany.generics.EmployeeHashmap - 
IOS Developer: Kevin
20:54:53.275 [main] INFO  com.solvd.itcompany.generics.EmployeeHashmap - 
Marketing Manager: Carl
20:54:53.275 [main] INFO  com.solvd.itcompany.generics.EmployeeHashmap - 
Backend Engineer: Tom
