15:35:38.239 [main] INFO  com.solvd.itcompany.generics.ProjectPriority - 
Project1
15:35:38.240 [main] INFO  com.solvd.itcompany.generics.ProjectPriority - 
Project2
15:35:38.241 [main] INFO  com.solvd.itcompany.generics.ProjectPriority - 
Project3
15:35:38.241 [main] INFO  com.solvd.itcompany.ITCompany - Here is the user feedback we've received so far: 
15:35:38.241 [main] INFO  com.solvd.itcompany.ITCompany - Great app!
15:35:38.241 [main] INFO  com.solvd.itcompany.ITCompany - Horrible user experience.
15:35:38.241 [main] INFO  com.solvd.itcompany.ITCompany - I order coffee on this app all the time!
15:35:38.241 [main] INFO  com.solvd.itcompany.ITCompany - 
The application has been released.
15:35:38.242 [main] INFO  com.solvd.itcompany.Runner - 
---------------------Bad Reviews:---------------------
15:35:38.242 [main] INFO  com.solvd.itcompany.Runner - [Horrible user experience.]
15:35:38.242 [main] INFO  com.solvd.itcompany.ITCompany - 
While the application is completed the engineering team will continuously maintain the application.
15:35:38.242 [main] INFO  com.solvd.itcompany.Runner - 


---------------------Next Projects To Do:---------------------
15:35:38.244 [main] INFO  com.solvd.itcompany.Runner - [Project2, Project3]
15:39:54.126 [main] INFO  com.solvd.itcompany.Runner - 
---------------------Number of Projects:---------------------
15:39:54.129 [main] INFO  com.solvd.itcompany.Runner - 3
15:39:54.129 [main] INFO  com.solvd.itcompany.Runner - 
---------------------Highest Paying Clients:---------------------
15:39:54.130 [main] INFO  com.solvd.itcompany.Runner - 2
15:39:54.130 [main] INFO  com.solvd.itcompany.Runner - 
---------------------Total Project Profits:---------------------
15:39:54.133 [main] INFO  com.solvd.itcompany.Runner - Total Profit: 7000.0
15:39:54.133 [main] INFO  com.solvd.itcompany.Runner - 
---------------------Client Information:---------------------
15:39:54.134 [main] INFO  com.solvd.itcompany.Runner - Client Name: Paul's Coffee Shop
15:39:54.134 [main] INFO  com.solvd.itcompany.Runner - Client Idea: create an app for the coffee shop
