12:08:56.217 [main] INFO  com.solvd.itcompany.IFulfillRequirements - Users can order coffee
12:08:56.218 [main] INFO  com.solvd.itcompany.IFulfillRequirements - Users can track loyalty points
12:08:56.218 [main] INFO  com.solvd.itcompany.IFulfillRequirements - Users can interact with community
12:08:56.218 [main] INFO  com.solvd.itcompany.IFulfillRequirements - The IT company has completed reviewing the requirements for the application.

12:08:56.219 [main] INFO  com.solvd.itcompany.Runner - 
---------------------Your Team's Credentials:---------------------
12:08:56.219 [main] INFO  com.solvd.itcompany.Runner - 
Cameron
12:08:56.220 [main] INFO  com.solvd.itcompany.Runner - 
Manager
12:08:56.220 [main] INFO  com.solvd.itcompany.Runner - 
Bachelors Degree in Business Administration
12:08:56.220 [main] INFO  com.solvd.itcompany.Runner - 
MID_LEVEL
12:08:56.220 [main] INFO  com.solvd.itcompany.Runner - 
Lily
12:08:56.220 [main] INFO  com.solvd.itcompany.Runner - 
Designer
12:08:56.220 [main] INFO  com.solvd.itcompany.Runner - 
Bachelors Degree in Graphic Design
12:08:56.220 [main] INFO  com.solvd.itcompany.Runner - 
ENTRY_LEVEL
12:08:56.221 [main] INFO  com.solvd.itcompany.Runner - 
Tom
12:08:56.221 [main] INFO  com.solvd.itcompany.Runner - 
Backend
12:08:56.221 [main] INFO  com.solvd.itcompany.Runner - 
Bachelors Degree in Computer Science
12:08:56.221 [main] INFO  com.solvd.itcompany.Runner - 
MID_LEVEL
12:08:56.221 [main] INFO  com.solvd.itcompany.Runner - 
Pam
12:08:56.221 [main] INFO  com.solvd.itcompany.Runner - 
Frontend
12:08:56.221 [main] INFO  com.solvd.itcompany.Runner - 
Frontend Bootcamp
12:08:56.221 [main] INFO  com.solvd.itcompany.Runner - 
MID_LEVEL
12:08:56.222 [main] INFO  com.solvd.itcompany.Runner - 
Kevin
12:08:56.222 [main] INFO  com.solvd.itcompany.Runner - 
IOS
12:08:56.222 [main] INFO  com.solvd.itcompany.Runner - 
Mobile Development Bootcamp
12:08:56.222 [main] INFO  com.solvd.itcompany.Runner - 
SENIOR_LEVEL
12:08:56.222 [main] INFO  com.solvd.itcompany.Runner - 
David
12:08:56.222 [main] INFO  com.solvd.itcompany.Runner - 
Quality
