22:12:52.636 [main] INFO  com.solvd.itcompany.generics.ListOfTasks - 
Here are a list of tasks for the project: 
22:12:52.638 [main] INFO  com.solvd.itcompany.generics.ListOfTasks - 
Create the backend
22:12:52.638 [main] INFO  com.solvd.itcompany.generics.ListOfTasks - 
Test the application
22:12:52.638 [main] INFO  com.solvd.itcompany.generics.ListOfTasks - 
Create the frontend
22:12:52.638 [main] INFO  com.solvd.itcompany.generics.ListOfTasks - 
Create the management plan for the project
22:12:52.638 [main] INFO  com.solvd.itcompany.generics.ListOfTasks - 
Create the marketing strategy for the application
22:12:52.638 [main] INFO  com.solvd.itcompany.generics.ListOfTasks - 
Create the design of the application
22:12:52.639 [main] INFO  com.solvd.itcompany.generics.ListOfTasks - 
Create the mobile application
22:12:52.640 [main] INFO  com.solvd.itcompany.generics.ProjectPriority - 
Project1
22:12:52.640 [main] INFO  com.solvd.itcompany.generics.ProjectPriority - 
Project2
22:12:52.640 [main] INFO  com.solvd.itcompany.generics.ProjectPriority - 
Project3
22:12:52.641 [main] INFO  com.solvd.itcompany.ITCompany - Here is the user feedback we've received so far: 
22:12:52.641 [main] INFO  com.solvd.itcompany.ITCompany - Great app!
22:12:52.641 [main] INFO  com.solvd.itcompany.ITCompany - Horrible user experience.
22:12:52.641 [main] INFO  com.solvd.itcompany.ITCompany - I order coffee on this app all the time!
22:12:52.641 [main] INFO  com.solvd.itcompany.ITCompany - 
The application has been released.
22:12:52.642 [main] INFO  com.solvd.itcompany.ITCompany - 
While the application is completed the engineering team will continuously maintain the application.
09:36:55.244 [main] INFO  com.solvd.itcompany.generics.LinkedListProject - 
Backlog of projects: 
New project under development: 
Client: Paul's Coffee Shop
Project Service: APP_DEVELOPMENT
Project Budget: 1500.0
Project Price: 1000.0
Status of Project: NEW
09:36:55.247 [main] INFO  com.solvd.itcompany.IFulfillRequirements - Here are the requirements for the application: 
