21:37:52.918 [main] INFO  com.solvd.itcompany.generics.ProjectTracker - 
The projects left in the backlog: [New project under development: 
Client: Paul's Coffee Shop
Project Service: APP_DEVELOPMENT
Project Budget: 1500.0
Project Price: 1000.0
Status of Project: NEW, New project under development: 
Client: Kelly's Pet Shop
Project Service: APP_DEVELOPMENT
Project Budget: 2500.0
Project Price: 1000.0
Status of Project: NEW, New project under development: 
Client: Dave's Bakery Shop
Project Service: APP_DEVELOPMENT
Project Budget: 3000.0
Project Price: 1000.0
Status of Project: NEW]
21:37:52.922 [main] INFO  com.solvd.itcompany.generics.ListOfTasks - 
Here are a list of tasks for the project: 
21:37:52.922 [main] INFO  com.solvd.itcompany.generics.ListOfTasks - 
Create the backend
21:37:52.922 [main] INFO  com.solvd.itcompany.generics.ListOfTasks - 
Test the application
21:37:52.922 [main] INFO  com.solvd.itcompany.generics.ListOfTasks - 
Create the frontend
21:37:52.922 [main] INFO  com.solvd.itcompany.generics.ListOfTasks - 
Create the management plan for the project
21:37:52.922 [main] INFO  com.solvd.itcompany.generics.ListOfTasks - 
Create the marketing strategy for the application
21:37:52.922 [main] INFO  com.solvd.itcompany.generics.ListOfTasks - 
Create the design of the application
21:37:52.922 [main] INFO  com.solvd.itcompany.generics.ListOfTasks - 
Create the mobile application
21:37:52.930 [main] INFO  com.solvd.itcompany.generics.ProjectPriority - 
Project1
21:37:52.931 [main] INFO  com.solvd.itcompany.generics.ProjectPriority - 
Project2
21:37:52.931 [main] INFO  com.solvd.itcompany.generics.ProjectPriority - 
Project3
21:37:52.932 [main] INFO  com.solvd.itcompany.ITCompany - Here is the user feedback we've received so far: 
21:37:52.932 [main] INFO  com.solvd.itcompany.ITCompany - Great app!
21:37:52.932 [main] INFO  com.solvd.itcompany.ITCompany - Horrible user experience.
21:37:52.932 [main] INFO  com.solvd.itcompany.ITCompany - I order coffee on this app all the time!
21:37:52.933 [main] INFO  com.solvd.itcompany.ITCompany - 
The application has been released.
