21:20:38.230 [main] INFO  com.solvd.itcompany.Runner - 
Manager
21:20:38.231 [main] INFO  com.solvd.itcompany.Runner - 
Bachelors Degree in Business Administration
21:20:38.231 [main] INFO  com.solvd.itcompany.Runner - 
MID_LEVEL
21:20:38.231 [main] INFO  com.solvd.itcompany.Runner - 
Lily
21:20:38.232 [main] INFO  com.solvd.itcompany.Runner - 
Designer
21:20:38.232 [main] INFO  com.solvd.itcompany.Runner - 
Bachelors Degree in Graphic Design
21:20:38.232 [main] INFO  com.solvd.itcompany.Runner - 
ENTRY_LEVEL
21:20:38.232 [main] INFO  com.solvd.itcompany.Runner - 
Tom
21:20:38.232 [main] INFO  com.solvd.itcompany.Runner - 
Backend
21:20:38.232 [main] INFO  com.solvd.itcompany.Runner - 
Bachelors Degree in Computer Science
21:20:38.232 [main] INFO  com.solvd.itcompany.Runner - 
MID_LEVEL
21:20:38.232 [main] INFO  com.solvd.itcompany.Runner - 
Pam
21:20:38.233 [main] INFO  com.solvd.itcompany.Runner - 
Frontend
21:20:38.233 [main] INFO  com.solvd.itcompany.Runner - 
Frontend Bootcamp
21:20:38.233 [main] INFO  com.solvd.itcompany.Runner - 
MID_LEVEL
21:20:38.233 [main] INFO  com.solvd.itcompany.Runner - 
Kevin
21:20:38.233 [main] INFO  com.solvd.itcompany.Runner - 
IOS
21:20:38.233 [main] INFO  com.solvd.itcompany.Runner - 
Mobile Development Bootcamp
21:20:38.233 [main] INFO  com.solvd.itcompany.Runner - 
SENIOR_LEVEL
21:20:38.234 [main] INFO  com.solvd.itcompany.Runner - 
David
21:20:38.234 [main] INFO  com.solvd.itcompany.Runner - 
Quality
21:20:38.234 [main] INFO  com.solvd.itcompany.Runner - 
Bachelors Degree in Information Technology
21:20:38.234 [main] INFO  com.solvd.itcompany.Runner - 
ENTRY_LEVEL
21:20:38.234 [main] INFO  com.solvd.itcompany.Runner - 
Carl
21:20:38.234 [main] INFO  com.solvd.itcompany.Runner - 
Marketing
21:20:38.234 [main] INFO  com.solvd.itcompany.Runner - 
Bachelors Degree in Marketing
21:20:38.235 [main] INFO  com.solvd.itcompany.Runner - 
SENIOR_LEVEL
21:20:38.236 [main] INFO  com.solvd.itcompany.Runner - 
---------------------Mid-level Engineers:---------------------
21:20:38.236 [main] INFO  com.solvd.itcompany.Runner - [com.solvd.itcompany.employees.BackendEngineer@54bff557, com.solvd.itcompany.employees.FrontendEngineer@593aaf41]
