22:14:51.775 [main] INFO  com.solvd.itcompany.Runner - 3
22:14:51.778 [main] INFO  com.solvd.itcompany.Runner - 
---------------------Highest Paying Clients:---------------------
22:14:51.779 [main] INFO  com.solvd.itcompany.Runner - 2
22:14:51.779 [main] INFO  com.solvd.itcompany.Runner - 
---------------------Total Project Profits:---------------------
22:14:51.782 [main] INFO  com.solvd.itcompany.Runner - Total Profit: 7000.0
22:14:51.782 [main] INFO  com.solvd.itcompany.Runner - 
---------------------Client Information:---------------------
22:14:51.783 [main] INFO  com.solvd.itcompany.Runner - Client Name: Paul's Coffee Shop
22:14:51.784 [main] INFO  com.solvd.itcompany.Runner - Client Idea: create an app for the coffee shop
22:14:51.784 [main] INFO  com.solvd.itcompany.Runner - Years in Business: 2
22:14:51.784 [main] INFO  com.solvd.itcompany.Runner - Client Budget: 1500.0
22:14:51.784 [main] INFO  com.solvd.itcompany.Runner - Client Project Status: NEW
22:14:51.785 [main] INFO  com.solvd.itcompany.Runner - Client Name: Kelly's Pet Shop
22:14:51.785 [main] INFO  com.solvd.itcompany.Runner - Client Idea: create an app for the pet shop
22:14:51.785 [main] INFO  com.solvd.itcompany.Runner - Years in Business: 5
22:14:51.785 [main] INFO  com.solvd.itcompany.Runner - Client Budget: 2500.0
22:14:51.785 [main] INFO  com.solvd.itcompany.Runner - Client Project Status: NEW
22:14:51.785 [main] INFO  com.solvd.itcompany.Runner - Client Name: Dave's Bakery Shop
22:14:51.786 [main] INFO  com.solvd.itcompany.Runner - Client Idea: create an app for the bakery shop
22:14:51.786 [main] INFO  com.solvd.itcompany.Runner - Years in Business: 10
22:14:51.786 [main] INFO  com.solvd.itcompany.Runner - Client Budget: 3000.0
22:14:51.786 [main] INFO  com.solvd.itcompany.Runner - Client Project Status: NEW
22:14:51.793 [main] INFO  com.solvd.itcompany.generics.LinkedListProject - 
Backlog of projects: 
New project under development: 
Client: Paul's Coffee Shop
Project Service: APP_DEVELOPMENT
Project Budget: 1500.0
Project Price: 1000.0
Status of Project: NEW
