23:17:50.498 [main] INFO  com.solvd.itcompany.ITCompany - 
The designers have been added to the project.
23:17:50.503 [main] INFO  com.solvd.itcompany.ITCompany - 
The backend engineers have been added to the project.
23:17:50.503 [main] INFO  com.solvd.itcompany.ITCompany - 
The frontend engineers have been added to the project.
23:17:50.504 [main] INFO  com.solvd.itcompany.ITCompany - 
The IOS developers have been added to the project.
23:17:50.504 [main] INFO  com.solvd.itcompany.ITCompany - 
The quality analysts have been added to the project.
23:17:50.504 [main] INFO  com.solvd.itcompany.ITCompany - 
The marketers have been added to the project.

23:17:50.504 [main] INFO  com.solvd.itcompany.ITCompany - 
Status of Project: IN_PROGRESS
23:17:50.504 [main] INFO  com.solvd.itcompany.employees.ProjectManager - The project manager is creating the project plan...

23:17:50.504 [main] INFO  com.solvd.itcompany.employees.ProjectManager - Gantt chart
23:17:50.504 [main] INFO  com.solvd.itcompany.employees.ProjectManager - Communications plan
23:17:50.505 [main] INFO  com.solvd.itcompany.employees.ProjectManager - 
The the Project Manager is done managing the application.

23:17:50.505 [main] INFO  com.solvd.itcompany.employees.Designer - The designer is creating the design of the application...

23:17:50.505 [main] INFO  com.solvd.itcompany.employees.Designer - Andromo
23:17:50.505 [main] INFO  com.solvd.itcompany.employees.Designer - BuildFire
23:17:50.505 [main] INFO  com.solvd.itcompany.employees.Designer - 
The the designer is done designing the application.

23:17:50.505 [main] INFO  com.solvd.itcompany.employees.QualityAnalyst - The quality analyst is testing the application...

23:17:50.506 [main] INFO  com.solvd.itcompany.employees.QualityAnalyst - Java
23:17:50.506 [main] INFO  com.solvd.itcompany.employees.QualityAnalyst - Maven
23:17:50.506 [main] INFO  com.solvd.itcompany.employees.QualityAnalyst - Cucumber
23:17:50.506 [main] INFO  com.solvd.itcompany.employees.QualityAnalyst - 
The the Quality Analyst is done testing the application.

