15:48:20.800 [main] INFO  com.solvd.itcompany.Runner - Client Budget: 3000.0
15:48:20.807 [main] INFO  com.solvd.itcompany.Runner - Client Project Status: NEW
15:48:20.815 [main] INFO  com.solvd.itcompany.generics.LinkedListProject - 
Backlog of projects: 
New project under development: 
Client: Paul's Coffee Shop
Project Service: APP_DEVELOPMENT
Project Budget: 1500.0
Project Price: 1000.0
Status of Project: NEW
15:48:20.816 [main] INFO  com.solvd.itcompany.IFulfillRequirements - Here are the requirements for the application: 
15:48:20.816 [main] INFO  com.solvd.itcompany.IFulfillRequirements - Users can order coffee
15:48:20.817 [main] INFO  com.solvd.itcompany.IFulfillRequirements - Users can track loyalty points
15:48:20.817 [main] INFO  com.solvd.itcompany.IFulfillRequirements - Users can interact with community
15:48:20.817 [main] INFO  com.solvd.itcompany.IFulfillRequirements - The IT company has completed reviewing the requirements for the application.

15:48:20.819 [main] INFO  com.solvd.itcompany.Runner - 
---------------------Your Team's Credentials:---------------------
15:48:20.820 [main] INFO  com.solvd.itcompany.Runner - 
Cameron
15:48:20.820 [main] INFO  com.solvd.itcompany.Runner - 
Manager
15:48:20.821 [main] INFO  com.solvd.itcompany.Runner - 
Bachelors Degree in Business Administration
15:48:20.821 [main] INFO  com.solvd.itcompany.Runner - 
MID_LEVEL
15:48:20.821 [main] INFO  com.solvd.itcompany.Runner - 
Lily
15:48:20.822 [main] INFO  com.solvd.itcompany.Runner - 
Designer
15:48:20.822 [main] INFO  com.solvd.itcompany.Runner - 
Bachelors Degree in Graphic Design
15:48:20.822 [main] INFO  com.solvd.itcompany.Runner - 
ENTRY_LEVEL
15:48:20.822 [main] INFO  com.solvd.itcompany.Runner - 
Tom
15:48:20.822 [main] INFO  com.solvd.itcompany.Runner - 
Backend
15:48:20.822 [main] INFO  com.solvd.itcompany.Runner - 
Bachelors Degree in Computer Science
15:48:20.822 [main] INFO  com.solvd.itcompany.Runner - 
MID_LEVEL
15:48:20.823 [main] INFO  com.solvd.itcompany.Runner - 
Pam
15:48:20.823 [main] INFO  com.solvd.itcompany.Runner - 
Frontend
