21:07:39.214 [main] INFO  com.solvd.itcompany.Runner - Return Type: void
21:07:39.215 [main] INFO  com.solvd.itcompany.Runner - Method name: projectCreated
21:07:39.215 [main] INFO  com.solvd.itcompany.Runner - Parameters: 
21:07:39.215 [main] INFO  com.solvd.itcompany.Runner -  com.solvd.itcompany.Project
21:07:39.215 [main] INFO  com.solvd.itcompany.Runner -  java.util.ArrayList
21:07:39.215 [main] INFO  com.solvd.itcompany.Runner - Method Modifiers: public
21:07:39.215 [main] INFO  com.solvd.itcompany.Runner - Return Type: void
21:07:39.216 [main] INFO  com.solvd.itcompany.Runner - Method name: releaseApp
21:07:39.216 [main] INFO  com.solvd.itcompany.Runner - Parameters: 
21:07:39.216 [main] INFO  com.solvd.itcompany.Runner - Method Modifiers: public
21:07:39.216 [main] INFO  com.solvd.itcompany.Runner - Return Type: void
21:07:39.216 [main] INFO  com.solvd.itcompany.Runner - Method name: maintenance
21:07:39.216 [main] INFO  com.solvd.itcompany.Runner - Parameters: 
21:07:39.216 [main] INFO  com.solvd.itcompany.Runner - Method Modifiers: public
21:07:39.216 [main] INFO  com.solvd.itcompany.Runner - Return Type: com.solvd.itcompany.enums.ProjectStatus
21:07:39.216 [main] INFO  com.solvd.itcompany.Runner - Method name: getProjectStatus
21:07:39.216 [main] INFO  com.solvd.itcompany.Runner - Parameters: 
21:07:39.217 [main] INFO  com.solvd.itcompany.Runner - Result of method call: 
21:07:39.218 [main] INFO  com.solvd.itcompany.ITCompany - Here is the user feedback we've received so far: 
21:07:39.218 [main] INFO  com.solvd.itcompany.ITCompany - Great app!
21:07:39.218 [main] INFO  com.solvd.itcompany.ITCompany - Horrible user experience.
21:07:39.218 [main] INFO  com.solvd.itcompany.ITCompany - I order coffee on this app all the time!
21:07:39.218 [main] INFO  com.solvd.itcompany.ITCompany - 
The application has been released.
21:21:04.942 [main] INFO  com.solvd.itcompany.Runner - 
---------------------List of Clients:---------------------
21:21:04.945 [main] INFO  com.solvd.itcompany.Runner - [Paul's Coffee Shop, Kelly's Pet Shop, Dave's Bakery Shop]
