21:47:01.840 [main] INFO  com.solvd.itcompany.Runner -  com.solvd.itcompany.enums.ProjectStatus
21:47:01.841 [main] INFO  com.solvd.itcompany.Runner - Method Modifiers: public
21:47:01.841 [main] INFO  com.solvd.itcompany.Runner - Return Type: void
21:47:01.841 [main] INFO  com.solvd.itcompany.Runner - Method name: projectCreated
21:47:01.841 [main] INFO  com.solvd.itcompany.Runner - Parameters: 
21:47:01.842 [main] INFO  com.solvd.itcompany.Runner -  com.solvd.itcompany.Project
21:47:01.842 [main] INFO  com.solvd.itcompany.Runner -  java.util.ArrayList
21:47:01.842 [main] INFO  com.solvd.itcompany.Runner - Method Modifiers: public
21:47:01.842 [main] INFO  com.solvd.itcompany.Runner - Return Type: void
21:47:01.842 [main] INFO  com.solvd.itcompany.Runner - Method name: releaseApp
21:47:01.842 [main] INFO  com.solvd.itcompany.Runner - Parameters: 
21:47:01.842 [main] INFO  com.solvd.itcompany.Runner - Method Modifiers: public
21:47:01.842 [main] INFO  com.solvd.itcompany.Runner - Return Type: void
21:47:01.842 [main] INFO  com.solvd.itcompany.Runner - Method name: maintenance
21:47:01.842 [main] INFO  com.solvd.itcompany.Runner - Parameters: 
21:47:01.843 [main] INFO  com.solvd.itcompany.Runner - Method Modifiers: public
21:47:01.843 [main] INFO  com.solvd.itcompany.Runner - Return Type: com.solvd.itcompany.enums.ProjectStatus
21:47:01.843 [main] INFO  com.solvd.itcompany.Runner - Method name: getProjectStatus
21:47:01.843 [main] INFO  com.solvd.itcompany.Runner - Parameters: 
21:54:48.911 [main] INFO  com.solvd.itcompany.Runner - 
---------------------Number of Projects:---------------------
21:54:48.914 [main] INFO  com.solvd.itcompany.Runner - 3
21:54:48.914 [main] INFO  com.solvd.itcompany.Runner - 
---------------------Highest Paying Clients:---------------------
21:54:48.914 [main] INFO  com.solvd.itcompany.Runner - 2
21:54:48.915 [main] INFO  com.solvd.itcompany.Runner - 
---------------------Total Project Profits:---------------------
21:54:48.917 [main] INFO  com.solvd.itcompany.Runner - Total Profit: 7000.0
