21:36:17.368 [main] INFO  com.solvd.itcompany.Runner - Method name: getClients
21:36:17.369 [main] INFO  com.solvd.itcompany.Runner - Parameters: 
21:36:17.369 [main] INFO  com.solvd.itcompany.Runner - Method Modifiers: public
21:36:17.369 [main] INFO  com.solvd.itcompany.Runner - Return Type: void
21:36:17.370 [main] INFO  com.solvd.itcompany.Runner - Method name: setClients
21:36:17.370 [main] INFO  com.solvd.itcompany.Runner - Parameters: 
21:36:17.370 [main] INFO  com.solvd.itcompany.Runner -  java.util.ArrayList
21:36:17.370 [main] INFO  com.solvd.itcompany.Runner - Method Modifiers: public
21:36:17.371 [main] INFO  com.solvd.itcompany.Runner - Return Type: java.util.ArrayList
21:36:17.371 [main] INFO  com.solvd.itcompany.Runner - Method name: getProjects
21:36:17.371 [main] INFO  com.solvd.itcompany.Runner - Parameters: 
21:36:17.371 [main] INFO  com.solvd.itcompany.Runner - Method Modifiers: public
21:36:17.371 [main] INFO  com.solvd.itcompany.Runner - Return Type: void
21:36:17.371 [main] INFO  com.solvd.itcompany.Runner - Method name: setProjects
21:36:17.372 [main] INFO  com.solvd.itcompany.Runner - Parameters: 
21:36:17.372 [main] INFO  com.solvd.itcompany.Runner -  java.util.ArrayList
21:36:17.372 [main] INFO  com.solvd.itcompany.Runner - Method Modifiers: public
21:36:17.372 [main] INFO  com.solvd.itcompany.Runner - Return Type: java.util.ArrayList
21:36:17.372 [main] INFO  com.solvd.itcompany.Runner - Method name: getEmployees
21:36:17.373 [main] INFO  com.solvd.itcompany.Runner - Parameters: 
21:38:38.034 [main] INFO  com.solvd.itcompany.Runner - 
---------------------Number of Projects:---------------------
21:38:38.037 [main] INFO  com.solvd.itcompany.Runner - 3
21:38:38.037 [main] INFO  com.solvd.itcompany.Runner - 
---------------------Highest Paying Clients:---------------------
21:38:38.038 [main] INFO  com.solvd.itcompany.Runner - 2
21:38:38.038 [main] INFO  com.solvd.itcompany.Runner - 
---------------------Total Project Profits:---------------------
21:38:38.040 [main] INFO  com.solvd.itcompany.Runner - Total Profit: 7000.0
