21:20:38.259 [main] INFO  com.solvd.itcompany.Runner - Method name: projectCreated
21:20:38.260 [main] INFO  com.solvd.itcompany.Runner - Parameters: 
21:20:38.260 [main] INFO  com.solvd.itcompany.Runner -  com.solvd.itcompany.Project
21:20:38.260 [main] INFO  com.solvd.itcompany.Runner -  java.util.ArrayList
21:20:38.260 [main] INFO  com.solvd.itcompany.Runner - Method Modifiers: public
21:20:38.260 [main] INFO  com.solvd.itcompany.Runner - Return Type: void
21:20:38.261 [main] INFO  com.solvd.itcompany.Runner - Method name: releaseApp
21:20:38.261 [main] INFO  com.solvd.itcompany.Runner - Parameters: 
21:20:38.261 [main] INFO  com.solvd.itcompany.Runner - Method Modifiers: public
21:20:38.261 [main] INFO  com.solvd.itcompany.Runner - Return Type: void
21:20:38.261 [main] INFO  com.solvd.itcompany.Runner - Method name: maintenance
21:20:38.261 [main] INFO  com.solvd.itcompany.Runner - Parameters: 
21:20:38.261 [main] INFO  com.solvd.itcompany.Runner - Method Modifiers: public
21:20:38.261 [main] INFO  com.solvd.itcompany.Runner - Return Type: com.solvd.itcompany.enums.ProjectStatus
21:20:38.261 [main] INFO  com.solvd.itcompany.Runner - Method name: getProjectStatus
21:20:38.261 [main] INFO  com.solvd.itcompany.Runner - Parameters: 
21:30:46.171 [main] INFO  com.solvd.itcompany.Runner - 
---------------------Number of Projects:---------------------
21:30:46.174 [main] INFO  com.solvd.itcompany.Runner - 3
21:30:46.174 [main] INFO  com.solvd.itcompany.Runner - 
---------------------Highest Paying Clients:---------------------
21:30:46.175 [main] INFO  com.solvd.itcompany.Runner - 2
21:30:46.175 [main] INFO  com.solvd.itcompany.Runner - 
---------------------Total Project Profits:---------------------
21:30:46.179 [main] INFO  com.solvd.itcompany.Runner - Total Profit: 7000.0
21:30:46.179 [main] INFO  com.solvd.itcompany.Runner - 
---------------------Client Information:---------------------
21:30:46.180 [main] INFO  com.solvd.itcompany.Runner - Client Name: Paul's Coffee Shop
21:30:46.180 [main] INFO  com.solvd.itcompany.Runner - Client Idea: create an app for the coffee shop
