22:00:49.140 [main] INFO  com.solvd.itcompany.generics.ListOfTasks - 
Test the application
22:00:49.141 [main] INFO  com.solvd.itcompany.generics.ListOfTasks - 
Create the frontend
22:00:49.141 [main] INFO  com.solvd.itcompany.generics.ListOfTasks - 
Create the management plan for the project
22:00:49.141 [main] INFO  com.solvd.itcompany.generics.ListOfTasks - 
Create the marketing strategy for the application
22:00:49.141 [main] INFO  com.solvd.itcompany.generics.ListOfTasks - 
Create the design of the application
22:00:49.141 [main] INFO  com.solvd.itcompany.generics.ListOfTasks - 
Create the mobile application
22:00:49.141 [main] INFO  com.solvd.itcompany.Runner - 
---------------------The First Task in Every Project:---------------------
22:00:49.142 [main] INFO  com.solvd.itcompany.Runner - Create the management plan for the project
22:00:49.142 [main] INFO  com.solvd.itcompany.generics.ProjectPriority - 
Project1
22:00:49.143 [main] INFO  com.solvd.itcompany.generics.ProjectPriority - 
Project2
22:00:49.143 [main] INFO  com.solvd.itcompany.generics.ProjectPriority - 
Project3
22:00:49.143 [main] INFO  com.solvd.itcompany.ITCompany - Here is the user feedback we've received so far: 
22:00:49.144 [main] INFO  com.solvd.itcompany.ITCompany - Great app!
22:00:49.144 [main] INFO  com.solvd.itcompany.ITCompany - Horrible user experience.
22:00:49.144 [main] INFO  com.solvd.itcompany.ITCompany - I order coffee on this app all the time!
22:00:49.144 [main] INFO  com.solvd.itcompany.ITCompany - 
The application has been released.
22:00:49.144 [main] INFO  com.solvd.itcompany.Runner - 
---------------------Bad Reviews:---------------------
22:00:49.145 [main] INFO  com.solvd.itcompany.Runner - [Horrible user experience.]
22:00:49.145 [main] INFO  com.solvd.itcompany.ITCompany - 
While the application is completed the engineering team will continuously maintain the application.
22:00:49.145 [main] INFO  com.solvd.itcompany.Runner - 


---------------------Next Projects To Do:---------------------
22:00:49.145 [main] INFO  com.solvd.itcompany.Runner - [New project under development: 
Client: Kelly's Pet Shop
Project Service: APP_DEVELOPMENT
Project Budget: 2500.0
Project Price: 1000.0
Status of Project: NEW, New project under development: 
Client: Dave's Bakery Shop
Project Service: APP_DEVELOPMENT
Project Budget: 3000.0
Project Price: 1000.0
Status of Project: NEW]
