10:10:10.289 [main] INFO  com.solvd.itcompany.ITCompany - Here is the user feedback we've received so far: 
10:10:10.290 [main] INFO  com.solvd.itcompany.ITCompany - Great app!
10:10:10.290 [main] INFO  com.solvd.itcompany.ITCompany - Horrible user experience.
10:10:10.290 [main] INFO  com.solvd.itcompany.ITCompany - I order coffee on this app all the time!
10:10:10.290 [main] INFO  com.solvd.itcompany.ITCompany - 
The application has been released.
10:10:10.291 [main] INFO  com.solvd.itcompany.ITCompany - 
While the application is completed the engineering team will continuously maintain the application.
10:11:03.170 [main] INFO  com.solvd.itcompany.generics.LinkedListProject - 
Backlog of projects: 
New project under development: 
Client: Paul's Coffee Shop
Project Service: APP_DEVELOPMENT
Project Budget: 1500.0
Project Price: 1000.0
Status of Project: NEW
10:11:03.173 [main] INFO  com.solvd.itcompany.IFulfillRequirements - Here are the requirements for the application: 
10:11:03.173 [main] INFO  com.solvd.itcompany.IFulfillRequirements - Users can order coffee
10:11:03.173 [main] INFO  com.solvd.itcompany.IFulfillRequirements - Users can track loyalty points
10:11:03.173 [main] INFO  com.solvd.itcompany.IFulfillRequirements - Users can interact with community
10:11:03.173 [main] INFO  com.solvd.itcompany.IFulfillRequirements - The IT company has completed reviewing the requirements for the application.

10:11:03.174 [main] INFO  com.solvd.itcompany.Runner - 
Your Team's Credentials: 
10:11:03.175 [main] INFO  com.solvd.itcompany.Runner - 
Cameron
10:11:03.175 [main] INFO  com.solvd.itcompany.Runner - 
Manager
10:11:03.175 [main] INFO  com.solvd.itcompany.Runner - 
Bachelors Degree in Business Administration
10:11:03.176 [main] INFO  com.solvd.itcompany.Runner - 
MID_LEVEL
10:11:03.176 [main] INFO  com.solvd.itcompany.Runner - 
Lily
10:11:03.176 [main] INFO  com.solvd.itcompany.Runner - 
Designer
10:11:03.176 [main] INFO  com.solvd.itcompany.Runner - 
Bachelors Degree in Graphic Design
10:11:03.176 [main] INFO  com.solvd.itcompany.Runner - 
ENTRY_LEVEL
