21:30:46.215 [main] INFO  com.solvd.itcompany.Runner - Method name: getProjects
21:30:46.216 [main] INFO  com.solvd.itcompany.Runner - Parameters: 
21:30:46.216 [main] INFO  com.solvd.itcompany.Runner - Method Modifiers: public
21:30:46.216 [main] INFO  com.solvd.itcompany.Runner - Return Type: void
21:30:46.216 [main] INFO  com.solvd.itcompany.Runner - Method name: setProjects
21:30:46.216 [main] INFO  com.solvd.itcompany.Runner - Parameters: 
21:30:46.216 [main] INFO  com.solvd.itcompany.Runner -  java.util.ArrayList
21:30:46.216 [main] INFO  com.solvd.itcompany.Runner - Method Modifiers: public
21:30:46.217 [main] INFO  com.solvd.itcompany.Runner - Return Type: void
21:30:46.217 [main] INFO  com.solvd.itcompany.Runner - Method name: setEmployees
21:30:46.217 [main] INFO  com.solvd.itcompany.Runner - Parameters: 
21:30:46.217 [main] INFO  com.solvd.itcompany.Runner -  java.util.ArrayList
21:30:46.217 [main] INFO  com.solvd.itcompany.Runner - Method Modifiers: public final
21:30:46.217 [main] INFO  com.solvd.itcompany.Runner - Return Type: void
21:30:46.217 [main] INFO  com.solvd.itcompany.Runner - Method name: intro
21:30:46.217 [main] INFO  com.solvd.itcompany.Runner - Parameters: 
21:30:46.217 [main] INFO  com.solvd.itcompany.Runner - Method Modifiers: public
21:30:46.218 [main] INFO  com.solvd.itcompany.Runner - Return Type: void
21:30:46.218 [main] INFO  com.solvd.itcompany.Runner - Method name: assignProject
21:30:46.218 [main] INFO  com.solvd.itcompany.Runner - Parameters: 
21:30:46.218 [main] INFO  com.solvd.itcompany.Runner -  com.solvd.itcompany.Project
21:30:46.218 [main] INFO  com.solvd.itcompany.Runner -  java.util.ArrayList
21:30:46.218 [main] INFO  com.solvd.itcompany.Runner -  com.solvd.itcompany.enums.ProjectStatus
21:30:46.218 [main] INFO  com.solvd.itcompany.Runner - Method Modifiers: public
21:30:46.218 [main] INFO  com.solvd.itcompany.Runner - Return Type: void
21:30:46.218 [main] INFO  com.solvd.itcompany.Runner - Method name: projectCreated
21:30:46.218 [main] INFO  com.solvd.itcompany.Runner - Parameters: 
