22:14:51.817 [main] INFO  com.solvd.itcompany.Runner - Field Modifiers: private
22:14:51.819 [main] INFO  com.solvd.itcompany.Runner - clients
22:14:51.819 [main] INFO  com.solvd.itcompany.Runner - Field Modifiers: private
22:14:51.819 [main] INFO  com.solvd.itcompany.Runner - projects
22:14:51.819 [main] INFO  com.solvd.itcompany.Runner - Field Modifiers: private
22:14:51.819 [main] INFO  com.solvd.itcompany.Runner - projectStatus
22:14:51.819 [main] INFO  com.solvd.itcompany.Runner - Field Modifiers: private
22:14:51.819 [main] INFO  com.solvd.itcompany.Runner - logger
22:14:51.819 [main] INFO  com.solvd.itcompany.Runner - Field Modifiers: private static final
22:14:51.820 [main] INFO  com.solvd.itcompany.Runner - Method Modifiers: public
22:14:51.820 [main] INFO  com.solvd.itcompany.Runner - Return Type: java.lang.String
22:14:51.820 [main] INFO  com.solvd.itcompany.Runner - Method name: getName
22:14:51.820 [main] INFO  com.solvd.itcompany.Runner - Parameters: 
22:14:51.820 [main] INFO  com.solvd.itcompany.Runner - Method Modifiers: public
22:14:51.820 [main] INFO  com.solvd.itcompany.Runner - Return Type: void
22:14:51.820 [main] INFO  com.solvd.itcompany.Runner - Method name: setName
22:14:51.820 [main] INFO  com.solvd.itcompany.Runner - Parameters: 
22:14:51.820 [main] INFO  com.solvd.itcompany.Runner -  java.lang.String
22:14:51.821 [main] INFO  com.solvd.itcompany.Runner - Method Modifiers: public
22:14:51.821 [main] INFO  com.solvd.itcompany.Runner - Return Type: java.util.ArrayList
22:14:51.821 [main] INFO  com.solvd.itcompany.Runner - Method name: getClients
22:14:51.821 [main] INFO  com.solvd.itcompany.Runner - Parameters: 
22:14:51.821 [main] INFO  com.solvd.itcompany.Runner - Method Modifiers: public
22:14:51.821 [main] INFO  com.solvd.itcompany.Runner - Return Type: void
22:14:51.821 [main] INFO  com.solvd.itcompany.Runner - Method name: setClients
22:14:51.821 [main] INFO  com.solvd.itcompany.Runner - Parameters: 
22:14:51.821 [main] INFO  com.solvd.itcompany.Runner -  java.util.ArrayList
22:14:51.821 [main] INFO  com.solvd.itcompany.Runner - Method Modifiers: public
