23:11:15.889 [main] INFO  com.solvd.itcompany.Runner - [Gantt chart, Communications plan]
23:11:15.890 [main] INFO  com.solvd.itcompany.Runner - [Andromo, BuildFire]
23:11:15.891 [main] INFO  com.solvd.itcompany.Runner - [Java, PHP, JavaScript]
23:11:15.891 [main] INFO  com.solvd.itcompany.Runner - [HTML, CSS, React]
23:11:15.891 [main] INFO  com.solvd.itcompany.Runner - [Swift, Objective-C]
23:11:15.891 [main] INFO  com.solvd.itcompany.Runner - [Java, Maven, Cucumber]
23:11:15.891 [main] INFO  com.solvd.itcompany.Runner - [organic social media, email promotion, paid social media]
23:11:15.891 [main] INFO  com.solvd.itcompany.generics.EmployeeHashmap - 
List of employees working on the project: 
23:11:15.891 [main] INFO  com.solvd.itcompany.generics.EmployeeHashmap - 
Designer: Lily
23:11:15.892 [main] INFO  com.solvd.itcompany.generics.EmployeeHashmap - 
Frontend Engineer: Pam
23:11:15.892 [main] INFO  com.solvd.itcompany.generics.EmployeeHashmap - 
IOS Developer: Kevin
23:11:15.892 [main] INFO  com.solvd.itcompany.generics.EmployeeHashmap - 
Marketing Manager: Carl
23:11:15.892 [main] INFO  com.solvd.itcompany.generics.EmployeeHashmap - 
Backend Engineer: Tom
23:11:15.892 [main] INFO  com.solvd.itcompany.generics.EmployeeHashmap - 
Quality Analyst: David
23:11:15.892 [main] INFO  com.solvd.itcompany.generics.EmployeeHashmap - 
Project Manager: Cameron
23:11:15.893 [main] INFO  com.solvd.itcompany.ITCompany - The IT Company has a request to start a project.
23:11:15.893 [main] INFO  com.solvd.itcompany.ITCompany - 
The project managers have been added to the project.
23:11:15.893 [main] INFO  com.solvd.itcompany.ITCompany - 
The designers have been added to the project.
23:11:15.893 [main] INFO  com.solvd.itcompany.ITCompany - 
The backend engineers have been added to the project.
23:11:15.893 [main] INFO  com.solvd.itcompany.ITCompany - 
The frontend engineers have been added to the project.
23:11:15.894 [main] INFO  com.solvd.itcompany.ITCompany - 
The IOS developers have been added to the project.
23:11:15.894 [main] INFO  com.solvd.itcompany.ITCompany - 
The quality analysts have been added to the project.
