20:30:09.878 [main] INFO  com.solvd.itcompany.employees.Employee - Employee name: Cameron
20:30:09.879 [main] INFO  com.solvd.itcompany.employees.Employee - Employee name: Lily
20:30:09.879 [main] INFO  com.solvd.itcompany.employees.Employee - Employee name: Tom
20:30:09.879 [main] INFO  com.solvd.itcompany.employees.Employee - Employee name: Pam
20:30:09.879 [main] INFO  com.solvd.itcompany.employees.Employee - Employee name: Kevin
20:30:09.879 [main] INFO  com.solvd.itcompany.employees.Employee - Employee name: David
20:30:09.879 [main] INFO  com.solvd.itcompany.employees.Employee - Employee name: Carl
20:30:09.880 [main] INFO  com.solvd.itcompany.generics.EmployeeHashmap - 
List of employees working on the project: 
20:30:09.880 [main] INFO  com.solvd.itcompany.generics.EmployeeHashmap - 
Designer: Lily
20:30:09.880 [main] INFO  com.solvd.itcompany.generics.EmployeeHashmap - 
Frontend Engineer: Pam
20:30:09.880 [main] INFO  com.solvd.itcompany.generics.EmployeeHashmap - 
IOS Developer: Kevin
20:30:09.880 [main] INFO  com.solvd.itcompany.generics.EmployeeHashmap - 
Marketing Manager: Carl
20:30:09.880 [main] INFO  com.solvd.itcompany.generics.EmployeeHashmap - 
Backend Engineer: Tom
20:30:09.881 [main] INFO  com.solvd.itcompany.generics.EmployeeHashmap - 
Quality Analyst: David
20:30:09.881 [main] INFO  com.solvd.itcompany.generics.EmployeeHashmap - 
Project Manager: Cameron
20:30:09.882 [main] INFO  com.solvd.itcompany.ITCompany - The IT Company has a request to start a project.
20:30:09.882 [main] INFO  com.solvd.itcompany.ITCompany - 
The project managers have been added to the project.
20:30:09.882 [main] INFO  com.solvd.itcompany.ITCompany - 
The designers have been added to the project.
20:30:09.882 [main] INFO  com.solvd.itcompany.ITCompany - 
The backend engineers have been added to the project.
20:30:09.882 [main] INFO  com.solvd.itcompany.ITCompany - 
The frontend engineers have been added to the project.
20:30:09.882 [main] INFO  com.solvd.itcompany.ITCompany - 
The IOS developers have been added to the project.
