21:04:51.630 [main] INFO  com.solvd.itcompany.Runner - Parameters: 
21:04:51.630 [main] INFO  com.solvd.itcompany.Runner -  com.solvd.itcompany.Project
21:04:51.631 [main] INFO  com.solvd.itcompany.Runner -  java.util.ArrayList
21:04:51.631 [main] INFO  com.solvd.itcompany.Runner - Method Modifiers: public
21:04:51.631 [main] INFO  com.solvd.itcompany.Runner - Return Type: void
21:04:51.631 [main] INFO  com.solvd.itcompany.Runner - Method name: releaseApp
21:04:51.631 [main] INFO  com.solvd.itcompany.Runner - Parameters: 
21:04:51.631 [main] INFO  com.solvd.itcompany.Runner - Method Modifiers: public
21:04:51.631 [main] INFO  com.solvd.itcompany.Runner - Return Type: void
21:04:51.631 [main] INFO  com.solvd.itcompany.Runner - Method name: maintenance
21:04:51.631 [main] INFO  com.solvd.itcompany.Runner - Parameters: 
21:04:51.631 [main] INFO  com.solvd.itcompany.Runner - Method Modifiers: public
21:04:51.631 [main] INFO  com.solvd.itcompany.Runner - Return Type: com.solvd.itcompany.enums.ProjectStatus
21:04:51.631 [main] INFO  com.solvd.itcompany.Runner - Method name: getProjectStatus
21:04:51.631 [main] INFO  com.solvd.itcompany.Runner - Parameters: 
21:04:51.631 [main] INFO  com.solvd.itcompany.Runner - Method Modifiers: public
21:04:51.632 [main] INFO  com.solvd.itcompany.Runner - Return Type: java.util.ArrayList
21:04:51.632 [main] INFO  com.solvd.itcompany.Runner - Method name: getEmployees
21:04:51.632 [main] INFO  com.solvd.itcompany.Runner - Parameters: 
21:04:51.632 [main] INFO  com.solvd.itcompany.Runner - Result of method call: 
21:04:51.633 [main] INFO  com.solvd.itcompany.ITCompany - Here is the user feedback we've received so far: 
21:04:51.633 [main] INFO  com.solvd.itcompany.ITCompany - Great app!
21:04:51.633 [main] INFO  com.solvd.itcompany.ITCompany - Horrible user experience.
21:04:51.633 [main] INFO  com.solvd.itcompany.ITCompany - I order coffee on this app all the time!
21:04:51.633 [main] INFO  com.solvd.itcompany.ITCompany - 
The application has been released.
21:07:39.157 [main] INFO  com.solvd.itcompany.Runner - 
---------------------List of Clients:---------------------
