21:16:08.958 [main] INFO  com.solvd.itcompany.Runner - 
---------------------Highest Paying Clients:---------------------
21:16:08.964 [main] INFO  com.solvd.itcompany.Runner - 2
21:16:08.964 [main] INFO  com.solvd.itcompany.Runner - 
---------------------Total Project Profits:---------------------
21:16:08.968 [main] INFO  com.solvd.itcompany.Runner - Total Profit: 7000.0
21:16:08.968 [main] INFO  com.solvd.itcompany.Runner - 
---------------------Client Information:---------------------
21:16:08.969 [main] INFO  com.solvd.itcompany.Runner - Client Name: Paul's Coffee Shop
21:16:08.969 [main] INFO  com.solvd.itcompany.Runner - Client Idea: create an app for the coffee shop
21:16:08.969 [main] INFO  com.solvd.itcompany.Runner - Years in Business: 2
21:16:08.970 [main] INFO  com.solvd.itcompany.Runner - Client Budget: 1500.0
21:16:08.970 [main] INFO  com.solvd.itcompany.Runner - Client Project Status: NEW
21:16:08.970 [main] INFO  com.solvd.itcompany.Runner - Client Name: Kelly's Pet Shop
21:16:08.970 [main] INFO  com.solvd.itcompany.Runner - Client Idea: create an app for the pet shop
21:16:08.970 [main] INFO  com.solvd.itcompany.Runner - Years in Business: 5
21:16:08.970 [main] INFO  com.solvd.itcompany.Runner - Client Budget: 2500.0
21:16:08.971 [main] INFO  com.solvd.itcompany.Runner - Client Project Status: NEW
21:16:08.971 [main] INFO  com.solvd.itcompany.Runner - Client Name: Dave's Bakery Shop
21:16:08.971 [main] INFO  com.solvd.itcompany.Runner - Client Idea: create an app for the bakery shop
21:16:08.971 [main] INFO  com.solvd.itcompany.Runner - Years in Business: 10
21:16:08.971 [main] INFO  com.solvd.itcompany.Runner - Client Budget: 3000.0
21:16:08.971 [main] INFO  com.solvd.itcompany.Runner - Client Project Status: NEW
21:16:08.972 [main] INFO  com.solvd.itcompany.generics.LinkedListProject - 
Backlog of projects: 
New project under development: 
Client: Paul's Coffee Shop
Project Service: APP_DEVELOPMENT
Project Budget: 1500.0
Project Price: 1000.0
Status of Project: NEW
21:16:08.973 [main] INFO  com.solvd.itcompany.IFulfillRequirements - Here are the requirements for the application: 
