21:21:22.946 [main] INFO  com.solvd.itcompany.Runner - [HTML, CSS, React]
21:21:22.947 [main] INFO  com.solvd.itcompany.Runner - [Swift, Objective-C]
21:21:22.947 [main] INFO  com.solvd.itcompany.Runner - [Java, Maven, Cucumber]
21:21:22.947 [main] INFO  com.solvd.itcompany.Runner - [organic social media, email promotion, paid social media]
21:21:22.948 [main] INFO  com.solvd.itcompany.generics.EmployeeHashmap - 
List of employees working on the project: 
21:21:22.948 [main] INFO  com.solvd.itcompany.generics.EmployeeHashmap - 
Designer: Lily
21:21:22.948 [main] INFO  com.solvd.itcompany.generics.EmployeeHashmap - 
Frontend Engineer: Pam
21:21:22.948 [main] INFO  com.solvd.itcompany.generics.EmployeeHashmap - 
IOS Developer: Kevin
21:21:22.948 [main] INFO  com.solvd.itcompany.generics.EmployeeHashmap - 
Marketing Manager: Carl
21:21:22.948 [main] INFO  com.solvd.itcompany.generics.EmployeeHashmap - 
Backend Engineer: Tom
21:21:22.948 [main] INFO  com.solvd.itcompany.generics.EmployeeHashmap - 
Quality Analyst: David
21:21:22.948 [main] INFO  com.solvd.itcompany.generics.EmployeeHashmap - 
Project Manager: Cameron
21:21:22.949 [main] INFO  com.solvd.itcompany.ITCompany - The IT Company has a request to start a project.
21:21:22.949 [main] INFO  com.solvd.itcompany.ITCompany - 
The project managers have been added to the project.
21:21:22.949 [main] INFO  com.solvd.itcompany.ITCompany - 
The designers have been added to the project.
21:21:22.950 [main] INFO  com.solvd.itcompany.ITCompany - 
The backend engineers have been added to the project.
21:21:22.950 [main] INFO  com.solvd.itcompany.ITCompany - 
The frontend engineers have been added to the project.
21:21:22.950 [main] INFO  com.solvd.itcompany.ITCompany - 
The IOS developers have been added to the project.
21:21:22.950 [main] INFO  com.solvd.itcompany.ITCompany - 
The quality analysts have been added to the project.
21:21:22.950 [main] INFO  com.solvd.itcompany.ITCompany - 
The marketers have been added to the project.

21:21:22.950 [main] INFO  com.solvd.itcompany.ITCompany - 
Status of Project: IN_PROGRESS
