12:06:41.976 [main] INFO  com.solvd.itcompany.Runner - 
ENTRY_LEVEL
12:06:41.977 [main] INFO  com.solvd.itcompany.Runner - 
Tom
12:06:41.977 [main] INFO  com.solvd.itcompany.Runner - 
Backend
12:06:41.977 [main] INFO  com.solvd.itcompany.Runner - 
Bachelors Degree in Computer Science
12:06:41.977 [main] INFO  com.solvd.itcompany.Runner - 
MID_LEVEL
12:06:41.978 [main] INFO  com.solvd.itcompany.Runner - 
Pam
12:06:41.978 [main] INFO  com.solvd.itcompany.Runner - 
Frontend
12:06:41.978 [main] INFO  com.solvd.itcompany.Runner - 
Frontend Bootcamp
12:06:41.978 [main] INFO  com.solvd.itcompany.Runner - 
MID_LEVEL
12:06:41.978 [main] INFO  com.solvd.itcompany.Runner - 
Kevin
12:06:41.978 [main] INFO  com.solvd.itcompany.Runner - 
IOS
12:06:41.978 [main] INFO  com.solvd.itcompany.Runner - 
Mobile Development Bootcamp
12:06:41.978 [main] INFO  com.solvd.itcompany.Runner - 
SENIOR_LEVEL
12:06:41.979 [main] INFO  com.solvd.itcompany.Runner - 
David
12:06:41.979 [main] INFO  com.solvd.itcompany.Runner - 
Quality
12:06:41.979 [main] INFO  com.solvd.itcompany.Runner - 
Bachelors Degree in Information Technology
12:06:41.979 [main] INFO  com.solvd.itcompany.Runner - 
ENTRY_LEVEL
12:06:41.979 [main] INFO  com.solvd.itcompany.Runner - 
Carl
12:06:41.979 [main] INFO  com.solvd.itcompany.Runner - 
Marketing
12:06:41.979 [main] INFO  com.solvd.itcompany.Runner - 
Bachelors Degree in Marketing
12:06:41.979 [main] INFO  com.solvd.itcompany.Runner - 
SENIOR_LEVEL
12:06:41.980 [main] INFO  com.solvd.itcompany.Runner - 
---------------------Mid-level Engineers:---------------------
12:06:41.980 [main] INFO  com.solvd.itcompany.Runner - [com.solvd.itcompany.employees.BackendEngineer@54bff557, com.solvd.itcompany.employees.FrontendEngineer@593aaf41]
12:06:41.981 [main] INFO  com.solvd.itcompany.Runner - 
---------------------Tools The Team Uses:---------------------
12:06:41.981 [main] INFO  com.solvd.itcompany.Runner - [Gantt chart, Communications plan]
12:06:41.981 [main] INFO  com.solvd.itcompany.Runner - [Andromo, BuildFire]
12:06:41.982 [main] INFO  com.solvd.itcompany.Runner - [Java, PHP, JavaScript]
