21:36:17.320 [main] INFO  com.solvd.itcompany.Runner - Client Name: Paul's Coffee Shop
21:36:17.325 [main] INFO  com.solvd.itcompany.Runner - Client Idea: create an app for the coffee shop
21:36:17.325 [main] INFO  com.solvd.itcompany.Runner - Years in Business: 2
21:36:17.325 [main] INFO  com.solvd.itcompany.Runner - Client Budget: 1500.0
21:36:17.325 [main] INFO  com.solvd.itcompany.Runner - Client Project Status: NEW
21:36:17.325 [main] INFO  com.solvd.itcompany.Runner - Client Name: Kelly's Pet Shop
21:36:17.325 [main] INFO  com.solvd.itcompany.Runner - Client Idea: create an app for the pet shop
21:36:17.326 [main] INFO  com.solvd.itcompany.Runner - Years in Business: 5
21:36:17.326 [main] INFO  com.solvd.itcompany.Runner - Client Budget: 2500.0
21:36:17.326 [main] INFO  com.solvd.itcompany.Runner - Client Project Status: NEW
21:36:17.326 [main] INFO  com.solvd.itcompany.Runner - Client Name: Dave's Bakery Shop
21:36:17.326 [main] INFO  com.solvd.itcompany.Runner - Client Idea: create an app for the bakery shop
21:36:17.326 [main] INFO  com.solvd.itcompany.Runner - Years in Business: 10
21:36:17.327 [main] INFO  com.solvd.itcompany.Runner - Client Budget: 3000.0
21:36:17.327 [main] INFO  com.solvd.itcompany.Runner - Client Project Status: NEW
21:36:17.328 [main] INFO  com.solvd.itcompany.generics.LinkedListProject - 
Backlog of projects: 
New project under development: 
Client: Paul's Coffee Shop
Project Service: APP_DEVELOPMENT
Project Budget: 1500.0
Project Price: 1000.0
Status of Project: NEW
21:36:17.329 [main] INFO  com.solvd.itcompany.IFulfillRequirements - Here are the requirements for the application: 
21:36:17.329 [main] INFO  com.solvd.itcompany.IFulfillRequirements - Users can order coffee
21:36:17.329 [main] INFO  com.solvd.itcompany.IFulfillRequirements - Users can track loyalty points
21:36:17.329 [main] INFO  com.solvd.itcompany.IFulfillRequirements - Users can interact with community
21:36:17.329 [main] INFO  com.solvd.itcompany.IFulfillRequirements - The IT company has completed reviewing the requirements for the application.

