22:14:51.802 [main] INFO  com.solvd.itcompany.employees.Employee - com.solvd.itcompany.employees.QualityAnalyst@2c1b194a
22:14:51.803 [main] INFO  com.solvd.itcompany.employees.Employee - com.solvd.itcompany.employees.MarketingManager@4dbb42b7
22:14:51.803 [main] INFO  com.solvd.itcompany.Runner - 
---------------------Team Members Names:---------------------
22:14:51.804 [main] INFO  com.solvd.itcompany.employees.Employee - Employee name: Cameron
22:14:51.804 [main] INFO  com.solvd.itcompany.employees.Employee - Employee name: Lily
22:14:51.804 [main] INFO  com.solvd.itcompany.employees.Employee - Employee name: Tom
22:14:51.804 [main] INFO  com.solvd.itcompany.employees.Employee - Employee name: Pam
22:14:51.804 [main] INFO  com.solvd.itcompany.employees.Employee - Employee name: Kevin
22:14:51.805 [main] INFO  com.solvd.itcompany.employees.Employee - Employee name: David
22:14:51.805 [main] INFO  com.solvd.itcompany.employees.Employee - Employee name: Carl
22:14:51.805 [main] INFO  com.solvd.itcompany.generics.EmployeeHashmap - 
List of employees working on the project: 
22:14:51.806 [main] INFO  com.solvd.itcompany.generics.EmployeeHashmap - 
Designer: Lily
22:14:51.806 [main] INFO  com.solvd.itcompany.generics.EmployeeHashmap - 
Frontend Engineer: Pam
22:14:51.806 [main] INFO  com.solvd.itcompany.generics.EmployeeHashmap - 
IOS Developer: Kevin
22:14:51.806 [main] INFO  com.solvd.itcompany.generics.EmployeeHashmap - 
Marketing Manager: Carl
22:14:51.806 [main] INFO  com.solvd.itcompany.generics.EmployeeHashmap - 
Backend Engineer: Tom
22:14:51.806 [main] INFO  com.solvd.itcompany.generics.EmployeeHashmap - 
Quality Analyst: David
22:14:51.806 [main] INFO  com.solvd.itcompany.generics.EmployeeHashmap - 
Project Manager: Cameron
22:14:51.807 [main] INFO  com.solvd.itcompany.ITCompany - The IT Company has a request to start a project.
22:14:51.807 [main] INFO  com.solvd.itcompany.ITCompany - 
The project managers have been added to the project.
22:14:51.807 [main] INFO  com.solvd.itcompany.ITCompany - 
The designers have been added to the project.
