15:17:32.595 [main] INFO  com.solvd.itcompany.Runner - [HTML, CSS, React]
15:17:32.596 [main] INFO  com.solvd.itcompany.Runner - [Swift, Objective-C]
15:17:32.596 [main] INFO  com.solvd.itcompany.Runner - [Java, Maven, Cucumber]
15:17:32.597 [main] INFO  com.solvd.itcompany.Runner - [organic social media, email promotion, paid social media]
15:17:32.597 [main] INFO  com.solvd.itcompany.generics.EmployeeHashmap - 
List of employees working on the project: 
15:17:32.597 [main] INFO  com.solvd.itcompany.generics.EmployeeHashmap - 
Designer: Lily
15:17:32.597 [main] INFO  com.solvd.itcompany.generics.EmployeeHashmap - 
Frontend Engineer: Pam
15:17:32.597 [main] INFO  com.solvd.itcompany.generics.EmployeeHashmap - 
IOS Developer: Kevin
15:17:32.597 [main] INFO  com.solvd.itcompany.generics.EmployeeHashmap - 
Marketing Manager: Carl
15:17:32.597 [main] INFO  com.solvd.itcompany.generics.EmployeeHashmap - 
Backend Engineer: Tom
15:17:32.598 [main] INFO  com.solvd.itcompany.generics.EmployeeHashmap - 
Quality Analyst: David
15:17:32.598 [main] INFO  com.solvd.itcompany.generics.EmployeeHashmap - 
Project Manager: Cameron
15:17:32.598 [main] INFO  com.solvd.itcompany.ITCompany - The IT Company has a request to start a project.
15:17:32.598 [main] INFO  com.solvd.itcompany.ITCompany - 
The project managers have been added to the project.
15:17:32.599 [main] INFO  com.solvd.itcompany.ITCompany - 
The designers have been added to the project.
15:17:32.599 [main] INFO  com.solvd.itcompany.ITCompany - 
The backend engineers have been added to the project.
15:17:32.599 [main] INFO  com.solvd.itcompany.ITCompany - 
The frontend engineers have been added to the project.
15:17:32.599 [main] INFO  com.solvd.itcompany.ITCompany - 
The IOS developers have been added to the project.
15:17:32.599 [main] INFO  com.solvd.itcompany.ITCompany - 
The quality analysts have been added to the project.
15:17:32.599 [main] INFO  com.solvd.itcompany.ITCompany - 
The marketers have been added to the project.

15:17:32.599 [main] INFO  com.solvd.itcompany.ITCompany - 
Status of Project: IN_PROGRESS
