21:38:38.073 [main] INFO  com.solvd.itcompany.Runner - Method name: intro
21:38:38.073 [main] INFO  com.solvd.itcompany.Runner - Parameters: 
21:38:38.073 [main] INFO  com.solvd.itcompany.Runner - Method Modifiers: public
21:38:38.074 [main] INFO  com.solvd.itcompany.Runner - Return Type: void
21:38:38.074 [main] INFO  com.solvd.itcompany.Runner - Method name: assignProject
21:38:38.074 [main] INFO  com.solvd.itcompany.Runner - Parameters: 
21:38:38.074 [main] INFO  com.solvd.itcompany.Runner -  com.solvd.itcompany.Project
21:38:38.074 [main] INFO  com.solvd.itcompany.Runner -  java.util.ArrayList
21:38:38.074 [main] INFO  com.solvd.itcompany.Runner -  com.solvd.itcompany.enums.ProjectStatus
21:38:38.074 [main] INFO  com.solvd.itcompany.Runner - Method Modifiers: public
21:38:38.074 [main] INFO  com.solvd.itcompany.Runner - Return Type: void
21:38:38.074 [main] INFO  com.solvd.itcompany.Runner - Method name: projectCreated
21:38:38.074 [main] INFO  com.solvd.itcompany.Runner - Parameters: 
21:38:38.074 [main] INFO  com.solvd.itcompany.Runner -  com.solvd.itcompany.Project
21:38:38.074 [main] INFO  com.solvd.itcompany.Runner -  java.util.ArrayList
21:38:38.074 [main] INFO  com.solvd.itcompany.Runner - Method Modifiers: public
21:38:38.074 [main] INFO  com.solvd.itcompany.Runner - Return Type: void
21:38:38.074 [main] INFO  com.solvd.itcompany.Runner - Method name: releaseApp
21:38:38.074 [main] INFO  com.solvd.itcompany.Runner - Parameters: 
21:38:38.075 [main] INFO  com.solvd.itcompany.Runner - Method Modifiers: public
21:38:38.075 [main] INFO  com.solvd.itcompany.Runner - Return Type: void
21:38:38.075 [main] INFO  com.solvd.itcompany.Runner - Method name: maintenance
21:38:38.075 [main] INFO  com.solvd.itcompany.Runner - Parameters: 
21:38:38.075 [main] INFO  com.solvd.itcompany.Runner - Method Modifiers: public
21:38:38.075 [main] INFO  com.solvd.itcompany.Runner - Return Type: com.solvd.itcompany.enums.ProjectStatus
21:38:38.075 [main] INFO  com.solvd.itcompany.Runner - Method name: getProjectStatus
21:38:38.075 [main] INFO  com.solvd.itcompany.Runner - Parameters: 
