21:53:19.540 [main] INFO  com.solvd.itcompany.generics.ListOfTasks - 
Here are a list of tasks for the project: 
21:53:19.544 [main] INFO  com.solvd.itcompany.generics.ListOfTasks - 
Create the backend
21:53:19.544 [main] INFO  com.solvd.itcompany.generics.ListOfTasks - 
Test the application
21:53:19.544 [main] INFO  com.solvd.itcompany.generics.ListOfTasks - 
Create the frontend
21:53:19.544 [main] INFO  com.solvd.itcompany.generics.ListOfTasks - 
Create the management plan for the project
21:53:19.544 [main] INFO  com.solvd.itcompany.generics.ListOfTasks - 
Create the marketing strategy for the application
21:53:19.545 [main] INFO  com.solvd.itcompany.generics.ListOfTasks - 
Create the design of the application
21:53:19.545 [main] INFO  com.solvd.itcompany.generics.ListOfTasks - 
Create the mobile application
21:53:19.546 [main] INFO  com.solvd.itcompany.generics.ProjectPriority - 
Project1
21:53:19.546 [main] INFO  com.solvd.itcompany.generics.ProjectPriority - 
Project2
21:53:19.546 [main] INFO  com.solvd.itcompany.generics.ProjectPriority - 
Project3
21:53:19.547 [main] INFO  com.solvd.itcompany.ITCompany - Here is the user feedback we've received so far: 
21:53:19.548 [main] INFO  com.solvd.itcompany.ITCompany - Great app!
21:53:19.548 [main] INFO  com.solvd.itcompany.ITCompany - Horrible user experience.
21:53:19.548 [main] INFO  com.solvd.itcompany.ITCompany - I order coffee on this app all the time!
21:53:19.548 [main] INFO  com.solvd.itcompany.ITCompany - 
The application has been released.
21:53:19.548 [main] INFO  com.solvd.itcompany.ITCompany - 
While the application is completed the engineering team will continuously maintain the application.
22:12:57.019 [main] INFO  com.solvd.itcompany.generics.LinkedListProject - 
Backlog of projects: 
New project under development: 
Client: Paul's Coffee Shop
Project Service: App Development
Project Budget: 1500.0
Project Price: 1000.0
Status of Project: In Backlog
22:12:57.031 [main] INFO  com.solvd.itcompany.IFulfillRequirements - Here are the requirements for the application: 
