15:26:11.772 [main] INFO  com.solvd.itcompany.Runner - 
---------------------Total Project Profits:---------------------
15:26:11.782 [main] INFO  com.solvd.itcompany.Runner - Total Profit: 7000.0
15:26:11.782 [main] INFO  com.solvd.itcompany.Runner - 
---------------------Client Information:---------------------
15:26:11.783 [main] INFO  com.solvd.itcompany.Runner - Client Name: Paul's Coffee Shop
15:26:11.783 [main] INFO  com.solvd.itcompany.Runner - Client Idea: create an app for the coffee shop
15:26:11.784 [main] INFO  com.solvd.itcompany.Runner - Years in Business: 2
15:26:11.784 [main] INFO  com.solvd.itcompany.Runner - Client Budget: 1500.0
15:26:11.784 [main] INFO  com.solvd.itcompany.Runner - Client Project Status: NEW
15:26:11.784 [main] INFO  com.solvd.itcompany.Runner - Client Name: Kelly's Pet Shop
15:26:11.784 [main] INFO  com.solvd.itcompany.Runner - Client Idea: create an app for the pet shop
15:26:11.784 [main] INFO  com.solvd.itcompany.Runner - Years in Business: 5
15:26:11.784 [main] INFO  com.solvd.itcompany.Runner - Client Budget: 2500.0
15:26:11.785 [main] INFO  com.solvd.itcompany.Runner - Client Project Status: NEW
15:26:11.785 [main] INFO  com.solvd.itcompany.Runner - Client Name: Dave's Bakery Shop
15:26:11.785 [main] INFO  com.solvd.itcompany.Runner - Client Idea: create an app for the bakery shop
15:26:11.785 [main] INFO  com.solvd.itcompany.Runner - Years in Business: 10
15:26:11.785 [main] INFO  com.solvd.itcompany.Runner - Client Budget: 3000.0
15:26:11.785 [main] INFO  com.solvd.itcompany.Runner - Client Project Status: NEW
15:26:11.786 [main] INFO  com.solvd.itcompany.generics.LinkedListProject - 
Backlog of projects: 
New project under development: 
Client: Paul's Coffee Shop
Project Service: APP_DEVELOPMENT
Project Budget: 1500.0
Project Price: 1000.0
Status of Project: NEW
15:26:11.787 [main] INFO  com.solvd.itcompany.IFulfillRequirements - Here are the requirements for the application: 
15:26:11.787 [main] INFO  com.solvd.itcompany.IFulfillRequirements - Users can order coffee
