21:59:30.108 [main] INFO  com.solvd.itcompany.Runner - Return Type: void
21:59:30.108 [main] INFO  com.solvd.itcompany.Runner - Method name: maintenance
21:59:30.108 [main] INFO  com.solvd.itcompany.Runner - Parameters: 
21:59:30.109 [main] INFO  com.solvd.itcompany.Runner - Method Modifiers: public
21:59:30.109 [main] INFO  com.solvd.itcompany.Runner - Return Type: com.solvd.itcompany.enums.ProjectStatus
21:59:30.109 [main] INFO  com.solvd.itcompany.Runner - Method name: getProjectStatus
21:59:30.109 [main] INFO  com.solvd.itcompany.Runner - Parameters: 
21:59:30.109 [main] INFO  com.solvd.itcompany.Runner - Method Modifiers: public
21:59:30.109 [main] INFO  com.solvd.itcompany.Runner - Return Type: java.util.ArrayList
21:59:30.109 [main] INFO  com.solvd.itcompany.Runner - Method name: getClients
21:59:30.109 [main] INFO  com.solvd.itcompany.Runner - Parameters: 
21:59:30.109 [main] INFO  com.solvd.itcompany.Runner - Method Modifiers: public
21:59:30.109 [main] INFO  com.solvd.itcompany.Runner - Return Type: void
21:59:30.109 [main] INFO  com.solvd.itcompany.Runner - Method name: setClients
21:59:30.110 [main] INFO  com.solvd.itcompany.Runner - Parameters: 
21:59:30.110 [main] INFO  com.solvd.itcompany.Runner -  java.util.ArrayList
21:59:30.110 [main] INFO  com.solvd.itcompany.Runner - Method Modifiers: public
21:59:30.110 [main] INFO  com.solvd.itcompany.Runner - Return Type: java.util.ArrayList
21:59:30.110 [main] INFO  com.solvd.itcompany.Runner - Method name: getProjects
21:59:30.110 [main] INFO  com.solvd.itcompany.Runner - Parameters: 
21:59:30.110 [main] INFO  com.solvd.itcompany.Runner - Method Modifiers: public
21:59:30.110 [main] INFO  com.solvd.itcompany.Runner - Return Type: void
21:59:30.110 [main] INFO  com.solvd.itcompany.Runner - Method name: setProjects
21:59:30.110 [main] INFO  com.solvd.itcompany.Runner - Parameters: 
21:59:30.111 [main] INFO  com.solvd.itcompany.Runner -  java.util.ArrayList
21:59:30.111 [main] INFO  com.solvd.itcompany.Runner - Result of method call: 
21:59:30.112 [main] INFO  com.solvd.itcompany.ITCompany - Here is the user feedback we've received so far: 
