23:44:16.886 [main] INFO  com.solvd.itcompany.IFulfillRequirements - Users can order coffee
23:44:16.891 [main] INFO  com.solvd.itcompany.IFulfillRequirements - Users can track loyalty points
23:44:16.892 [main] INFO  com.solvd.itcompany.IFulfillRequirements - Users can interact with community
23:44:16.892 [main] INFO  com.solvd.itcompany.IFulfillRequirements - The IT company has completed reviewing the requirements for the application.

23:44:16.895 [main] INFO  com.solvd.itcompany.generics.EmployeeHashmap - 
List of employees working on the project: 
23:44:16.895 [main] INFO  com.solvd.itcompany.generics.EmployeeHashmap - 
Designer: Lily
23:44:16.896 [main] INFO  com.solvd.itcompany.generics.EmployeeHashmap - 
Frontend Engineer: Pam
23:44:16.896 [main] INFO  com.solvd.itcompany.generics.EmployeeHashmap - 
IOS Developer: Kevin
23:44:16.896 [main] INFO  com.solvd.itcompany.generics.EmployeeHashmap - 
Marketing Manager: Carl
23:44:16.896 [main] INFO  com.solvd.itcompany.generics.EmployeeHashmap - 
Backend Engineer: Tom
23:44:16.897 [main] INFO  com.solvd.itcompany.generics.EmployeeHashmap - 
Quality Analyst: David
23:44:16.897 [main] INFO  com.solvd.itcompany.generics.EmployeeHashmap - 
Project Manager: Cameron
23:44:16.898 [main] INFO  com.solvd.itcompany.ITCompany - The IT Company has a request to start a project.
23:44:16.898 [main] INFO  com.solvd.itcompany.ITCompany - 
The project managers have been added to the project.
23:44:16.898 [main] INFO  com.solvd.itcompany.ITCompany - 
The designers have been added to the project.
23:44:16.899 [main] INFO  com.solvd.itcompany.ITCompany - 
The backend engineers have been added to the project.
23:44:16.899 [main] INFO  com.solvd.itcompany.ITCompany - 
The frontend engineers have been added to the project.
23:44:16.899 [main] INFO  com.solvd.itcompany.ITCompany - 
The IOS developers have been added to the project.
23:44:16.899 [main] INFO  com.solvd.itcompany.ITCompany - 
The quality analysts have been added to the project.
23:44:16.899 [main] INFO  com.solvd.itcompany.ITCompany - 
The marketers have been added to the project.

