15:18:19.818 [main] INFO  com.solvd.itcompany.Runner - 
---------------------Number of Projects:---------------------
15:18:19.825 [main] INFO  com.solvd.itcompany.Runner - 3
15:18:19.825 [main] INFO  com.solvd.itcompany.Runner - 
---------------------Highest Paying Clients:---------------------
15:18:19.826 [main] INFO  com.solvd.itcompany.Runner - 2
15:18:19.826 [main] INFO  com.solvd.itcompany.Runner - 
---------------------Total Project Profits:---------------------
15:18:19.829 [main] INFO  com.solvd.itcompany.Runner - Total Profit: 7000.0
15:18:19.829 [main] INFO  com.solvd.itcompany.Runner - 
---------------------Client Information:---------------------
15:18:19.830 [main] INFO  com.solvd.itcompany.Runner - Client Name: Paul's Coffee Shop
15:18:19.830 [main] INFO  com.solvd.itcompany.Runner - Client Idea: create an app for the coffee shop
15:18:19.830 [main] INFO  com.solvd.itcompany.Runner - Years in Business: 2
15:18:19.830 [main] INFO  com.solvd.itcompany.Runner - Client Budget: 1500.0
15:18:19.830 [main] INFO  com.solvd.itcompany.Runner - Client Project Status: NEW
15:18:19.830 [main] INFO  com.solvd.itcompany.Runner - Client Name: Kelly's Pet Shop
15:18:19.830 [main] INFO  com.solvd.itcompany.Runner - Client Idea: create an app for the pet shop
15:18:19.830 [main] INFO  com.solvd.itcompany.Runner - Years in Business: 5
15:18:19.831 [main] INFO  com.solvd.itcompany.Runner - Client Budget: 2500.0
15:18:19.831 [main] INFO  com.solvd.itcompany.Runner - Client Project Status: NEW
15:18:19.831 [main] INFO  com.solvd.itcompany.Runner - Client Name: Dave's Bakery Shop
15:18:19.831 [main] INFO  com.solvd.itcompany.Runner - Client Idea: create an app for the bakery shop
15:18:19.831 [main] INFO  com.solvd.itcompany.Runner - Years in Business: 10
15:18:19.831 [main] INFO  com.solvd.itcompany.Runner - Client Budget: 3000.0
15:18:19.832 [main] INFO  com.solvd.itcompany.Runner - Client Project Status: NEW
15:18:19.833 [main] INFO  com.solvd.itcompany.generics.LinkedListProject - 
Backlog of projects: 
New project under development: 
Client: Paul's Coffee Shop
Project Service: APP_DEVELOPMENT
Project Budget: 1500.0
Project Price: 1000.0
Status of Project: NEW
