15:39:07.156 [main] INFO  com.solvd.itcompany.generics.ListOfTasks - 
Here are a list of tasks for the project: 
15:39:07.157 [main] INFO  com.solvd.itcompany.generics.ListOfTasks - 
Create the backend
15:39:07.157 [main] INFO  com.solvd.itcompany.generics.ListOfTasks - 
Test the application
15:39:07.157 [main] INFO  com.solvd.itcompany.generics.ListOfTasks - 
Create the frontend
15:39:07.157 [main] INFO  com.solvd.itcompany.generics.ListOfTasks - 
Create the management plan for the project
15:39:07.157 [main] INFO  com.solvd.itcompany.generics.ListOfTasks - 
Create the marketing strategy for the application
15:39:07.157 [main] INFO  com.solvd.itcompany.generics.ListOfTasks - 
Create the design of the application
15:39:07.157 [main] INFO  com.solvd.itcompany.generics.ListOfTasks - 
Create the mobile application
15:39:07.158 [main] INFO  com.solvd.itcompany.generics.ProjectPriority - 
Project1
15:39:07.158 [main] INFO  com.solvd.itcompany.generics.ProjectPriority - 
Project2
15:39:07.158 [main] INFO  com.solvd.itcompany.generics.ProjectPriority - 
Project3
15:39:07.159 [main] INFO  com.solvd.itcompany.ITCompany - Here is the user feedback we've received so far: 
15:39:07.159 [main] INFO  com.solvd.itcompany.ITCompany - Great app!
15:39:07.159 [main] INFO  com.solvd.itcompany.ITCompany - Horrible user experience.
15:39:07.159 [main] INFO  com.solvd.itcompany.ITCompany - I order coffee on this app all the time!
15:39:07.159 [main] INFO  com.solvd.itcompany.ITCompany - 
The application has been released.
15:39:07.160 [main] INFO  com.solvd.itcompany.ITCompany - 
While the application is completed the engineering team will continuously maintain the application.
21:37:52.872 [main] INFO  com.solvd.itcompany.generics.LinkedListProject - 
Backlog of projects: 
New project under development: 
Client: Paul's Coffee Shop
Project Service: APP_DEVELOPMENT
Project Budget: 1500.0
Project Price: 1000.0
Status of Project: NEW
21:37:52.876 [main] INFO  com.solvd.itcompany.IFulfillRequirements - Here are the requirements for the application: 
