23:19:38.273 [main] INFO  com.solvd.itcompany.Runner - 
Carl
23:19:38.274 [main] INFO  com.solvd.itcompany.Runner - 
Marketing
23:19:38.274 [main] INFO  com.solvd.itcompany.Runner - 
Bachelors Degree in Marketing
23:19:38.274 [main] INFO  com.solvd.itcompany.Runner - 
SENIOR_LEVEL
23:19:38.276 [main] INFO  com.solvd.itcompany.Runner - 
---------------------Mid-level Engineers:---------------------
23:19:38.276 [main] INFO  com.solvd.itcompany.Runner - [com.solvd.itcompany.employees.BackendEngineer@52af26ee, com.solvd.itcompany.employees.FrontendEngineer@6fd83fc1]
23:19:38.277 [main] INFO  com.solvd.itcompany.Runner - 
---------------------Tools The Team Uses:---------------------
23:19:38.278 [main] INFO  com.solvd.itcompany.Runner - [Gantt chart, Communications plan]
23:19:38.278 [main] INFO  com.solvd.itcompany.Runner - [Andromo, BuildFire]
23:19:38.278 [main] INFO  com.solvd.itcompany.Runner - [Java, PHP, JavaScript]
23:19:38.278 [main] INFO  com.solvd.itcompany.Runner - [HTML, CSS, React]
23:19:38.278 [main] INFO  com.solvd.itcompany.Runner - [Swift, Objective-C]
23:19:38.278 [main] INFO  com.solvd.itcompany.Runner - [Java, Maven, Cucumber]
23:19:38.278 [main] INFO  com.solvd.itcompany.Runner - [organic social media, email promotion, paid social media]
23:19:38.279 [main] INFO  com.solvd.itcompany.generics.EmployeeHashmap - 
List of employees working on the project: 
23:19:38.279 [main] INFO  com.solvd.itcompany.generics.EmployeeHashmap - 
Designer: Lily
23:19:38.279 [main] INFO  com.solvd.itcompany.generics.EmployeeHashmap - 
Frontend Engineer: Pam
23:19:38.279 [main] INFO  com.solvd.itcompany.generics.EmployeeHashmap - 
IOS Developer: Kevin
23:19:38.280 [main] INFO  com.solvd.itcompany.generics.EmployeeHashmap - 
Marketing Manager: Carl
23:19:38.280 [main] INFO  com.solvd.itcompany.generics.EmployeeHashmap - 
Backend Engineer: Tom
23:19:38.280 [main] INFO  com.solvd.itcompany.generics.EmployeeHashmap - 
Quality Analyst: David
23:19:38.280 [main] INFO  com.solvd.itcompany.generics.EmployeeHashmap - 
Project Manager: Cameron
