23:19:38.262 [main] INFO  com.solvd.itcompany.IFulfillRequirements - Users can interact with community
23:19:38.267 [main] INFO  com.solvd.itcompany.IFulfillRequirements - The IT company has completed reviewing the requirements for the application.

23:19:38.268 [main] INFO  com.solvd.itcompany.Runner - 
---------------------Your Team's Credentials:---------------------
23:19:38.269 [main] INFO  com.solvd.itcompany.Runner - 
Cameron
23:19:38.269 [main] INFO  com.solvd.itcompany.Runner - 
Manager
23:19:38.269 [main] INFO  com.solvd.itcompany.Runner - 
Bachelors Degree in Business Administration
23:19:38.270 [main] INFO  com.solvd.itcompany.Runner - 
MID_LEVEL
23:19:38.270 [main] INFO  com.solvd.itcompany.Runner - 
Lily
23:19:38.270 [main] INFO  com.solvd.itcompany.Runner - 
Designer
23:19:38.270 [main] INFO  com.solvd.itcompany.Runner - 
Bachelors Degree in Graphic Design
23:19:38.270 [main] INFO  com.solvd.itcompany.Runner - 
ENTRY_LEVEL
23:19:38.271 [main] INFO  com.solvd.itcompany.Runner - 
Tom
23:19:38.271 [main] INFO  com.solvd.itcompany.Runner - 
Backend
23:19:38.271 [main] INFO  com.solvd.itcompany.Runner - 
Bachelors Degree in Computer Science
23:19:38.271 [main] INFO  com.solvd.itcompany.Runner - 
MID_LEVEL
23:19:38.271 [main] INFO  com.solvd.itcompany.Runner - 
Pam
23:19:38.272 [main] INFO  com.solvd.itcompany.Runner - 
Frontend
23:19:38.272 [main] INFO  com.solvd.itcompany.Runner - 
Frontend Bootcamp
23:19:38.272 [main] INFO  com.solvd.itcompany.Runner - 
MID_LEVEL
23:19:38.272 [main] INFO  com.solvd.itcompany.Runner - 
Kevin
23:19:38.272 [main] INFO  com.solvd.itcompany.Runner - 
IOS
23:19:38.272 [main] INFO  com.solvd.itcompany.Runner - 
Mobile Development Bootcamp
23:19:38.272 [main] INFO  com.solvd.itcompany.Runner - 
SENIOR_LEVEL
23:19:38.273 [main] INFO  com.solvd.itcompany.Runner - 
David
23:19:38.273 [main] INFO  com.solvd.itcompany.Runner - 
Quality
23:19:38.273 [main] INFO  com.solvd.itcompany.Runner - 
Bachelors Degree in Information Technology
23:19:38.273 [main] INFO  com.solvd.itcompany.Runner - 
ENTRY_LEVEL
