22:47:15.187 [main] INFO  com.solvd.itcompany.ITCompany - Horrible user experience.
22:47:15.188 [main] INFO  com.solvd.itcompany.ITCompany - I order coffee on this app all the time!
22:47:15.188 [main] INFO  com.solvd.itcompany.ITCompany - 
The application has been released.
22:47:15.188 [main] INFO  com.solvd.itcompany.ITCompany - 
While the application is completed the engineering team will continuously maintain the application.
22:54:06.275 [main] INFO  com.solvd.itcompany.Runner - 
---------------------Number of Projects:---------------------
22:54:06.278 [main] INFO  com.solvd.itcompany.Runner - 2
22:54:06.278 [main] INFO  com.solvd.itcompany.Runner - 
---------------------Client Information:---------------------
22:54:06.279 [main] INFO  com.solvd.itcompany.Runner - Client Name: Kelly's Pet Shop
22:54:06.279 [main] INFO  com.solvd.itcompany.Runner - Client Idea: create an app for the pet shop
22:54:06.279 [main] INFO  com.solvd.itcompany.Runner - Years in Business: 5
22:54:06.279 [main] INFO  com.solvd.itcompany.Runner - Client Budget: 2500.0
22:54:06.279 [main] INFO  com.solvd.itcompany.Runner - Client Project Status: NEW
22:54:06.280 [main] INFO  com.solvd.itcompany.Runner - Client Name: Dave's Bakery Shop
22:54:06.280 [main] INFO  com.solvd.itcompany.Runner - Client Idea: create an app for the bakery shop
22:54:06.280 [main] INFO  com.solvd.itcompany.Runner - Years in Business: 10
22:54:06.280 [main] INFO  com.solvd.itcompany.Runner - Client Budget: 3000.0
22:54:06.280 [main] INFO  com.solvd.itcompany.Runner - Client Project Status: NEW
22:54:06.281 [main] INFO  com.solvd.itcompany.generics.LinkedListProject - 
Backlog of projects: 
New project under development: 
Client: Paul's Coffee Shop
Project Service: APP_DEVELOPMENT
Project Budget: 1500.0
Project Price: 1000.0
Status of Project: NEW
22:54:06.282 [main] INFO  com.solvd.itcompany.IFulfillRequirements - Here are the requirements for the application: 
22:54:06.282 [main] INFO  com.solvd.itcompany.IFulfillRequirements - Users can order coffee
22:54:06.282 [main] INFO  com.solvd.itcompany.IFulfillRequirements - Users can track loyalty points
