21:46:45.402 [main] INFO  com.solvd.itcompany.IFulfillRequirements - Users can track loyalty points
21:46:45.404 [main] INFO  com.solvd.itcompany.IFulfillRequirements - Users can interact with community
21:46:45.404 [main] INFO  com.solvd.itcompany.IFulfillRequirements - The IT company has completed reviewing the requirements for the application.

21:46:45.405 [main] INFO  com.solvd.itcompany.Runner - 
---------------------Your Team's Credentials:---------------------
21:46:45.405 [main] INFO  com.solvd.itcompany.Runner - 
Cameron
21:46:45.405 [main] INFO  com.solvd.itcompany.Runner - 
Manager
21:46:45.405 [main] INFO  com.solvd.itcompany.Runner - 
Bachelors Degree in Business Administration
21:46:45.405 [main] INFO  com.solvd.itcompany.Runner - 
MID_LEVEL
21:46:45.406 [main] INFO  com.solvd.itcompany.Runner - 
Lily
21:46:45.406 [main] INFO  com.solvd.itcompany.Runner - 
Designer
21:46:45.406 [main] INFO  com.solvd.itcompany.Runner - 
Bachelors Degree in Graphic Design
21:46:45.406 [main] INFO  com.solvd.itcompany.Runner - 
ENTRY_LEVEL
21:46:45.406 [main] INFO  com.solvd.itcompany.Runner - 
Tom
21:46:45.406 [main] INFO  com.solvd.itcompany.Runner - 
Backend
21:46:45.406 [main] INFO  com.solvd.itcompany.Runner - 
Bachelors Degree in Computer Science
21:46:45.406 [main] INFO  com.solvd.itcompany.Runner - 
MID_LEVEL
21:46:45.407 [main] INFO  com.solvd.itcompany.Runner - 
Pam
21:46:45.407 [main] INFO  com.solvd.itcompany.Runner - 
Frontend
21:46:45.407 [main] INFO  com.solvd.itcompany.Runner - 
Frontend Bootcamp
21:46:45.407 [main] INFO  com.solvd.itcompany.Runner - 
MID_LEVEL
21:46:45.407 [main] INFO  com.solvd.itcompany.Runner - 
Kevin
21:46:45.407 [main] INFO  com.solvd.itcompany.Runner - 
IOS
21:46:45.407 [main] INFO  com.solvd.itcompany.Runner - 
Mobile Development Bootcamp
21:46:45.407 [main] INFO  com.solvd.itcompany.Runner - 
SENIOR_LEVEL
21:46:45.408 [main] INFO  com.solvd.itcompany.Runner - 
David
21:46:45.408 [main] INFO  com.solvd.itcompany.Runner - 
Quality
21:46:45.408 [main] INFO  com.solvd.itcompany.Runner - 
Bachelors Degree in Information Technology
