21:07:39.173 [main] INFO  com.solvd.itcompany.Runner - Years in Business: 10
21:07:39.174 [main] INFO  com.solvd.itcompany.Runner - Client Budget: 3000.0
21:07:39.174 [main] INFO  com.solvd.itcompany.Runner - Client Project Status: NEW
21:07:39.181 [main] INFO  com.solvd.itcompany.generics.LinkedListProject - 
Backlog of projects: 
New project under development: 
Client: Paul's Coffee Shop
Project Service: APP_DEVELOPMENT
Project Budget: 1500.0
Project Price: 1000.0
Status of Project: NEW
21:07:39.181 [main] INFO  com.solvd.itcompany.IFulfillRequirements - Here are the requirements for the application: 
21:07:39.182 [main] INFO  com.solvd.itcompany.IFulfillRequirements - Users can order coffee
21:07:39.182 [main] INFO  com.solvd.itcompany.IFulfillRequirements - Users can track loyalty points
21:07:39.182 [main] INFO  com.solvd.itcompany.IFulfillRequirements - Users can interact with community
21:07:39.182 [main] INFO  com.solvd.itcompany.IFulfillRequirements - The IT company has completed reviewing the requirements for the application.

21:07:39.187 [main] INFO  com.solvd.itcompany.Runner - 
---------------------Mid-level Engineers:---------------------
21:07:39.187 [main] INFO  com.solvd.itcompany.Runner - [com.solvd.itcompany.employees.BackendEngineer@53ce1329, com.solvd.itcompany.employees.FrontendEngineer@316bcf94]
21:07:39.188 [main] INFO  com.solvd.itcompany.Runner - 
---------------------Employees With Bachelor Degrees:---------------------
21:07:39.188 [main] INFO  com.solvd.itcompany.employees.Employee - com.solvd.itcompany.employees.ProjectManager@1de5f259
21:07:39.188 [main] INFO  com.solvd.itcompany.employees.Employee - com.solvd.itcompany.employees.Designer@729d991e
21:07:39.189 [main] INFO  com.solvd.itcompany.employees.Employee - com.solvd.itcompany.employees.BackendEngineer@53ce1329
21:07:39.189 [main] INFO  com.solvd.itcompany.employees.Employee - com.solvd.itcompany.employees.QualityAnalyst@31fa1761
21:07:39.189 [main] INFO  com.solvd.itcompany.employees.Employee - com.solvd.itcompany.employees.MarketingManager@957e06
