21:59:30.066 [main] INFO  com.solvd.itcompany.Runner - Client Idea: create an app for the pet shop
21:59:30.067 [main] INFO  com.solvd.itcompany.Runner - Years in Business: 5
21:59:30.067 [main] INFO  com.solvd.itcompany.Runner - Client Budget: 2500.0
21:59:30.067 [main] INFO  com.solvd.itcompany.Runner - Client Project Status: NEW
21:59:30.067 [main] INFO  com.solvd.itcompany.Runner - Client Name: Dave's Bakery Shop
21:59:30.067 [main] INFO  com.solvd.itcompany.Runner - Client Idea: create an app for the bakery shop
21:59:30.067 [main] INFO  com.solvd.itcompany.Runner - Years in Business: 10
21:59:30.067 [main] INFO  com.solvd.itcompany.Runner - Client Budget: 3000.0
21:59:30.067 [main] INFO  com.solvd.itcompany.Runner - Client Project Status: NEW
21:59:30.075 [main] INFO  com.solvd.itcompany.generics.LinkedListProject - 
Backlog of projects: 
New project under development: 
Client: Paul's Coffee Shop
Project Service: APP_DEVELOPMENT
Project Budget: 1500.0
Project Price: 1000.0
Status of Project: NEW
21:59:30.075 [main] INFO  com.solvd.itcompany.IFulfillRequirements - Here are the requirements for the application: 
21:59:30.075 [main] INFO  com.solvd.itcompany.IFulfillRequirements - Users can order coffee
21:59:30.075 [main] INFO  com.solvd.itcompany.IFulfillRequirements - Users can track loyalty points
21:59:30.076 [main] INFO  com.solvd.itcompany.IFulfillRequirements - Users can interact with community
21:59:30.076 [main] INFO  com.solvd.itcompany.IFulfillRequirements - The IT company has completed reviewing the requirements for the application.

21:59:30.080 [main] INFO  com.solvd.itcompany.Runner - 
---------------------Project Budgets:---------------------
21:59:30.080 [main] INFO  com.solvd.itcompany.Runner - true
21:59:30.081 [main] INFO  com.solvd.itcompany.Runner - 
---------------------Mid-level Engineers:---------------------
21:59:30.081 [main] INFO  com.solvd.itcompany.Runner - [com.solvd.itcompany.employees.BackendEngineer@6404f418, com.solvd.itcompany.employees.FrontendEngineer@3e11f9e9]
21:59:30.081 [main] INFO  com.solvd.itcompany.Runner - 
---------------------Employees With Bachelor Degrees:---------------------
