21:04:51.626 [main] INFO  com.solvd.itcompany.Runner - Return Type: java.util.ArrayList
21:04:51.627 [main] INFO  com.solvd.itcompany.Runner - Method name: getProjects
21:04:51.628 [main] INFO  com.solvd.itcompany.Runner - Parameters: 
21:04:51.628 [main] INFO  com.solvd.itcompany.Runner - Method Modifiers: public
21:04:51.628 [main] INFO  com.solvd.itcompany.Runner - Return Type: void
21:04:51.628 [main] INFO  com.solvd.itcompany.Runner - Method name: setProjects
21:04:51.628 [main] INFO  com.solvd.itcompany.Runner - Parameters: 
21:04:51.628 [main] INFO  com.solvd.itcompany.Runner -  java.util.ArrayList
21:04:51.628 [main] INFO  com.solvd.itcompany.Runner - Method Modifiers: public
21:04:51.628 [main] INFO  com.solvd.itcompany.Runner - Return Type: void
21:04:51.628 [main] INFO  com.solvd.itcompany.Runner - Method name: setEmployees
21:04:51.628 [main] INFO  com.solvd.itcompany.Runner - Parameters: 
21:04:51.629 [main] INFO  com.solvd.itcompany.Runner -  java.util.ArrayList
21:04:51.629 [main] INFO  com.solvd.itcompany.Runner - Method Modifiers: public final
21:04:51.629 [main] INFO  com.solvd.itcompany.Runner - Return Type: void
21:04:51.629 [main] INFO  com.solvd.itcompany.Runner - Method name: intro
21:04:51.629 [main] INFO  com.solvd.itcompany.Runner - Parameters: 
21:04:51.629 [main] INFO  com.solvd.itcompany.Runner - Method Modifiers: public
21:04:51.629 [main] INFO  com.solvd.itcompany.Runner - Return Type: void
21:04:51.629 [main] INFO  com.solvd.itcompany.Runner - Method name: assignProject
21:04:51.629 [main] INFO  com.solvd.itcompany.Runner - Parameters: 
21:04:51.629 [main] INFO  com.solvd.itcompany.Runner -  com.solvd.itcompany.Project
21:04:51.629 [main] INFO  com.solvd.itcompany.Runner -  java.util.ArrayList
21:04:51.629 [main] INFO  com.solvd.itcompany.Runner -  com.solvd.itcompany.enums.ProjectStatus
21:04:51.629 [main] INFO  com.solvd.itcompany.Runner - Method Modifiers: public
21:04:51.629 [main] INFO  com.solvd.itcompany.Runner - Return Type: void
21:04:51.630 [main] INFO  com.solvd.itcompany.Runner - Method name: projectCreated
