20:31:01.272 [main] INFO  com.solvd.itcompany.Runner - 


---------------------Next Projects To Do:---------------------
20:31:01.273 [main] INFO  com.solvd.itcompany.Runner - [New project under development: 
Client: Kelly's Pet Shop
Project Service: APP_DEVELOPMENT
Project Budget: 2500.0
Project Price: 1000.0
Status of Project: NEW, New project under development: 
Client: Dave's Bakery Shop
Project Service: APP_DEVELOPMENT
Project Budget: 3000.0
Project Price: 1000.0
Status of Project: NEW]
20:31:01.273 [main] INFO  com.solvd.itcompany.Runner - 


---------------------Reflection:---------------------
20:31:01.274 [main] INFO  com.solvd.itcompany.Runner - The name of the constructor: com.solvd.itcompany.ITCompany
20:31:01.274 [main] INFO  com.solvd.itcompany.Runner - The fields of the class: 

20:31:01.274 [main] INFO  com.solvd.itcompany.Runner - name
20:31:01.274 [main] INFO  com.solvd.itcompany.Runner - Field Modifiers: private
20:31:01.274 [main] INFO  com.solvd.itcompany.Runner - employees
20:31:01.274 [main] INFO  com.solvd.itcompany.Runner - Field Modifiers: private
20:31:01.274 [main] INFO  com.solvd.itcompany.Runner - clients
20:31:01.274 [main] INFO  com.solvd.itcompany.Runner - Field Modifiers: private
20:31:01.274 [main] INFO  com.solvd.itcompany.Runner - projects
20:31:01.275 [main] INFO  com.solvd.itcompany.Runner - Field Modifiers: private
20:31:01.275 [main] INFO  com.solvd.itcompany.Runner - projectStatus
20:31:01.275 [main] INFO  com.solvd.itcompany.Runner - Field Modifiers: private
20:31:01.275 [main] INFO  com.solvd.itcompany.Runner - logger
20:31:01.275 [main] INFO  com.solvd.itcompany.Runner - Field Modifiers: private static final
20:31:01.275 [main] INFO  com.solvd.itcompany.Runner - Method Modifiers: public
20:31:01.275 [main] INFO  com.solvd.itcompany.Runner - Return Type: java.lang.String
20:31:01.275 [main] INFO  com.solvd.itcompany.Runner - Method name: getName
20:31:01.275 [main] INFO  com.solvd.itcompany.Runner - Parameters: 
20:31:01.275 [main] INFO  com.solvd.itcompany.Runner - Method Modifiers: public
