09:41:28.036 [main] INFO  com.solvd.itcompany.employees.MarketingManager - The marketing manager is creating the promotional plan...

09:41:28.037 [main] INFO  com.solvd.itcompany.employees.MarketingManager - organic social media
09:41:28.038 [main] INFO  com.solvd.itcompany.employees.MarketingManager - email promotion
09:41:28.038 [main] INFO  com.solvd.itcompany.employees.MarketingManager - paid social media
09:41:28.038 [main] INFO  com.solvd.itcompany.employees.MarketingManager - 
The the Marketing Manager is done promoting the application.

09:41:28.038 [main] INFO  com.solvd.itcompany.ITCompany - 
Status of Project: COMPLETE
09:41:28.039 [main] INFO  com.solvd.itcompany.generics.ProjectTracker - 
The projects left in the backlog: [New project under development: 
Client: Paul's Coffee Shop
Project Service: APP_DEVELOPMENT
Project Budget: 1500.0
Project Price: 1000.0
Status of Project: NEW, New project under development: 
Client: Kelly's Pet Shop
Project Service: APP_DEVELOPMENT
Project Budget: 2500.0
Project Price: 1000.0
Status of Project: NEW, New project under development: 
Client: Dave's Bakery Shop
Project Service: APP_DEVELOPMENT
Project Budget: 3000.0
Project Price: 1000.0
Status of Project: NEW]
09:41:28.040 [main] INFO  com.solvd.itcompany.generics.ListOfTasks - 
Here are a list of tasks for the project: 
09:41:28.040 [main] INFO  com.solvd.itcompany.generics.ListOfTasks - 
Create the backend
09:41:28.040 [main] INFO  com.solvd.itcompany.generics.ListOfTasks - 
Test the application
09:41:28.040 [main] INFO  com.solvd.itcompany.generics.ListOfTasks - 
Create the frontend
09:41:28.040 [main] INFO  com.solvd.itcompany.generics.ListOfTasks - 
Create the management plan for the project
09:41:28.041 [main] INFO  com.solvd.itcompany.generics.ListOfTasks - 
Create the marketing strategy for the application
09:41:28.041 [main] INFO  com.solvd.itcompany.generics.ListOfTasks - 
Create the design of the application
09:41:28.041 [main] INFO  com.solvd.itcompany.generics.ListOfTasks - 
Create the mobile application
