11:31:53.712 [main] INFO  com.solvd.itcompany.generics.ProjectPriority - 
Project1
11:31:53.712 [main] INFO  com.solvd.itcompany.generics.ProjectPriority - 
Project2
11:31:53.713 [main] INFO  com.solvd.itcompany.generics.ProjectPriority - 
Project3
11:31:53.713 [main] INFO  com.solvd.itcompany.ITCompany - Here is the user feedback we've received so far: 
11:31:53.713 [main] INFO  com.solvd.itcompany.ITCompany - Great app!
11:31:53.713 [main] INFO  com.solvd.itcompany.ITCompany - Horrible user experience.
11:31:53.713 [main] INFO  com.solvd.itcompany.ITCompany - I order coffee on this app all the time!
11:31:53.714 [main] INFO  com.solvd.itcompany.ITCompany - 
The application has been released.
11:31:53.714 [main] INFO  com.solvd.itcompany.ITCompany - 
While the application is completed the engineering team will continuously maintain the application.
12:06:41.956 [main] INFO  com.solvd.itcompany.Runner - 
---------------------Number of Projects:---------------------
12:06:41.961 [main] INFO  com.solvd.itcompany.Runner - 3
12:06:41.961 [main] INFO  com.solvd.itcompany.Runner - 
---------------------Highest Paying Clients:---------------------
12:06:41.961 [main] INFO  com.solvd.itcompany.Runner - 2
12:06:41.962 [main] INFO  com.solvd.itcompany.Runner - 
---------------------Total Project Profits:---------------------
12:06:41.964 [main] INFO  com.solvd.itcompany.Runner - Total Profit: 7000.0
12:06:41.965 [main] INFO  com.solvd.itcompany.Runner - 
---------------------Client Information:---------------------
12:06:41.965 [main] INFO  com.solvd.itcompany.Runner - Client Name: Paul's Coffee Shop
12:06:41.966 [main] INFO  com.solvd.itcompany.Runner - Client Idea: create an app for the coffee shop
12:06:41.966 [main] INFO  com.solvd.itcompany.Runner - Years in Business: 2
12:06:41.966 [main] INFO  com.solvd.itcompany.Runner - Client Budget: 1500.0
12:06:41.966 [main] INFO  com.solvd.itcompany.Runner - Client Project Status: NEW
12:06:41.966 [main] INFO  com.solvd.itcompany.Runner - Client Name: Kelly's Pet Shop
12:06:41.966 [main] INFO  com.solvd.itcompany.Runner - Client Idea: create an app for the pet shop
