20:21:28.215 [main] INFO  com.solvd.itcompany.Runner - 
Tom
20:21:28.216 [main] INFO  com.solvd.itcompany.Runner - 
Backend
20:21:28.216 [main] INFO  com.solvd.itcompany.Runner - 
Bachelors Degree in Computer Science
20:21:28.216 [main] INFO  com.solvd.itcompany.Runner - 
MID_LEVEL
20:21:28.216 [main] INFO  com.solvd.itcompany.Runner - 
Pam
20:21:28.216 [main] INFO  com.solvd.itcompany.Runner - 
Frontend
20:21:28.216 [main] INFO  com.solvd.itcompany.Runner - 
Frontend Bootcamp
20:21:28.216 [main] INFO  com.solvd.itcompany.Runner - 
MID_LEVEL
20:21:28.217 [main] INFO  com.solvd.itcompany.Runner - 
Kevin
20:21:28.217 [main] INFO  com.solvd.itcompany.Runner - 
IOS
20:21:28.217 [main] INFO  com.solvd.itcompany.Runner - 
Mobile Development Bootcamp
20:21:28.217 [main] INFO  com.solvd.itcompany.Runner - 
SENIOR_LEVEL
20:21:28.217 [main] INFO  com.solvd.itcompany.Runner - 
David
20:21:28.217 [main] INFO  com.solvd.itcompany.Runner - 
Quality
20:21:28.217 [main] INFO  com.solvd.itcompany.Runner - 
Bachelors Degree in Information Technology
20:21:28.217 [main] INFO  com.solvd.itcompany.Runner - 
ENTRY_LEVEL
20:21:28.217 [main] INFO  com.solvd.itcompany.Runner - 
Carl
20:21:28.218 [main] INFO  com.solvd.itcompany.Runner - 
Marketing
20:21:28.218 [main] INFO  com.solvd.itcompany.Runner - 
Bachelors Degree in Marketing
20:21:28.218 [main] INFO  com.solvd.itcompany.Runner - 
SENIOR_LEVEL
20:21:28.219 [main] INFO  com.solvd.itcompany.Runner - 
---------------------Tools The Team Uses:---------------------
20:21:28.221 [main] INFO  com.solvd.itcompany.Runner - [Gantt chart, Communications plan]
20:21:28.221 [main] INFO  com.solvd.itcompany.Runner - [Andromo, BuildFire]
20:21:28.221 [main] INFO  com.solvd.itcompany.Runner - [Java, PHP, JavaScript]
20:21:28.221 [main] INFO  com.solvd.itcompany.Runner - [HTML, CSS, React]
20:21:28.221 [main] INFO  com.solvd.itcompany.Runner - [Swift, Objective-C]
20:21:28.221 [main] INFO  com.solvd.itcompany.Runner - [Java, Maven, Cucumber]
20:21:28.221 [main] INFO  com.solvd.itcompany.Runner - [organic social media, email promotion, paid social media]
