20:25:54.785 [main] INFO  com.solvd.itcompany.Runner - Client Name: Kelly's Pet Shop
20:25:54.790 [main] INFO  com.solvd.itcompany.Runner - Client Idea: create an app for the pet shop
20:25:54.790 [main] INFO  com.solvd.itcompany.Runner - Years in Business: 5
20:25:54.791 [main] INFO  com.solvd.itcompany.Runner - Client Budget: 2500.0
20:25:54.791 [main] INFO  com.solvd.itcompany.Runner - Client Project Status: NEW
20:25:54.791 [main] INFO  com.solvd.itcompany.Runner - Client Name: Dave's Bakery Shop
20:25:54.791 [main] INFO  com.solvd.itcompany.Runner - Client Idea: create an app for the bakery shop
20:25:54.791 [main] INFO  com.solvd.itcompany.Runner - Years in Business: 10
20:25:54.791 [main] INFO  com.solvd.itcompany.Runner - Client Budget: 3000.0
20:25:54.792 [main] INFO  com.solvd.itcompany.Runner - Client Project Status: NEW
20:25:54.798 [main] INFO  com.solvd.itcompany.generics.LinkedListProject - 
Backlog of projects: 
New project under development: 
Client: Paul's Coffee Shop
Project Service: APP_DEVELOPMENT
Project Budget: 1500.0
Project Price: 1000.0
Status of Project: NEW
20:25:54.798 [main] INFO  com.solvd.itcompany.IFulfillRequirements - Here are the requirements for the application: 
20:25:54.799 [main] INFO  com.solvd.itcompany.IFulfillRequirements - Users can order coffee
20:25:54.799 [main] INFO  com.solvd.itcompany.IFulfillRequirements - Users can track loyalty points
20:25:54.799 [main] INFO  com.solvd.itcompany.IFulfillRequirements - Users can interact with community
20:25:54.799 [main] INFO  com.solvd.itcompany.IFulfillRequirements - The IT company has completed reviewing the requirements for the application.

20:25:54.802 [main] INFO  com.solvd.itcompany.Runner - 
---------------------Mid-level Engineers:---------------------
20:25:54.803 [main] INFO  com.solvd.itcompany.Runner - [com.solvd.itcompany.employees.BackendEngineer@17497425, com.solvd.itcompany.employees.FrontendEngineer@f0da945]
20:25:54.803 [main] INFO  com.solvd.itcompany.Runner - 
---------------------Developer Employees:---------------------
