21:04:51.591 [main] INFO  com.solvd.itcompany.Runner - Client Idea: create an app for the bakery shop
21:04:51.592 [main] INFO  com.solvd.itcompany.Runner - Years in Business: 10
21:04:51.592 [main] INFO  com.solvd.itcompany.Runner - Client Budget: 3000.0
21:04:51.592 [main] INFO  com.solvd.itcompany.Runner - Client Project Status: NEW
21:04:51.598 [main] INFO  com.solvd.itcompany.generics.LinkedListProject - 
Backlog of projects: 
New project under development: 
Client: Paul's Coffee Shop
Project Service: APP_DEVELOPMENT
Project Budget: 1500.0
Project Price: 1000.0
Status of Project: NEW
21:04:51.599 [main] INFO  com.solvd.itcompany.IFulfillRequirements - Here are the requirements for the application: 
21:04:51.599 [main] INFO  com.solvd.itcompany.IFulfillRequirements - Users can order coffee
21:04:51.599 [main] INFO  com.solvd.itcompany.IFulfillRequirements - Users can track loyalty points
21:04:51.599 [main] INFO  com.solvd.itcompany.IFulfillRequirements - Users can interact with community
21:04:51.599 [main] INFO  com.solvd.itcompany.IFulfillRequirements - The IT company has completed reviewing the requirements for the application.

21:04:51.604 [main] INFO  com.solvd.itcompany.Runner - 
---------------------Mid-level Engineers:---------------------
21:04:51.604 [main] INFO  com.solvd.itcompany.Runner - [com.solvd.itcompany.employees.BackendEngineer@53ce1329, com.solvd.itcompany.employees.FrontendEngineer@316bcf94]
21:04:51.605 [main] INFO  com.solvd.itcompany.Runner - 
---------------------Employees With Bachelor Degrees:---------------------
21:04:51.605 [main] INFO  com.solvd.itcompany.employees.Employee - com.solvd.itcompany.employees.ProjectManager@1de5f259
21:04:51.606 [main] INFO  com.solvd.itcompany.employees.Employee - com.solvd.itcompany.employees.Designer@729d991e
21:04:51.606 [main] INFO  com.solvd.itcompany.employees.Employee - com.solvd.itcompany.employees.BackendEngineer@53ce1329
21:04:51.606 [main] INFO  com.solvd.itcompany.employees.Employee - com.solvd.itcompany.employees.QualityAnalyst@31fa1761
