21:59:30.082 [main] INFO  com.solvd.itcompany.employees.Employee - com.solvd.itcompany.employees.ProjectManager@31fa1761
21:59:30.083 [main] INFO  com.solvd.itcompany.employees.Employee - com.solvd.itcompany.employees.Designer@957e06
21:59:30.083 [main] INFO  com.solvd.itcompany.employees.Employee - com.solvd.itcompany.employees.BackendEngineer@6404f418
21:59:30.083 [main] INFO  com.solvd.itcompany.employees.Employee - com.solvd.itcompany.employees.QualityAnalyst@32502377
21:59:30.084 [main] INFO  com.solvd.itcompany.employees.Employee - com.solvd.itcompany.employees.MarketingManager@2c1b194a
21:59:30.084 [main] INFO  com.solvd.itcompany.Runner - 
---------------------Team Members Names:---------------------
21:59:30.084 [main] INFO  com.solvd.itcompany.employees.Employee - Employee name: Cameron
21:59:30.085 [main] INFO  com.solvd.itcompany.employees.Employee - Employee name: Lily
21:59:30.085 [main] INFO  com.solvd.itcompany.employees.Employee - Employee name: Tom
21:59:30.085 [main] INFO  com.solvd.itcompany.employees.Employee - Employee name: Pam
21:59:30.085 [main] INFO  com.solvd.itcompany.employees.Employee - Employee name: Kevin
21:59:30.085 [main] INFO  com.solvd.itcompany.employees.Employee - Employee name: David
21:59:30.085 [main] INFO  com.solvd.itcompany.employees.Employee - Employee name: Carl
21:59:30.085 [main] INFO  com.solvd.itcompany.generics.EmployeeHashmap - 
List of employees working on the project: 
21:59:30.086 [main] INFO  com.solvd.itcompany.generics.EmployeeHashmap - 
Designer: Lily
21:59:30.086 [main] INFO  com.solvd.itcompany.generics.EmployeeHashmap - 
Frontend Engineer: Pam
21:59:30.086 [main] INFO  com.solvd.itcompany.generics.EmployeeHashmap - 
IOS Developer: Kevin
21:59:30.086 [main] INFO  com.solvd.itcompany.generics.EmployeeHashmap - 
Marketing Manager: Carl
21:59:30.086 [main] INFO  com.solvd.itcompany.generics.EmployeeHashmap - 
Backend Engineer: Tom
21:59:30.086 [main] INFO  com.solvd.itcompany.generics.EmployeeHashmap - 
Quality Analyst: David
21:59:30.086 [main] INFO  com.solvd.itcompany.generics.EmployeeHashmap - 
Project Manager: Cameron
