20:31:01.256 [main] INFO  com.solvd.itcompany.generics.EmployeeHashmap - 
List of employees working on the project: 
20:31:01.257 [main] INFO  com.solvd.itcompany.generics.EmployeeHashmap - 
Designer: Lily
20:31:01.257 [main] INFO  com.solvd.itcompany.generics.EmployeeHashmap - 
Frontend Engineer: Pam
20:31:01.257 [main] INFO  com.solvd.itcompany.generics.EmployeeHashmap - 
IOS Developer: Kevin
20:31:01.258 [main] INFO  com.solvd.itcompany.generics.EmployeeHashmap - 
Marketing Manager: Carl
20:31:01.258 [main] INFO  com.solvd.itcompany.generics.EmployeeHashmap - 
Backend Engineer: Tom
20:31:01.258 [main] INFO  com.solvd.itcompany.generics.EmployeeHashmap - 
Quality Analyst: David
20:31:01.258 [main] INFO  com.solvd.itcompany.generics.EmployeeHashmap - 
Project Manager: Cameron
20:31:01.260 [main] INFO  com.solvd.itcompany.ITCompany - The IT Company has a request to start a project.
20:31:01.260 [main] INFO  com.solvd.itcompany.ITCompany - 
The project managers have been added to the project.
20:31:01.260 [main] INFO  com.solvd.itcompany.ITCompany - 
The designers have been added to the project.
20:31:01.260 [main] INFO  com.solvd.itcompany.ITCompany - 
The backend engineers have been added to the project.
20:31:01.260 [main] INFO  com.solvd.itcompany.ITCompany - 
The frontend engineers have been added to the project.
20:31:01.261 [main] INFO  com.solvd.itcompany.ITCompany - 
The IOS developers have been added to the project.
20:31:01.261 [main] INFO  com.solvd.itcompany.ITCompany - 
The quality analysts have been added to the project.
20:31:01.261 [main] INFO  com.solvd.itcompany.ITCompany - 
The marketers have been added to the project.

20:31:01.261 [main] INFO  com.solvd.itcompany.ITCompany - 
Status of Project: IN_PROGRESS
20:31:01.261 [main] INFO  com.solvd.itcompany.employees.ProjectManager - The project manager is creating the project plan...

20:31:01.261 [main] INFO  com.solvd.itcompany.employees.ProjectManager - Gantt chart
20:31:01.262 [main] INFO  com.solvd.itcompany.employees.ProjectManager - Communications plan
