15:51:45.498 [main] INFO  com.solvd.itcompany.Runner -  java.util.ArrayList
15:51:45.499 [main] INFO  com.solvd.itcompany.Runner -  com.solvd.itcompany.enums.ProjectStatus
15:51:45.499 [main] INFO  com.solvd.itcompany.Runner - Method Modifiers: public
15:51:45.499 [main] INFO  com.solvd.itcompany.Runner - Return Type: void
15:51:45.499 [main] INFO  com.solvd.itcompany.Runner - Method name: projectCreated
15:51:45.499 [main] INFO  com.solvd.itcompany.Runner - Parameters: 
15:51:45.499 [main] INFO  com.solvd.itcompany.Runner -  com.solvd.itcompany.Project
15:51:45.499 [main] INFO  com.solvd.itcompany.Runner -  java.util.ArrayList
15:51:45.499 [main] INFO  com.solvd.itcompany.Runner - Method Modifiers: public
15:51:45.500 [main] INFO  com.solvd.itcompany.Runner - Return Type: void
15:51:45.500 [main] INFO  com.solvd.itcompany.Runner - Method name: releaseApp
15:51:45.500 [main] INFO  com.solvd.itcompany.Runner - Parameters: 
15:51:45.500 [main] INFO  com.solvd.itcompany.Runner - Method Modifiers: public
15:51:45.500 [main] INFO  com.solvd.itcompany.Runner - Return Type: void
15:51:45.500 [main] INFO  com.solvd.itcompany.Runner - Method name: maintenance
15:51:45.500 [main] INFO  com.solvd.itcompany.Runner - Parameters: 
15:51:45.500 [main] INFO  com.solvd.itcompany.Runner - Method Modifiers: public
15:51:45.500 [main] INFO  com.solvd.itcompany.Runner - Return Type: com.solvd.itcompany.enums.ProjectStatus
15:51:45.500 [main] INFO  com.solvd.itcompany.Runner - Method name: getProjectStatus
15:51:45.501 [main] INFO  com.solvd.itcompany.Runner - Parameters: 
15:51:45.501 [main] INFO  com.solvd.itcompany.Runner - Method Modifiers: public
15:51:45.501 [main] INFO  com.solvd.itcompany.Runner - Return Type: java.util.ArrayList
15:51:45.501 [main] INFO  com.solvd.itcompany.Runner - Method name: getClients
15:51:45.501 [main] INFO  com.solvd.itcompany.Runner - Parameters: 
15:51:45.501 [main] INFO  com.solvd.itcompany.Runner - Method Modifiers: public
15:51:45.501 [main] INFO  com.solvd.itcompany.Runner - Return Type: void
15:51:45.501 [main] INFO  com.solvd.itcompany.Runner - Method name: setClients
