15:39:54.160 [main] INFO  com.solvd.itcompany.employees.MarketingManager - 
The the Marketing Manager is done promoting the application.

15:39:54.160 [main] INFO  com.solvd.itcompany.ITCompany - 
Status of Project: COMPLETE
15:39:54.161 [main] INFO  com.solvd.itcompany.generics.ProjectTracker - 
The projects left in the backlog: [New project under development: 
Client: Paul's Coffee Shop
Project Service: APP_DEVELOPMENT
Project Budget: 1500.0
Project Price: 1000.0
Status of Project: NEW, New project under development: 
Client: Kelly's Pet Shop
Project Service: APP_DEVELOPMENT
Project Budget: 2500.0
Project Price: 1000.0
Status of Project: NEW, New project under development: 
Client: Dave's Bakery Shop
Project Service: APP_DEVELOPMENT
Project Budget: 3000.0
Project Price: 1000.0
Status of Project: NEW]
15:39:54.161 [main] INFO  com.solvd.itcompany.generics.ListOfTasks - 
Here are a list of tasks for the project: 
15:39:54.162 [main] INFO  com.solvd.itcompany.generics.ListOfTasks - 
Create the backend
15:39:54.162 [main] INFO  com.solvd.itcompany.generics.ListOfTasks - 
Test the application
15:39:54.162 [main] INFO  com.solvd.itcompany.generics.ListOfTasks - 
Create the frontend
15:39:54.162 [main] INFO  com.solvd.itcompany.generics.ListOfTasks - 
Create the management plan for the project
15:39:54.162 [main] INFO  com.solvd.itcompany.generics.ListOfTasks - 
Create the marketing strategy for the application
15:39:54.162 [main] INFO  com.solvd.itcompany.generics.ListOfTasks - 
Create the design of the application
15:39:54.162 [main] INFO  com.solvd.itcompany.generics.ListOfTasks - 
Create the mobile application
15:39:54.162 [main] INFO  com.solvd.itcompany.Runner - 
---------------------The First Task in Every Project:---------------------
15:39:54.163 [main] INFO  com.solvd.itcompany.Runner - Create the management plan for the project
15:39:54.164 [main] INFO  com.solvd.itcompany.generics.ProjectPriority - 
Project1
15:39:54.165 [main] INFO  com.solvd.itcompany.generics.ProjectPriority - 
Project2
15:39:54.165 [main] INFO  com.solvd.itcompany.generics.ProjectPriority - 
Project3
