06:04:38.679 [main] INFO  com.solvd.itcompany.ITCompany - 
The backend engineers have been added to the project.
06:04:38.684 [main] INFO  com.solvd.itcompany.ITCompany - 
The frontend engineers have been added to the project.
06:04:38.684 [main] INFO  com.solvd.itcompany.ITCompany - 
The IOS developers have been added to the project.
06:04:38.684 [main] INFO  com.solvd.itcompany.ITCompany - 
The quality analysts have been added to the project.
06:04:38.685 [main] INFO  com.solvd.itcompany.ITCompany - 
The marketers have been added to the project.

06:04:38.685 [main] INFO  com.solvd.itcompany.ITCompany - 
Status of Project: IN_PROGRESS
06:04:38.685 [main] INFO  com.solvd.itcompany.employees.ProjectManager - The project manager is creating the project plan...

06:04:38.685 [main] INFO  com.solvd.itcompany.employees.ProjectManager - Gantt chart
06:04:38.685 [main] INFO  com.solvd.itcompany.employees.ProjectManager - Communications plan
06:04:38.685 [main] INFO  com.solvd.itcompany.employees.ProjectManager - 
The the Project Manager is done managing the application.

06:04:38.686 [main] INFO  com.solvd.itcompany.employees.Designer - The designer is creating the design of the application...

06:04:38.686 [main] INFO  com.solvd.itcompany.employees.Designer - Andromo
06:04:38.686 [main] INFO  com.solvd.itcompany.employees.Designer - BuildFire
06:04:38.686 [main] INFO  com.solvd.itcompany.employees.Designer - 
The the designer is done designing the application.

06:04:38.686 [main] INFO  com.solvd.itcompany.employees.QualityAnalyst - The quality analyst is testing the application...

06:04:38.686 [main] INFO  com.solvd.itcompany.employees.QualityAnalyst - Java
06:04:38.686 [main] INFO  com.solvd.itcompany.employees.QualityAnalyst - Maven
06:04:38.686 [main] INFO  com.solvd.itcompany.employees.QualityAnalyst - Cucumber
06:04:38.686 [main] INFO  com.solvd.itcompany.employees.QualityAnalyst - 
The the Quality Analyst is done testing the application.

06:04:38.687 [main] INFO  com.solvd.itcompany.employees.MarketingManager - The marketing manager is creating the promotional plan...

