13:05:12.864 [main] INFO  com.solvd.itcompany.generics.ListOfTasks - 
Here are a list of tasks for the project: 
13:05:12.865 [main] INFO  com.solvd.itcompany.generics.ListOfTasks - 
Create the backend
13:05:12.865 [main] INFO  com.solvd.itcompany.generics.ListOfTasks - 
Test the application
13:05:12.865 [main] INFO  com.solvd.itcompany.generics.ListOfTasks - 
Create the frontend
13:05:12.865 [main] INFO  com.solvd.itcompany.generics.ListOfTasks - 
Create the management plan for the project
13:05:12.865 [main] INFO  com.solvd.itcompany.generics.ListOfTasks - 
Create the marketing strategy for the application
13:05:12.865 [main] INFO  com.solvd.itcompany.generics.ListOfTasks - 
Create the design of the application
13:05:12.865 [main] INFO  com.solvd.itcompany.generics.ListOfTasks - 
Create the mobile application
13:05:12.866 [main] INFO  com.solvd.itcompany.generics.ProjectPriority - 
Project1
13:05:12.867 [main] INFO  com.solvd.itcompany.generics.ProjectPriority - 
Project2
13:05:12.867 [main] INFO  com.solvd.itcompany.generics.ProjectPriority - 
Project3
13:05:12.867 [main] INFO  com.solvd.itcompany.ITCompany - Here is the user feedback we've received so far: 
13:05:12.867 [main] INFO  com.solvd.itcompany.ITCompany - Great app!
13:05:12.868 [main] INFO  com.solvd.itcompany.ITCompany - Horrible user experience.
13:05:12.868 [main] INFO  com.solvd.itcompany.ITCompany - I order coffee on this app all the time!
13:05:12.868 [main] INFO  com.solvd.itcompany.ITCompany - 
The application has been released.
13:05:12.868 [main] INFO  com.solvd.itcompany.ITCompany - 
While the application is completed the engineering team will continuously maintain the application.
20:21:28.201 [main] INFO  com.solvd.itcompany.Runner - 
---------------------Client Information:---------------------
20:21:28.204 [main] INFO  com.solvd.itcompany.Runner - Client Name: Kelly's Pet Shop
20:21:28.204 [main] INFO  com.solvd.itcompany.Runner - Client Idea: create an app for the pet shop
20:21:28.204 [main] INFO  com.solvd.itcompany.Runner - Years in Business: 5
