13:05:12.855 [main] INFO  com.solvd.itcompany.generics.EmployeeHashmap - 
Designer: Lily
13:05:12.856 [main] INFO  com.solvd.itcompany.generics.EmployeeHashmap - 
Frontend Engineer: Pam
13:05:12.856 [main] INFO  com.solvd.itcompany.generics.EmployeeHashmap - 
IOS Developer: Kevin
13:05:12.857 [main] INFO  com.solvd.itcompany.generics.EmployeeHashmap - 
Marketing Manager: Carl
13:05:12.857 [main] INFO  com.solvd.itcompany.generics.EmployeeHashmap - 
Backend Engineer: Tom
13:05:12.857 [main] INFO  com.solvd.itcompany.generics.EmployeeHashmap - 
Quality Analyst: David
13:05:12.857 [main] INFO  com.solvd.itcompany.generics.EmployeeHashmap - 
Project Manager: Cameron
13:05:12.858 [main] INFO  com.solvd.itcompany.ITCompany - The IT Company has a request to start a project.
13:05:12.858 [main] INFO  com.solvd.itcompany.ITCompany - 
The project managers have been added to the project.
13:05:12.858 [main] INFO  com.solvd.itcompany.ITCompany - 
The designers have been added to the project.
13:05:12.858 [main] INFO  com.solvd.itcompany.ITCompany - 
The backend engineers have been added to the project.
13:05:12.858 [main] INFO  com.solvd.itcompany.ITCompany - 
The frontend engineers have been added to the project.
13:05:12.858 [main] INFO  com.solvd.itcompany.ITCompany - 
The IOS developers have been added to the project.
13:05:12.859 [main] INFO  com.solvd.itcompany.ITCompany - 
The quality analysts have been added to the project.
13:05:12.859 [main] INFO  com.solvd.itcompany.ITCompany - 
The marketers have been added to the project.

13:05:12.859 [main] INFO  com.solvd.itcompany.ITCompany - 
Status of Project: IN_PROGRESS
13:05:12.859 [main] INFO  com.solvd.itcompany.employees.ProjectManager - The project manager is creating the project plan...

13:05:12.859 [main] INFO  com.solvd.itcompany.employees.ProjectManager - Gantt chart
13:05:12.859 [main] INFO  com.solvd.itcompany.employees.ProjectManager - Communications plan
13:05:12.859 [main] INFO  com.solvd.itcompany.employees.ProjectManager - 
The the Project Manager is done managing the application.

