15:26:11.788 [main] INFO  com.solvd.itcompany.IFulfillRequirements - Users can track loyalty points
15:26:11.788 [main] INFO  com.solvd.itcompany.IFulfillRequirements - Users can interact with community
15:26:11.789 [main] INFO  com.solvd.itcompany.IFulfillRequirements - The IT company has completed reviewing the requirements for the application.

15:26:11.789 [main] INFO  com.solvd.itcompany.Runner - 
---------------------Your Team's Credentials:---------------------
15:26:11.790 [main] INFO  com.solvd.itcompany.Runner - 
Cameron
15:26:11.790 [main] INFO  com.solvd.itcompany.Runner - 
Manager
15:26:11.790 [main] INFO  com.solvd.itcompany.Runner - 
Bachelors Degree in Business Administration
15:26:11.790 [main] INFO  com.solvd.itcompany.Runner - 
MID_LEVEL
15:26:11.791 [main] INFO  com.solvd.itcompany.Runner - 
Lily
15:26:11.791 [main] INFO  com.solvd.itcompany.Runner - 
Designer
15:26:11.791 [main] INFO  com.solvd.itcompany.Runner - 
Bachelors Degree in Graphic Design
15:26:11.791 [main] INFO  com.solvd.itcompany.Runner - 
ENTRY_LEVEL
15:26:11.791 [main] INFO  com.solvd.itcompany.Runner - 
Tom
15:26:11.791 [main] INFO  com.solvd.itcompany.Runner - 
Backend
15:26:11.791 [main] INFO  com.solvd.itcompany.Runner - 
Bachelors Degree in Computer Science
15:26:11.791 [main] INFO  com.solvd.itcompany.Runner - 
MID_LEVEL
15:26:11.792 [main] INFO  com.solvd.itcompany.Runner - 
Pam
15:26:11.792 [main] INFO  com.solvd.itcompany.Runner - 
Frontend
15:26:11.792 [main] INFO  com.solvd.itcompany.Runner - 
Frontend Bootcamp
15:26:11.792 [main] INFO  com.solvd.itcompany.Runner - 
MID_LEVEL
15:26:11.792 [main] INFO  com.solvd.itcompany.Runner - 
Kevin
15:26:11.792 [main] INFO  com.solvd.itcompany.Runner - 
IOS
15:26:11.792 [main] INFO  com.solvd.itcompany.Runner - 
Mobile Development Bootcamp
15:26:11.792 [main] INFO  com.solvd.itcompany.Runner - 
SENIOR_LEVEL
15:26:11.793 [main] INFO  com.solvd.itcompany.Runner - 
David
15:26:11.793 [main] INFO  com.solvd.itcompany.Runner - 
Quality
15:26:11.793 [main] INFO  com.solvd.itcompany.Runner - 
Bachelors Degree in Information Technology
