21:27:59.744 [main] INFO  com.solvd.itcompany.generics.ListOfTasks - 
Here are a list of tasks for the project: 
21:27:59.745 [main] INFO  com.solvd.itcompany.generics.ListOfTasks - 
Create the backend
21:27:59.745 [main] INFO  com.solvd.itcompany.generics.ListOfTasks - 
Test the application
21:27:59.745 [main] INFO  com.solvd.itcompany.generics.ListOfTasks - 
Create the frontend
21:27:59.745 [main] INFO  com.solvd.itcompany.generics.ListOfTasks - 
Create the management plan for the project
21:27:59.745 [main] INFO  com.solvd.itcompany.generics.ListOfTasks - 
Create the marketing strategy for the application
21:27:59.745 [main] INFO  com.solvd.itcompany.generics.ListOfTasks - 
Create the design of the application
21:27:59.745 [main] INFO  com.solvd.itcompany.generics.ListOfTasks - 
Create the mobile application
21:27:59.746 [main] INFO  com.solvd.itcompany.generics.ProjectPriority - 
Project1
21:27:59.746 [main] INFO  com.solvd.itcompany.generics.ProjectPriority - 
Project2
21:27:59.746 [main] INFO  com.solvd.itcompany.generics.ProjectPriority - 
Project3
21:27:59.747 [main] INFO  com.solvd.itcompany.ITCompany - Here is the user feedback we've received so far: 
21:27:59.747 [main] INFO  com.solvd.itcompany.ITCompany - Great app!
21:27:59.747 [main] INFO  com.solvd.itcompany.ITCompany - Horrible user experience.
21:27:59.747 [main] INFO  com.solvd.itcompany.ITCompany - I order coffee on this app all the time!
21:27:59.747 [main] INFO  com.solvd.itcompany.ITCompany - 
The application has been released.
21:27:59.747 [main] INFO  com.solvd.itcompany.ITCompany - 
While the application is completed the engineering team will continuously maintain the application.
21:36:39.925 [main] INFO  com.solvd.itcompany.Runner - 
---------------------Number of Projects:---------------------
21:36:39.928 [main] INFO  com.solvd.itcompany.Runner - 2
21:36:39.928 [main] INFO  com.solvd.itcompany.Runner - 
---------------------Client Information:---------------------
21:36:39.929 [main] INFO  com.solvd.itcompany.Runner - Client Name: Kelly's Pet Shop
