21:47:01.804 [main] INFO  com.solvd.itcompany.Runner - 
---------------------Your Team's Credentials:---------------------
21:47:01.805 [main] INFO  com.solvd.itcompany.Runner - 
Cameron
21:47:01.805 [main] INFO  com.solvd.itcompany.Runner - 
Manager
21:47:01.806 [main] INFO  com.solvd.itcompany.Runner - 
Bachelors Degree in Business Administration
21:47:01.806 [main] INFO  com.solvd.itcompany.Runner - 
MID_LEVEL
21:47:01.806 [main] INFO  com.solvd.itcompany.Runner - 
Lily
21:47:01.806 [main] INFO  com.solvd.itcompany.Runner - 
Designer
21:47:01.806 [main] INFO  com.solvd.itcompany.Runner - 
Bachelors Degree in Graphic Design
21:47:01.807 [main] INFO  com.solvd.itcompany.Runner - 
ENTRY_LEVEL
21:47:01.807 [main] INFO  com.solvd.itcompany.Runner - 
Tom
21:47:01.807 [main] INFO  com.solvd.itcompany.Runner - 
Backend
21:47:01.807 [main] INFO  com.solvd.itcompany.Runner - 
Bachelors Degree in Computer Science
21:47:01.807 [main] INFO  com.solvd.itcompany.Runner - 
MID_LEVEL
21:47:01.807 [main] INFO  com.solvd.itcompany.Runner - 
Pam
21:47:01.807 [main] INFO  com.solvd.itcompany.Runner - 
Frontend
21:47:01.808 [main] INFO  com.solvd.itcompany.Runner - 
Frontend Bootcamp
21:47:01.808 [main] INFO  com.solvd.itcompany.Runner - 
MID_LEVEL
21:47:01.808 [main] INFO  com.solvd.itcompany.Runner - 
Kevin
21:47:01.808 [main] INFO  com.solvd.itcompany.Runner - 
IOS
21:47:01.808 [main] INFO  com.solvd.itcompany.Runner - 
Mobile Development Bootcamp
21:47:01.808 [main] INFO  com.solvd.itcompany.Runner - 
SENIOR_LEVEL
21:47:01.808 [main] INFO  com.solvd.itcompany.Runner - 
David
21:47:01.809 [main] INFO  com.solvd.itcompany.Runner - 
Quality
21:47:01.809 [main] INFO  com.solvd.itcompany.Runner - 
Bachelors Degree in Information Technology
21:47:01.809 [main] INFO  com.solvd.itcompany.Runner - 
ENTRY_LEVEL
21:47:01.809 [main] INFO  com.solvd.itcompany.Runner - 
Carl
21:47:01.809 [main] INFO  com.solvd.itcompany.Runner - 
Marketing
21:47:01.809 [main] INFO  com.solvd.itcompany.Runner - 
Bachelors Degree in Marketing
21:47:01.809 [main] INFO  com.solvd.itcompany.Runner - 
SENIOR_LEVEL
