22:23:36.670 [main] INFO  com.solvd.itcompany.generics.ProjectPriority - 
Project1
22:23:36.671 [main] INFO  com.solvd.itcompany.generics.ProjectPriority - 
Project2
22:23:36.671 [main] INFO  com.solvd.itcompany.generics.ProjectPriority - 
Project3
22:23:36.671 [main] INFO  com.solvd.itcompany.ITCompany - Here is the user feedback we've received so far: 
22:23:36.671 [main] INFO  com.solvd.itcompany.ITCompany - Great app!
22:23:36.671 [main] INFO  com.solvd.itcompany.ITCompany - Horrible user experience.
22:23:36.672 [main] INFO  com.solvd.itcompany.ITCompany - I order coffee on this app all the time!
22:23:36.672 [main] INFO  com.solvd.itcompany.ITCompany - 
The application has been released.
22:23:36.672 [main] INFO  com.solvd.itcompany.ITCompany - 
While the application is completed the engineering team will continuously maintain the application.
22:48:05.793 [main] INFO  com.solvd.itcompany.generics.LinkedListProject - 
Backlog of projects: 
New project under development: 
Client: Paul's Coffee Shop
Project Service: App Development
Project Budget: 1500.0
Project Price: 1000.0
Status of Project: NEW
22:48:05.797 [main] INFO  com.solvd.itcompany.IFulfillRequirements - Here are the requirements for the application: 
22:48:05.797 [main] INFO  com.solvd.itcompany.IFulfillRequirements - Users can order coffee
22:48:05.798 [main] INFO  com.solvd.itcompany.IFulfillRequirements - Users can track loyalty points
22:48:05.798 [main] INFO  com.solvd.itcompany.IFulfillRequirements - Users can interact with community
22:48:05.798 [main] INFO  com.solvd.itcompany.IFulfillRequirements - The IT company has completed reviewing the requirements for the application.

22:48:05.802 [main] INFO  com.solvd.itcompany.generics.EmployeeHashmap - 
List of employees working on the project: 
22:48:05.802 [main] INFO  com.solvd.itcompany.generics.EmployeeHashmap - 
Designer: Lily
22:48:05.802 [main] INFO  com.solvd.itcompany.generics.EmployeeHashmap - 
Frontend Engineer: Pam
22:48:05.802 [main] INFO  com.solvd.itcompany.generics.EmployeeHashmap - 
IOS Developer: Kevin
