12:06:41.967 [main] INFO  com.solvd.itcompany.Runner - Years in Business: 5
12:06:41.971 [main] INFO  com.solvd.itcompany.Runner - Client Budget: 2500.0
12:06:41.971 [main] INFO  com.solvd.itcompany.Runner - Client Project Status: NEW
12:06:41.972 [main] INFO  com.solvd.itcompany.Runner - Client Name: Dave's Bakery Shop
12:06:41.972 [main] INFO  com.solvd.itcompany.Runner - Client Idea: create an app for the bakery shop
12:06:41.972 [main] INFO  com.solvd.itcompany.Runner - Years in Business: 10
12:06:41.972 [main] INFO  com.solvd.itcompany.Runner - Client Budget: 3000.0
12:06:41.972 [main] INFO  com.solvd.itcompany.Runner - Client Project Status: NEW
12:06:41.973 [main] INFO  com.solvd.itcompany.generics.LinkedListProject - 
Backlog of projects: 
New project under development: 
Client: Paul's Coffee Shop
Project Service: APP_DEVELOPMENT
Project Budget: 1500.0
Project Price: 1000.0
Status of Project: NEW
12:06:41.973 [main] INFO  com.solvd.itcompany.IFulfillRequirements - Here are the requirements for the application: 
12:06:41.973 [main] INFO  com.solvd.itcompany.IFulfillRequirements - Users can order coffee
12:06:41.974 [main] INFO  com.solvd.itcompany.IFulfillRequirements - Users can track loyalty points
12:06:41.974 [main] INFO  com.solvd.itcompany.IFulfillRequirements - Users can interact with community
12:06:41.974 [main] INFO  com.solvd.itcompany.IFulfillRequirements - The IT company has completed reviewing the requirements for the application.

12:06:41.975 [main] INFO  com.solvd.itcompany.Runner - 
---------------------Your Team's Credentials:---------------------
12:06:41.975 [main] INFO  com.solvd.itcompany.Runner - 
Cameron
12:06:41.976 [main] INFO  com.solvd.itcompany.Runner - 
Manager
12:06:41.976 [main] INFO  com.solvd.itcompany.Runner - 
Bachelors Degree in Business Administration
12:06:41.976 [main] INFO  com.solvd.itcompany.Runner - 
MID_LEVEL
12:06:41.976 [main] INFO  com.solvd.itcompany.Runner - 
Lily
12:06:41.976 [main] INFO  com.solvd.itcompany.Runner - 
Designer
12:06:41.976 [main] INFO  com.solvd.itcompany.Runner - 
Bachelors Degree in Graphic Design
