20:55:46.742 [main] INFO  com.solvd.itcompany.Runner - Client Project Status: NEW
20:55:46.745 [main] INFO  com.solvd.itcompany.Runner - Client Name: Dave's Bakery Shop
20:55:46.745 [main] INFO  com.solvd.itcompany.Runner - Client Idea: create an app for the bakery shop
20:55:46.745 [main] INFO  com.solvd.itcompany.Runner - Years in Business: 10
20:55:46.746 [main] INFO  com.solvd.itcompany.Runner - Client Budget: 3000.0
20:55:46.746 [main] INFO  com.solvd.itcompany.Runner - Client Project Status: NEW
20:55:46.751 [main] INFO  com.solvd.itcompany.generics.LinkedListProject - 
Backlog of projects: 
New project under development: 
Client: Paul's Coffee Shop
Project Service: APP_DEVELOPMENT
Project Budget: 1500.0
Project Price: 1000.0
Status of Project: NEW
20:55:46.752 [main] INFO  com.solvd.itcompany.IFulfillRequirements - Here are the requirements for the application: 
20:55:46.752 [main] INFO  com.solvd.itcompany.IFulfillRequirements - Users can order coffee
20:55:46.752 [main] INFO  com.solvd.itcompany.IFulfillRequirements - Users can track loyalty points
20:55:46.752 [main] INFO  com.solvd.itcompany.IFulfillRequirements - Users can interact with community
20:55:46.752 [main] INFO  com.solvd.itcompany.IFulfillRequirements - The IT company has completed reviewing the requirements for the application.

20:55:46.756 [main] INFO  com.solvd.itcompany.Runner - 
---------------------Mid-level Engineers:---------------------
20:55:46.757 [main] INFO  com.solvd.itcompany.Runner - [com.solvd.itcompany.employees.BackendEngineer@f0da945, com.solvd.itcompany.employees.FrontendEngineer@4803b726]
20:55:46.757 [main] INFO  com.solvd.itcompany.Runner - 
---------------------Employees With Bachelor Degrees:---------------------
20:55:46.757 [main] INFO  com.solvd.itcompany.employees.Employee - com.solvd.itcompany.employees.ProjectManager@316bcf94
20:55:46.758 [main] INFO  com.solvd.itcompany.employees.Employee - com.solvd.itcompany.employees.Designer@6404f418
20:55:46.758 [main] INFO  com.solvd.itcompany.employees.Employee - com.solvd.itcompany.employees.BackendEngineer@f0da945
