15:17:32.602 [main] INFO  com.solvd.itcompany.generics.ListOfTasks - 
Here are a list of tasks for the project: 
15:17:32.603 [main] INFO  com.solvd.itcompany.generics.ListOfTasks - 
Create the backend
15:17:32.603 [main] INFO  com.solvd.itcompany.generics.ListOfTasks - 
Test the application
15:17:32.603 [main] INFO  com.solvd.itcompany.generics.ListOfTasks - 
Create the frontend
15:17:32.604 [main] INFO  com.solvd.itcompany.generics.ListOfTasks - 
Create the management plan for the project
15:17:32.604 [main] INFO  com.solvd.itcompany.generics.ListOfTasks - 
Create the marketing strategy for the application
15:17:32.604 [main] INFO  com.solvd.itcompany.generics.ListOfTasks - 
Create the design of the application
15:17:32.604 [main] INFO  com.solvd.itcompany.generics.ListOfTasks - 
Create the mobile application
15:17:32.604 [main] INFO  com.solvd.itcompany.Runner - 
---------------------The First Task in Every Project:---------------------
15:17:32.604 [main] INFO  com.solvd.itcompany.Runner - Create the management plan for the project
15:17:32.605 [main] INFO  com.solvd.itcompany.generics.ProjectPriority - 
Project1
15:17:32.606 [main] INFO  com.solvd.itcompany.generics.ProjectPriority - 
Project2
15:17:32.606 [main] INFO  com.solvd.itcompany.generics.ProjectPriority - 
Project3
15:17:32.606 [main] INFO  com.solvd.itcompany.ITCompany - Here is the user feedback we've received so far: 
15:17:32.606 [main] INFO  com.solvd.itcompany.ITCompany - Great app!
15:17:32.606 [main] INFO  com.solvd.itcompany.ITCompany - Horrible user experience.
15:17:32.606 [main] INFO  com.solvd.itcompany.ITCompany - I order coffee on this app all the time!
15:17:32.607 [main] INFO  com.solvd.itcompany.ITCompany - 
The application has been released.
15:17:32.607 [main] INFO  com.solvd.itcompany.Runner - 
---------------------Bad Reviews:---------------------
15:17:32.607 [main] INFO  com.solvd.itcompany.Runner - []
15:17:32.607 [main] INFO  com.solvd.itcompany.ITCompany - 
While the application is completed the engineering team will continuously maintain the application.
