20:46:56.487 [main] INFO  com.solvd.itcompany.Runner - 
Bachelors Degree in Marketing
20:46:56.488 [main] INFO  com.solvd.itcompany.Runner - 
SENIOR_LEVEL
20:46:56.489 [main] INFO  com.solvd.itcompany.Runner - 
---------------------Mid-level Engineers:---------------------
20:46:56.490 [main] INFO  com.solvd.itcompany.Runner - [com.solvd.itcompany.employees.BackendEngineer@54bff557, com.solvd.itcompany.employees.FrontendEngineer@593aaf41]
20:46:56.490 [main] INFO  com.solvd.itcompany.Runner - 
---------------------Tools The Team Uses:---------------------
20:46:56.491 [main] INFO  com.solvd.itcompany.Runner - [Gantt chart, Communications plan]
20:46:56.491 [main] INFO  com.solvd.itcompany.Runner - [Andromo, BuildFire]
20:46:56.491 [main] INFO  com.solvd.itcompany.Runner - [Java, PHP, JavaScript]
20:46:56.491 [main] INFO  com.solvd.itcompany.Runner - [HTML, CSS, React]
20:46:56.491 [main] INFO  com.solvd.itcompany.Runner - [Swift, Objective-C]
20:46:56.491 [main] INFO  com.solvd.itcompany.Runner - [Java, Maven, Cucumber]
20:46:56.491 [main] INFO  com.solvd.itcompany.Runner - [organic social media, email promotion, paid social media]
20:46:56.492 [main] INFO  com.solvd.itcompany.generics.EmployeeHashmap - 
List of employees working on the project: 
20:46:56.492 [main] INFO  com.solvd.itcompany.generics.EmployeeHashmap - 
Designer: Lily
20:46:56.492 [main] INFO  com.solvd.itcompany.generics.EmployeeHashmap - 
Frontend Engineer: Pam
20:46:56.492 [main] INFO  com.solvd.itcompany.generics.EmployeeHashmap - 
IOS Developer: Kevin
20:46:56.492 [main] INFO  com.solvd.itcompany.generics.EmployeeHashmap - 
Marketing Manager: Carl
20:46:56.492 [main] INFO  com.solvd.itcompany.generics.EmployeeHashmap - 
Backend Engineer: Tom
20:46:56.492 [main] INFO  com.solvd.itcompany.generics.EmployeeHashmap - 
Quality Analyst: David
20:46:56.492 [main] INFO  com.solvd.itcompany.generics.EmployeeHashmap - 
Project Manager: Cameron
20:46:56.493 [main] INFO  com.solvd.itcompany.ITCompany - The IT Company has a request to start a project.
20:46:56.493 [main] INFO  com.solvd.itcompany.ITCompany - 
The project managers have been added to the project.
