21:54:48.957 [main] INFO  com.solvd.itcompany.Runner - Parameters: 
21:54:48.958 [main] INFO  com.solvd.itcompany.Runner -  com.solvd.itcompany.Project
21:54:48.958 [main] INFO  com.solvd.itcompany.Runner -  java.util.ArrayList
21:54:48.958 [main] INFO  com.solvd.itcompany.Runner -  com.solvd.itcompany.enums.ProjectStatus
21:54:48.958 [main] INFO  com.solvd.itcompany.Runner - Method Modifiers: public
21:54:48.958 [main] INFO  com.solvd.itcompany.Runner - Return Type: void
21:54:48.958 [main] INFO  com.solvd.itcompany.Runner - Method name: projectCreated
21:54:48.958 [main] INFO  com.solvd.itcompany.Runner - Parameters: 
21:54:48.958 [main] INFO  com.solvd.itcompany.Runner -  com.solvd.itcompany.Project
21:54:48.958 [main] INFO  com.solvd.itcompany.Runner -  java.util.ArrayList
21:54:48.958 [main] INFO  com.solvd.itcompany.Runner - Method Modifiers: public
21:54:48.958 [main] INFO  com.solvd.itcompany.Runner - Return Type: void
21:54:48.958 [main] INFO  com.solvd.itcompany.Runner - Method name: releaseApp
21:54:48.958 [main] INFO  com.solvd.itcompany.Runner - Parameters: 
21:54:48.959 [main] INFO  com.solvd.itcompany.Runner - Method Modifiers: public
21:54:48.959 [main] INFO  com.solvd.itcompany.Runner - Return Type: void
21:54:48.959 [main] INFO  com.solvd.itcompany.Runner - Method name: maintenance
21:54:48.959 [main] INFO  com.solvd.itcompany.Runner - Parameters: 
21:54:48.959 [main] INFO  com.solvd.itcompany.Runner - Method Modifiers: public
21:54:48.959 [main] INFO  com.solvd.itcompany.Runner - Return Type: com.solvd.itcompany.enums.ProjectStatus
21:54:48.959 [main] INFO  com.solvd.itcompany.Runner - Method name: getProjectStatus
21:54:48.959 [main] INFO  com.solvd.itcompany.Runner - Parameters: 
21:54:48.960 [main] INFO  com.solvd.itcompany.ITCompany - Here is the user feedback we've received so far: 
21:54:48.960 [main] INFO  com.solvd.itcompany.ITCompany - Great app!
21:54:48.961 [main] INFO  com.solvd.itcompany.ITCompany - Horrible user experience.
21:54:48.961 [main] INFO  com.solvd.itcompany.ITCompany - I order coffee on this app all the time!
