23:00:56.132 [main] INFO  com.solvd.itcompany.generics.ListOfTasks - 
Here are a list of tasks for the project: 
23:00:56.134 [main] INFO  com.solvd.itcompany.generics.ListOfTasks - 
Create the backend
23:00:56.134 [main] INFO  com.solvd.itcompany.generics.ListOfTasks - 
Test the application
23:00:56.134 [main] INFO  com.solvd.itcompany.generics.ListOfTasks - 
Create the frontend
23:00:56.134 [main] INFO  com.solvd.itcompany.generics.ListOfTasks - 
Create the management plan for the project
23:00:56.134 [main] INFO  com.solvd.itcompany.generics.ListOfTasks - 
Create the marketing strategy for the application
23:00:56.134 [main] INFO  com.solvd.itcompany.generics.ListOfTasks - 
Create the design of the application
23:00:56.134 [main] INFO  com.solvd.itcompany.generics.ListOfTasks - 
Create the mobile application
23:00:56.135 [main] INFO  com.solvd.itcompany.generics.ProjectPriority - 
Project1
23:00:56.135 [main] INFO  com.solvd.itcompany.generics.ProjectPriority - 
Project2
23:00:56.135 [main] INFO  com.solvd.itcompany.generics.ProjectPriority - 
Project3
23:00:56.135 [main] INFO  com.solvd.itcompany.ITCompany - Here is the user feedback we've received so far: 
23:00:56.136 [main] INFO  com.solvd.itcompany.ITCompany - Great app!
23:00:56.136 [main] INFO  com.solvd.itcompany.ITCompany - Horrible user experience.
23:00:56.136 [main] INFO  com.solvd.itcompany.ITCompany - I order coffee on this app all the time!
23:00:56.136 [main] INFO  com.solvd.itcompany.ITCompany - 
The application has been released.
23:00:56.136 [main] INFO  com.solvd.itcompany.ITCompany - 
While the application is completed the engineering team will continuously maintain the application.
23:11:15.867 [main] INFO  com.solvd.itcompany.Runner - 
---------------------Number of Projects:---------------------
23:11:15.870 [main] INFO  com.solvd.itcompany.Runner - 2
23:11:15.870 [main] INFO  com.solvd.itcompany.Runner - 
---------------------Highest Paying Clients:---------------------
23:11:15.871 [main] INFO  com.solvd.itcompany.Runner - [New project under development: 
Client: Kelly's Pet Shop
Project Service: APP_DEVELOPMENT
Project Budget: 2500.0
Project Price: 1000.0
Status of Project: NEW, New project under development: 
Client: Dave's Bakery Shop
Project Service: APP_DEVELOPMENT
Project Budget: 3000.0
Project Price: 1000.0
Status of Project: NEW]
