22:48:05.818 [main] INFO  com.solvd.itcompany.generics.ListOfTasks - 
Test the application
22:48:05.820 [main] INFO  com.solvd.itcompany.generics.ListOfTasks - 
Create the frontend
22:48:05.820 [main] INFO  com.solvd.itcompany.generics.ListOfTasks - 
Create the management plan for the project
22:48:05.820 [main] INFO  com.solvd.itcompany.generics.ListOfTasks - 
Create the marketing strategy for the application
22:48:05.821 [main] INFO  com.solvd.itcompany.generics.ListOfTasks - 
Create the design of the application
22:48:05.821 [main] INFO  com.solvd.itcompany.generics.ListOfTasks - 
Create the mobile application
22:48:05.822 [main] INFO  com.solvd.itcompany.generics.ProjectPriority - 
Project1
22:48:05.823 [main] INFO  com.solvd.itcompany.generics.ProjectPriority - 
Project2
22:48:05.823 [main] INFO  com.solvd.itcompany.generics.ProjectPriority - 
Project3
22:48:05.823 [main] INFO  com.solvd.itcompany.ITCompany - Here is the user feedback we've received so far: 
22:48:05.824 [main] INFO  com.solvd.itcompany.ITCompany - Great app!
22:48:05.824 [main] INFO  com.solvd.itcompany.ITCompany - Horrible user experience.
22:48:05.824 [main] INFO  com.solvd.itcompany.ITCompany - I order coffee on this app all the time!
22:48:05.824 [main] INFO  com.solvd.itcompany.ITCompany - 
The application has been released.
22:48:05.824 [main] INFO  com.solvd.itcompany.ITCompany - 
While the application is completed the engineering team will continuously maintain the application.
22:57:42.505 [main] INFO  com.solvd.itcompany.generics.LinkedListProject - 
Backlog of projects: 
New project under development: 
Client: Paul's Coffee Shop
Project Service: App Development
Project Budget: 1500.0
Project Price: 1000.0
Status of Project: NEW
22:57:42.508 [main] INFO  com.solvd.itcompany.generics.LinkedListProject - 
Backlog of projects: 
New project under development: 
Client: Kelly's Pet Shop
Project Service: App Development
Project Budget: 2500.0
Project Price: 2000.0
Status of Project: NEW
22:57:42.508 [main] INFO  com.solvd.itcompany.generics.LinkedListProject - 
Backlog of projects: 
New project under development: 
Client: Dave's Bakery Shop
Project Service: App Development
Project Budget: 3000.0
Project Price: 2000.0
Status of Project: NEW
