22:00:49.129 [main] INFO  com.solvd.itcompany.Runner - true
22:00:49.130 [main] INFO  com.solvd.itcompany.Runner - 
---------------------Mid-level Engineers:---------------------
22:00:49.131 [main] INFO  com.solvd.itcompany.Runner - [com.solvd.itcompany.employees.BackendEngineer@6404f418, com.solvd.itcompany.employees.FrontendEngineer@3e11f9e9]
22:00:49.131 [main] INFO  com.solvd.itcompany.Runner - 
---------------------Employees With Bachelor Degrees:---------------------
22:00:49.131 [main] INFO  com.solvd.itcompany.employees.Employee - com.solvd.itcompany.employees.ProjectManager@31fa1761
22:00:49.131 [main] INFO  com.solvd.itcompany.employees.Employee - com.solvd.itcompany.employees.Designer@957e06
22:00:49.131 [main] INFO  com.solvd.itcompany.employees.Employee - com.solvd.itcompany.employees.BackendEngineer@6404f418
22:00:49.132 [main] INFO  com.solvd.itcompany.employees.Employee - com.solvd.itcompany.employees.QualityAnalyst@32502377
22:00:49.132 [main] INFO  com.solvd.itcompany.employees.Employee - com.solvd.itcompany.employees.MarketingManager@2c1b194a
22:00:49.132 [main] INFO  com.solvd.itcompany.Runner - 
---------------------Team Members Names:---------------------
22:00:49.132 [main] INFO  com.solvd.itcompany.employees.Employee - Employee name: Cameron
22:00:49.132 [main] INFO  com.solvd.itcompany.employees.Employee - Employee name: Lily
22:00:49.133 [main] INFO  com.solvd.itcompany.employees.Employee - Employee name: Tom
22:00:49.133 [main] INFO  com.solvd.itcompany.employees.Employee - Employee name: Pam
22:00:49.133 [main] INFO  com.solvd.itcompany.employees.Employee - Employee name: Kevin
22:00:49.133 [main] INFO  com.solvd.itcompany.employees.Employee - Employee name: David
22:00:49.133 [main] INFO  com.solvd.itcompany.employees.Employee - Employee name: Carl
22:00:49.133 [main] INFO  com.solvd.itcompany.generics.EmployeeHashmap - 
List of employees working on the project: 
22:00:49.133 [main] INFO  com.solvd.itcompany.generics.EmployeeHashmap - 
Designer: Lily
22:00:49.133 [main] INFO  com.solvd.itcompany.generics.EmployeeHashmap - 
Frontend Engineer: Pam
