21:14:29.611 [main] INFO  com.solvd.itcompany.Runner - 
Lily
21:14:29.612 [main] INFO  com.solvd.itcompany.Runner - 
Designer
21:14:29.612 [main] INFO  com.solvd.itcompany.Runner - 
Bachelors Degree in Graphic Design
21:14:29.612 [main] INFO  com.solvd.itcompany.Runner - 
ENTRY_LEVEL
21:14:29.612 [main] INFO  com.solvd.itcompany.Runner - 
Tom
21:14:29.612 [main] INFO  com.solvd.itcompany.Runner - 
Backend
21:14:29.612 [main] INFO  com.solvd.itcompany.Runner - 
Bachelors Degree in Computer Science
21:14:29.612 [main] INFO  com.solvd.itcompany.Runner - 
MID_LEVEL
21:14:29.613 [main] INFO  com.solvd.itcompany.Runner - 
Pam
21:14:29.613 [main] INFO  com.solvd.itcompany.Runner - 
Frontend
21:14:29.613 [main] INFO  com.solvd.itcompany.Runner - 
Frontend Bootcamp
21:14:29.613 [main] INFO  com.solvd.itcompany.Runner - 
MID_LEVEL
21:14:29.613 [main] INFO  com.solvd.itcompany.Runner - 
Kevin
21:14:29.613 [main] INFO  com.solvd.itcompany.Runner - 
IOS
21:14:29.614 [main] INFO  com.solvd.itcompany.Runner - 
Mobile Development Bootcamp
21:14:29.614 [main] INFO  com.solvd.itcompany.Runner - 
SENIOR_LEVEL
21:14:29.614 [main] INFO  com.solvd.itcompany.Runner - 
David
21:14:29.614 [main] INFO  com.solvd.itcompany.Runner - 
Quality
21:14:29.614 [main] INFO  com.solvd.itcompany.Runner - 
Bachelors Degree in Information Technology
21:14:29.614 [main] INFO  com.solvd.itcompany.Runner - 
ENTRY_LEVEL
21:14:29.615 [main] INFO  com.solvd.itcompany.Runner - 
Carl
21:14:29.615 [main] INFO  com.solvd.itcompany.Runner - 
Marketing
21:14:29.615 [main] INFO  com.solvd.itcompany.Runner - 
Bachelors Degree in Marketing
21:14:29.615 [main] INFO  com.solvd.itcompany.Runner - 
SENIOR_LEVEL
21:14:29.616 [main] INFO  com.solvd.itcompany.Runner - 
---------------------Mid-level Engineers:---------------------
21:14:29.617 [main] INFO  com.solvd.itcompany.Runner - [com.solvd.itcompany.employees.BackendEngineer@54bff557, com.solvd.itcompany.employees.FrontendEngineer@593aaf41]
21:14:29.617 [main] INFO  com.solvd.itcompany.Runner - 
---------------------Tools The Team Uses:---------------------
