21:21:22.950 [main] INFO  com.solvd.itcompany.employees.ProjectManager - The project manager is creating the project plan...

21:21:22.951 [main] INFO  com.solvd.itcompany.employees.ProjectManager - Gantt chart
21:21:22.951 [main] INFO  com.solvd.itcompany.employees.ProjectManager - Communications plan
21:21:22.951 [main] INFO  com.solvd.itcompany.employees.ProjectManager - 
The the Project Manager is done managing the application.

21:21:22.951 [main] INFO  com.solvd.itcompany.employees.Designer - The designer is creating the design of the application...

21:21:22.951 [main] INFO  com.solvd.itcompany.employees.Designer - Andromo
21:21:22.951 [main] INFO  com.solvd.itcompany.employees.Designer - BuildFire
21:21:22.951 [main] INFO  com.solvd.itcompany.employees.Designer - 
The the designer is done designing the application.

21:21:22.952 [main] INFO  com.solvd.itcompany.employees.QualityAnalyst - The quality analyst is testing the application...

21:21:22.952 [main] INFO  com.solvd.itcompany.employees.QualityAnalyst - Java
21:21:22.952 [main] INFO  com.solvd.itcompany.employees.QualityAnalyst - Maven
21:21:22.952 [main] INFO  com.solvd.itcompany.employees.QualityAnalyst - Cucumber
21:21:22.952 [main] INFO  com.solvd.itcompany.employees.QualityAnalyst - 
The the Quality Analyst is done testing the application.

21:21:22.952 [main] INFO  com.solvd.itcompany.employees.MarketingManager - The marketing manager is creating the promotional plan...

21:21:22.952 [main] INFO  com.solvd.itcompany.employees.MarketingManager - organic social media
21:21:22.952 [main] INFO  com.solvd.itcompany.employees.MarketingManager - email promotion
21:21:22.952 [main] INFO  com.solvd.itcompany.employees.MarketingManager - paid social media
21:21:22.952 [main] INFO  com.solvd.itcompany.employees.MarketingManager - 
The the Marketing Manager is done promoting the application.

21:21:22.953 [main] INFO  com.solvd.itcompany.ITCompany - 
Status of Project: COMPLETE
21:21:22.953 [main] INFO  com.solvd.itcompany.generics.ProjectTracker - 
The projects left in the backlog: [New project under development: 
Client: Paul's Coffee Shop
Project Service: APP_DEVELOPMENT
Project Budget: 1500.0
Project Price: 1000.0
Status of Project: NEW, New project under development: 
Client: Kelly's Pet Shop
Project Service: APP_DEVELOPMENT
Project Budget: 2500.0
Project Price: 1000.0
Status of Project: NEW, New project under development: 
Client: Dave's Bakery Shop
Project Service: APP_DEVELOPMENT
Project Budget: 3000.0
Project Price: 1000.0
Status of Project: NEW]
