22:00:49.152 [main] INFO  com.solvd.itcompany.Runner - Method Modifiers: public
22:00:49.153 [main] INFO  com.solvd.itcompany.Runner - Return Type: com.solvd.itcompany.enums.ProjectStatus
22:00:49.153 [main] INFO  com.solvd.itcompany.Runner - Method name: getProjectStatus
22:00:49.153 [main] INFO  com.solvd.itcompany.Runner - Parameters: 
22:00:49.153 [main] INFO  com.solvd.itcompany.Runner - Method Modifiers: public
22:00:49.153 [main] INFO  com.solvd.itcompany.Runner - Return Type: java.util.ArrayList
22:00:49.153 [main] INFO  com.solvd.itcompany.Runner - Method name: getEmployees
22:00:49.153 [main] INFO  com.solvd.itcompany.Runner - Parameters: 
22:00:49.153 [main] INFO  com.solvd.itcompany.Runner - Method Modifiers: public
22:00:49.153 [main] INFO  com.solvd.itcompany.Runner - Return Type: java.util.ArrayList
22:00:49.154 [main] INFO  com.solvd.itcompany.Runner - Method name: getClients
22:00:49.154 [main] INFO  com.solvd.itcompany.Runner - Parameters: 
22:00:49.154 [main] INFO  com.solvd.itcompany.Runner - Method Modifiers: public
22:00:49.154 [main] INFO  com.solvd.itcompany.Runner - Return Type: void
22:00:49.154 [main] INFO  com.solvd.itcompany.Runner - Method name: setClients
22:00:49.154 [main] INFO  com.solvd.itcompany.Runner - Parameters: 
22:00:49.154 [main] INFO  com.solvd.itcompany.Runner -  java.util.ArrayList
22:00:49.154 [main] INFO  com.solvd.itcompany.Runner - Method Modifiers: public
22:00:49.154 [main] INFO  com.solvd.itcompany.Runner - Return Type: java.util.ArrayList
22:00:49.154 [main] INFO  com.solvd.itcompany.Runner - Method name: getProjects
22:00:49.154 [main] INFO  com.solvd.itcompany.Runner - Parameters: 
22:00:49.155 [main] INFO  com.solvd.itcompany.Runner - Method Modifiers: public
22:00:49.155 [main] INFO  com.solvd.itcompany.Runner - Return Type: void
22:00:49.155 [main] INFO  com.solvd.itcompany.Runner - Method name: setProjects
22:00:49.155 [main] INFO  com.solvd.itcompany.Runner - Parameters: 
22:00:49.155 [main] INFO  com.solvd.itcompany.Runner -  java.util.ArrayList
22:00:49.155 [main] INFO  com.solvd.itcompany.Runner - Result of method call: 
