09:59:18.602 [main] INFO  com.solvd.itcompany.generics.ListOfTasks - 
Here are a list of tasks for the project: 
09:59:18.603 [main] INFO  com.solvd.itcompany.generics.ListOfTasks - 
Create the backend
09:59:18.603 [main] INFO  com.solvd.itcompany.generics.ListOfTasks - 
Test the application
09:59:18.603 [main] INFO  com.solvd.itcompany.generics.ListOfTasks - 
Create the frontend
09:59:18.603 [main] INFO  com.solvd.itcompany.generics.ListOfTasks - 
Create the management plan for the project
09:59:18.603 [main] INFO  com.solvd.itcompany.generics.ListOfTasks - 
Create the marketing strategy for the application
09:59:18.604 [main] INFO  com.solvd.itcompany.generics.ListOfTasks - 
Create the design of the application
09:59:18.604 [main] INFO  com.solvd.itcompany.generics.ListOfTasks - 
Create the mobile application
09:59:18.605 [main] INFO  com.solvd.itcompany.generics.ProjectPriority - 
Project1
09:59:18.605 [main] INFO  com.solvd.itcompany.generics.ProjectPriority - 
Project2
09:59:18.605 [main] INFO  com.solvd.itcompany.generics.ProjectPriority - 
Project3
09:59:18.606 [main] INFO  com.solvd.itcompany.ITCompany - Here is the user feedback we've received so far: 
09:59:18.606 [main] INFO  com.solvd.itcompany.ITCompany - Great app!
09:59:18.606 [main] INFO  com.solvd.itcompany.ITCompany - Horrible user experience.
09:59:18.606 [main] INFO  com.solvd.itcompany.ITCompany - I order coffee on this app all the time!
09:59:18.607 [main] INFO  com.solvd.itcompany.ITCompany - 
The application has been released.
09:59:18.607 [main] INFO  com.solvd.itcompany.ITCompany - 
While the application is completed the engineering team will continuously maintain the application.
09:59:18.608 [main] INFO  com.solvd.itcompany.Runner - Bachelors Degree in Business Administration
09:59:18.609 [main] INFO  com.solvd.itcompany.Runner - MID_LEVEL
09:59:21.029 [main] INFO  com.solvd.itcompany.generics.LinkedListProject - 
Backlog of projects: 
New project under development: 
Client: Paul's Coffee Shop
Project Service: APP_DEVELOPMENT
Project Budget: 1500.0
Project Price: 1000.0
Status of Project: NEW
