23:11:15.871 [main] INFO  com.solvd.itcompany.Runner - 
---------------------Client Information:---------------------
23:11:15.876 [main] INFO  com.solvd.itcompany.Runner - Client Name: Kelly's Pet Shop
23:11:15.876 [main] INFO  com.solvd.itcompany.Runner - Client Idea: create an app for the pet shop
23:11:15.877 [main] INFO  com.solvd.itcompany.Runner - Years in Business: 5
23:11:15.877 [main] INFO  com.solvd.itcompany.Runner - Client Budget: 2500.0
23:11:15.877 [main] INFO  com.solvd.itcompany.Runner - Client Project Status: NEW
23:11:15.877 [main] INFO  com.solvd.itcompany.Runner - Client Name: Dave's Bakery Shop
23:11:15.877 [main] INFO  com.solvd.itcompany.Runner - Client Idea: create an app for the bakery shop
23:11:15.877 [main] INFO  com.solvd.itcompany.Runner - Years in Business: 10
23:11:15.877 [main] INFO  com.solvd.itcompany.Runner - Client Budget: 3000.0
23:11:15.878 [main] INFO  com.solvd.itcompany.Runner - Client Project Status: NEW
23:11:15.879 [main] INFO  com.solvd.itcompany.generics.LinkedListProject - 
Backlog of projects: 
New project under development: 
Client: Paul's Coffee Shop
Project Service: APP_DEVELOPMENT
Project Budget: 1500.0
Project Price: 1000.0
Status of Project: NEW
23:11:15.879 [main] INFO  com.solvd.itcompany.IFulfillRequirements - Here are the requirements for the application: 
23:11:15.879 [main] INFO  com.solvd.itcompany.IFulfillRequirements - Users can order coffee
23:11:15.879 [main] INFO  com.solvd.itcompany.IFulfillRequirements - Users can track loyalty points
23:11:15.880 [main] INFO  com.solvd.itcompany.IFulfillRequirements - Users can interact with community
23:11:15.880 [main] INFO  com.solvd.itcompany.IFulfillRequirements - The IT company has completed reviewing the requirements for the application.

23:11:15.880 [main] INFO  com.solvd.itcompany.Runner - 
---------------------Your Team's Credentials:---------------------
23:11:15.881 [main] INFO  com.solvd.itcompany.Runner - 
Cameron
23:11:15.881 [main] INFO  com.solvd.itcompany.Runner - 
Manager
23:11:15.881 [main] INFO  com.solvd.itcompany.Runner - 
Bachelors Degree in Business Administration
