10:19:49.933 [main] INFO  com.solvd.itcompany.generics.ListOfTasks - 
Create the backend
10:19:49.934 [main] INFO  com.solvd.itcompany.generics.ListOfTasks - 
Test the application
10:19:49.935 [main] INFO  com.solvd.itcompany.generics.ListOfTasks - 
Create the frontend
10:19:49.935 [main] INFO  com.solvd.itcompany.generics.ListOfTasks - 
Create the management plan for the project
10:19:49.935 [main] INFO  com.solvd.itcompany.generics.ListOfTasks - 
Create the marketing strategy for the application
10:19:49.935 [main] INFO  com.solvd.itcompany.generics.ListOfTasks - 
Create the design of the application
10:19:49.935 [main] INFO  com.solvd.itcompany.generics.ListOfTasks - 
Create the mobile application
10:19:49.936 [main] INFO  com.solvd.itcompany.generics.ProjectPriority - 
Project1
10:19:49.936 [main] INFO  com.solvd.itcompany.generics.ProjectPriority - 
Project2
10:19:49.936 [main] INFO  com.solvd.itcompany.generics.ProjectPriority - 
Project3
10:19:49.937 [main] INFO  com.solvd.itcompany.ITCompany - Here is the user feedback we've received so far: 
10:19:49.937 [main] INFO  com.solvd.itcompany.ITCompany - Great app!
10:19:49.937 [main] INFO  com.solvd.itcompany.ITCompany - Horrible user experience.
10:19:49.937 [main] INFO  com.solvd.itcompany.ITCompany - I order coffee on this app all the time!
10:19:49.937 [main] INFO  com.solvd.itcompany.ITCompany - 
The application has been released.
10:19:49.937 [main] INFO  com.solvd.itcompany.ITCompany - 
While the application is completed the engineering team will continuously maintain the application.
11:12:56.582 [main] INFO  com.solvd.itcompany.generics.LinkedListProject - 
Backlog of projects: 
New project under development: 
Client: Paul's Coffee Shop
Project Service: APP_DEVELOPMENT
Project Budget: 1500.0
Project Price: 1000.0
Status of Project: NEW
11:12:56.586 [main] INFO  com.solvd.itcompany.IFulfillRequirements - Here are the requirements for the application: 
11:12:56.586 [main] INFO  com.solvd.itcompany.IFulfillRequirements - Users can order coffee
11:12:56.586 [main] INFO  com.solvd.itcompany.IFulfillRequirements - Users can track loyalty points
