22:29:15.065 [main] INFO  com.solvd.itcompany.generics.ListOfTasks - 
Create the design of the application
22:29:15.066 [main] INFO  com.solvd.itcompany.generics.ListOfTasks - 
Create the mobile application
22:29:15.067 [main] INFO  com.solvd.itcompany.generics.ProjectPriority - 
Project1
22:29:15.067 [main] INFO  com.solvd.itcompany.generics.ProjectPriority - 
Project2
22:29:15.067 [main] INFO  com.solvd.itcompany.generics.ProjectPriority - 
Project3
22:29:15.068 [main] INFO  com.solvd.itcompany.ITCompany - Here is the user feedback we've received so far: 
22:29:15.068 [main] INFO  com.solvd.itcompany.ITCompany - Great app!
22:29:15.068 [main] INFO  com.solvd.itcompany.ITCompany - Horrible user experience.
22:29:15.068 [main] INFO  com.solvd.itcompany.ITCompany - I order coffee on this app all the time!
22:29:15.068 [main] INFO  com.solvd.itcompany.ITCompany - 
The application has been released.
22:29:15.068 [main] INFO  com.solvd.itcompany.ITCompany - 
While the application is completed the engineering team will continuously maintain the application.
22:33:17.601 [main] INFO  com.solvd.itcompany.generics.LinkedListProject - 
Backlog of projects: 
New project under development: 
Client: Paul's Coffee Shop
Project Service: APP_DEVELOPMENT
Project Budget: 1500.0
Project Price: 1000.0
Status of Project: NEW
22:33:17.606 [main] INFO  com.solvd.itcompany.IFulfillRequirements - Here are the requirements for the application: 
22:33:17.606 [main] INFO  com.solvd.itcompany.IFulfillRequirements - Users can order coffee
22:33:17.606 [main] INFO  com.solvd.itcompany.IFulfillRequirements - Users can track loyalty points
22:33:17.607 [main] INFO  com.solvd.itcompany.IFulfillRequirements - Users can interact with community
22:33:17.607 [main] INFO  com.solvd.itcompany.IFulfillRequirements - The IT company has completed reviewing the requirements for the application.

22:33:17.613 [main] INFO  com.solvd.itcompany.generics.EmployeeHashmap - 
List of employees working on the project: 
22:33:17.614 [main] INFO  com.solvd.itcompany.generics.EmployeeHashmap - 
Designer: Lily
