22:47:15.166 [main] INFO  com.solvd.itcompany.Runner - 
Bachelors Degree in Business Administration
22:47:15.168 [main] INFO  com.solvd.itcompany.Runner - 
MID_LEVEL
22:47:15.168 [main] INFO  com.solvd.itcompany.Runner - 
Lily
22:47:15.168 [main] INFO  com.solvd.itcompany.Runner - 
Designer
22:47:15.168 [main] INFO  com.solvd.itcompany.Runner - 
Bachelors Degree in Graphic Design
22:47:15.169 [main] INFO  com.solvd.itcompany.Runner - 
ENTRY_LEVEL
22:47:15.169 [main] INFO  com.solvd.itcompany.Runner - 
Tom
22:47:15.169 [main] INFO  com.solvd.itcompany.Runner - 
Backend
22:47:15.169 [main] INFO  com.solvd.itcompany.Runner - 
Bachelors Degree in Computer Science
22:47:15.169 [main] INFO  com.solvd.itcompany.Runner - 
MID_LEVEL
22:47:15.170 [main] INFO  com.solvd.itcompany.Runner - 
Pam
22:47:15.170 [main] INFO  com.solvd.itcompany.Runner - 
Frontend
22:47:15.170 [main] INFO  com.solvd.itcompany.Runner - 
Frontend Bootcamp
22:47:15.170 [main] INFO  com.solvd.itcompany.Runner - 
MID_LEVEL
22:47:15.170 [main] INFO  com.solvd.itcompany.Runner - 
Kevin
22:47:15.170 [main] INFO  com.solvd.itcompany.Runner - 
IOS
22:47:15.171 [main] INFO  com.solvd.itcompany.Runner - 
Mobile Development Bootcamp
22:47:15.171 [main] INFO  com.solvd.itcompany.Runner - 
SENIOR_LEVEL
22:47:15.171 [main] INFO  com.solvd.itcompany.Runner - 
David
22:47:15.171 [main] INFO  com.solvd.itcompany.Runner - 
Quality
22:47:15.171 [main] INFO  com.solvd.itcompany.Runner - 
Bachelors Degree in Information Technology
22:47:15.171 [main] INFO  com.solvd.itcompany.Runner - 
ENTRY_LEVEL
22:47:15.171 [main] INFO  com.solvd.itcompany.Runner - 
Carl
22:47:15.172 [main] INFO  com.solvd.itcompany.Runner - 
Marketing
22:47:15.172 [main] INFO  com.solvd.itcompany.Runner - 
Bachelors Degree in Marketing
22:47:15.172 [main] INFO  com.solvd.itcompany.Runner - 
SENIOR_LEVEL
22:47:15.173 [main] INFO  com.solvd.itcompany.Runner - 
---------------------Engineering Department:---------------------
22:47:15.173 [main] INFO  com.solvd.itcompany.Runner - [com.solvd.itcompany.employees.EngineeringDepartment@74751b3]
