09:59:21.056 [main] INFO  com.solvd.itcompany.ITCompany - 
The application has been released.
09:59:21.057 [main] INFO  com.solvd.itcompany.ITCompany - 
While the application is completed the engineering team will continuously maintain the application.
09:59:21.058 [main] INFO  com.solvd.itcompany.Runner - Bachelors Degree in Business Administration
09:59:21.058 [main] INFO  com.solvd.itcompany.Runner - MID_LEVEL
10:05:10.782 [main] INFO  com.solvd.itcompany.generics.LinkedListProject - 
Backlog of projects: 
New project under development: 
Client: Paul's Coffee Shop
Project Service: APP_DEVELOPMENT
Project Budget: 1500.0
Project Price: 1000.0
Status of Project: NEW
10:05:10.785 [main] INFO  com.solvd.itcompany.IFulfillRequirements - Here are the requirements for the application: 
10:05:10.786 [main] INFO  com.solvd.itcompany.IFulfillRequirements - Users can order coffee
10:05:10.786 [main] INFO  com.solvd.itcompany.IFulfillRequirements - Users can track loyalty points
10:05:10.786 [main] INFO  com.solvd.itcompany.IFulfillRequirements - Users can interact with community
10:05:10.786 [main] INFO  com.solvd.itcompany.IFulfillRequirements - The IT company has completed reviewing the requirements for the application.

10:05:10.787 [main] INFO  com.solvd.itcompany.Runner - 
Your Team's Credentials: 
10:05:10.788 [main] INFO  com.solvd.itcompany.Runner - Cameron
10:05:10.788 [main] INFO  com.solvd.itcompany.Runner - Manager
10:05:10.788 [main] INFO  com.solvd.itcompany.Runner - Bachelors Degree in Business Administration
10:05:10.788 [main] INFO  com.solvd.itcompany.Runner - MID_LEVEL
10:05:10.791 [main] INFO  com.solvd.itcompany.generics.EmployeeHashmap - 
List of employees working on the project: 
10:05:10.791 [main] INFO  com.solvd.itcompany.generics.EmployeeHashmap - 
Designer: Lily
10:05:10.791 [main] INFO  com.solvd.itcompany.generics.EmployeeHashmap - 
Frontend Engineer: Pam
10:05:10.791 [main] INFO  com.solvd.itcompany.generics.EmployeeHashmap - 
IOS Developer: Kevin
10:05:10.791 [main] INFO  com.solvd.itcompany.generics.EmployeeHashmap - 
Marketing Manager: Carl
