21:20:38.252 [main] INFO  com.solvd.itcompany.Runner - Field Modifiers: private
21:20:38.253 [main] INFO  com.solvd.itcompany.Runner - projectStatus
21:20:38.253 [main] INFO  com.solvd.itcompany.Runner - Field Modifiers: private
21:20:38.253 [main] INFO  com.solvd.itcompany.Runner - logger
21:20:38.253 [main] INFO  com.solvd.itcompany.Runner - Field Modifiers: private static final
21:20:38.253 [main] INFO  com.solvd.itcompany.Runner - Method Modifiers: public
21:20:38.254 [main] INFO  com.solvd.itcompany.Runner - Return Type: java.lang.String
21:20:38.254 [main] INFO  com.solvd.itcompany.Runner - Method name: getName
21:20:38.254 [main] INFO  com.solvd.itcompany.Runner - Parameters: 
21:20:38.254 [main] INFO  com.solvd.itcompany.Runner - Method Modifiers: public
21:20:38.254 [main] INFO  com.solvd.itcompany.Runner - Return Type: void
21:20:38.254 [main] INFO  com.solvd.itcompany.Runner - Method name: setName
21:20:38.254 [main] INFO  com.solvd.itcompany.Runner - Parameters: 
21:20:38.254 [main] INFO  com.solvd.itcompany.Runner -  java.lang.String
21:20:38.254 [main] INFO  com.solvd.itcompany.Runner - Method Modifiers: public
21:20:38.254 [main] INFO  com.solvd.itcompany.Runner - Return Type: java.util.ArrayList
21:20:38.254 [main] INFO  com.solvd.itcompany.Runner - Method name: getClients
21:20:38.254 [main] INFO  com.solvd.itcompany.Runner - Parameters: 
21:20:38.255 [main] INFO  com.solvd.itcompany.Runner - Method Modifiers: public
21:20:38.255 [main] INFO  com.solvd.itcompany.Runner - Return Type: void
21:20:38.255 [main] INFO  com.solvd.itcompany.Runner - Method name: setClients
21:20:38.255 [main] INFO  com.solvd.itcompany.Runner - Parameters: 
21:20:38.255 [main] INFO  com.solvd.itcompany.Runner -  java.util.ArrayList
21:20:38.255 [main] INFO  com.solvd.itcompany.Runner - Method Modifiers: public
21:20:38.255 [main] INFO  com.solvd.itcompany.Runner - Return Type: void
21:20:38.255 [main] INFO  com.solvd.itcompany.Runner - Method name: setProjects
21:20:38.255 [main] INFO  com.solvd.itcompany.Runner - Parameters: 
