21:38:38.040 [main] INFO  com.solvd.itcompany.Runner - 
---------------------Client Information:---------------------
21:38:38.046 [main] INFO  com.solvd.itcompany.Runner - Client Name: Paul's Coffee Shop
21:38:38.046 [main] INFO  com.solvd.itcompany.Runner - Client Idea: create an app for the coffee shop
21:38:38.046 [main] INFO  com.solvd.itcompany.Runner - Years in Business: 2
21:38:38.046 [main] INFO  com.solvd.itcompany.Runner - Client Budget: 1500.0
21:38:38.046 [main] INFO  com.solvd.itcompany.Runner - Client Project Status: NEW
21:38:38.047 [main] INFO  com.solvd.itcompany.Runner - Client Name: Kelly's Pet Shop
21:38:38.047 [main] INFO  com.solvd.itcompany.Runner - Client Idea: create an app for the pet shop
21:38:38.047 [main] INFO  com.solvd.itcompany.Runner - Years in Business: 5
21:38:38.047 [main] INFO  com.solvd.itcompany.Runner - Client Budget: 2500.0
21:38:38.047 [main] INFO  com.solvd.itcompany.Runner - Client Project Status: NEW
21:38:38.047 [main] INFO  com.solvd.itcompany.Runner - Client Name: Dave's Bakery Shop
21:38:38.047 [main] INFO  com.solvd.itcompany.Runner - Client Idea: create an app for the bakery shop
21:38:38.047 [main] INFO  com.solvd.itcompany.Runner - Years in Business: 10
21:38:38.048 [main] INFO  com.solvd.itcompany.Runner - Client Budget: 3000.0
21:38:38.048 [main] INFO  com.solvd.itcompany.Runner - Client Project Status: NEW
21:38:38.049 [main] INFO  com.solvd.itcompany.generics.LinkedListProject - 
Backlog of projects: 
New project under development: 
Client: Paul's Coffee Shop
Project Service: APP_DEVELOPMENT
Project Budget: 1500.0
Project Price: 1000.0
Status of Project: NEW
21:38:38.049 [main] INFO  com.solvd.itcompany.IFulfillRequirements - Here are the requirements for the application: 
21:38:38.049 [main] INFO  com.solvd.itcompany.IFulfillRequirements - Users can order coffee
21:38:38.050 [main] INFO  com.solvd.itcompany.IFulfillRequirements - Users can track loyalty points
21:38:38.050 [main] INFO  com.solvd.itcompany.IFulfillRequirements - Users can interact with community
