22:15:10.748 [main] INFO  com.solvd.itcompany.generics.LinkedListProject - 
Backlog of projects: 
New project under development: 
Client: Paul's Coffee Shop
Project Service: App Development
Project Budget: 1500.0
Project Price: 1000.0
Status of Project: In Backlog
22:15:10.767 [main] INFO  com.solvd.itcompany.IFulfillRequirements - Here are the requirements for the application: 
22:15:10.767 [main] INFO  com.solvd.itcompany.IFulfillRequirements - Users can order coffee
22:15:10.768 [main] INFO  com.solvd.itcompany.IFulfillRequirements - Users can track loyalty points
22:15:10.768 [main] INFO  com.solvd.itcompany.IFulfillRequirements - Users can interact with community
22:15:10.768 [main] INFO  com.solvd.itcompany.IFulfillRequirements - The IT company has completed reviewing the requirements for the application.

22:15:10.774 [main] INFO  com.solvd.itcompany.generics.EmployeeHashmap - 
List of employees working on the project: 
22:15:10.775 [main] INFO  com.solvd.itcompany.generics.EmployeeHashmap - 
Designer: Lily
22:15:10.775 [main] INFO  com.solvd.itcompany.generics.EmployeeHashmap - 
Frontend Engineer: Pam
22:15:10.775 [main] INFO  com.solvd.itcompany.generics.EmployeeHashmap - 
IOS Developer: Kevin
22:15:10.775 [main] INFO  com.solvd.itcompany.generics.EmployeeHashmap - 
Marketing Manager: Carl
22:15:10.775 [main] INFO  com.solvd.itcompany.generics.EmployeeHashmap - 
Backend Engineer: Tom
22:15:10.775 [main] INFO  com.solvd.itcompany.generics.EmployeeHashmap - 
Quality Analyst: David
22:15:10.776 [main] INFO  com.solvd.itcompany.generics.EmployeeHashmap - 
Project Manager: Cameron
22:15:10.777 [main] INFO  com.solvd.itcompany.ITCompany - The IT Company has a request to start a project.
22:15:10.778 [main] INFO  com.solvd.itcompany.ITCompany - 
The project managers have been added to the project.
22:15:10.778 [main] INFO  com.solvd.itcompany.ITCompany - 
The designers have been added to the project.
22:15:10.778 [main] INFO  com.solvd.itcompany.ITCompany - 
The backend engineers have been added to the project.
