15:51:45.501 [main] INFO  com.solvd.itcompany.Runner - Parameters: 
15:51:45.502 [main] INFO  com.solvd.itcompany.Runner -  java.util.ArrayList
15:51:45.502 [main] INFO  com.solvd.itcompany.Runner - Method Modifiers: public
15:51:45.503 [main] INFO  com.solvd.itcompany.Runner - Return Type: java.util.ArrayList
15:51:45.503 [main] INFO  com.solvd.itcompany.Runner - Method name: getProjects
15:51:45.503 [main] INFO  com.solvd.itcompany.Runner - Parameters: 
15:51:45.503 [main] INFO  com.solvd.itcompany.Runner - Method Modifiers: public
15:51:45.503 [main] INFO  com.solvd.itcompany.Runner - Return Type: void
15:51:45.503 [main] INFO  com.solvd.itcompany.Runner - Method name: setProjects
15:51:45.503 [main] INFO  com.solvd.itcompany.Runner - Parameters: 
15:51:45.503 [main] INFO  com.solvd.itcompany.Runner -  java.util.ArrayList
15:51:45.503 [main] INFO  com.solvd.itcompany.Runner - Method Modifiers: public
15:51:45.503 [main] INFO  com.solvd.itcompany.Runner - Return Type: java.util.ArrayList
15:51:45.504 [main] INFO  com.solvd.itcompany.Runner - Method name: getEmployees
15:51:45.504 [main] INFO  com.solvd.itcompany.Runner - Parameters: 
15:51:45.504 [main] INFO  com.solvd.itcompany.Runner - Result of method call: 
15:51:45.505 [main] INFO  com.solvd.itcompany.ITCompany - Here is the user feedback we've received so far: 
15:51:45.505 [main] INFO  com.solvd.itcompany.ITCompany - Great app!
15:51:45.505 [main] INFO  com.solvd.itcompany.ITCompany - Horrible user experience.
15:51:45.505 [main] INFO  com.solvd.itcompany.ITCompany - I order coffee on this app all the time!
15:51:45.505 [main] INFO  com.solvd.itcompany.ITCompany - 
The application has been released.
17:51:11.210 [main] INFO  com.solvd.itcompany.Runner - 
---------------------Number of Projects:---------------------
17:51:11.216 [main] INFO  com.solvd.itcompany.Runner - 3
17:51:11.216 [main] INFO  com.solvd.itcompany.Runner - 
---------------------Highest Paying Clients:---------------------
17:51:11.217 [main] INFO  com.solvd.itcompany.Runner - 2
17:51:11.217 [main] INFO  com.solvd.itcompany.Runner - 
---------------------Total Project Profits:---------------------
