21:21:04.981 [main] INFO  com.solvd.itcompany.employees.Employee - com.solvd.itcompany.employees.QualityAnalyst@957e06
21:21:04.983 [main] INFO  com.solvd.itcompany.employees.Employee - com.solvd.itcompany.employees.MarketingManager@32502377
21:21:04.983 [main] INFO  com.solvd.itcompany.Runner - 
---------------------Team Members Names:---------------------
21:21:04.984 [main] INFO  com.solvd.itcompany.employees.Employee - Employee name: Cameron
21:21:04.984 [main] INFO  com.solvd.itcompany.employees.Employee - Employee name: Lily
21:21:04.985 [main] INFO  com.solvd.itcompany.employees.Employee - Employee name: Tom
21:21:04.985 [main] INFO  com.solvd.itcompany.employees.Employee - Employee name: Pam
21:21:04.985 [main] INFO  com.solvd.itcompany.employees.Employee - Employee name: Kevin
21:21:04.985 [main] INFO  com.solvd.itcompany.employees.Employee - Employee name: David
21:21:04.985 [main] INFO  com.solvd.itcompany.employees.Employee - Employee name: Carl
21:21:04.986 [main] INFO  com.solvd.itcompany.generics.EmployeeHashmap - 
List of employees working on the project: 
21:21:04.986 [main] INFO  com.solvd.itcompany.generics.EmployeeHashmap - 
Designer: Lily
21:21:04.986 [main] INFO  com.solvd.itcompany.generics.EmployeeHashmap - 
Frontend Engineer: Pam
21:21:04.987 [main] INFO  com.solvd.itcompany.generics.EmployeeHashmap - 
IOS Developer: Kevin
21:21:04.987 [main] INFO  com.solvd.itcompany.generics.EmployeeHashmap - 
Marketing Manager: Carl
21:21:04.987 [main] INFO  com.solvd.itcompany.generics.EmployeeHashmap - 
Backend Engineer: Tom
21:21:04.987 [main] INFO  com.solvd.itcompany.generics.EmployeeHashmap - 
Quality Analyst: David
21:21:04.987 [main] INFO  com.solvd.itcompany.generics.EmployeeHashmap - 
Project Manager: Cameron
21:21:04.988 [main] INFO  com.solvd.itcompany.ITCompany - The IT Company has a request to start a project.
21:21:04.989 [main] INFO  com.solvd.itcompany.ITCompany - 
The project managers have been added to the project.
21:21:04.989 [main] INFO  com.solvd.itcompany.ITCompany - 
The designers have been added to the project.
