19:37:01.162 [main] INFO  com.solvd.itcompany.Runner - 


---------------------Next Projects To Do:---------------------
19:37:01.163 [main] INFO  com.solvd.itcompany.Runner - [New project under development: 
Client: Kelly's Pet Shop
Project Service: APP_DEVELOPMENT
Project Budget: 2500.0
Project Price: 1000.0
Status of Project: NEW, New project under development: 
Client: Dave's Bakery Shop
Project Service: APP_DEVELOPMENT
Project Budget: 3000.0
Project Price: 1000.0
Status of Project: NEW]
19:37:01.163 [main] INFO  com.solvd.itcompany.Runner - 


---------------------Reflection:---------------------
19:37:01.163 [main] INFO  com.solvd.itcompany.Runner - The name of the constructor: com.solvd.itcompany.ITCompany
19:37:01.163 [main] INFO  com.solvd.itcompany.Runner - The fields of the class: 

19:37:01.163 [main] INFO  com.solvd.itcompany.Runner - name
19:37:01.164 [main] INFO  com.solvd.itcompany.Runner - Field Modifiers: private
19:37:01.164 [main] INFO  com.solvd.itcompany.Runner - employees
19:37:01.164 [main] INFO  com.solvd.itcompany.Runner - Field Modifiers: private
19:37:01.164 [main] INFO  com.solvd.itcompany.Runner - clients
19:37:01.164 [main] INFO  com.solvd.itcompany.Runner - Field Modifiers: private
19:37:01.164 [main] INFO  com.solvd.itcompany.Runner - projects
19:37:01.164 [main] INFO  com.solvd.itcompany.Runner - Field Modifiers: private
19:37:01.164 [main] INFO  com.solvd.itcompany.Runner - projectStatus
19:37:01.164 [main] INFO  com.solvd.itcompany.Runner - Field Modifiers: private
19:37:01.164 [main] INFO  com.solvd.itcompany.Runner - logger
19:37:01.165 [main] INFO  com.solvd.itcompany.Runner - Field Modifiers: private static final
19:37:01.165 [main] INFO  com.solvd.itcompany.Runner - Method Modifiers: public
19:37:01.165 [main] INFO  com.solvd.itcompany.Runner - Return Type: java.lang.String
19:37:01.165 [main] INFO  com.solvd.itcompany.Runner - Method name: getName
19:37:01.165 [main] INFO  com.solvd.itcompany.Runner - Parameters: 
19:37:01.165 [main] INFO  com.solvd.itcompany.Runner - Method Modifiers: public
