10:19:49.913 [main] INFO  com.solvd.itcompany.Runner - 
Manager
10:19:49.918 [main] INFO  com.solvd.itcompany.Runner - 
Bachelors Degree in Business Administration
10:19:49.918 [main] INFO  com.solvd.itcompany.Runner - 
MID_LEVEL
10:19:49.919 [main] INFO  com.solvd.itcompany.Runner - 
Lily
10:19:49.919 [main] INFO  com.solvd.itcompany.Runner - 
Designer
10:19:49.919 [main] INFO  com.solvd.itcompany.Runner - 
Bachelors Degree in Graphic Design
10:19:49.919 [main] INFO  com.solvd.itcompany.Runner - 
ENTRY_LEVEL
10:19:49.919 [main] INFO  com.solvd.itcompany.Runner - 
Tom
10:19:49.920 [main] INFO  com.solvd.itcompany.Runner - 
Backend
10:19:49.920 [main] INFO  com.solvd.itcompany.Runner - 
Bachelors Degree in Computer Science
10:19:49.920 [main] INFO  com.solvd.itcompany.Runner - 
MID_LEVEL
10:19:49.920 [main] INFO  com.solvd.itcompany.Runner - 
Pam
10:19:49.921 [main] INFO  com.solvd.itcompany.Runner - 
Frontend
10:19:49.921 [main] INFO  com.solvd.itcompany.Runner - 
Frontend Bootcamp
10:19:49.921 [main] INFO  com.solvd.itcompany.Runner - 
MID_LEVEL
10:19:49.921 [main] INFO  com.solvd.itcompany.Runner - 
Kevin
10:19:49.921 [main] INFO  com.solvd.itcompany.Runner - 
IOS
10:19:49.921 [main] INFO  com.solvd.itcompany.Runner - 
Mobile Development Bootcamp
10:19:49.921 [main] INFO  com.solvd.itcompany.Runner - 
SENIOR_LEVEL
10:19:49.922 [main] INFO  com.solvd.itcompany.Runner - 
David
10:19:49.922 [main] INFO  com.solvd.itcompany.Runner - 
Quality
10:19:49.922 [main] INFO  com.solvd.itcompany.Runner - 
Bachelors Degree in Information Technology
10:19:49.922 [main] INFO  com.solvd.itcompany.Runner - 
ENTRY_LEVEL
10:19:49.922 [main] INFO  com.solvd.itcompany.Runner - 
Carl
10:19:49.922 [main] INFO  com.solvd.itcompany.Runner - 
Marketing
10:19:49.923 [main] INFO  com.solvd.itcompany.Runner - 
Bachelors Degree in Marketing
10:19:49.923 [main] INFO  com.solvd.itcompany.Runner - 
SENIOR_LEVEL
10:19:49.924 [main] INFO  com.solvd.itcompany.generics.EmployeeHashmap - 
List of employees working on the project: 
10:19:49.925 [main] INFO  com.solvd.itcompany.generics.EmployeeHashmap - 
Designer: Lily
