15:16:06.637 [main] INFO  com.solvd.itcompany.Runner - 
---------------------Your Team's Credentials:---------------------
15:16:06.639 [main] INFO  com.solvd.itcompany.Runner - 
Cameron
15:16:06.639 [main] INFO  com.solvd.itcompany.Runner - 
Manager
15:16:06.639 [main] INFO  com.solvd.itcompany.Runner - 
Bachelors Degree in Business Administration
15:16:06.639 [main] INFO  com.solvd.itcompany.Runner - 
MID_LEVEL
15:16:06.639 [main] INFO  com.solvd.itcompany.Runner - 
Lily
15:16:06.639 [main] INFO  com.solvd.itcompany.Runner - 
Designer
15:16:06.639 [main] INFO  com.solvd.itcompany.Runner - 
Bachelors Degree in Graphic Design
15:16:06.640 [main] INFO  com.solvd.itcompany.Runner - 
ENTRY_LEVEL
15:16:06.640 [main] INFO  com.solvd.itcompany.Runner - 
Tom
15:16:06.640 [main] INFO  com.solvd.itcompany.Runner - 
Backend
15:16:06.640 [main] INFO  com.solvd.itcompany.Runner - 
Bachelors Degree in Computer Science
15:16:06.640 [main] INFO  com.solvd.itcompany.Runner - 
MID_LEVEL
15:16:06.640 [main] INFO  com.solvd.itcompany.Runner - 
Pam
15:16:06.641 [main] INFO  com.solvd.itcompany.Runner - 
Frontend
15:16:06.641 [main] INFO  com.solvd.itcompany.Runner - 
Frontend Bootcamp
15:16:06.641 [main] INFO  com.solvd.itcompany.Runner - 
MID_LEVEL
15:16:06.641 [main] INFO  com.solvd.itcompany.Runner - 
Kevin
15:16:06.641 [main] INFO  com.solvd.itcompany.Runner - 
IOS
15:16:06.641 [main] INFO  com.solvd.itcompany.Runner - 
Mobile Development Bootcamp
15:16:06.641 [main] INFO  com.solvd.itcompany.Runner - 
SENIOR_LEVEL
15:16:06.641 [main] INFO  com.solvd.itcompany.Runner - 
David
15:16:06.642 [main] INFO  com.solvd.itcompany.Runner - 
Quality
15:16:06.642 [main] INFO  com.solvd.itcompany.Runner - 
Bachelors Degree in Information Technology
15:16:06.642 [main] INFO  com.solvd.itcompany.Runner - 
ENTRY_LEVEL
15:16:06.642 [main] INFO  com.solvd.itcompany.Runner - 
Carl
15:16:06.642 [main] INFO  com.solvd.itcompany.Runner - 
Marketing
15:16:06.642 [main] INFO  com.solvd.itcompany.Runner - 
Bachelors Degree in Marketing
15:16:06.643 [main] INFO  com.solvd.itcompany.Runner - 
SENIOR_LEVEL
