20:31:01.242 [main] INFO  com.solvd.itcompany.IFulfillRequirements - Users can track loyalty points
20:31:01.243 [main] INFO  com.solvd.itcompany.IFulfillRequirements - Users can interact with community
20:31:01.243 [main] INFO  com.solvd.itcompany.IFulfillRequirements - The IT company has completed reviewing the requirements for the application.

20:31:01.252 [main] INFO  com.solvd.itcompany.Runner - 
---------------------Mid-level Engineers:---------------------
20:31:01.253 [main] INFO  com.solvd.itcompany.Runner - [com.solvd.itcompany.employees.BackendEngineer@17497425, com.solvd.itcompany.employees.FrontendEngineer@f0da945]
20:31:01.253 [main] INFO  com.solvd.itcompany.Runner - 
---------------------Developer Employees:---------------------
20:31:01.253 [main] INFO  com.solvd.itcompany.employees.Employee - com.solvd.itcompany.employees.ProjectManager@53ce1329
20:31:01.254 [main] INFO  com.solvd.itcompany.employees.Employee - com.solvd.itcompany.employees.Designer@316bcf94
20:31:01.254 [main] INFO  com.solvd.itcompany.employees.Employee - com.solvd.itcompany.employees.BackendEngineer@17497425
20:31:01.254 [main] INFO  com.solvd.itcompany.employees.Employee - com.solvd.itcompany.employees.QualityAnalyst@6404f418
20:31:01.254 [main] INFO  com.solvd.itcompany.employees.Employee - com.solvd.itcompany.employees.MarketingManager@3e11f9e9
20:31:01.254 [main] INFO  com.solvd.itcompany.Runner - 
---------------------Team Members Names:---------------------
20:31:01.255 [main] INFO  com.solvd.itcompany.employees.Employee - Employee name: Cameron
20:31:01.255 [main] INFO  com.solvd.itcompany.employees.Employee - Employee name: Lily
20:31:01.255 [main] INFO  com.solvd.itcompany.employees.Employee - Employee name: Tom
20:31:01.255 [main] INFO  com.solvd.itcompany.employees.Employee - Employee name: Pam
20:31:01.255 [main] INFO  com.solvd.itcompany.employees.Employee - Employee name: Kevin
20:31:01.256 [main] INFO  com.solvd.itcompany.employees.Employee - Employee name: David
20:31:01.256 [main] INFO  com.solvd.itcompany.employees.Employee - Employee name: Carl
