23:00:56.115 [main] INFO  com.solvd.itcompany.Runner - 
Bachelors Degree in Computer Science
23:00:56.117 [main] INFO  com.solvd.itcompany.Runner - 
MID_LEVEL
23:00:56.117 [main] INFO  com.solvd.itcompany.Runner - 
Pam
23:00:56.117 [main] INFO  com.solvd.itcompany.Runner - 
Frontend
23:00:56.117 [main] INFO  com.solvd.itcompany.Runner - 
Frontend Bootcamp
23:00:56.117 [main] INFO  com.solvd.itcompany.Runner - 
MID_LEVEL
23:00:56.118 [main] INFO  com.solvd.itcompany.Runner - 
Kevin
23:00:56.118 [main] INFO  com.solvd.itcompany.Runner - 
IOS
23:00:56.118 [main] INFO  com.solvd.itcompany.Runner - 
Mobile Development Bootcamp
23:00:56.118 [main] INFO  com.solvd.itcompany.Runner - 
SENIOR_LEVEL
23:00:56.118 [main] INFO  com.solvd.itcompany.Runner - 
David
23:00:56.119 [main] INFO  com.solvd.itcompany.Runner - 
Quality
23:00:56.119 [main] INFO  com.solvd.itcompany.Runner - 
Bachelors Degree in Information Technology
23:00:56.119 [main] INFO  com.solvd.itcompany.Runner - 
ENTRY_LEVEL
23:00:56.119 [main] INFO  com.solvd.itcompany.Runner - 
Carl
23:00:56.119 [main] INFO  com.solvd.itcompany.Runner - 
Marketing
23:00:56.119 [main] INFO  com.solvd.itcompany.Runner - 
Bachelors Degree in Marketing
23:00:56.119 [main] INFO  com.solvd.itcompany.Runner - 
SENIOR_LEVEL
23:00:56.121 [main] INFO  com.solvd.itcompany.Runner - 
---------------------Mid-level Engineers:---------------------
23:00:56.121 [main] INFO  com.solvd.itcompany.Runner - [com.solvd.itcompany.employees.BackendEngineer@74751b3, com.solvd.itcompany.employees.FrontendEngineer@741a8937]
23:00:56.122 [main] INFO  com.solvd.itcompany.Runner - 
---------------------Tools The Team Uses:---------------------
23:00:56.122 [main] INFO  com.solvd.itcompany.Runner - [Gantt chart, Communications plan]
23:00:56.123 [main] INFO  com.solvd.itcompany.Runner - [Andromo, BuildFire]
23:00:56.123 [main] INFO  com.solvd.itcompany.Runner - [Java, PHP, JavaScript]
23:00:56.123 [main] INFO  com.solvd.itcompany.Runner - [HTML, CSS, React]
23:00:56.123 [main] INFO  com.solvd.itcompany.Runner - [Swift, Objective-C]
