21:09:27.075 [main] INFO  com.solvd.itcompany.IFulfillRequirements - Here are the requirements for the application: 
21:09:27.076 [main] INFO  com.solvd.itcompany.IFulfillRequirements - Users can order coffee
21:09:27.076 [main] INFO  com.solvd.itcompany.IFulfillRequirements - Users can track loyalty points
21:09:27.076 [main] INFO  com.solvd.itcompany.IFulfillRequirements - Users can interact with community
21:09:27.076 [main] INFO  com.solvd.itcompany.IFulfillRequirements - The IT company has completed reviewing the requirements for the application.

21:09:27.077 [main] INFO  com.solvd.itcompany.Runner - 
---------------------Your Team's Credentials:---------------------
21:09:27.077 [main] INFO  com.solvd.itcompany.Runner - 
Cameron
21:09:27.078 [main] INFO  com.solvd.itcompany.Runner - 
Manager
21:09:27.078 [main] INFO  com.solvd.itcompany.Runner - 
Bachelors Degree in Business Administration
21:09:27.078 [main] INFO  com.solvd.itcompany.Runner - 
MID_LEVEL
21:09:27.078 [main] INFO  com.solvd.itcompany.Runner - 
Lily
21:09:27.078 [main] INFO  com.solvd.itcompany.Runner - 
Designer
21:09:27.078 [main] INFO  com.solvd.itcompany.Runner - 
Bachelors Degree in Graphic Design
21:09:27.079 [main] INFO  com.solvd.itcompany.Runner - 
ENTRY_LEVEL
21:09:27.079 [main] INFO  com.solvd.itcompany.Runner - 
Tom
21:09:27.079 [main] INFO  com.solvd.itcompany.Runner - 
Backend
21:09:27.079 [main] INFO  com.solvd.itcompany.Runner - 
Bachelors Degree in Computer Science
21:09:27.079 [main] INFO  com.solvd.itcompany.Runner - 
MID_LEVEL
21:09:27.080 [main] INFO  com.solvd.itcompany.Runner - 
Pam
21:09:27.080 [main] INFO  com.solvd.itcompany.Runner - 
Frontend
21:09:27.080 [main] INFO  com.solvd.itcompany.Runner - 
Frontend Bootcamp
21:09:27.080 [main] INFO  com.solvd.itcompany.Runner - 
MID_LEVEL
21:09:27.081 [main] INFO  com.solvd.itcompany.Runner - 
Kevin
21:09:27.081 [main] INFO  com.solvd.itcompany.Runner - 
IOS
21:09:27.081 [main] INFO  com.solvd.itcompany.Runner - 
Mobile Development Bootcamp
21:09:27.081 [main] INFO  com.solvd.itcompany.Runner - 
SENIOR_LEVEL
