21:56:53.777 [main] INFO  com.solvd.itcompany.generics.ListOfTasks - 
Create the marketing strategy for the application
21:56:53.778 [main] INFO  com.solvd.itcompany.generics.ListOfTasks - 
Create the design of the application
21:56:53.778 [main] INFO  com.solvd.itcompany.generics.ListOfTasks - 
Create the mobile application
21:56:53.779 [main] INFO  com.solvd.itcompany.generics.ProjectPriority - 
Project1
21:56:53.779 [main] INFO  com.solvd.itcompany.generics.ProjectPriority - 
Project2
21:56:53.779 [main] INFO  com.solvd.itcompany.generics.ProjectPriority - 
Project3
21:56:53.780 [main] INFO  com.solvd.itcompany.ITCompany - Here is the user feedback we've received so far: 
21:56:53.780 [main] INFO  com.solvd.itcompany.ITCompany - Great app!
21:56:53.780 [main] INFO  com.solvd.itcompany.ITCompany - Horrible user experience.
21:56:53.780 [main] INFO  com.solvd.itcompany.ITCompany - I order coffee on this app all the time!
21:56:53.780 [main] INFO  com.solvd.itcompany.ITCompany - 
The application has been released.
21:56:53.781 [main] INFO  com.solvd.itcompany.Runner - 
While the application is completed the engineering team will continuously maintain the application.
22:12:52.615 [main] INFO  com.solvd.itcompany.generics.LinkedListProject - 
Backlog of projects: 
New project under development: 
Client: Paul's Coffee Shop
Project Service: APP_DEVELOPMENT
Project Budget: 1500.0
Project Price: 1000.0
Status of Project: NEW
22:12:52.618 [main] INFO  com.solvd.itcompany.IFulfillRequirements - Here are the requirements for the application: 
22:12:52.618 [main] INFO  com.solvd.itcompany.IFulfillRequirements - Users can order coffee
22:12:52.618 [main] INFO  com.solvd.itcompany.IFulfillRequirements - Users can track loyalty points
22:12:52.618 [main] INFO  com.solvd.itcompany.IFulfillRequirements - Users can interact with community
22:12:52.619 [main] INFO  com.solvd.itcompany.IFulfillRequirements - The IT company has completed reviewing the requirements for the application.

22:12:52.622 [main] INFO  com.solvd.itcompany.generics.EmployeeHashmap - 
List of employees working on the project: 
