10:10:10.275 [main] INFO  com.solvd.itcompany.Runner - 
Mobile Development Bootcamp
10:10:10.275 [main] INFO  com.solvd.itcompany.Runner - 
SENIOR_LEVEL
10:10:10.276 [main] INFO  com.solvd.itcompany.Runner - 
Your Team's Credentials: 
10:10:10.276 [main] INFO  com.solvd.itcompany.Runner - 
David
10:10:10.276 [main] INFO  com.solvd.itcompany.Runner - 
Quality
10:10:10.276 [main] INFO  com.solvd.itcompany.Runner - 
Bachelors Degree in Information Technology
10:10:10.276 [main] INFO  com.solvd.itcompany.Runner - 
ENTRY_LEVEL
10:10:10.277 [main] INFO  com.solvd.itcompany.Runner - 
Your Team's Credentials: 
10:10:10.277 [main] INFO  com.solvd.itcompany.Runner - 
Carl
10:10:10.277 [main] INFO  com.solvd.itcompany.Runner - 
Marketing
10:10:10.277 [main] INFO  com.solvd.itcompany.Runner - 
Bachelors Degree in Marketing
10:10:10.277 [main] INFO  com.solvd.itcompany.Runner - 
SENIOR_LEVEL
10:10:10.279 [main] INFO  com.solvd.itcompany.generics.EmployeeHashmap - 
List of employees working on the project: 
10:10:10.279 [main] INFO  com.solvd.itcompany.generics.EmployeeHashmap - 
Designer: Lily
10:10:10.279 [main] INFO  com.solvd.itcompany.generics.EmployeeHashmap - 
Frontend Engineer: Pam
10:10:10.279 [main] INFO  com.solvd.itcompany.generics.EmployeeHashmap - 
IOS Developer: Kevin
10:10:10.279 [main] INFO  com.solvd.itcompany.generics.EmployeeHashmap - 
Marketing Manager: Carl
10:10:10.279 [main] INFO  com.solvd.itcompany.generics.EmployeeHashmap - 
Backend Engineer: Tom
10:10:10.279 [main] INFO  com.solvd.itcompany.generics.EmployeeHashmap - 
Quality Analyst: David
10:10:10.280 [main] INFO  com.solvd.itcompany.generics.EmployeeHashmap - 
Project Manager: Cameron
10:10:10.280 [main] INFO  com.solvd.itcompany.ITCompany - The IT Company has a request to start a project.
10:10:10.281 [main] INFO  com.solvd.itcompany.ITCompany - 
The project managers have been added to the project.
10:10:10.281 [main] INFO  com.solvd.itcompany.ITCompany - 
The designers have been added to the project.
10:10:10.281 [main] INFO  com.solvd.itcompany.ITCompany - 
The backend engineers have been added to the project.
