20:30:09.854 [main] INFO  com.solvd.itcompany.Runner - Client Budget: 3000.0
20:30:09.859 [main] INFO  com.solvd.itcompany.Runner - Client Project Status: NEW
20:30:09.867 [main] INFO  com.solvd.itcompany.generics.LinkedListProject - 
Backlog of projects: 
New project under development: 
Client: Paul's Coffee Shop
Project Service: APP_DEVELOPMENT
Project Budget: 1500.0
Project Price: 1000.0
Status of Project: NEW
20:30:09.869 [main] INFO  com.solvd.itcompany.IFulfillRequirements - Here are the requirements for the application: 
20:30:09.869 [main] INFO  com.solvd.itcompany.IFulfillRequirements - Users can order coffee
20:30:09.869 [main] INFO  com.solvd.itcompany.IFulfillRequirements - Users can track loyalty points
20:30:09.869 [main] INFO  com.solvd.itcompany.IFulfillRequirements - Users can interact with community
20:30:09.869 [main] INFO  com.solvd.itcompany.IFulfillRequirements - The IT company has completed reviewing the requirements for the application.

20:30:09.874 [main] INFO  com.solvd.itcompany.Runner - 
---------------------Mid-level Engineers:---------------------
20:30:09.875 [main] INFO  com.solvd.itcompany.Runner - [com.solvd.itcompany.employees.BackendEngineer@17497425, com.solvd.itcompany.employees.FrontendEngineer@f0da945]
20:30:09.875 [main] INFO  com.solvd.itcompany.Runner - 
---------------------Developer Employees:---------------------
20:30:09.876 [main] INFO  com.solvd.itcompany.employees.Employee - com.solvd.itcompany.employees.ProjectManager@53ce1329
20:30:09.876 [main] INFO  com.solvd.itcompany.employees.Employee - com.solvd.itcompany.employees.Designer@316bcf94
20:30:09.876 [main] INFO  com.solvd.itcompany.employees.Employee - com.solvd.itcompany.employees.BackendEngineer@17497425
20:30:09.877 [main] INFO  com.solvd.itcompany.employees.Employee - com.solvd.itcompany.employees.QualityAnalyst@6404f418
20:30:09.877 [main] INFO  com.solvd.itcompany.employees.Employee - com.solvd.itcompany.employees.MarketingManager@3e11f9e9
20:30:09.877 [main] INFO  com.solvd.itcompany.Runner - 
---------------------Team Members Names:---------------------
