19:18:32.384 [main] INFO  com.solvd.itcompany.Runner - Method Modifiers: public
19:18:32.385 [main] INFO  com.solvd.itcompany.Runner - Return Type: void
19:18:32.385 [main] INFO  com.solvd.itcompany.Runner - Method name: setProjects
19:18:32.385 [main] INFO  com.solvd.itcompany.Runner - Parameters: 
19:18:32.385 [main] INFO  com.solvd.itcompany.Runner -  java.util.ArrayList
19:18:32.385 [main] INFO  com.solvd.itcompany.Runner - Method Modifiers: public
19:18:32.385 [main] INFO  com.solvd.itcompany.Runner - Return Type: void
19:18:32.385 [main] INFO  com.solvd.itcompany.Runner - Method name: setEmployees
19:18:32.385 [main] INFO  com.solvd.itcompany.Runner - Parameters: 
19:18:32.386 [main] INFO  com.solvd.itcompany.Runner -  java.util.ArrayList
19:18:32.386 [main] INFO  com.solvd.itcompany.Runner - Method Modifiers: public final
19:18:32.386 [main] INFO  com.solvd.itcompany.Runner - Return Type: void
19:18:32.386 [main] INFO  com.solvd.itcompany.Runner - Method name: intro
19:18:32.386 [main] INFO  com.solvd.itcompany.Runner - Parameters: 
19:18:32.386 [main] INFO  com.solvd.itcompany.Runner - Method Modifiers: public
19:18:32.386 [main] INFO  com.solvd.itcompany.Runner - Return Type: void
19:18:32.386 [main] INFO  com.solvd.itcompany.Runner - Method name: assignProject
19:18:32.386 [main] INFO  com.solvd.itcompany.Runner - Parameters: 
19:18:32.386 [main] INFO  com.solvd.itcompany.Runner -  com.solvd.itcompany.Project
19:18:32.386 [main] INFO  com.solvd.itcompany.Runner -  java.util.ArrayList
19:18:32.386 [main] INFO  com.solvd.itcompany.Runner -  com.solvd.itcompany.enums.ProjectStatus
19:18:32.387 [main] INFO  com.solvd.itcompany.Runner - Method Modifiers: public
19:18:32.387 [main] INFO  com.solvd.itcompany.Runner - Return Type: void
19:18:32.387 [main] INFO  com.solvd.itcompany.Runner - Method name: projectCreated
19:18:32.387 [main] INFO  com.solvd.itcompany.Runner - Parameters: 
19:18:32.387 [main] INFO  com.solvd.itcompany.Runner -  com.solvd.itcompany.Project
19:18:32.387 [main] INFO  com.solvd.itcompany.Runner -  java.util.ArrayList
