23:00:56.104 [main] INFO  com.solvd.itcompany.Runner - Client Name: Dave's Bakery Shop
23:00:56.109 [main] INFO  com.solvd.itcompany.Runner - Client Idea: create an app for the bakery shop
23:00:56.109 [main] INFO  com.solvd.itcompany.Runner - Years in Business: 10
23:00:56.109 [main] INFO  com.solvd.itcompany.Runner - Client Budget: 3000.0
23:00:56.109 [main] INFO  com.solvd.itcompany.Runner - Client Project Status: NEW
23:00:56.111 [main] INFO  com.solvd.itcompany.generics.LinkedListProject - 
Backlog of projects: 
New project under development: 
Client: Paul's Coffee Shop
Project Service: APP_DEVELOPMENT
Project Budget: 1500.0
Project Price: 1000.0
Status of Project: NEW
23:00:56.111 [main] INFO  com.solvd.itcompany.IFulfillRequirements - Here are the requirements for the application: 
23:00:56.112 [main] INFO  com.solvd.itcompany.IFulfillRequirements - Users can order coffee
23:00:56.112 [main] INFO  com.solvd.itcompany.IFulfillRequirements - Users can track loyalty points
23:00:56.112 [main] INFO  com.solvd.itcompany.IFulfillRequirements - Users can interact with community
23:00:56.112 [main] INFO  com.solvd.itcompany.IFulfillRequirements - The IT company has completed reviewing the requirements for the application.

23:00:56.113 [main] INFO  com.solvd.itcompany.Runner - 
---------------------Your Team's Credentials:---------------------
23:00:56.114 [main] INFO  com.solvd.itcompany.Runner - 
Cameron
23:00:56.114 [main] INFO  com.solvd.itcompany.Runner - 
Manager
23:00:56.114 [main] INFO  com.solvd.itcompany.Runner - 
Bachelors Degree in Business Administration
23:00:56.114 [main] INFO  com.solvd.itcompany.Runner - 
MID_LEVEL
23:00:56.114 [main] INFO  com.solvd.itcompany.Runner - 
Lily
23:00:56.115 [main] INFO  com.solvd.itcompany.Runner - 
Designer
23:00:56.115 [main] INFO  com.solvd.itcompany.Runner - 
Bachelors Degree in Graphic Design
23:00:56.115 [main] INFO  com.solvd.itcompany.Runner - 
ENTRY_LEVEL
23:00:56.115 [main] INFO  com.solvd.itcompany.Runner - 
Tom
23:00:56.115 [main] INFO  com.solvd.itcompany.Runner - 
Backend
